| distributed init (rank 1): env://, gpu 1
| distributed init (rank 0): env://, gpu 0
world_size: 2, gpu: 0
Using 8 dataloader workers every process
Epoch: 1. Train Loss: 328.319825. best-save Patience Count: 0.
Epoch: 2. Train Loss: 286.961449. best-save Patience Count: 0.
Epoch: 3. Train Loss: 275.763634. best-save Patience Count: 0.
Epoch: 4. Train Loss: 270.316907. best-save Patience Count: 0.
Epoch: 5. Train Loss: 261.529180. best-save Patience Count: 0.
Epoch: 6. Train Loss: 258.202120. best-save Patience Count: 0.
Epoch: 7. Train Loss: 255.387512. best-save Patience Count: 0.
Epoch: 8. Train Loss: 252.155235. best-save Patience Count: 0.
Epoch: 9. Train Loss: 248.363256. best-save Patience Count: 0.
Epoch: 10. Train Loss: 242.885087. best-save Patience Count: 0.
Epoch: 11. Train Loss: 239.414892. best-save Patience Count: 0.
Epoch: 12. Train Loss: 240.023179. Patience Count: 1.
Epoch: 13. Train Loss: 234.982190. best-save Patience Count: 0.
Epoch: 14. Train Loss: 230.776553. best-save Patience Count: 0.
Epoch: 15. Train Loss: 224.492410. best-save Patience Count: 0.
Epoch: 16. Train Loss: 220.257524. best-save Patience Count: 0.
Epoch: 17. Train Loss: 214.065751. best-save Patience Count: 0.
Epoch: 18. Train Loss: 210.137223. best-save Patience Count: 0.
Epoch: 19. Train Loss: 202.857223. best-save Patience Count: 0.
Epoch: 20. Train Loss: 194.289267. best-save Patience Count: 0.
Epoch: 21. Train Loss: 186.893150. best-save Patience Count: 0.
Epoch: 22. Train Loss: 182.434557. best-save Patience Count: 0.
Epoch: 23. Train Loss: 175.807515. best-save Patience Count: 0.
Epoch: 24. Train Loss: 170.962741. best-save Patience Count: 0.
Epoch: 25. Train Loss: 161.068244. best-save Patience Count: 0.
Epoch: 26. Train Loss: 152.550624. best-save Patience Count: 0.
Epoch: 27. Train Loss: 146.071778. best-save Patience Count: 0.
Epoch: 28. Train Loss: 143.360233. best-save Patience Count: 0.
Epoch: 29. Train Loss: 134.201945. best-save Patience Count: 0.
Epoch: 30. Train Loss: 125.462457. best-save Patience Count: 0.
Epoch: 31. Train Loss: 120.495918. best-save Patience Count: 0.
Epoch: 32. Train Loss: 115.551215. best-save Patience Count: 0.
Epoch: 33. Train Loss: 113.995529. best-save Patience Count: 0.
Epoch: 34. Train Loss: 104.115267. best-save Patience Count: 0.
Epoch: 35. Train Loss: 101.207519. best-save Patience Count: 0.
Epoch: 36. Train Loss: 98.559247. best-save Patience Count: 0.
Epoch: 37. Train Loss: 92.400335. best-save Patience Count: 0.
Epoch: 38. Train Loss: 88.818457. best-save Patience Count: 0.
Epoch: 39. Train Loss: 85.181418. best-save Patience Count: 0.
Epoch: 40. Train Loss: 84.433130. best-save Patience Count: 0.
Epoch: 41. Train Loss: 78.920070. best-save Patience Count: 0.
Epoch: 42. Train Loss: 78.552084. best-save Patience Count: 0.
Epoch: 43. Train Loss: 75.332993. best-save Patience Count: 0.
Epoch: 44. Train Loss: 70.573478. best-save Patience Count: 0.
Epoch: 45. Train Loss: 67.968963. best-save Patience Count: 0.
Epoch: 46. Train Loss: 68.498920. Patience Count: 1.
Epoch: 47. Train Loss: 65.627058. best-save Patience Count: 0.
Epoch: 48. Train Loss: 66.628057. Patience Count: 1.
Epoch: 49. Train Loss: 62.773684. best-save Patience Count: 0.
Epoch: 50. Train Loss: 63.097725. Patience Count: 1.
Epoch: 51. Train Loss: 50.685876. best-save Patience Count: 0.
Epoch: 52. Train Loss: 46.674804. best-save Patience Count: 0.
Epoch: 53. Train Loss: 45.483877. best-save Patience Count: 0.
Epoch: 54. Train Loss: 44.754310. best-save Patience Count: 0.
Epoch: 55. Train Loss: 43.937947. best-save Patience Count: 0.
Epoch: 56. Train Loss: 43.565511. best-save Patience Count: 0.
Epoch: 57. Train Loss: 41.796338. best-save Patience Count: 0.
Epoch: 58. Train Loss: 41.812065. Patience Count: 1.
Epoch: 59. Train Loss: 42.130373. Patience Count: 2.
Epoch: 60. Train Loss: 38.622370. best-save Patience Count: 0.
Epoch: 61. Train Loss: 39.728869. Patience Count: 1.
Epoch: 62. Train Loss: 37.778470. best-save Patience Count: 0.
Epoch: 63. Train Loss: 36.745371. best-save Patience Count: 0.
Epoch: 64. Train Loss: 36.909778. Patience Count: 1.
Epoch: 65. Train Loss: 36.475109. best-save Patience Count: 0.
Epoch: 66. Train Loss: 36.910600. Patience Count: 1.
Epoch: 67. Train Loss: 35.984604. best-save Patience Count: 0.
Epoch: 68. Train Loss: 37.245808. Patience Count: 1.
Epoch: 69. Train Loss: 35.427432. best-save Patience Count: 0.
Epoch: 70. Train Loss: 36.892870. Patience Count: 1.
Epoch: 71. Train Loss: 35.876110. Patience Count: 2.
Epoch: 72. Train Loss: 35.608047. Patience Count: 3.
Epoch: 73. Train Loss: 35.253834. best-save Patience Count: 0.
Epoch: 74. Train Loss: 32.939364. best-save Patience Count: 0.
Epoch: 75. Train Loss: 32.691367. best-save Patience Count: 0.
Epoch: 76. Train Loss: 32.511252. best-save Patience Count: 0.
Epoch: 77. Train Loss: 31.275850. best-save Patience Count: 0.
Epoch: 78. Train Loss: 32.921069. Patience Count: 1.
Epoch: 79. Train Loss: 31.822213. Patience Count: 2.
Epoch: 80. Train Loss: 33.100726. Patience Count: 3.
Epoch: 81. Train Loss: 31.959988. Patience Count: 4.
Epoch: 82. Train Loss: 31.117936. best-save Patience Count: 0.
Epoch: 83. Train Loss: 31.584431. Patience Count: 1.
Epoch: 84. Train Loss: 29.409264. best-save Patience Count: 0.
Epoch: 85. Train Loss: 30.053962. Patience Count: 1.
Epoch: 86. Train Loss: 31.014053. Patience Count: 2.
Epoch: 87. Train Loss: 30.768253. Patience Count: 3.
Epoch: 88. Train Loss: 29.462407. Patience Count: 4.
Epoch: 89. Train Loss: 29.814760. Patience Count: 5.
Epoch: 90. Train Loss: 30.052161. Patience Count: 6.
Epoch: 91. Train Loss: 30.069991. Patience Count: 7.
Epoch: 92. Train Loss: 28.773994. best-save Patience Count: 0.
Epoch: 93. Train Loss: 26.759557. best-save Patience Count: 0.
Epoch: 94. Train Loss: 27.371102. Patience Count: 1.
Epoch: 95. Train Loss: 27.991977. Patience Count: 2.
Epoch: 96. Train Loss: 26.942838. Patience Count: 3.
Epoch: 97. Train Loss: 26.873761. Patience Count: 4.
Epoch: 98. Train Loss: 27.898169. Patience Count: 5.
Epoch: 99. Train Loss: 27.481670. Patience Count: 6.
Epoch: 100. Train Loss: 28.791961. Patience Count: 7.
Epoch: 101. Train Loss: 23.702954. best-save Patience Count: 0.
Epoch: 102. Train Loss: 22.578778. best-save Patience Count: 0.
Epoch: 103. Train Loss: 23.389386. Patience Count: 1.
Epoch: 104. Train Loss: 20.493644. best-save Patience Count: 0.
Epoch: 105. Train Loss: 20.774953. Patience Count: 1.
Epoch: 106. Train Loss: 21.634897. Patience Count: 2.
Epoch: 107. Train Loss: 21.882728. Patience Count: 3.
Epoch: 108. Train Loss: 21.847337. Patience Count: 4.
Epoch: 109. Train Loss: 21.026545. Patience Count: 5.
Epoch: 110. Train Loss: 21.632120. Patience Count: 6.
Epoch: 111. Train Loss: 19.714668. best-save Patience Count: 0.
Epoch: 112. Train Loss: 20.578456. Patience Count: 1.
Epoch: 113. Train Loss: 19.394967. best-save Patience Count: 0.
Epoch: 114. Train Loss: 19.479289. Patience Count: 1.
Epoch: 115. Train Loss: 19.339873. best-save Patience Count: 0.
Epoch: 116. Train Loss: 19.132368. best-save Patience Count: 0.
Epoch: 117. Train Loss: 18.714458. best-save Patience Count: 0.
Epoch: 118. Train Loss: 18.417865. best-save Patience Count: 0.
Epoch: 119. Train Loss: 20.015873. Patience Count: 1.
Epoch: 120. Train Loss: 19.145771. Patience Count: 2.
Epoch: 121. Train Loss: 18.168219. best-save Patience Count: 0.
Epoch: 122. Train Loss: 19.047886. Patience Count: 1.
Epoch: 123. Train Loss: 18.241224. Patience Count: 2.
Epoch: 124. Train Loss: 19.748461. Patience Count: 3.
Epoch: 125. Train Loss: 16.999961. best-save Patience Count: 0.
Epoch: 126. Train Loss: 18.325368. Patience Count: 1.
Epoch: 127. Train Loss: 18.406089. Patience Count: 2.
Epoch: 128. Train Loss: 18.052546. Patience Count: 3.
Epoch: 129. Train Loss: 18.870314. Patience Count: 4.
Epoch: 130. Train Loss: 17.099452. Patience Count: 5.
Epoch: 131. Train Loss: 18.374772. Patience Count: 6.
Epoch: 132. Train Loss: 17.429854. Patience Count: 7.
Epoch: 133. Train Loss: 17.255806. Patience Count: 8.
Epoch: 134. Train Loss: 17.985177. Patience Count: 9.
Epoch: 135. Train Loss: 18.810205. Patience Count: 10.
Epoch: 136. Train Loss: 17.736909. Patience Count: 11.
Epoch: 137. Train Loss: 16.835789. best-save Patience Count: 0.
Epoch: 138. Train Loss: 17.891449. Patience Count: 1.
Epoch: 139. Train Loss: 15.664900. best-save Patience Count: 0.
Epoch: 140. Train Loss: 18.208377. Patience Count: 1.
Epoch: 141. Train Loss: 17.349774. Patience Count: 2.
Epoch: 142. Train Loss: 17.886070. Patience Count: 3.
Epoch: 143. Train Loss: 16.199270. Patience Count: 4.
Epoch: 144. Train Loss: 16.926172. Patience Count: 5.
Epoch: 145. Train Loss: 16.508664. Patience Count: 6.
Epoch: 146. Train Loss: 16.119229. Patience Count: 7.
Epoch: 147. Train Loss: 17.024661. Patience Count: 8.
Epoch: 148. Train Loss: 17.370475. Patience Count: 9.
Epoch: 149. Train Loss: 16.037537. Patience Count: 10.
Epoch: 150. Train Loss: 15.549884. best-save Patience Count: 0.
Epoch: 151. Train Loss: 15.412069. best-save Patience Count: 0.
Epoch: 152. Train Loss: 15.185536. best-save Patience Count: 0.
Epoch: 153. Train Loss: 14.849798. best-save Patience Count: 0.
Epoch: 154. Train Loss: 13.722178. best-save Patience Count: 0.
Epoch: 155. Train Loss: 14.605490. Patience Count: 1.
Epoch: 156. Train Loss: 13.584013. best-save Patience Count: 0.
Epoch: 157. Train Loss: 13.862000. Patience Count: 1.
Epoch: 158. Train Loss: 14.248690. Patience Count: 2.
Epoch: 159. Train Loss: 14.460312. Patience Count: 3.
Epoch: 160. Train Loss: 14.316226. Patience Count: 4.
Epoch: 161. Train Loss: 13.554933. best-save Patience Count: 0.
Epoch: 162. Train Loss: 12.820443. best-save Patience Count: 0.
Epoch: 163. Train Loss: 13.602213. Patience Count: 1.
Epoch: 164. Train Loss: 13.918304. Patience Count: 2.
Epoch: 165. Train Loss: 13.550157. Patience Count: 3.
Epoch: 166. Train Loss: 14.027159. Patience Count: 4.
Epoch: 167. Train Loss: 14.630399. Patience Count: 5.
Epoch: 168. Train Loss: 12.711405. best-save Patience Count: 0.
Epoch: 169. Train Loss: 14.161056. Patience Count: 1.
Epoch: 170. Train Loss: 13.221850. Patience Count: 2.
Epoch: 171. Train Loss: 12.763203. Patience Count: 3.
Epoch: 172. Train Loss: 14.144883. Patience Count: 4.
Epoch: 173. Train Loss: 13.636301. Patience Count: 5.
Epoch: 174. Train Loss: 14.417882. Patience Count: 6.
Epoch: 175. Train Loss: 13.867251. Patience Count: 7.
Epoch: 176. Train Loss: 13.042716. Patience Count: 8.
Epoch: 177. Train Loss: 13.244111. Patience Count: 9.
Epoch: 178. Train Loss: 13.391514. Patience Count: 10.
Epoch: 179. Train Loss: 12.752727. Patience Count: 11.
Epoch: 180. Train Loss: 13.143096. Patience Count: 12.
Epoch: 181. Train Loss: 11.668959. best-save Patience Count: 0.
Epoch: 182. Train Loss: 11.474907. best-save Patience Count: 0.
Epoch: 183. Train Loss: 12.450388. Patience Count: 1.
Epoch: 184. Train Loss: 11.392459. best-save Patience Count: 0.
Epoch: 185. Train Loss: 13.575562. Patience Count: 1.
Epoch: 186. Train Loss: 13.045546. Patience Count: 2.
Epoch: 187. Train Loss: 11.967494. Patience Count: 3.
Epoch: 188. Train Loss: 12.478084. Patience Count: 4.
Epoch: 189. Train Loss: 11.170922. best-save Patience Count: 0.
Epoch: 190. Train Loss: 12.915708. Patience Count: 1.
Epoch: 191. Train Loss: 11.227592. Patience Count: 2.
Epoch: 192. Train Loss: 11.837225. Patience Count: 3.
Epoch: 193. Train Loss: 13.432449. Patience Count: 4.
Epoch: 194. Train Loss: 13.491907. Patience Count: 5.
Epoch: 195. Train Loss: 12.432070. Patience Count: 6.
Epoch: 196. Train Loss: 11.494915. Patience Count: 7.
Epoch: 197. Train Loss: 12.013345. Patience Count: 8.
Epoch: 198. Train Loss: 12.283775. Patience Count: 9.
Epoch: 199. Train Loss: 12.092585. Patience Count: 10.
Epoch: 200. Train Loss: 13.072814. Patience Count: 11.
Epoch: 201. Train Loss: 12.366753. Patience Count: 12.
Epoch: 202. Train Loss: 10.937013. best-save Patience Count: 0.
Epoch: 203. Train Loss: 11.596968. Patience Count: 1.
Epoch: 204. Train Loss: 11.113508. Patience Count: 2.
Epoch: 205. Train Loss: 11.280831. Patience Count: 3.
Epoch: 206. Train Loss: 11.421721. Patience Count: 4.
Epoch: 207. Train Loss: 11.222767. Patience Count: 5.
Epoch: 208. Train Loss: 11.347036. Patience Count: 6.
Epoch: 209. Train Loss: 10.902898. best-save Patience Count: 0.
Epoch: 210. Train Loss: 11.135713. Patience Count: 1.
Epoch: 211. Train Loss: 11.216038. Patience Count: 2.
Epoch: 212. Train Loss: 11.550197. Patience Count: 3.
Epoch: 213. Train Loss: 11.690274. Patience Count: 4.
Epoch: 214. Train Loss: 11.098582. Patience Count: 5.
Epoch: 215. Train Loss: 10.611764. best-save Patience Count: 0.
Epoch: 216. Train Loss: 10.571064. best-save Patience Count: 0.
Epoch: 217. Train Loss: 10.865384. Patience Count: 1.
Epoch: 218. Train Loss: 10.798615. Patience Count: 2.
Epoch: 219. Train Loss: 11.422458. Patience Count: 3.
Epoch: 220. Train Loss: 10.134439. best-save Patience Count: 0.
Epoch: 221. Train Loss: 10.295372. Patience Count: 1.
Epoch: 222. Train Loss: 10.057754. best-save Patience Count: 0.
Epoch: 223. Train Loss: 10.327804. Patience Count: 1.
Epoch: 224. Train Loss: 10.973925. Patience Count: 2.
Epoch: 225. Train Loss: 9.961970. best-save Patience Count: 0.
Epoch: 226. Train Loss: 10.495584. Patience Count: 1.
Epoch: 227. Train Loss: 10.531729. Patience Count: 2.
Epoch: 228. Train Loss: 10.499887. Patience Count: 3.
Epoch: 229. Train Loss: 10.807284. Patience Count: 4.
Epoch: 230. Train Loss: 10.825426. Patience Count: 5.
Epoch: 231. Train Loss: 10.506116. Patience Count: 6.
Epoch: 232. Train Loss: 10.507076. Patience Count: 7.
Epoch: 233. Train Loss: 10.752715. Patience Count: 8.
Epoch: 234. Train Loss: 10.249050. Patience Count: 9.
Epoch: 235. Train Loss: 10.319840. Patience Count: 10.
Epoch: 236. Train Loss: 11.450102. Patience Count: 11.
Epoch: 237. Train Loss: 10.450628. Patience Count: 12.
Epoch: 238. Train Loss: 10.647404. Patience Count: 13.
Epoch: 239. Train Loss: 9.699866. best-save Patience Count: 0.
Epoch: 240. Train Loss: 10.442731. Patience Count: 1.
Epoch: 241. Train Loss: 10.395857. Patience Count: 2.
Epoch: 242. Train Loss: 10.488889. Patience Count: 3.
Epoch: 243. Train Loss: 10.751289. Patience Count: 4.
Epoch: 244. Train Loss: 11.063354. Patience Count: 5.
Epoch: 245. Train Loss: 10.148377. Patience Count: 6.
Epoch: 246. Train Loss: 9.716479. Patience Count: 7.
Epoch: 247. Train Loss: 9.239982. best-save Patience Count: 0.
Epoch: 248. Train Loss: 10.202219. Patience Count: 1.
Epoch: 249. Train Loss: 10.235153. Patience Count: 2.
Epoch: 250. Train Loss: 10.435419. Patience Count: 3.
Epoch: 251. Train Loss: 9.702931. Patience Count: 4.
Epoch: 252. Train Loss: 9.377657. Patience Count: 5.
Epoch: 253. Train Loss: 9.429650. Patience Count: 6.
Epoch: 254. Train Loss: 10.061816. Patience Count: 7.
Epoch: 255. Train Loss: 9.543869. Patience Count: 8.
Epoch: 256. Train Loss: 10.045175. Patience Count: 9.
Epoch: 257. Train Loss: 9.450352. Patience Count: 10.
Epoch: 258. Train Loss: 9.755515. Patience Count: 11.
Epoch: 259. Train Loss: 9.744232. Patience Count: 12.
Epoch: 260. Train Loss: 8.215680. best-save Patience Count: 0.
Epoch: 261. Train Loss: 9.533044. Patience Count: 1.
Epoch: 262. Train Loss: 9.379959. Patience Count: 2.
Epoch: 263. Train Loss: 9.788029. Patience Count: 3.
Epoch: 264. Train Loss: 8.785255. Patience Count: 4.
Epoch: 265. Train Loss: 9.162739. Patience Count: 5.
Epoch: 266. Train Loss: 9.326777. Patience Count: 6.
Epoch: 267. Train Loss: 9.878767. Patience Count: 7.
Epoch: 268. Train Loss: 9.510714. Patience Count: 8.
Epoch: 269. Train Loss: 8.938555. Patience Count: 9.
Epoch: 270. Train Loss: 10.108890. Patience Count: 10.
Epoch: 271. Train Loss: 9.128505. Patience Count: 11.
Epoch: 272. Train Loss: 9.265170. Patience Count: 12.
Epoch: 273. Train Loss: 9.953286. Patience Count: 13.
Epoch: 274. Train Loss: 9.727182. Patience Count: 14.
Epoch: 275. Train Loss: 9.317395. Patience Count: 15.
Epoch: 276. Train Loss: 10.804402. Patience Count: 16.
Epoch: 277. Train Loss: 9.355063. Patience Count: 17.
Epoch: 278. Train Loss: 8.854465. Patience Count: 18.
Epoch: 279. Train Loss: 9.636508. Patience Count: 19.
Epoch: 280. Train Loss: 9.612788. Patience Count: 20.
Epoch: 281. Train Loss: 9.342108. Patience Count: 21.
Epoch: 282. Train Loss: 8.870221. Patience Count: 22.
Epoch: 283. Train Loss: 8.811879. Patience Count: 23.
Epoch: 284. Train Loss: 8.983356. Patience Count: 24.
Epoch: 285. Train Loss: 9.095449. Patience Count: 25.
Epoch: 286. Train Loss: 9.486129. Patience Count: 26.
Epoch: 287. Train Loss: 9.218810. Patience Count: 27.
Epoch: 288. Train Loss: 9.271598. Patience Count: 28.
Epoch: 289. Train Loss: 7.756395. best-save Patience Count: 0.
Epoch: 290. Train Loss: 9.437715. Patience Count: 1.
Epoch: 291. Train Loss: 8.018438. Patience Count: 2.
Epoch: 292. Train Loss: 9.281033. Patience Count: 3.
Epoch: 293. Train Loss: 9.306219. Patience Count: 4.
Epoch: 294. Train Loss: 8.752445. Patience Count: 5.
Epoch: 295. Train Loss: 8.714769. Patience Count: 6.
Epoch: 296. Train Loss: 8.792525. Patience Count: 7.
Epoch: 297. Train Loss: 10.316437. Patience Count: 8.
Epoch: 298. Train Loss: 8.420958. Patience Count: 9.
Epoch: 299. Train Loss: 9.017880. Patience Count: 10.
Epoch: 300. Train Loss: 8.359085. Patience Count: 11.
Epoch: 301. Train Loss: 8.125780. Patience Count: 12.
Epoch: 302. Train Loss: 8.934717. Patience Count: 13.
Epoch: 303. Train Loss: 8.389308. Patience Count: 14.
Epoch: 304. Train Loss: 9.134582. Patience Count: 15.
Epoch: 305. Train Loss: 8.335356. Patience Count: 16.
Epoch: 306. Train Loss: 7.948165. Patience Count: 17.
Epoch: 307. Train Loss: 9.201524. Patience Count: 18.
Epoch: 308. Train Loss: 9.181442. Patience Count: 19.
Epoch: 309. Train Loss: 10.161209. Patience Count: 20.
Epoch: 310. Train Loss: 8.439170. Patience Count: 21.
Epoch: 311. Train Loss: 9.423724. Patience Count: 22.
Epoch: 312. Train Loss: 8.951418. Patience Count: 23.
Epoch: 313. Train Loss: 9.712286. Patience Count: 24.
Epoch: 314. Train Loss: 9.405811. Patience Count: 25.
Epoch: 315. Train Loss: 9.081000. Patience Count: 26.
Epoch: 316. Train Loss: 8.244600. Patience Count: 27.
Epoch: 317. Train Loss: 8.506284. Patience Count: 28.
Epoch: 318. Train Loss: 9.249103. Patience Count: 29.
Epoch: 319. Train Loss: 8.944103. Patience Count: 30.
Epoch: 320. Train Loss: 8.641188. Patience Count: 31.
Epoch: 321. Train Loss: 8.530628. Patience Count: 32.
Epoch: 322. Train Loss: 9.309223. Patience Count: 33.
Epoch: 323. Train Loss: 9.167158. Patience Count: 34.
Epoch: 324. Train Loss: 8.889518. Patience Count: 35.
Epoch: 325. Train Loss: 8.988943. Patience Count: 36.
Epoch: 326. Train Loss: 9.052806. Patience Count: 37.
Epoch: 327. Train Loss: 8.275809. Patience Count: 38.
Epoch: 328. Train Loss: 8.852045. Patience Count: 39.
Epoch: 329. Train Loss: 8.775601. Patience Count: 40.
Epoch: 330. Train Loss: 9.427930. Patience Count: 41.
Epoch: 331. Train Loss: 9.215136. Patience Count: 42.
Epoch: 332. Train Loss: 8.527423. Patience Count: 43.
Epoch: 333. Train Loss: 8.096585. Patience Count: 44.
Epoch: 334. Train Loss: 7.450967. best-save Patience Count: 0.
Epoch: 335. Train Loss: 8.454277. Patience Count: 1.
Epoch: 336. Train Loss: 10.170122. Patience Count: 2.
Epoch: 337. Train Loss: 8.775534. Patience Count: 3.
Epoch: 338. Train Loss: 8.089509. Patience Count: 4.
Epoch: 339. Train Loss: 8.564175. Patience Count: 5.
Epoch: 340. Train Loss: 8.508941. Patience Count: 6.
Epoch: 341. Train Loss: 8.849399. Patience Count: 7.
Epoch: 342. Train Loss: 7.692493. Patience Count: 8.
Epoch: 343. Train Loss: 8.895267. Patience Count: 9.
Epoch: 344. Train Loss: 9.042599. Patience Count: 10.
Epoch: 345. Train Loss: 9.065575. Patience Count: 11.
Epoch: 346. Train Loss: 8.468881. Patience Count: 12.
Epoch: 347. Train Loss: 9.040573. Patience Count: 13.
Epoch: 348. Train Loss: 8.404361. Patience Count: 14.
Epoch: 349. Train Loss: 8.826048. Patience Count: 15.
Epoch: 350. Train Loss: 8.505102. Patience Count: 16.
Epoch: 351. Train Loss: 8.214760. Patience Count: 17.
Epoch: 352. Train Loss: 8.291130. Patience Count: 18.
Epoch: 353. Train Loss: 9.373525. Patience Count: 19.
Epoch: 354. Train Loss: 8.916407. Patience Count: 20.
Epoch: 355. Train Loss: 8.045009. Patience Count: 21.
Epoch: 356. Train Loss: 8.808841. Patience Count: 22.
Epoch: 357. Train Loss: 7.382138. best-save Patience Count: 0.
Epoch: 358. Train Loss: 8.966745. Patience Count: 1.
Epoch: 359. Train Loss: 8.781389. Patience Count: 2.
Epoch: 360. Train Loss: 8.147134. Patience Count: 3.
Epoch: 361. Train Loss: 9.246086. Patience Count: 4.
Epoch: 362. Train Loss: 9.017611. Patience Count: 5.
Epoch: 363. Train Loss: 8.649934. Patience Count: 6.
Epoch: 364. Train Loss: 9.690593. Patience Count: 7.
Epoch: 365. Train Loss: 7.823431. Patience Count: 8.
Epoch: 366. Train Loss: 9.317158. Patience Count: 9.
Epoch: 367. Train Loss: 8.733364. Patience Count: 10.
Epoch: 368. Train Loss: 8.276581. Patience Count: 11.
Epoch: 369. Train Loss: 8.272531. Patience Count: 12.
Epoch: 370. Train Loss: 8.524426. Patience Count: 13.
Epoch: 371. Train Loss: 8.615888. Patience Count: 14.
Epoch: 372. Train Loss: 7.956455. Patience Count: 15.
Epoch: 373. Train Loss: 8.079413. Patience Count: 16.
Epoch: 374. Train Loss: 9.483895. Patience Count: 17.
Epoch: 375. Train Loss: 8.072243. Patience Count: 18.
Epoch: 376. Train Loss: 9.026476. Patience Count: 19.
Epoch: 377. Train Loss: 8.327619. Patience Count: 20.
Epoch: 378. Train Loss: 8.405489. Patience Count: 21.
Epoch: 379. Train Loss: 8.742572. Patience Count: 22.
Epoch: 380. Train Loss: 8.666456. Patience Count: 23.
Epoch: 381. Train Loss: 9.425066. Patience Count: 24.
Epoch: 382. Train Loss: 8.982702. Patience Count: 25.
Epoch: 383. Train Loss: 8.147700. Patience Count: 26.
Epoch: 384. Train Loss: 8.738992. Patience Count: 27.
Epoch: 385. Train Loss: 8.074981. Patience Count: 28.
Epoch: 386. Train Loss: 8.011669. Patience Count: 29.
Epoch: 387. Train Loss: 7.510189. Patience Count: 30.
Epoch: 388. Train Loss: 8.388756. Patience Count: 31.
Epoch: 389. Train Loss: 8.156162. Patience Count: 32.
Epoch: 390. Train Loss: 9.213542. Patience Count: 33.
Epoch: 391. Train Loss: 8.294052. Patience Count: 34.
Epoch: 392. Train Loss: 8.162309. Patience Count: 35.
Epoch: 393. Train Loss: 8.652434. Patience Count: 36.
Epoch: 394. Train Loss: 8.213006. Patience Count: 37.
Epoch: 395. Train Loss: 8.941431. Patience Count: 38.
Epoch: 396. Train Loss: 7.827359. Patience Count: 39.
Epoch: 397. Train Loss: 8.829888. Patience Count: 40.
Epoch: 398. Train Loss: 7.830552. Patience Count: 41.
Epoch: 399. Train Loss: 8.158166. Patience Count: 42.
Epoch: 400. Train Loss: 8.387772. Patience Count: 43.
Epoch: 401. Train Loss: 9.252768. Patience Count: 44.
Epoch: 402. Train Loss: 6.613781. best-save Patience Count: 0.
Epoch: 403. Train Loss: 8.725615. Patience Count: 1.
Epoch: 404. Train Loss: 7.668115. Patience Count: 2.
Epoch: 405. Train Loss: 9.194548. Patience Count: 3.
Epoch: 406. Train Loss: 9.261015. Patience Count: 4.
Epoch: 407. Train Loss: 8.025599. Patience Count: 5.
Epoch: 408. Train Loss: 9.081591. Patience Count: 6.
Epoch: 409. Train Loss: 8.154022. Patience Count: 7.
Epoch: 410. Train Loss: 8.728719. Patience Count: 8.
Epoch: 411. Train Loss: 7.723329. Patience Count: 9.
Epoch: 412. Train Loss: 8.091977. Patience Count: 10.
Epoch: 413. Train Loss: 9.042998. Patience Count: 11.
Epoch: 414. Train Loss: 7.659529. Patience Count: 12.
Epoch: 415. Train Loss: 7.531162. Patience Count: 13.
Epoch: 416. Train Loss: 7.844579. Patience Count: 14.
Epoch: 417. Train Loss: 8.153431. Patience Count: 15.
Epoch: 418. Train Loss: 7.529233. Patience Count: 16.
Epoch: 419. Train Loss: 8.203848. Patience Count: 17.
Epoch: 420. Train Loss: 8.584621. Patience Count: 18.
Epoch: 421. Train Loss: 8.170337. Patience Count: 19.
Epoch: 422. Train Loss: 8.321610. Patience Count: 20.
Epoch: 423. Train Loss: 8.153310. Patience Count: 21.
Epoch: 424. Train Loss: 8.789275. Patience Count: 22.
Epoch: 425. Train Loss: 7.548544. Patience Count: 23.
Epoch: 426. Train Loss: 8.178091. Patience Count: 24.
Epoch: 427. Train Loss: 7.950946. Patience Count: 25.
Epoch: 428. Train Loss: 9.104048. Patience Count: 26.
Epoch: 429. Train Loss: 9.037836. Patience Count: 27.
Epoch: 430. Train Loss: 8.782937. Patience Count: 28.
Epoch: 431. Train Loss: 8.320206. Patience Count: 29.
Epoch: 432. Train Loss: 8.526269. Patience Count: 30.
Epoch: 433. Train Loss: 8.465460. Patience Count: 31.
Epoch: 434. Train Loss: 8.585608. Patience Count: 32.
Epoch: 435. Train Loss: 8.631831. Patience Count: 33.
Epoch: 436. Train Loss: 8.869251. Patience Count: 34.
Epoch: 437. Train Loss: 8.800869. Patience Count: 35.
Epoch: 438. Train Loss: 9.448873. Patience Count: 36.
Epoch: 439. Train Loss: 9.145568. Patience Count: 37.
Epoch: 440. Train Loss: 8.251555. Patience Count: 38.
Epoch: 441. Train Loss: 7.887431. Patience Count: 39.
Epoch: 442. Train Loss: 8.545826. Patience Count: 40.
Epoch: 443. Train Loss: 8.977628. Patience Count: 41.
Epoch: 444. Train Loss: 8.605656. Patience Count: 42.
Epoch: 445. Train Loss: 7.656454. Patience Count: 43.
Epoch: 446. Train Loss: 8.366172. Patience Count: 44.
Epoch: 447. Train Loss: 8.749814. Patience Count: 45.
Epoch: 448. Train Loss: 7.901750. Patience Count: 46.
Epoch: 449. Train Loss: 8.799718. Patience Count: 47.
Epoch: 450. Train Loss: 8.248245. Patience Count: 48.
Epoch: 451. Train Loss: 8.337209. Patience Count: 49.
Epoch: 452. Train Loss: 7.993727. Patience Count: 50.
dist.destroy_process_group()
Epoch: 453. Train Loss: 8.414604. Patience Count: 51.Stop Early, patience has been running out.
dist.destroy_process_group()
