| distributed init (rank 1): env://, gpu 1
| distributed init (rank 0): env://, gpu 0
world_size: 2, gpu: 0
Using 8 dataloader workers every process
Epoch: 1. Train Loss: 602.794809. best-save Patience Count: 0.
Epoch: 2. Train Loss: 532.389574. best-save Patience Count: 0.
Epoch: 3. Train Loss: 505.129149. best-save Patience Count: 0.
Epoch: 4. Train Loss: 491.852638. best-save Patience Count: 0.
Epoch: 5. Train Loss: 473.272086. best-save Patience Count: 0.
Epoch: 6. Train Loss: 462.363528. best-save Patience Count: 0.
Epoch: 7. Train Loss: 450.413123. best-save Patience Count: 0.
Epoch: 8. Train Loss: 437.565422. best-save Patience Count: 0.
Epoch: 9. Train Loss: 426.285398. best-save Patience Count: 0.
Epoch: 10. Train Loss: 409.549233. best-save Patience Count: 0.
Epoch: 11. Train Loss: 396.384953. best-save Patience Count: 0.
Epoch: 12. Train Loss: 384.424097. best-save Patience Count: 0.
Epoch: 13. Train Loss: 368.271811. best-save Patience Count: 0.
Epoch: 14. Train Loss: 352.007203. best-save Patience Count: 0.
Epoch: 15. Train Loss: 341.419089. best-save Patience Count: 0.
Epoch: 16. Train Loss: 318.257987. best-save Patience Count: 0.
Epoch: 17. Train Loss: 306.123971. best-save Patience Count: 0.
Epoch: 18. Train Loss: 291.297654. best-save Patience Count: 0.
Epoch: 19. Train Loss: 279.750133. best-save Patience Count: 0.
Epoch: 20. Train Loss: 263.893135. best-save Patience Count: 0.
Epoch: 21. Train Loss: 256.111583. best-save Patience Count: 0.
Epoch: 22. Train Loss: 240.524532. best-save Patience Count: 0.
Epoch: 23. Train Loss: 228.445391. best-save Patience Count: 0.
Epoch: 24. Train Loss: 216.761485. best-save Patience Count: 0.
Epoch: 25. Train Loss: 203.941155. best-save Patience Count: 0.
Epoch: 26. Train Loss: 193.938759. best-save Patience Count: 0.
Epoch: 27. Train Loss: 183.735624. best-save Patience Count: 0.
Epoch: 28. Train Loss: 175.602198. best-save Patience Count: 0.
Epoch: 29. Train Loss: 166.381734. best-save Patience Count: 0.
Epoch: 30. Train Loss: 161.763006. best-save Patience Count: 0.
Epoch: 31. Train Loss: 152.109285. best-save Patience Count: 0.
Epoch: 32. Train Loss: 142.138691. best-save Patience Count: 0.
Epoch: 33. Train Loss: 139.925754. best-save Patience Count: 0.
Epoch: 34. Train Loss: 132.066309. best-save Patience Count: 0.
Epoch: 35. Train Loss: 126.580978. best-save Patience Count: 0.
Epoch: 36. Train Loss: 117.705156. best-save Patience Count: 0.
Epoch: 37. Train Loss: 111.332141. best-save Patience Count: 0.
Epoch: 38. Train Loss: 107.197412. best-save Patience Count: 0.
Epoch: 39. Train Loss: 105.177627. best-save Patience Count: 0.
Epoch: 40. Train Loss: 100.667370. best-save Patience Count: 0.
Epoch: 41. Train Loss: 97.935265. best-save Patience Count: 0.
Epoch: 42. Train Loss: 89.065003. best-save Patience Count: 0.
Epoch: 43. Train Loss: 88.817956. best-save Patience Count: 0.
Epoch: 44. Train Loss: 85.959484. best-save Patience Count: 0.
Epoch: 45. Train Loss: 77.534801. best-save Patience Count: 0.
Epoch: 46. Train Loss: 79.257728. Patience Count: 1.
Epoch: 47. Train Loss: 79.308395. Patience Count: 2.
Epoch: 48. Train Loss: 76.692918. best-save Patience Count: 0.
Epoch: 49. Train Loss: 75.602162. best-save Patience Count: 0.
Epoch: 50. Train Loss: 66.501166. best-save Patience Count: 0.
Epoch: 51. Train Loss: 47.480906. best-save Patience Count: 0.
Epoch: 52. Train Loss: 39.849561. best-save Patience Count: 0.
Epoch: 53. Train Loss: 37.494453. best-save Patience Count: 0.
Epoch: 54. Train Loss: 39.640973. Patience Count: 1.
Epoch: 55. Train Loss: 34.354462. best-save Patience Count: 0.
Epoch: 56. Train Loss: 32.470001. best-save Patience Count: 0.
Epoch: 57. Train Loss: 33.171653. Patience Count: 1.
Epoch: 58. Train Loss: 31.751486. best-save Patience Count: 0.
Epoch: 59. Train Loss: 33.134285. Patience Count: 1.
Epoch: 60. Train Loss: 33.609123. Patience Count: 2.
Epoch: 61. Train Loss: 30.693610. best-save Patience Count: 0.
Epoch: 62. Train Loss: 31.714661. Patience Count: 1.
Epoch: 63. Train Loss: 32.456476. Patience Count: 2.
Epoch: 64. Train Loss: 28.604674. best-save Patience Count: 0.
Epoch: 65. Train Loss: 27.898625. best-save Patience Count: 0.
Epoch: 66. Train Loss: 29.046497. Patience Count: 1.
Epoch: 67. Train Loss: 27.554564. best-save Patience Count: 0.
Epoch: 68. Train Loss: 25.918182. best-save Patience Count: 0.
Epoch: 69. Train Loss: 25.100976. best-save Patience Count: 0.
Epoch: 70. Train Loss: 26.771321. Patience Count: 1.
Epoch: 71. Train Loss: 25.018375. best-save Patience Count: 0.
Epoch: 72. Train Loss: 25.405459. Patience Count: 1.
Epoch: 73. Train Loss: 25.487955. Patience Count: 2.
Epoch: 74. Train Loss: 24.250245. best-save Patience Count: 0.
Epoch: 75. Train Loss: 23.327794. best-save Patience Count: 0.
Epoch: 76. Train Loss: 21.743812. best-save Patience Count: 0.
Epoch: 77. Train Loss: 24.890672. Patience Count: 1.
Epoch: 78. Train Loss: 20.489337. best-save Patience Count: 0.
Epoch: 79. Train Loss: 25.547451. Patience Count: 1.
Epoch: 80. Train Loss: 21.219909. Patience Count: 2.
Epoch: 81. Train Loss: 22.374317. Patience Count: 3.
Epoch: 82. Train Loss: 21.024448. Patience Count: 4.
Epoch: 83. Train Loss: 21.480310. Patience Count: 5.
Epoch: 84. Train Loss: 19.300944. best-save Patience Count: 0.
Epoch: 85. Train Loss: 20.689582. Patience Count: 1.
Epoch: 86. Train Loss: 21.029492. Patience Count: 2.
Epoch: 87. Train Loss: 21.149189. Patience Count: 3.
Epoch: 88. Train Loss: 19.498438. Patience Count: 4.
Epoch: 89. Train Loss: 18.366411. best-save Patience Count: 0.
Epoch: 90. Train Loss: 18.449248. Patience Count: 1.
Epoch: 91. Train Loss: 17.947748. best-save Patience Count: 0.
Epoch: 92. Train Loss: 18.059449. Patience Count: 1.
Epoch: 93. Train Loss: 17.988513. Patience Count: 2.
Epoch: 94. Train Loss: 20.274472. Patience Count: 3.
Epoch: 95. Train Loss: 16.253959. best-save Patience Count: 0.
Epoch: 96. Train Loss: 17.763926. Patience Count: 1.
Epoch: 97. Train Loss: 15.248313. best-save Patience Count: 0.
Epoch: 98. Train Loss: 16.588157. Patience Count: 1.
Epoch: 99. Train Loss: 16.833331. Patience Count: 2.
Epoch: 100. Train Loss: 18.258515. Patience Count: 3.
Epoch: 101. Train Loss: 11.274228. best-save Patience Count: 0.
Epoch: 102. Train Loss: 9.646960. best-save Patience Count: 0.
Epoch: 103. Train Loss: 7.974133. best-save Patience Count: 0.
Epoch: 104. Train Loss: 8.795131. Patience Count: 1.
Epoch: 105. Train Loss: 8.166754. Patience Count: 2.
Epoch: 106. Train Loss: 8.164716. Patience Count: 3.
Epoch: 107. Train Loss: 8.793840. Patience Count: 4.
Epoch: 108. Train Loss: 8.382292. Patience Count: 5.
Epoch: 109. Train Loss: 8.239496. Patience Count: 6.
Epoch: 110. Train Loss: 8.428875. Patience Count: 7.
Epoch: 111. Train Loss: 8.675291. Patience Count: 8.
Epoch: 112. Train Loss: 9.822040. Patience Count: 9.
Epoch: 113. Train Loss: 8.295928. Patience Count: 10.
Epoch: 114. Train Loss: 10.111153. Patience Count: 11.
Epoch: 115. Train Loss: 6.908521. best-save Patience Count: 0.
Epoch: 116. Train Loss: 7.707060. Patience Count: 1.
Epoch: 117. Train Loss: 7.809065. Patience Count: 2.
Epoch: 118. Train Loss: 8.402521. Patience Count: 3.
Epoch: 119. Train Loss: 8.107773. Patience Count: 4.
Epoch: 120. Train Loss: 9.998316. Patience Count: 5.
Epoch: 121. Train Loss: 7.416009. Patience Count: 6.
Epoch: 122. Train Loss: 6.218244. best-save Patience Count: 0.
Epoch: 123. Train Loss: 7.716292. Patience Count: 1.
Epoch: 124. Train Loss: 6.277490. Patience Count: 2.
Epoch: 125. Train Loss: 7.581886. Patience Count: 3.
Epoch: 126. Train Loss: 7.070414. Patience Count: 4.
Epoch: 127. Train Loss: 6.912618. Patience Count: 5.
Epoch: 128. Train Loss: 7.928600. Patience Count: 6.
Epoch: 129. Train Loss: 6.862219. Patience Count: 7.
Epoch: 130. Train Loss: 7.960150. Patience Count: 8.
Epoch: 131. Train Loss: 6.748757. Patience Count: 9.
Epoch: 132. Train Loss: 7.131566. Patience Count: 10.
Epoch: 133. Train Loss: 8.043410. Patience Count: 11.
Epoch: 134. Train Loss: 6.547665. Patience Count: 12.
Epoch: 135. Train Loss: 6.771622. Patience Count: 13.
Epoch: 136. Train Loss: 5.958178. best-save Patience Count: 0.
Epoch: 137. Train Loss: 7.815246. Patience Count: 1.
Epoch: 138. Train Loss: 7.977449. Patience Count: 2.
Epoch: 139. Train Loss: 7.085251. Patience Count: 3.
Epoch: 140. Train Loss: 6.672314. Patience Count: 4.
Epoch: 141. Train Loss: 7.646028. Patience Count: 5.
Epoch: 142. Train Loss: 6.411555. Patience Count: 6.
Epoch: 143. Train Loss: 7.722228. Patience Count: 7.
Epoch: 144. Train Loss: 7.816931. Patience Count: 8.
Epoch: 145. Train Loss: 6.821831. Patience Count: 9.
Epoch: 146. Train Loss: 5.435804. best-save Patience Count: 0.
Epoch: 147. Train Loss: 6.405581. Patience Count: 1.
Epoch: 148. Train Loss: 6.112603. Patience Count: 2.
Epoch: 149. Train Loss: 6.562579. Patience Count: 3.
Epoch: 150. Train Loss: 6.536314. Patience Count: 4.
Epoch: 151. Train Loss: 5.264108. best-save Patience Count: 0.
Epoch: 152. Train Loss: 4.239760. best-save Patience Count: 0.
Epoch: 153. Train Loss: 3.671660. best-save Patience Count: 0.
Epoch: 154. Train Loss: 3.689702. Patience Count: 1.
Epoch: 155. Train Loss: 3.962807. Patience Count: 2.
Epoch: 156. Train Loss: 3.655829. best-save Patience Count: 0.
Epoch: 157. Train Loss: 3.135386. best-save Patience Count: 0.
Epoch: 158. Train Loss: 3.636779. Patience Count: 1.
Epoch: 159. Train Loss: 3.418740. Patience Count: 2.
Epoch: 160. Train Loss: 3.876793. Patience Count: 3.
Epoch: 161. Train Loss: 3.602679. Patience Count: 4.
Epoch: 162. Train Loss: 4.027466. Patience Count: 5.
Epoch: 163. Train Loss: 3.629495. Patience Count: 6.
Epoch: 164. Train Loss: 3.489942. Patience Count: 7.
Epoch: 165. Train Loss: 3.314868. Patience Count: 8.
Epoch: 166. Train Loss: 3.983179. Patience Count: 9.
Epoch: 167. Train Loss: 3.880792. Patience Count: 10.
Epoch: 168. Train Loss: 4.094344. Patience Count: 11.
Epoch: 169. Train Loss: 3.656958. Patience Count: 12.
Epoch: 170. Train Loss: 3.377263. Patience Count: 13.
Epoch: 171. Train Loss: 3.350716. Patience Count: 14.
Epoch: 172. Train Loss: 2.905452. best-save Patience Count: 0.
Epoch: 173. Train Loss: 3.805356. Patience Count: 1.
Epoch: 174. Train Loss: 3.017218. Patience Count: 2.
Epoch: 175. Train Loss: 4.089563. Patience Count: 3.
Epoch: 176. Train Loss: 3.685181. Patience Count: 4.
Epoch: 177. Train Loss: 3.798440. Patience Count: 5.
Epoch: 178. Train Loss: 3.653784. Patience Count: 6.
Epoch: 179. Train Loss: 3.059430. Patience Count: 7.
Epoch: 180. Train Loss: 3.226446. Patience Count: 8.
Epoch: 181. Train Loss: 3.234299. Patience Count: 9.
Epoch: 182. Train Loss: 2.849739. best-save Patience Count: 0.
Epoch: 183. Train Loss: 3.798506. Patience Count: 1.
Epoch: 184. Train Loss: 3.464520. Patience Count: 2.
Epoch: 185. Train Loss: 3.649032. Patience Count: 3.
Epoch: 186. Train Loss: 3.117046. Patience Count: 4.
Epoch: 187. Train Loss: 3.418198. Patience Count: 5.
Epoch: 188. Train Loss: 3.753746. Patience Count: 6.
Epoch: 189. Train Loss: 3.148876. Patience Count: 7.
Epoch: 190. Train Loss: 3.350834. Patience Count: 8.
Epoch: 191. Train Loss: 3.359544. Patience Count: 9.
Epoch: 192. Train Loss: 3.728620. Patience Count: 10.
Epoch: 193. Train Loss: 3.007753. Patience Count: 11.
Epoch: 194. Train Loss: 3.057050. Patience Count: 12.
Epoch: 195. Train Loss: 3.484391. Patience Count: 13.
Epoch: 196. Train Loss: 3.303466. Patience Count: 14.
Epoch: 197. Train Loss: 2.846851. best-save Patience Count: 0.
Epoch: 198. Train Loss: 3.289162. Patience Count: 1.
Epoch: 199. Train Loss: 2.919272. Patience Count: 2.
Epoch: 200. Train Loss: 2.672081. best-save Patience Count: 0.
Epoch: 201. Train Loss: 2.825827. Patience Count: 1.
Epoch: 202. Train Loss: 2.169496. best-save Patience Count: 0.
Epoch: 203. Train Loss: 2.718334. Patience Count: 1.
Epoch: 204. Train Loss: 2.964307. Patience Count: 2.
Epoch: 205. Train Loss: 2.151401. best-save Patience Count: 0.
Epoch: 206. Train Loss: 1.633494. best-save Patience Count: 0.
Epoch: 207. Train Loss: 2.417793. Patience Count: 1.
Epoch: 208. Train Loss: 2.173698. Patience Count: 2.
Epoch: 209. Train Loss: 2.125736. Patience Count: 3.
Epoch: 210. Train Loss: 2.710931. Patience Count: 4.
Epoch: 211. Train Loss: 1.940240. Patience Count: 5.
Epoch: 212. Train Loss: 1.850191. Patience Count: 6.
Epoch: 213. Train Loss: 2.591447. Patience Count: 7.
Epoch: 214. Train Loss: 1.959594. Patience Count: 8.
Epoch: 215. Train Loss: 2.502305. Patience Count: 9.
Epoch: 216. Train Loss: 2.502321. Patience Count: 10.
Epoch: 217. Train Loss: 1.533197. best-save Patience Count: 0.
Epoch: 218. Train Loss: 1.882138. Patience Count: 1.
Epoch: 219. Train Loss: 1.611784. Patience Count: 2.
Epoch: 220. Train Loss: 2.187653. Patience Count: 3.
Epoch: 221. Train Loss: 1.528950. best-save Patience Count: 0.
Epoch: 222. Train Loss: 2.244969. Patience Count: 1.
Epoch: 223. Train Loss: 1.863315. Patience Count: 2.
Epoch: 224. Train Loss: 1.720006. Patience Count: 3.
Epoch: 225. Train Loss: 2.068777. Patience Count: 4.
Epoch: 226. Train Loss: 1.741691. Patience Count: 5.
Epoch: 227. Train Loss: 2.063513. Patience Count: 6.
Epoch: 228. Train Loss: 2.229999. Patience Count: 7.
Epoch: 229. Train Loss: 2.023765. Patience Count: 8.
Epoch: 230. Train Loss: 2.098368. Patience Count: 9.
Epoch: 231. Train Loss: 2.179803. Patience Count: 10.
Epoch: 232. Train Loss: 1.667524. Patience Count: 11.
Epoch: 233. Train Loss: 1.949338. Patience Count: 12.
Epoch: 234. Train Loss: 2.181795. Patience Count: 13.
Epoch: 235. Train Loss: 1.930023. Patience Count: 14.
Epoch: 236. Train Loss: 1.913990. Patience Count: 15.
Epoch: 237. Train Loss: 2.263634. Patience Count: 16.
Epoch: 238. Train Loss: 2.134465. Patience Count: 17.
Epoch: 239. Train Loss: 2.293300. Patience Count: 18.
Epoch: 240. Train Loss: 2.159811. Patience Count: 19.
Epoch: 241. Train Loss: 1.147075. best-save Patience Count: 0.
Epoch: 242. Train Loss: 2.054457. Patience Count: 1.
Epoch: 243. Train Loss: 1.961762. Patience Count: 2.
Epoch: 244. Train Loss: 1.541783. Patience Count: 3.
Epoch: 245. Train Loss: 1.580450. Patience Count: 4.
Epoch: 246. Train Loss: 1.890708. Patience Count: 5.
Epoch: 247. Train Loss: 1.801667. Patience Count: 6.
Epoch: 248. Train Loss: 2.040577. Patience Count: 7.
Epoch: 249. Train Loss: 1.527447. Patience Count: 8.
Epoch: 250. Train Loss: 1.995734. Patience Count: 9.
Epoch: 251. Train Loss: 1.935785. Patience Count: 10.
Epoch: 252. Train Loss: 1.154080. Patience Count: 11.
Epoch: 253. Train Loss: 1.297080. Patience Count: 12.
Epoch: 254. Train Loss: 1.950200. Patience Count: 13.
Epoch: 255. Train Loss: 1.314406. Patience Count: 14.
Epoch: 256. Train Loss: 1.576420. Patience Count: 15.
Epoch: 257. Train Loss: 1.518812. Patience Count: 16.
Epoch: 258. Train Loss: 1.762988. Patience Count: 17.
Epoch: 259. Train Loss: 1.524074. Patience Count: 18.
Epoch: 260. Train Loss: 1.309717. Patience Count: 19.
Epoch: 261. Train Loss: 1.578557. Patience Count: 20.
Epoch: 262. Train Loss: 1.507627. Patience Count: 21.
Epoch: 263. Train Loss: 1.628910. Patience Count: 22.
Epoch: 264. Train Loss: 2.027723. Patience Count: 23.
Epoch: 265. Train Loss: 1.961953. Patience Count: 24.
Epoch: 266. Train Loss: 1.756361. Patience Count: 25.
Epoch: 267. Train Loss: 1.401469. Patience Count: 26.
Epoch: 268. Train Loss: 1.334952. Patience Count: 27.
Epoch: 269. Train Loss: 1.207388. Patience Count: 28.
Epoch: 270. Train Loss: 1.477878. Patience Count: 29.
Epoch: 271. Train Loss: 0.937858. best-save Patience Count: 0.
Epoch: 272. Train Loss: 1.332754. Patience Count: 1.
Epoch: 273. Train Loss: 1.436603. Patience Count: 2.
Epoch: 274. Train Loss: 1.440146. Patience Count: 3.
Epoch: 275. Train Loss: 1.351837. Patience Count: 4.
Epoch: 276. Train Loss: 1.093123. Patience Count: 5.
Epoch: 277. Train Loss: 1.310628. Patience Count: 6.
Epoch: 278. Train Loss: 1.629828. Patience Count: 7.
Epoch: 279. Train Loss: 1.206255. Patience Count: 8.
Epoch: 280. Train Loss: 1.342508. Patience Count: 9.
Epoch: 281. Train Loss: 1.546411. Patience Count: 10.
Epoch: 282. Train Loss: 1.466434. Patience Count: 11.
Epoch: 283. Train Loss: 1.373012. Patience Count: 12.
Epoch: 284. Train Loss: 1.278629. Patience Count: 13.
Epoch: 285. Train Loss: 1.321668. Patience Count: 14.
Epoch: 286. Train Loss: 1.648221. Patience Count: 15.
Epoch: 287. Train Loss: 1.488195. Patience Count: 16.
Epoch: 288. Train Loss: 1.188742. Patience Count: 17.
Epoch: 289. Train Loss: 1.458034. Patience Count: 18.
Epoch: 290. Train Loss: 1.041245. Patience Count: 19.
Epoch: 291. Train Loss: 1.637526. Patience Count: 20.
Epoch: 292. Train Loss: 1.912513. Patience Count: 21.
Epoch: 293. Train Loss: 1.023960. Patience Count: 22.
Epoch: 294. Train Loss: 1.280924. Patience Count: 23.
Epoch: 295. Train Loss: 1.525350. Patience Count: 24.
Epoch: 296. Train Loss: 1.287772. Patience Count: 25.
Epoch: 297. Train Loss: 1.622546. Patience Count: 26.
Epoch: 298. Train Loss: 1.438897. Patience Count: 27.
Epoch: 299. Train Loss: 1.412295. Patience Count: 28.
Epoch: 300. Train Loss: 1.791650. Patience Count: 29.
Epoch: 301. Train Loss: 1.557518. Patience Count: 30.
Epoch: 302. Train Loss: 1.188505. Patience Count: 31.
Epoch: 303. Train Loss: 1.133170. Patience Count: 32.
Epoch: 304. Train Loss: 1.246942. Patience Count: 33.
Epoch: 305. Train Loss: 1.308390. Patience Count: 34.
Epoch: 306. Train Loss: 1.295403. Patience Count: 35.
Epoch: 307. Train Loss: 1.554194. Patience Count: 36.
Epoch: 308. Train Loss: 0.999964. Patience Count: 37.
Epoch: 309. Train Loss: 1.046885. Patience Count: 38.
Epoch: 310. Train Loss: 1.339091. Patience Count: 39.
Epoch: 311. Train Loss: 0.847041. best-save Patience Count: 0.
Epoch: 312. Train Loss: 0.988702. Patience Count: 1.
Epoch: 313. Train Loss: 2.180191. Patience Count: 2.
Epoch: 314. Train Loss: 1.763550. Patience Count: 3.
Epoch: 315. Train Loss: 0.953073. Patience Count: 4.
Epoch: 316. Train Loss: 1.414483. Patience Count: 5.
Epoch: 317. Train Loss: 1.408351. Patience Count: 6.
Epoch: 318. Train Loss: 1.573848. Patience Count: 7.
Epoch: 319. Train Loss: 0.985605. Patience Count: 8.
Epoch: 320. Train Loss: 1.222493. Patience Count: 9.
Epoch: 321. Train Loss: 1.114391. Patience Count: 10.
Epoch: 322. Train Loss: 1.122885. Patience Count: 11.
Epoch: 323. Train Loss: 1.451276. Patience Count: 12.
Epoch: 324. Train Loss: 1.433375. Patience Count: 13.
Epoch: 325. Train Loss: 1.243927. Patience Count: 14.
Epoch: 326. Train Loss: 1.297111. Patience Count: 15.
Epoch: 327. Train Loss: 1.355001. Patience Count: 16.
Epoch: 328. Train Loss: 0.949340. Patience Count: 17.
Epoch: 329. Train Loss: 1.307416. Patience Count: 18.
Epoch: 330. Train Loss: 0.910585. Patience Count: 19.
Epoch: 331. Train Loss: 0.985864. Patience Count: 20.
Epoch: 332. Train Loss: 0.726010. best-save Patience Count: 0.
Epoch: 333. Train Loss: 1.064520. Patience Count: 1.
Epoch: 334. Train Loss: 1.089771. Patience Count: 2.
Epoch: 335. Train Loss: 0.996523. Patience Count: 3.
Epoch: 336. Train Loss: 1.164113. Patience Count: 4.
Epoch: 337. Train Loss: 1.294333. Patience Count: 5.
Epoch: 338. Train Loss: 1.301314. Patience Count: 6.
Epoch: 339. Train Loss: 1.171855. Patience Count: 7.
Epoch: 340. Train Loss: 0.998862. Patience Count: 8.
Epoch: 341. Train Loss: 0.845674. Patience Count: 9.
Epoch: 342. Train Loss: 1.344070. Patience Count: 10.
Epoch: 343. Train Loss: 1.055634. Patience Count: 11.
Epoch: 344. Train Loss: 1.151612. Patience Count: 12.
Epoch: 345. Train Loss: 0.845625. Patience Count: 13.
Epoch: 346. Train Loss: 1.370853. Patience Count: 14.
Epoch: 347. Train Loss: 1.229625. Patience Count: 15.
Epoch: 348. Train Loss: 1.184081. Patience Count: 16.
Epoch: 349. Train Loss: 1.405736. Patience Count: 17.
Epoch: 350. Train Loss: 1.373639. Patience Count: 18.
Epoch: 351. Train Loss: 1.378375. Patience Count: 19.
Epoch: 352. Train Loss: 1.336253. Patience Count: 20.
Epoch: 353. Train Loss: 0.956405. Patience Count: 21.
Epoch: 354. Train Loss: 1.025332. Patience Count: 22.
Epoch: 355. Train Loss: 1.016565. Patience Count: 23.
Epoch: 356. Train Loss: 1.045012. Patience Count: 24.
Epoch: 357. Train Loss: 0.787702. Patience Count: 25.
Epoch: 358. Train Loss: 1.076052. Patience Count: 26.
Epoch: 359. Train Loss: 0.875991. Patience Count: 27.
Epoch: 360. Train Loss: 1.047826. Patience Count: 28.
Epoch: 361. Train Loss: 0.870628. Patience Count: 29.
Epoch: 362. Train Loss: 1.186556. Patience Count: 30.
Epoch: 363. Train Loss: 1.010649. Patience Count: 31.
Epoch: 364. Train Loss: 1.199232. Patience Count: 32.
Epoch: 365. Train Loss: 1.121316. Patience Count: 33.
Epoch: 366. Train Loss: 0.804175. Patience Count: 34.
Epoch: 367. Train Loss: 1.174380. Patience Count: 35.
Epoch: 368. Train Loss: 1.052173. Patience Count: 36.
Epoch: 369. Train Loss: 1.158829. Patience Count: 37.
Epoch: 370. Train Loss: 1.000339. Patience Count: 38.
Epoch: 371. Train Loss: 1.345757. Patience Count: 39.
Epoch: 372. Train Loss: 1.172573. Patience Count: 40.
Epoch: 373. Train Loss: 0.699116. best-save Patience Count: 0.
Epoch: 374. Train Loss: 0.885534. Patience Count: 1.
Epoch: 375. Train Loss: 1.218418. Patience Count: 2.
Epoch: 376. Train Loss: 1.329634. Patience Count: 3.
Epoch: 377. Train Loss: 1.157934. Patience Count: 4.
Epoch: 378. Train Loss: 0.895000. Patience Count: 5.
Epoch: 379. Train Loss: 1.319838. Patience Count: 6.
Epoch: 380. Train Loss: 0.996644. Patience Count: 7.
Epoch: 381. Train Loss: 1.143683. Patience Count: 8.
Epoch: 382. Train Loss: 0.722704. Patience Count: 9.
Epoch: 383. Train Loss: 1.312021. Patience Count: 10.
Epoch: 384. Train Loss: 0.792216. Patience Count: 11.
Epoch: 385. Train Loss: 1.066513. Patience Count: 12.
Epoch: 386. Train Loss: 1.007992. Patience Count: 13.
Epoch: 387. Train Loss: 0.837390. Patience Count: 14.
Epoch: 388. Train Loss: 0.917976. Patience Count: 15.
Epoch: 389. Train Loss: 0.862526. Patience Count: 16.
Epoch: 390. Train Loss: 1.066133. Patience Count: 17.
Epoch: 391. Train Loss: 0.921387. Patience Count: 18.
Epoch: 392. Train Loss: 0.765491. Patience Count: 19.
Epoch: 393. Train Loss: 1.098350. Patience Count: 20.
Epoch: 394. Train Loss: 1.180405. Patience Count: 21.
Epoch: 395. Train Loss: 1.475977. Patience Count: 22.
Epoch: 396. Train Loss: 1.159563. Patience Count: 23.
Epoch: 397. Train Loss: 0.709209. Patience Count: 24.
Epoch: 398. Train Loss: 1.143528. Patience Count: 25.
Epoch: 399. Train Loss: 1.294229. Patience Count: 26.
Epoch: 400. Train Loss: 0.969339. Patience Count: 27.
Epoch: 401. Train Loss: 0.943717. Patience Count: 28.
Epoch: 402. Train Loss: 0.759932. Patience Count: 29.
Epoch: 403. Train Loss: 0.786529. Patience Count: 30.
Epoch: 404. Train Loss: 0.969317. Patience Count: 31.
Epoch: 405. Train Loss: 1.126607. Patience Count: 32.
Epoch: 406. Train Loss: 0.939441. Patience Count: 33.
Epoch: 407. Train Loss: 1.383650. Patience Count: 34.
Epoch: 408. Train Loss: 0.948326. Patience Count: 35.
Epoch: 409. Train Loss: 0.932651. Patience Count: 36.
Epoch: 410. Train Loss: 1.018704. Patience Count: 37.
Epoch: 411. Train Loss: 0.940751. Patience Count: 38.
Epoch: 412. Train Loss: 1.039609. Patience Count: 39.
Epoch: 413. Train Loss: 0.943652. Patience Count: 40.
Epoch: 414. Train Loss: 1.163309. Patience Count: 41.
Epoch: 415. Train Loss: 1.231630. Patience Count: 42.
Epoch: 416. Train Loss: 1.320800. Patience Count: 43.
Epoch: 417. Train Loss: 1.078824. Patience Count: 44.
Epoch: 418. Train Loss: 0.825769. Patience Count: 45.
Epoch: 419. Train Loss: 1.246509. Patience Count: 46.
Epoch: 420. Train Loss: 1.368872. Patience Count: 47.
Epoch: 421. Train Loss: 0.722129. Patience Count: 48.
Epoch: 422. Train Loss: 0.915381. Patience Count: 49.
Epoch: 423. Train Loss: 0.934544. Patience Count: 50.
Epoch: 424. Train Loss: 0.949246. Patience Count: 51.
Epoch: 425. Train Loss: 1.197395. Patience Count: 52.
Epoch: 426. Train Loss: 1.136960. Patience Count: 53.
Epoch: 427. Train Loss: 0.757742. Patience Count: 54.
Epoch: 428. Train Loss: 1.037775. Patience Count: 55.
Epoch: 429. Train Loss: 0.935715. Patience Count: 56.
Epoch: 430. Train Loss: 0.683630. best-save Patience Count: 0.
Epoch: 431. Train Loss: 1.039264. Patience Count: 1.
Epoch: 432. Train Loss: 1.203274. Patience Count: 2.
Epoch: 433. Train Loss: 1.060644. Patience Count: 3.
Epoch: 434. Train Loss: 0.897595. Patience Count: 4.
Epoch: 435. Train Loss: 0.716939. Patience Count: 5.
Epoch: 436. Train Loss: 0.967488. Patience Count: 6.
Epoch: 437. Train Loss: 0.774397. Patience Count: 7.
Epoch: 438. Train Loss: 0.907844. Patience Count: 8.
Epoch: 439. Train Loss: 0.635183. best-save Patience Count: 0.
Epoch: 440. Train Loss: 0.682896. Patience Count: 1.
Epoch: 441. Train Loss: 0.741803. Patience Count: 2.
Epoch: 442. Train Loss: 1.003418. Patience Count: 3.
Epoch: 443. Train Loss: 0.740140. Patience Count: 4.
Epoch: 444. Train Loss: 0.861195. Patience Count: 5.
Epoch: 445. Train Loss: 1.355462. Patience Count: 6.
Epoch: 446. Train Loss: 0.669199. Patience Count: 7.
Epoch: 447. Train Loss: 0.865932. Patience Count: 8.
Epoch: 448. Train Loss: 0.840353. Patience Count: 9.
Epoch: 449. Train Loss: 0.776434. Patience Count: 10.
Epoch: 450. Train Loss: 0.955239. Patience Count: 11.
Epoch: 451. Train Loss: 1.044383. Patience Count: 12.
Epoch: 452. Train Loss: 1.283575. Patience Count: 13.
Epoch: 453. Train Loss: 0.925211. Patience Count: 14.
Epoch: 454. Train Loss: 1.044697. Patience Count: 15.
Epoch: 455. Train Loss: 0.996597. Patience Count: 16.
Epoch: 456. Train Loss: 1.698568. Patience Count: 17.
Epoch: 457. Train Loss: 1.095812. Patience Count: 18.
Epoch: 458. Train Loss: 0.793865. Patience Count: 19.
Epoch: 459. Train Loss: 0.893981. Patience Count: 20.
Epoch: 460. Train Loss: 0.963571. Patience Count: 21.
Epoch: 461. Train Loss: 1.202280. Patience Count: 22.
Epoch: 462. Train Loss: 1.235808. Patience Count: 23.
Epoch: 463. Train Loss: 1.362902. Patience Count: 24.
Epoch: 464. Train Loss: 0.978958. Patience Count: 25.
Epoch: 465. Train Loss: 1.530198. Patience Count: 26.
Epoch: 466. Train Loss: 1.059357. Patience Count: 27.
Epoch: 467. Train Loss: 0.774959. Patience Count: 28.
Epoch: 468. Train Loss: 0.706322. Patience Count: 29.
Epoch: 469. Train Loss: 0.930945. Patience Count: 30.
Epoch: 470. Train Loss: 0.981853. Patience Count: 31.
Epoch: 471. Train Loss: 0.755427. Patience Count: 32.
Epoch: 472. Train Loss: 1.251778. Patience Count: 33.
Epoch: 473. Train Loss: 0.986756. Patience Count: 34.
Epoch: 474. Train Loss: 0.973334. Patience Count: 35.
Epoch: 475. Train Loss: 1.072556. Patience Count: 36.
Epoch: 476. Train Loss: 0.728408. Patience Count: 37.
Epoch: 477. Train Loss: 0.887740. Patience Count: 38.
Epoch: 478. Train Loss: 1.017719. Patience Count: 39.
Epoch: 479. Train Loss: 0.959509. Patience Count: 40.
Epoch: 480. Train Loss: 0.807991. Patience Count: 41.
Epoch: 481. Train Loss: 1.125867. Patience Count: 42.
Epoch: 482. Train Loss: 1.141274. Patience Count: 43.
Epoch: 483. Train Loss: 0.950154. Patience Count: 44.
Epoch: 484. Train Loss: 1.003773. Patience Count: 45.
Epoch: 485. Train Loss: 1.017496. Patience Count: 46.
Epoch: 486. Train Loss: 0.992798. Patience Count: 47.
Epoch: 487. Train Loss: 0.627736. best-save Patience Count: 0.
Epoch: 488. Train Loss: 0.674216. Patience Count: 1.
Epoch: 489. Train Loss: 1.354502. Patience Count: 2.
Epoch: 490. Train Loss: 0.920579. Patience Count: 3.
Epoch: 491. Train Loss: 1.120008. Patience Count: 4.
Epoch: 492. Train Loss: 0.902499. Patience Count: 5.
Epoch: 493. Train Loss: 0.609187. best-save Patience Count: 0.
Epoch: 494. Train Loss: 1.099809. Patience Count: 1.
Epoch: 495. Train Loss: 1.052119. Patience Count: 2.
Epoch: 496. Train Loss: 0.718510. Patience Count: 3.
Epoch: 497. Train Loss: 0.657371. Patience Count: 4.
Epoch: 498. Train Loss: 0.825277. Patience Count: 5.
Epoch: 499. Train Loss: 0.670730. Patience Count: 6.
Epoch: 500. Train Loss: 0.875628. Patience Count: 7.
Epoch: 501. Train Loss: 1.038715. Eval Loss: 17.991896.Patience Count: 8.
Epoch: 502. Train Loss: 1.207030. Patience Count: 9.
Epoch: 503. Train Loss: 1.035681. Patience Count: 10.
Epoch: 504. Train Loss: 1.140669. Patience Count: 11.
Epoch: 505. Train Loss: 0.850767. Patience Count: 12.
Epoch: 506. Train Loss: 1.122288. Patience Count: 13.
Epoch: 507. Train Loss: 1.237919. Patience Count: 14.
Epoch: 508. Train Loss: 1.004744. Patience Count: 15.
Epoch: 509. Train Loss: 0.887706. Patience Count: 16.
Epoch: 510. Train Loss: 0.818602. Patience Count: 17.
Epoch: 511. Train Loss: 0.840236. Patience Count: 18.
Epoch: 512. Train Loss: 1.005634. Patience Count: 19.
Epoch: 513. Train Loss: 0.902778. Patience Count: 20.
Epoch: 514. Train Loss: 0.822845. Patience Count: 21.
Epoch: 515. Train Loss: 1.022916. Patience Count: 22.
Epoch: 516. Train Loss: 0.752760. Patience Count: 23.
Epoch: 517. Train Loss: 1.110257. Patience Count: 24.
Epoch: 518. Train Loss: 0.932455. Patience Count: 25.
Epoch: 519. Train Loss: 0.757543. Patience Count: 26.
Epoch: 520. Train Loss: 0.734678. Patience Count: 27.
Epoch: 521. Train Loss: 0.930189. Patience Count: 28.
Epoch: 522. Train Loss: 0.621269. Patience Count: 29.
Epoch: 523. Train Loss: 1.399242. Patience Count: 30.
Epoch: 524. Train Loss: 0.610149. Patience Count: 31.
Epoch: 525. Train Loss: 0.986690. Patience Count: 32.
Epoch: 526. Train Loss: 0.987156. Patience Count: 33.
Epoch: 527. Train Loss: 0.733695. Patience Count: 34.
Epoch: 528. Train Loss: 1.187063. Patience Count: 35.
Epoch: 529. Train Loss: 1.030832. Patience Count: 36.
Epoch: 530. Train Loss: 1.172182. Patience Count: 37.
Epoch: 531. Train Loss: 0.591857. best-save Patience Count: 0.
Epoch: 532. Train Loss: 1.175062. Patience Count: 1.
Epoch: 533. Train Loss: 0.787698. Patience Count: 2.
Epoch: 534. Train Loss: 0.719221. Patience Count: 3.
Epoch: 535. Train Loss: 1.222159. Patience Count: 4.
Epoch: 536. Train Loss: 1.261617. Patience Count: 5.
Epoch: 537. Train Loss: 1.172723. Patience Count: 6.
Epoch: 538. Train Loss: 1.021720. Patience Count: 7.
Epoch: 539. Train Loss: 0.821186. Patience Count: 8.
Epoch: 540. Train Loss: 0.953027. Patience Count: 9.
Epoch: 541. Train Loss: 0.618477. Patience Count: 10.
Epoch: 542. Train Loss: 0.818329. Patience Count: 11.
Epoch: 543. Train Loss: 1.241417. Patience Count: 12.
Epoch: 544. Train Loss: 0.858361. Patience Count: 13.
Epoch: 545. Train Loss: 1.199484. Patience Count: 14.
Epoch: 546. Train Loss: 1.131461. Patience Count: 15.
Epoch: 547. Train Loss: 1.048484. Patience Count: 16.
Epoch: 548. Train Loss: 0.869559. Patience Count: 17.
Epoch: 549. Train Loss: 0.836239. Patience Count: 18.
Epoch: 550. Train Loss: 1.134845. Patience Count: 19.
Epoch: 551. Train Loss: 0.862152. Patience Count: 20.
Epoch: 552. Train Loss: 0.906519. Patience Count: 21.
Epoch: 553. Train Loss: 0.961111. Patience Count: 22.
Epoch: 554. Train Loss: 1.113604. Patience Count: 23.
Epoch: 555. Train Loss: 1.064088. Patience Count: 24.
Epoch: 556. Train Loss: 1.302412. Patience Count: 25.
Epoch: 557. Train Loss: 1.233289. Patience Count: 26.
Epoch: 558. Train Loss: 1.249032. Patience Count: 27.
Epoch: 559. Train Loss: 1.001949. Patience Count: 28.
Epoch: 560. Train Loss: 0.774497. Patience Count: 29.
Epoch: 561. Train Loss: 0.979210. Patience Count: 30.
Epoch: 562. Train Loss: 1.155444. Patience Count: 31.
Epoch: 563. Train Loss: 1.057382. Patience Count: 32.
Epoch: 564. Train Loss: 1.023263. Patience Count: 33.
Epoch: 565. Train Loss: 0.498352. best-save Patience Count: 0.
Epoch: 566. Train Loss: 0.945763. Patience Count: 1.
Epoch: 567. Train Loss: 0.724454. Patience Count: 2.
Epoch: 568. Train Loss: 1.021749. Patience Count: 3.
Epoch: 569. Train Loss: 1.038526. Patience Count: 4.
Epoch: 570. Train Loss: 0.928130. Patience Count: 5.
Epoch: 571. Train Loss: 0.689525. Patience Count: 6.
Epoch: 572. Train Loss: 1.083029. Patience Count: 7.
Epoch: 573. Train Loss: 0.782739. Patience Count: 8.
Epoch: 574. Train Loss: 0.783474. Patience Count: 9.
Epoch: 575. Train Loss: 1.021509. Patience Count: 10.
Epoch: 576. Train Loss: 0.964535. Patience Count: 11.
Epoch: 577. Train Loss: 0.850702. Patience Count: 12.
Epoch: 578. Train Loss: 0.796662. Patience Count: 13.
Epoch: 579. Train Loss: 0.702222. Patience Count: 14.
Epoch: 580. Train Loss: 1.090370. Patience Count: 15.
Epoch: 581. Train Loss: 1.064494. Patience Count: 16.
Epoch: 582. Train Loss: 0.841633. Patience Count: 17.
Epoch: 583. Train Loss: 0.752408. Patience Count: 18.
Epoch: 584. Train Loss: 1.435280. Patience Count: 19.
Epoch: 585. Train Loss: 0.887073. Patience Count: 20.
Epoch: 586. Train Loss: 1.139384. Patience Count: 21.
Epoch: 587. Train Loss: 0.954550. Patience Count: 22.
Epoch: 588. Train Loss: 1.011316. Patience Count: 23.
Epoch: 589. Train Loss: 1.031300. Patience Count: 24.
Epoch: 590. Train Loss: 0.869708. Patience Count: 25.
Epoch: 591. Train Loss: 0.948921. Patience Count: 26.
Epoch: 592. Train Loss: 0.683222. Patience Count: 27.
Epoch: 593. Train Loss: 0.913810. Patience Count: 28.
Epoch: 594. Train Loss: 0.890483. Patience Count: 29.
Epoch: 595. Train Loss: 0.917011. Patience Count: 30.
Epoch: 596. Train Loss: 0.965329. Patience Count: 31.
Epoch: 597. Train Loss: 0.644388. Patience Count: 32.
Epoch: 598. Train Loss: 0.933372. Patience Count: 33.
Epoch: 599. Train Loss: 0.947680. Patience Count: 34.
dist.destroy_process_group()
Epoch: 600. Train Loss: 0.778458. Patience Count: 35.
dist.destroy_process_group()
