| distributed init (rank 0): env://, gpu 0
| distributed init (rank 1): env://, gpu 1
world_size: 2, gpu: 0
Using 8 dataloader workers every process
Epoch: 1. Train Loss: 606.597174. best-save Patience Count: 0.
Epoch: 2. Train Loss: 535.085566. best-save Patience Count: 0.
Epoch: 3. Train Loss: 511.536107. best-save Patience Count: 0.
Epoch: 4. Train Loss: 497.292070. best-save Patience Count: 0.
Epoch: 5. Train Loss: 484.716757. best-save Patience Count: 0.
Epoch: 6. Train Loss: 472.596505. best-save Patience Count: 0.
Epoch: 7. Train Loss: 461.449598. best-save Patience Count: 0.
Epoch: 8. Train Loss: 454.612041. best-save Patience Count: 0.
Epoch: 9. Train Loss: 443.260664. best-save Patience Count: 0.
Epoch: 10. Train Loss: 431.743399. best-save Patience Count: 0.
Epoch: 11. Train Loss: 415.673948. best-save Patience Count: 0.
Epoch: 12. Train Loss: 403.826606. best-save Patience Count: 0.
Epoch: 13. Train Loss: 391.263959. best-save Patience Count: 0.
Epoch: 14. Train Loss: 372.533438. best-save Patience Count: 0.
Epoch: 15. Train Loss: 362.317239. best-save Patience Count: 0.
Epoch: 16. Train Loss: 347.514343. best-save Patience Count: 0.
Epoch: 17. Train Loss: 331.761892. best-save Patience Count: 0.
Epoch: 18. Train Loss: 317.427322. best-save Patience Count: 0.
Epoch: 19. Train Loss: 303.120528. best-save Patience Count: 0.
Epoch: 20. Train Loss: 290.231282. best-save Patience Count: 0.
Epoch: 21. Train Loss: 277.448438. best-save Patience Count: 0.
Epoch: 22. Train Loss: 270.614866. best-save Patience Count: 0.
Epoch: 23. Train Loss: 252.152171. best-save Patience Count: 0.
Epoch: 24. Train Loss: 237.900890. best-save Patience Count: 0.
Epoch: 25. Train Loss: 228.757830. best-save Patience Count: 0.
Epoch: 26. Train Loss: 216.759943. best-save Patience Count: 0.
Epoch: 27. Train Loss: 207.260522. best-save Patience Count: 0.
Epoch: 28. Train Loss: 199.448446. best-save Patience Count: 0.
Epoch: 29. Train Loss: 189.974776. best-save Patience Count: 0.
Epoch: 30. Train Loss: 177.885621. best-save Patience Count: 0.
Epoch: 31. Train Loss: 167.650222. best-save Patience Count: 0.
Epoch: 32. Train Loss: 162.859425. best-save Patience Count: 0.
Epoch: 33. Train Loss: 154.004924. best-save Patience Count: 0.
Epoch: 34. Train Loss: 148.238560. best-save Patience Count: 0.
Epoch: 35. Train Loss: 141.698566. best-save Patience Count: 0.
Epoch: 36. Train Loss: 134.042885. best-save Patience Count: 0.
Epoch: 37. Train Loss: 130.397719. best-save Patience Count: 0.
Epoch: 38. Train Loss: 124.070884. best-save Patience Count: 0.
Epoch: 39. Train Loss: 120.061330. best-save Patience Count: 0.
Epoch: 40. Train Loss: 111.953322. best-save Patience Count: 0.
Epoch: 41. Train Loss: 110.290282. best-save Patience Count: 0.
Epoch: 42. Train Loss: 104.166056. best-save Patience Count: 0.
Epoch: 43. Train Loss: 100.368617. best-save Patience Count: 0.
Epoch: 44. Train Loss: 91.914192. best-save Patience Count: 0.
Epoch: 45. Train Loss: 93.141426. Patience Count: 1.
Epoch: 46. Train Loss: 89.287454. best-save Patience Count: 0.
Epoch: 47. Train Loss: 86.238898. best-save Patience Count: 0.
Epoch: 48. Train Loss: 83.322739. best-save Patience Count: 0.
Epoch: 49. Train Loss: 77.238199. best-save Patience Count: 0.
Epoch: 50. Train Loss: 75.106686. best-save Patience Count: 0.
Epoch: 51. Train Loss: 54.202499. best-save Patience Count: 0.
Epoch: 52. Train Loss: 45.551625. best-save Patience Count: 0.
Epoch: 53. Train Loss: 45.559970. Patience Count: 1.
Epoch: 54. Train Loss: 41.405523. best-save Patience Count: 0.
Epoch: 55. Train Loss: 41.053820. best-save Patience Count: 0.
Epoch: 56. Train Loss: 42.140329. Patience Count: 1.
Epoch: 57. Train Loss: 37.612601. best-save Patience Count: 0.
Epoch: 58. Train Loss: 35.879736. best-save Patience Count: 0.
Epoch: 59. Train Loss: 35.773352. best-save Patience Count: 0.
Epoch: 60. Train Loss: 37.785946. Patience Count: 1.
Epoch: 61. Train Loss: 35.312334. best-save Patience Count: 0.
Epoch: 62. Train Loss: 34.649390. best-save Patience Count: 0.
Epoch: 63. Train Loss: 30.189554. best-save Patience Count: 0.
Epoch: 64. Train Loss: 31.583371. Patience Count: 1.
Epoch: 65. Train Loss: 33.057203. Patience Count: 2.
Epoch: 66. Train Loss: 31.226650. Patience Count: 3.
Epoch: 67. Train Loss: 32.631888. Patience Count: 4.
Epoch: 68. Train Loss: 29.084490. best-save Patience Count: 0.
Epoch: 69. Train Loss: 27.315719. best-save Patience Count: 0.
Epoch: 70. Train Loss: 30.566102. Patience Count: 1.
Epoch: 71. Train Loss: 27.237986. best-save Patience Count: 0.
Epoch: 72. Train Loss: 27.382969. Patience Count: 1.
Epoch: 73. Train Loss: 28.410254. Patience Count: 2.
Epoch: 74. Train Loss: 28.158366. Patience Count: 3.
Epoch: 75. Train Loss: 23.517691. best-save Patience Count: 0.
Epoch: 76. Train Loss: 25.614523. Patience Count: 1.
Epoch: 77. Train Loss: 25.169855. Patience Count: 2.
Epoch: 78. Train Loss: 24.852167. Patience Count: 3.
Epoch: 79. Train Loss: 24.871751. Patience Count: 4.
Epoch: 80. Train Loss: 24.502511. Patience Count: 5.
Epoch: 81. Train Loss: 25.367200. Patience Count: 6.
Epoch: 82. Train Loss: 22.994750. best-save Patience Count: 0.
Epoch: 83. Train Loss: 22.377307. best-save Patience Count: 0.
Epoch: 84. Train Loss: 20.074756. best-save Patience Count: 0.
Epoch: 85. Train Loss: 18.497703. best-save Patience Count: 0.
Epoch: 86. Train Loss: 24.259317. Patience Count: 1.
Epoch: 87. Train Loss: 20.952511. Patience Count: 2.
Epoch: 88. Train Loss: 19.408984. Patience Count: 3.
Epoch: 89. Train Loss: 20.446959. Patience Count: 4.
Epoch: 90. Train Loss: 20.325791. Patience Count: 5.
Epoch: 91. Train Loss: 20.453733. Patience Count: 6.
Epoch: 92. Train Loss: 21.405602. Patience Count: 7.
Epoch: 93. Train Loss: 20.222553. Patience Count: 8.
Epoch: 94. Train Loss: 20.318527. Patience Count: 9.
Epoch: 95. Train Loss: 18.288299. best-save Patience Count: 0.
Epoch: 96. Train Loss: 19.310481. Patience Count: 1.
Epoch: 97. Train Loss: 20.663345. Patience Count: 2.
Epoch: 98. Train Loss: 18.532621. Patience Count: 3.
Epoch: 99. Train Loss: 18.033644. best-save Patience Count: 0.
Epoch: 100. Train Loss: 18.897913. Patience Count: 1.
Epoch: 101. Train Loss: 11.746646. best-save Patience Count: 0.
Epoch: 102. Train Loss: 10.305186. best-save Patience Count: 0.
Epoch: 103. Train Loss: 9.696937. best-save Patience Count: 0.
Epoch: 104. Train Loss: 9.878265. Patience Count: 1.
Epoch: 105. Train Loss: 8.291962. best-save Patience Count: 0.
Epoch: 106. Train Loss: 8.830379. Patience Count: 1.
Epoch: 107. Train Loss: 8.633063. Patience Count: 2.
Epoch: 108. Train Loss: 9.016873. Patience Count: 3.
Epoch: 109. Train Loss: 10.528728. Patience Count: 4.
Epoch: 110. Train Loss: 9.210208. Patience Count: 5.
Epoch: 111. Train Loss: 10.021632. Patience Count: 6.
Epoch: 112. Train Loss: 11.069375. Patience Count: 7.
Epoch: 113. Train Loss: 8.435474. Patience Count: 8.
Epoch: 114. Train Loss: 9.141304. Patience Count: 9.
Epoch: 115. Train Loss: 9.729060. Patience Count: 10.
Epoch: 116. Train Loss: 8.392813. Patience Count: 11.
Epoch: 117. Train Loss: 9.083986. Patience Count: 12.
Epoch: 118. Train Loss: 8.728845. Patience Count: 13.
Epoch: 119. Train Loss: 7.675527. best-save Patience Count: 0.
Epoch: 120. Train Loss: 8.141395. Patience Count: 1.
Epoch: 121. Train Loss: 9.922704. Patience Count: 2.
Epoch: 122. Train Loss: 8.604647. Patience Count: 3.
Epoch: 123. Train Loss: 8.309871. Patience Count: 4.
Epoch: 124. Train Loss: 8.942978. Patience Count: 5.
Epoch: 125. Train Loss: 7.791378. Patience Count: 6.
Epoch: 126. Train Loss: 8.950617. Patience Count: 7.
Epoch: 127. Train Loss: 9.077035. Patience Count: 8.
Epoch: 128. Train Loss: 7.819221. Patience Count: 9.
Epoch: 129. Train Loss: 7.205688. best-save Patience Count: 0.
Epoch: 130. Train Loss: 8.590487. Patience Count: 1.
Epoch: 131. Train Loss: 8.723621. Patience Count: 2.
Epoch: 132. Train Loss: 7.038130. best-save Patience Count: 0.
Epoch: 133. Train Loss: 8.211569. Patience Count: 1.
Epoch: 134. Train Loss: 7.800243. Patience Count: 2.
Epoch: 135. Train Loss: 9.040285. Patience Count: 3.
Epoch: 136. Train Loss: 7.954926. Patience Count: 4.
Epoch: 137. Train Loss: 8.069378. Patience Count: 5.
Epoch: 138. Train Loss: 8.192706. Patience Count: 6.
Epoch: 139. Train Loss: 7.995341. Patience Count: 7.
Epoch: 140. Train Loss: 6.568789. best-save Patience Count: 0.
Epoch: 141. Train Loss: 8.212397. Patience Count: 1.
Epoch: 142. Train Loss: 7.626417. Patience Count: 2.
Epoch: 143. Train Loss: 8.540191. Patience Count: 3.
Epoch: 144. Train Loss: 7.967678. Patience Count: 4.
Epoch: 145. Train Loss: 6.403727. best-save Patience Count: 0.
Epoch: 146. Train Loss: 6.507803. Patience Count: 1.
Epoch: 147. Train Loss: 6.838056. Patience Count: 2.
Epoch: 148. Train Loss: 6.617620. Patience Count: 3.
Epoch: 149. Train Loss: 7.057389. Patience Count: 4.
Epoch: 150. Train Loss: 7.743381. Patience Count: 5.
Epoch: 151. Train Loss: 5.273002. best-save Patience Count: 0.
Epoch: 152. Train Loss: 4.200993. best-save Patience Count: 0.
Epoch: 153. Train Loss: 4.610635. Patience Count: 1.
Epoch: 154. Train Loss: 4.488239. Patience Count: 2.
Epoch: 155. Train Loss: 4.506706. Patience Count: 3.
Epoch: 156. Train Loss: 4.494560. Patience Count: 4.
Epoch: 157. Train Loss: 4.974818. Patience Count: 5.
Epoch: 158. Train Loss: 4.476956. Patience Count: 6.
Epoch: 159. Train Loss: 3.906962. best-save Patience Count: 0.
Epoch: 160. Train Loss: 3.978223. Patience Count: 1.
Epoch: 161. Train Loss: 3.886769. best-save Patience Count: 0.
Epoch: 162. Train Loss: 3.780784. best-save Patience Count: 0.
Epoch: 163. Train Loss: 4.026953. Patience Count: 1.
Epoch: 164. Train Loss: 4.288615. Patience Count: 2.
Epoch: 165. Train Loss: 3.885283. Patience Count: 3.
Epoch: 166. Train Loss: 3.254908. best-save Patience Count: 0.
Epoch: 167. Train Loss: 3.999434. Patience Count: 1.
Epoch: 168. Train Loss: 4.478919. Patience Count: 2.
Epoch: 169. Train Loss: 3.827138. Patience Count: 3.
Epoch: 170. Train Loss: 4.326881. Patience Count: 4.
Epoch: 171. Train Loss: 4.257773. Patience Count: 5.
Epoch: 172. Train Loss: 4.268556. Patience Count: 6.
Epoch: 173. Train Loss: 3.669200. Patience Count: 7.
Epoch: 174. Train Loss: 4.342071. Patience Count: 8.
Epoch: 175. Train Loss: 3.392221. Patience Count: 9.
Epoch: 176. Train Loss: 4.218551. Patience Count: 10.
Epoch: 177. Train Loss: 3.743956. Patience Count: 11.
Epoch: 178. Train Loss: 3.528802. Patience Count: 12.
Epoch: 179. Train Loss: 3.936763. Patience Count: 13.
Epoch: 180. Train Loss: 3.210478. best-save Patience Count: 0.
Epoch: 181. Train Loss: 4.161754. Patience Count: 1.
Epoch: 182. Train Loss: 3.215147. Patience Count: 2.
Epoch: 183. Train Loss: 3.316416. Patience Count: 3.
Epoch: 184. Train Loss: 3.432338. Patience Count: 4.
Epoch: 185. Train Loss: 4.098116. Patience Count: 5.
Epoch: 186. Train Loss: 4.504041. Patience Count: 6.
Epoch: 187. Train Loss: 3.881107. Patience Count: 7.
Epoch: 188. Train Loss: 3.941370. Patience Count: 8.
Epoch: 189. Train Loss: 3.636081. Patience Count: 9.
Epoch: 190. Train Loss: 4.093942. Patience Count: 10.
Epoch: 191. Train Loss: 3.336708. Patience Count: 11.
Epoch: 192. Train Loss: 3.918159. Patience Count: 12.
Epoch: 193. Train Loss: 3.585086. Patience Count: 13.
Epoch: 194. Train Loss: 3.181728. best-save Patience Count: 0.
Epoch: 195. Train Loss: 3.189472. Patience Count: 1.
Epoch: 196. Train Loss: 3.570878. Patience Count: 2.
Epoch: 197. Train Loss: 3.256862. Patience Count: 3.
Epoch: 198. Train Loss: 2.921159. best-save Patience Count: 0.
Epoch: 199. Train Loss: 3.263006. Patience Count: 1.
Epoch: 200. Train Loss: 4.097656. Patience Count: 2.
Epoch: 201. Train Loss: 3.138410. Patience Count: 3.
Epoch: 202. Train Loss: 2.874945. best-save Patience Count: 0.
Epoch: 203. Train Loss: 2.194531. best-save Patience Count: 0.
Epoch: 204. Train Loss: 2.885765. Patience Count: 1.
Epoch: 205. Train Loss: 2.326132. Patience Count: 2.
Epoch: 206. Train Loss: 2.710735. Patience Count: 3.
Epoch: 207. Train Loss: 1.838319. best-save Patience Count: 0.
Epoch: 208. Train Loss: 2.091277. Patience Count: 1.
Epoch: 209. Train Loss: 2.536171. Patience Count: 2.
Epoch: 210. Train Loss: 2.661766. Patience Count: 3.
Epoch: 211. Train Loss: 2.542353. Patience Count: 4.
Epoch: 212. Train Loss: 2.406708. Patience Count: 5.
Epoch: 213. Train Loss: 2.128510. Patience Count: 6.
Epoch: 214. Train Loss: 2.947703. Patience Count: 7.
Epoch: 215. Train Loss: 3.162009. Patience Count: 8.
Epoch: 216. Train Loss: 2.104724. Patience Count: 9.
Epoch: 217. Train Loss: 2.835927. Patience Count: 10.
Epoch: 218. Train Loss: 1.999458. Patience Count: 11.
Epoch: 219. Train Loss: 2.042625. Patience Count: 12.
Epoch: 220. Train Loss: 2.497179. Patience Count: 13.
Epoch: 221. Train Loss: 2.912298. Patience Count: 14.
Epoch: 222. Train Loss: 2.495803. Patience Count: 15.
Epoch: 223. Train Loss: 2.417005. Patience Count: 16.
Epoch: 224. Train Loss: 2.070393. Patience Count: 17.
Epoch: 225. Train Loss: 2.342902. Patience Count: 18.
Epoch: 226. Train Loss: 2.439168. Patience Count: 19.
Epoch: 227. Train Loss: 2.697600. Patience Count: 20.
Epoch: 228. Train Loss: 1.959317. Patience Count: 21.
Epoch: 229. Train Loss: 1.875478. Patience Count: 22.
Epoch: 230. Train Loss: 2.142511. Patience Count: 23.
Epoch: 231. Train Loss: 2.148977. Patience Count: 24.
Epoch: 232. Train Loss: 1.995671. Patience Count: 25.
Epoch: 233. Train Loss: 1.797221. best-save Patience Count: 0.
Epoch: 234. Train Loss: 2.627740. Patience Count: 1.
Epoch: 235. Train Loss: 2.390018. Patience Count: 2.
Epoch: 236. Train Loss: 2.659867. Patience Count: 3.
Epoch: 237. Train Loss: 2.333678. Patience Count: 4.
Epoch: 238. Train Loss: 2.764507. Patience Count: 5.
Epoch: 239. Train Loss: 1.971890. Patience Count: 6.
Epoch: 240. Train Loss: 2.253532. Patience Count: 7.
Epoch: 241. Train Loss: 2.203881. Patience Count: 8.
Epoch: 242. Train Loss: 1.795980. best-save Patience Count: 0.
Epoch: 243. Train Loss: 2.169331. Patience Count: 1.
Epoch: 244. Train Loss: 1.818239. Patience Count: 2.
Epoch: 245. Train Loss: 1.608592. best-save Patience Count: 0.
Epoch: 246. Train Loss: 1.875039. Patience Count: 1.
Epoch: 247. Train Loss: 1.767390. Patience Count: 2.
Epoch: 248. Train Loss: 2.119712. Patience Count: 3.
Epoch: 249. Train Loss: 2.589657. Patience Count: 4.
Epoch: 250. Train Loss: 2.350281. Patience Count: 5.
Epoch: 251. Train Loss: 1.767184. Patience Count: 6.
Epoch: 252. Train Loss: 1.365408. best-save Patience Count: 0.
Epoch: 253. Train Loss: 1.562957. Patience Count: 1.
Epoch: 254. Train Loss: 1.137823. best-save Patience Count: 0.
Epoch: 255. Train Loss: 2.003302. Patience Count: 1.
Epoch: 256. Train Loss: 1.714764. Patience Count: 2.
Epoch: 257. Train Loss: 1.417024. Patience Count: 3.
Epoch: 258. Train Loss: 1.837326. Patience Count: 4.
Epoch: 259. Train Loss: 2.291587. Patience Count: 5.
Epoch: 260. Train Loss: 1.778251. Patience Count: 6.
Epoch: 261. Train Loss: 1.508723. Patience Count: 7.
Epoch: 262. Train Loss: 1.748295. Patience Count: 8.
Epoch: 263. Train Loss: 1.836882. Patience Count: 9.
Epoch: 264. Train Loss: 1.762777. Patience Count: 10.
Epoch: 265. Train Loss: 1.484949. Patience Count: 11.
Epoch: 266. Train Loss: 1.617248. Patience Count: 12.
Epoch: 267. Train Loss: 1.508216. Patience Count: 13.
Epoch: 268. Train Loss: 1.394887. Patience Count: 14.
Epoch: 269. Train Loss: 1.681010. Patience Count: 15.
Epoch: 270. Train Loss: 1.714152. Patience Count: 16.
Epoch: 271. Train Loss: 1.454800. Patience Count: 17.
Epoch: 272. Train Loss: 1.556133. Patience Count: 18.
Epoch: 273. Train Loss: 1.749324. Patience Count: 19.
Epoch: 274. Train Loss: 1.775767. Patience Count: 20.
Epoch: 275. Train Loss: 1.764339. Patience Count: 21.
Epoch: 276. Train Loss: 1.663131. Patience Count: 22.
Epoch: 277. Train Loss: 1.585094. Patience Count: 23.
Epoch: 278. Train Loss: 2.081657. Patience Count: 24.
Epoch: 279. Train Loss: 1.733080. Patience Count: 25.
Epoch: 280. Train Loss: 1.808344. Patience Count: 26.
Epoch: 281. Train Loss: 1.200820. Patience Count: 27.
Epoch: 282. Train Loss: 1.268417. Patience Count: 28.
Epoch: 283. Train Loss: 1.842368. Patience Count: 29.
Epoch: 284. Train Loss: 1.427141. Patience Count: 30.
Epoch: 285. Train Loss: 1.574972. Patience Count: 31.
Epoch: 286. Train Loss: 1.674549. Patience Count: 32.
Epoch: 287. Train Loss: 1.273228. Patience Count: 33.
Epoch: 288. Train Loss: 2.200554. Patience Count: 34.
Epoch: 289. Train Loss: 1.775994. Patience Count: 35.
Epoch: 290. Train Loss: 1.654588. Patience Count: 36.
Epoch: 291. Train Loss: 2.122284. Patience Count: 37.
Epoch: 292. Train Loss: 1.589559. Patience Count: 38.
Epoch: 293. Train Loss: 1.462497. Patience Count: 39.
Epoch: 294. Train Loss: 1.398495. Patience Count: 40.
Epoch: 295. Train Loss: 0.777800. best-save Patience Count: 0.
Epoch: 296. Train Loss: 1.380142. Patience Count: 1.
Epoch: 297. Train Loss: 1.645690. Patience Count: 2.
Epoch: 298. Train Loss: 1.415468. Patience Count: 3.
Epoch: 299. Train Loss: 1.423725. Patience Count: 4.
Epoch: 300. Train Loss: 1.445206. Patience Count: 5.
Epoch: 301. Train Loss: 1.643486. Patience Count: 6.
Epoch: 302. Train Loss: 1.576899. Patience Count: 7.
Epoch: 303. Train Loss: 1.239137. Patience Count: 8.
Epoch: 304. Train Loss: 1.317082. Patience Count: 9.
Epoch: 305. Train Loss: 1.656432. Patience Count: 10.
Epoch: 306. Train Loss: 1.120746. Patience Count: 11.
Epoch: 307. Train Loss: 1.639223. Patience Count: 12.
Epoch: 308. Train Loss: 1.532356. Patience Count: 13.
Epoch: 309. Train Loss: 1.368368. Patience Count: 14.
Epoch: 310. Train Loss: 1.333868. Patience Count: 15.
Epoch: 311. Train Loss: 1.095492. Patience Count: 16.
Epoch: 312. Train Loss: 1.015998. Patience Count: 17.
Epoch: 313. Train Loss: 1.084245. Patience Count: 18.
Epoch: 314. Train Loss: 1.550797. Patience Count: 19.
Epoch: 315. Train Loss: 1.414294. Patience Count: 20.
Epoch: 316. Train Loss: 1.337812. Patience Count: 21.
Epoch: 317. Train Loss: 1.812547. Patience Count: 22.
Epoch: 318. Train Loss: 1.342783. Patience Count: 23.
Epoch: 319. Train Loss: 1.215897. Patience Count: 24.
Epoch: 320. Train Loss: 1.154843. Patience Count: 25.
Epoch: 321. Train Loss: 1.556140. Patience Count: 26.
Epoch: 322. Train Loss: 1.180714. Patience Count: 27.
Epoch: 323. Train Loss: 0.780375. Patience Count: 28.
Epoch: 324. Train Loss: 1.344110. Patience Count: 29.
Epoch: 325. Train Loss: 1.657868. Patience Count: 30.
Epoch: 326. Train Loss: 0.694357. best-save Patience Count: 0.
Epoch: 327. Train Loss: 1.224082. Patience Count: 1.
Epoch: 328. Train Loss: 1.340176. Patience Count: 2.
Epoch: 329. Train Loss: 1.133784. Patience Count: 3.
Epoch: 330. Train Loss: 1.554045. Patience Count: 4.
Epoch: 331. Train Loss: 1.620209. Patience Count: 5.
Epoch: 332. Train Loss: 1.016278. Patience Count: 6.
Epoch: 333. Train Loss: 1.896219. Patience Count: 7.
Epoch: 334. Train Loss: 1.056331. Patience Count: 8.
Epoch: 335. Train Loss: 1.362149. Patience Count: 9.
Epoch: 336. Train Loss: 1.696239. Patience Count: 10.
Epoch: 337. Train Loss: 0.806799. Patience Count: 11.
Epoch: 338. Train Loss: 1.050189. Patience Count: 12.
Epoch: 339. Train Loss: 1.168080. Patience Count: 13.
Epoch: 340. Train Loss: 1.621263. Patience Count: 14.
Epoch: 341. Train Loss: 1.353702. Patience Count: 15.
Epoch: 342. Train Loss: 1.462998. Patience Count: 16.
Epoch: 343. Train Loss: 1.709413. Patience Count: 17.
Epoch: 344. Train Loss: 1.215952. Patience Count: 18.
Epoch: 345. Train Loss: 1.259021. Patience Count: 19.
Epoch: 346. Train Loss: 0.979651. Patience Count: 20.
Epoch: 347. Train Loss: 1.280647. Patience Count: 21.
Epoch: 348. Train Loss: 1.141890. Patience Count: 22.
Epoch: 349. Train Loss: 1.287323. Patience Count: 23.
Epoch: 350. Train Loss: 1.410497. Patience Count: 24.
Epoch: 351. Train Loss: 1.099564. Patience Count: 25.
Epoch: 352. Train Loss: 0.885323. Patience Count: 26.
Epoch: 353. Train Loss: 0.979312. Patience Count: 27.
Epoch: 354. Train Loss: 1.213542. Patience Count: 28.
Epoch: 355. Train Loss: 1.191747. Patience Count: 29.
Epoch: 356. Train Loss: 1.041149. Patience Count: 30.
Epoch: 357. Train Loss: 1.470319. Patience Count: 31.
Epoch: 358. Train Loss: 0.906493. Patience Count: 32.
Epoch: 359. Train Loss: 1.603666. Patience Count: 33.
Epoch: 360. Train Loss: 0.932276. Patience Count: 34.
Epoch: 361. Train Loss: 1.000998. Patience Count: 35.
Epoch: 362. Train Loss: 0.894614. Patience Count: 36.
Epoch: 363. Train Loss: 1.440234. Patience Count: 37.
Epoch: 364. Train Loss: 1.245279. Patience Count: 38.
Epoch: 365. Train Loss: 1.026541. Patience Count: 39.
Epoch: 366. Train Loss: 1.047147. Patience Count: 40.
Epoch: 367. Train Loss: 1.276976. Patience Count: 41.
Epoch: 368. Train Loss: 0.969383. Patience Count: 42.
Epoch: 369. Train Loss: 1.563229. Patience Count: 43.
Epoch: 370. Train Loss: 1.033240. Patience Count: 44.
Epoch: 371. Train Loss: 1.348860. Patience Count: 45.
Epoch: 372. Train Loss: 0.989885. Patience Count: 46.
Epoch: 373. Train Loss: 1.646910. Patience Count: 47.
Epoch: 374. Train Loss: 1.717909. Patience Count: 48.
Epoch: 375. Train Loss: 1.312571. Patience Count: 49.
Epoch: 376. Train Loss: 1.448521. Patience Count: 50.
Epoch: 377. Train Loss: 0.973441. Patience Count: 51.
Epoch: 378. Train Loss: 1.522940. Patience Count: 52.
Epoch: 379. Train Loss: 1.412007. Patience Count: 53.
Epoch: 380. Train Loss: 0.991448. Patience Count: 54.
Epoch: 381. Train Loss: 1.202736. Patience Count: 55.
Epoch: 382. Train Loss: 0.803088. Patience Count: 56.
Epoch: 383. Train Loss: 0.925877. Patience Count: 57.
Epoch: 384. Train Loss: 1.259430. Patience Count: 58.
Epoch: 385. Train Loss: 0.940883. Patience Count: 59.
Epoch: 386. Train Loss: 0.828029. Patience Count: 60.
Epoch: 387. Train Loss: 1.249875. Patience Count: 61.
Epoch: 388. Train Loss: 1.120396. Patience Count: 62.
Epoch: 389. Train Loss: 1.098029. Patience Count: 63.
Epoch: 390. Train Loss: 1.050728. Patience Count: 64.
Epoch: 391. Train Loss: 0.951176. Patience Count: 65.
Epoch: 392. Train Loss: 1.415551. Patience Count: 66.
Epoch: 393. Train Loss: 1.182308. Patience Count: 67.
Epoch: 394. Train Loss: 1.463689. Patience Count: 68.
Epoch: 395. Train Loss: 0.989924. Patience Count: 69.
Epoch: 396. Train Loss: 1.031709. Patience Count: 70.
Epoch: 397. Train Loss: 0.833853. Patience Count: 71.
Epoch: 398. Train Loss: 0.970439. Patience Count: 72.
Epoch: 399. Train Loss: 1.227421. Patience Count: 73.
Epoch: 400. Train Loss: 1.363389. Patience Count: 74.
Epoch: 401. Train Loss: 1.337855. Patience Count: 75.
Epoch: 402. Train Loss: 1.131452. Patience Count: 76.
Epoch: 403. Train Loss: 0.901385. Patience Count: 77.
Epoch: 404. Train Loss: 1.330322. Patience Count: 78.
Epoch: 405. Train Loss: 1.003004. Patience Count: 79.
Epoch: 406. Train Loss: 0.867059. Patience Count: 80.
Epoch: 407. Train Loss: 1.232198. Patience Count: 81.Stop Early, patience has been running out.
dist.destroy_process_group()
dist.destroy_process_group()
