| distributed init (rank 1): env://, gpu 1
| distributed init (rank 0): env://, gpu 0
world_size: 2, gpu: 0
Using 8 dataloader workers every process
Epoch: 1. Train Loss: 428.126857. best-save Patience Count: 0.
Epoch: 2. Train Loss: 148.610402. best-save Patience Count: 0.
Epoch: 3. Train Loss: 141.519669. best-save Patience Count: 0.
Epoch: 4. Train Loss: 138.718361. best-save Patience Count: 0.
Epoch: 5. Train Loss: 135.512973. best-save Patience Count: 0.
Epoch: 6. Train Loss: 131.706714. best-save Patience Count: 0.
Epoch: 7. Train Loss: 128.995039. best-save Patience Count: 0.
Epoch: 8. Train Loss: 129.226517. Patience Count: 1.
Epoch: 9. Train Loss: 126.447513. best-save Patience Count: 0.
Epoch: 10. Train Loss: 124.024735. best-save Patience Count: 0.
Epoch: 11. Train Loss: 127.565773. Patience Count: 1.
Epoch: 12. Train Loss: 123.998382. best-save Patience Count: 0.
Epoch: 13. Train Loss: 121.338535. best-save Patience Count: 0.
Epoch: 14. Train Loss: 119.028762. best-save Patience Count: 0.
Epoch: 15. Train Loss: 115.000238. best-save Patience Count: 0.
Epoch: 16. Train Loss: 112.799522. best-save Patience Count: 0.
Epoch: 17. Train Loss: 107.953341. best-save Patience Count: 0.
Epoch: 18. Train Loss: 107.608030. best-save Patience Count: 0.
Epoch: 19. Train Loss: 102.034059. best-save Patience Count: 0.
Epoch: 20. Train Loss: 95.705801. best-save Patience Count: 0.
Epoch: 21. Train Loss: 96.261246. Patience Count: 1.
Epoch: 22. Train Loss: 92.736321. best-save Patience Count: 0.
Epoch: 23. Train Loss: 87.421190. best-save Patience Count: 0.
Epoch: 24. Train Loss: 83.313801. best-save Patience Count: 0.
Epoch: 25. Train Loss: 82.255860. best-save Patience Count: 0.
Epoch: 26. Train Loss: 80.473347. best-save Patience Count: 0.
Epoch: 27. Train Loss: 74.086519. best-save Patience Count: 0.
Epoch: 28. Train Loss: 70.516365. best-save Patience Count: 0.
Epoch: 29. Train Loss: 68.147464. best-save Patience Count: 0.
Epoch: 30. Train Loss: 68.288731. Patience Count: 1.
Epoch: 31. Train Loss: 63.609720. best-save Patience Count: 0.
Epoch: 32. Train Loss: 63.220875. best-save Patience Count: 0.
Epoch: 33. Train Loss: 59.174323. best-save Patience Count: 0.
Epoch: 34. Train Loss: 55.118325. best-save Patience Count: 0.
Epoch: 35. Train Loss: 53.666052. best-save Patience Count: 0.
Epoch: 36. Train Loss: 49.016574. best-save Patience Count: 0.
Epoch: 37. Train Loss: 48.685613. best-save Patience Count: 0.
Epoch: 38. Train Loss: 45.927537. best-save Patience Count: 0.
Epoch: 39. Train Loss: 41.698180. best-save Patience Count: 0.
Epoch: 40. Train Loss: 40.572773. best-save Patience Count: 0.
Epoch: 41. Train Loss: 41.124805. Patience Count: 1.
Epoch: 42. Train Loss: 37.274902. best-save Patience Count: 0.
Epoch: 43. Train Loss: 39.175411. Patience Count: 1.
Epoch: 44. Train Loss: 37.291199. Patience Count: 2.
Epoch: 45. Train Loss: 35.596676. best-save Patience Count: 0.
Epoch: 46. Train Loss: 36.691063. Patience Count: 1.
Epoch: 47. Train Loss: 32.223082. best-save Patience Count: 0.
Epoch: 48. Train Loss: 31.153813. best-save Patience Count: 0.
Epoch: 49. Train Loss: 28.216125. best-save Patience Count: 0.
Epoch: 50. Train Loss: 27.254672. best-save Patience Count: 0.
Epoch: 51. Train Loss: 17.319005. best-save Patience Count: 0.
Epoch: 52. Train Loss: 9.838058. best-save Patience Count: 0.
Epoch: 53. Train Loss: 9.288682. best-save Patience Count: 0.
Epoch: 54. Train Loss: 8.416812. best-save Patience Count: 0.
Epoch: 55. Train Loss: 8.631408. Patience Count: 1.
Epoch: 56. Train Loss: 7.667431. best-save Patience Count: 0.
Epoch: 57. Train Loss: 8.607331. Patience Count: 1.
Epoch: 58. Train Loss: 8.087203. Patience Count: 2.
Epoch: 59. Train Loss: 8.722520. Patience Count: 3.
Epoch: 60. Train Loss: 6.518963. best-save Patience Count: 0.
Epoch: 61. Train Loss: 5.703836. best-save Patience Count: 0.
Epoch: 62. Train Loss: 9.159269. Patience Count: 1.
Epoch: 63. Train Loss: 7.946127. Patience Count: 2.
Epoch: 64. Train Loss: 6.939474. Patience Count: 3.
Epoch: 65. Train Loss: 7.862409. Patience Count: 4.
Epoch: 66. Train Loss: 8.474431. Patience Count: 5.
Epoch: 67. Train Loss: 7.719037. Patience Count: 6.
Epoch: 68. Train Loss: 7.001142. Patience Count: 7.
Epoch: 69. Train Loss: 6.043652. Patience Count: 8.
Epoch: 70. Train Loss: 7.330184. Patience Count: 9.
Epoch: 71. Train Loss: 7.603036. Patience Count: 10.
Epoch: 72. Train Loss: 7.148080. Patience Count: 11.
Epoch: 73. Train Loss: 6.828973. Patience Count: 12.
Epoch: 74. Train Loss: 6.900657. Patience Count: 13.
Epoch: 75. Train Loss: 6.460347. Patience Count: 14.
Epoch: 76. Train Loss: 7.462941. Patience Count: 15.
Epoch: 77. Train Loss: 7.712166. Patience Count: 16.
Epoch: 78. Train Loss: 6.451472. Patience Count: 17.
Epoch: 79. Train Loss: 5.377260. best-save Patience Count: 0.
Epoch: 80. Train Loss: 4.949056. best-save Patience Count: 0.
Epoch: 81. Train Loss: 6.346654. Patience Count: 1.
Epoch: 82. Train Loss: 7.781632. Patience Count: 2.
Epoch: 83. Train Loss: 6.231750. Patience Count: 3.
Epoch: 84. Train Loss: 6.786185. Patience Count: 4.
Epoch: 85. Train Loss: 5.158510. Patience Count: 5.
Epoch: 86. Train Loss: 6.674017. Patience Count: 6.
Epoch: 87. Train Loss: 7.740120. Patience Count: 7.
Epoch: 88. Train Loss: 5.422044. Patience Count: 8.
Epoch: 89. Train Loss: 4.630923. best-save Patience Count: 0.
Epoch: 90. Train Loss: 6.176220. Patience Count: 1.
Epoch: 91. Train Loss: 9.512735. Patience Count: 2.
Epoch: 92. Train Loss: 6.639493. Patience Count: 3.
Epoch: 93. Train Loss: 4.909884. Patience Count: 4.
Epoch: 94. Train Loss: 4.808398. Patience Count: 5.
Epoch: 95. Train Loss: 5.899336. Patience Count: 6.
Epoch: 96. Train Loss: 6.962905. Patience Count: 7.
Epoch: 97. Train Loss: 6.027567. Patience Count: 8.
Epoch: 98. Train Loss: 4.886242. Patience Count: 9.
Epoch: 99. Train Loss: 5.005795. Patience Count: 10.
Epoch: 100. Train Loss: 5.763135. Patience Count: 11.
Epoch: 101. Train Loss: 4.063413. best-save Patience Count: 0.
Epoch: 102. Train Loss: 1.456828. best-save Patience Count: 0.
Epoch: 103. Train Loss: 1.027181. best-save Patience Count: 0.
Epoch: 104. Train Loss: 0.506784. best-save Patience Count: 0.
Epoch: 105. Train Loss: 0.540051. Patience Count: 1.
Epoch: 106. Train Loss: 0.569872. Patience Count: 2.
Epoch: 107. Train Loss: 0.756606. Patience Count: 3.
Epoch: 108. Train Loss: 1.163341. Patience Count: 4.
Epoch: 109. Train Loss: 1.000663. Patience Count: 5.
Epoch: 110. Train Loss: 1.030453. Patience Count: 6.
Epoch: 111. Train Loss: 0.666179. Patience Count: 7.
Epoch: 112. Train Loss: 0.725730. Patience Count: 8.
Epoch: 113. Train Loss: 0.613688. Patience Count: 9.
Epoch: 114. Train Loss: 1.055067. Patience Count: 10.
Epoch: 115. Train Loss: 1.225909. Patience Count: 11.
Epoch: 116. Train Loss: 1.486508. Patience Count: 12.
Epoch: 117. Train Loss: 1.010573. Patience Count: 13.
Epoch: 118. Train Loss: 0.935673. Patience Count: 14.
Epoch: 119. Train Loss: 1.345948. Patience Count: 15.
Epoch: 120. Train Loss: 1.470153. Patience Count: 16.
Epoch: 121. Train Loss: 1.382861. Patience Count: 17.
Epoch: 122. Train Loss: 1.829809. Patience Count: 18.
Epoch: 123. Train Loss: 1.184701. Patience Count: 19.
Epoch: 124. Train Loss: 1.076581. Patience Count: 20.
Epoch: 125. Train Loss: 1.151028. Patience Count: 21.
Epoch: 126. Train Loss: 1.124329. Patience Count: 22.
Epoch: 127. Train Loss: 1.067282. Patience Count: 23.
Epoch: 128. Train Loss: 1.196296. Patience Count: 24.
Epoch: 129. Train Loss: 2.010095. Patience Count: 25.
Epoch: 130. Train Loss: 2.243620. Patience Count: 26.
Epoch: 131. Train Loss: 1.806461. Patience Count: 27.
Epoch: 132. Train Loss: 2.114497. Patience Count: 28.
Epoch: 133. Train Loss: 1.905140. Patience Count: 29.
Epoch: 134. Train Loss: 1.140705. Patience Count: 30.
Epoch: 135. Train Loss: 1.422729. Patience Count: 31.
Epoch: 136. Train Loss: 1.563124. Patience Count: 32.
Epoch: 137. Train Loss: 1.820945. Patience Count: 33.
Epoch: 138. Train Loss: 2.151538. Patience Count: 34.
Epoch: 139. Train Loss: 1.990337. Patience Count: 35.
Epoch: 140. Train Loss: 1.368886. Patience Count: 36.
Epoch: 141. Train Loss: 1.296810. Patience Count: 37.
Epoch: 142. Train Loss: 1.618226. Patience Count: 38.
Epoch: 143. Train Loss: 1.479161. Patience Count: 39.
Epoch: 144. Train Loss: 2.560102. Patience Count: 40.
Epoch: 145. Train Loss: 2.440875. Patience Count: 41.
Epoch: 146. Train Loss: 4.480647. Patience Count: 42.
Epoch: 147. Train Loss: 5.587779. Patience Count: 43.
Epoch: 148. Train Loss: 3.493306. Patience Count: 44.
Epoch: 149. Train Loss: 2.296413. Patience Count: 45.
Epoch: 150. Train Loss: 1.816980. Patience Count: 46.
Epoch: 151. Train Loss: 0.837357. Patience Count: 47.
Epoch: 152. Train Loss: 0.431762. best-save Patience Count: 0.
Epoch: 153. Train Loss: 0.342113. best-save Patience Count: 0.
Epoch: 154. Train Loss: 0.346119. Patience Count: 1.
Epoch: 155. Train Loss: 0.235134. best-save Patience Count: 0.
Epoch: 156. Train Loss: 0.295336. Patience Count: 1.
Epoch: 157. Train Loss: 0.192206. best-save Patience Count: 0.
Epoch: 158. Train Loss: 0.124859. best-save Patience Count: 0.
Epoch: 159. Train Loss: 0.188137. Patience Count: 1.
Epoch: 160. Train Loss: 0.185612. Patience Count: 2.
Epoch: 161. Train Loss: 0.129495. Patience Count: 3.
Epoch: 162. Train Loss: 0.190837. Patience Count: 4.
Epoch: 163. Train Loss: 0.211198. Patience Count: 5.
Epoch: 164. Train Loss: 0.306226. Patience Count: 6.
Epoch: 165. Train Loss: 0.384595. Patience Count: 7.
Epoch: 166. Train Loss: 0.260995. Patience Count: 8.
Epoch: 167. Train Loss: 0.403990. Patience Count: 9.
Epoch: 168. Train Loss: 0.288765. Patience Count: 10.
Epoch: 169. Train Loss: 0.186413. Patience Count: 11.
Epoch: 170. Train Loss: 0.340163. Patience Count: 12.
Epoch: 171. Train Loss: 0.254519. Patience Count: 13.
Epoch: 172. Train Loss: 0.235121. Patience Count: 14.
Epoch: 173. Train Loss: 0.240962. Patience Count: 15.
Epoch: 174. Train Loss: 0.371648. Patience Count: 16.
Epoch: 175. Train Loss: 0.534450. Patience Count: 17.
Epoch: 176. Train Loss: 0.753759. Patience Count: 18.
Epoch: 177. Train Loss: 0.581337. Patience Count: 19.
Epoch: 178. Train Loss: 0.703169. Patience Count: 20.
Epoch: 179. Train Loss: 0.564729. Patience Count: 21.
Epoch: 180. Train Loss: 0.486842. Patience Count: 22.
Epoch: 181. Train Loss: 0.798161. Patience Count: 23.
Epoch: 182. Train Loss: 0.422332. Patience Count: 24.
Epoch: 183. Train Loss: 0.286021. Patience Count: 25.
Epoch: 184. Train Loss: 0.187500. Patience Count: 26.
Epoch: 185. Train Loss: 0.102728. best-save Patience Count: 0.
Epoch: 186. Train Loss: 0.186990. Patience Count: 1.
Epoch: 187. Train Loss: 0.288947. Patience Count: 2.
Epoch: 188. Train Loss: 0.330348. Patience Count: 3.
Epoch: 189. Train Loss: 0.545254. Patience Count: 4.
Epoch: 190. Train Loss: 0.407283. Patience Count: 5.
Epoch: 191. Train Loss: 0.568586. Patience Count: 6.
Epoch: 192. Train Loss: 0.610405. Patience Count: 7.
Epoch: 193. Train Loss: 0.874197. Patience Count: 8.
Epoch: 194. Train Loss: 0.404399. Patience Count: 9.
Epoch: 195. Train Loss: 0.438610. Patience Count: 10.
Epoch: 196. Train Loss: 0.505616. Patience Count: 11.
Epoch: 197. Train Loss: 0.386680. Patience Count: 12.
Epoch: 198. Train Loss: 0.227800. Patience Count: 13.
Epoch: 199. Train Loss: 0.333072. Patience Count: 14.
Epoch: 200. Train Loss: 0.664859. Patience Count: 15.
Epoch: 201. Train Loss: 0.552389. Patience Count: 16.
Epoch: 202. Train Loss: 0.307964. Patience Count: 17.
Epoch: 203. Train Loss: 0.233148. Patience Count: 18.
Epoch: 204. Train Loss: 0.174409. Patience Count: 19.
Epoch: 205. Train Loss: 0.159711. Patience Count: 20.
Epoch: 206. Train Loss: 0.344270. Patience Count: 21.
Epoch: 207. Train Loss: 0.165460. Patience Count: 22.
Epoch: 208. Train Loss: 0.184963. Patience Count: 23.
Epoch: 209. Train Loss: 0.130940. Patience Count: 24.
Epoch: 210. Train Loss: 0.120763. Patience Count: 25.
Epoch: 211. Train Loss: 0.094416. best-save Patience Count: 0.
Epoch: 212. Train Loss: 0.107888. Patience Count: 1.
Epoch: 213. Train Loss: 0.090984. best-save Patience Count: 0.
Epoch: 214. Train Loss: 0.128029. Patience Count: 1.
Epoch: 215. Train Loss: 0.155663. Patience Count: 2.
Epoch: 216. Train Loss: 0.096145. Patience Count: 3.
Epoch: 217. Train Loss: 0.172481. Patience Count: 4.
Epoch: 218. Train Loss: 0.087572. best-save Patience Count: 0.
Epoch: 219. Train Loss: 0.106334. Patience Count: 1.
Epoch: 220. Train Loss: 0.244094. Patience Count: 2.
Epoch: 221. Train Loss: 0.104865. Patience Count: 3.
Epoch: 222. Train Loss: 0.190001. Patience Count: 4.
Epoch: 223. Train Loss: 0.219385. Patience Count: 5.
Epoch: 224. Train Loss: 0.166616. Patience Count: 6.
Epoch: 225. Train Loss: 0.273038. Patience Count: 7.
Epoch: 226. Train Loss: 0.080275. best-save Patience Count: 0.
Epoch: 227. Train Loss: 0.232689. Patience Count: 1.
Epoch: 228. Train Loss: 0.173330. Patience Count: 2.
Epoch: 229. Train Loss: 0.191253. Patience Count: 3.
Epoch: 230. Train Loss: 0.119890. Patience Count: 4.
Epoch: 231. Train Loss: 0.214332. Patience Count: 5.
Epoch: 232. Train Loss: 0.074084. best-save Patience Count: 0.
Epoch: 233. Train Loss: 0.237935. Patience Count: 1.
Epoch: 234. Train Loss: 0.251396. Patience Count: 2.
Epoch: 235. Train Loss: 0.104247. Patience Count: 3.
Epoch: 236. Train Loss: 0.171661. Patience Count: 4.
Epoch: 237. Train Loss: 0.266292. Patience Count: 5.
Epoch: 238. Train Loss: 0.495113. Patience Count: 6.
Epoch: 239. Train Loss: 0.333492. Patience Count: 7.
Epoch: 240. Train Loss: 0.142216. Patience Count: 8.
Epoch: 241. Train Loss: 0.135674. Patience Count: 9.
Epoch: 242. Train Loss: 0.107429. Patience Count: 10.
Epoch: 243. Train Loss: 0.130410. Patience Count: 11.
Epoch: 244. Train Loss: 0.129820. Patience Count: 12.
Epoch: 245. Train Loss: 0.194229. Patience Count: 13.
Epoch: 246. Train Loss: 0.162602. Patience Count: 14.
Epoch: 247. Train Loss: 0.087904. Patience Count: 15.
Epoch: 248. Train Loss: 0.070797. best-save Patience Count: 0.
Epoch: 249. Train Loss: 0.054726. best-save Patience Count: 0.
Epoch: 250. Train Loss: 0.027499. best-save Patience Count: 0.
Epoch: 251. Train Loss: 0.206416. Patience Count: 1.
Epoch: 252. Train Loss: 0.089563. Patience Count: 2.
Epoch: 253. Train Loss: 0.073330. Patience Count: 3.
Epoch: 254. Train Loss: 0.064141. Patience Count: 4.
Epoch: 255. Train Loss: 0.126118. Patience Count: 5.
Epoch: 256. Train Loss: 0.044981. Patience Count: 6.
Epoch: 257. Train Loss: 0.089375. Patience Count: 7.
Epoch: 258. Train Loss: 0.053422. Patience Count: 8.
Epoch: 259. Train Loss: 0.055867. Patience Count: 9.
Epoch: 260. Train Loss: 0.078692. Patience Count: 10.
Epoch: 261. Train Loss: 0.142686. Patience Count: 11.
Epoch: 262. Train Loss: 0.062106. Patience Count: 12.
Epoch: 263. Train Loss: 0.096119. Patience Count: 13.
Epoch: 264. Train Loss: 0.048369. Patience Count: 14.
Epoch: 265. Train Loss: 0.023081. best-save Patience Count: 0.
Epoch: 266. Train Loss: 0.020431. best-save Patience Count: 0.
Epoch: 267. Train Loss: 0.038123. Patience Count: 1.
Epoch: 268. Train Loss: 0.025657. Patience Count: 2.
Epoch: 269. Train Loss: 0.031082. Patience Count: 3.
Epoch: 270. Train Loss: 0.358877. Patience Count: 4.
Epoch: 271. Train Loss: 0.072176. Patience Count: 5.
Epoch: 272. Train Loss: 0.043886. Patience Count: 6.
Epoch: 273. Train Loss: 0.020906. Patience Count: 7.
Epoch: 274. Train Loss: 0.043497. Patience Count: 8.
Epoch: 275. Train Loss: 0.063000. Patience Count: 9.
Epoch: 276. Train Loss: 0.040126. Patience Count: 10.
Epoch: 277. Train Loss: 0.067203. Patience Count: 11.
Epoch: 278. Train Loss: 0.046539. Patience Count: 12.
Epoch: 279. Train Loss: 0.074867. Patience Count: 13.
Epoch: 280. Train Loss: 0.042768. Patience Count: 14.
Epoch: 281. Train Loss: 0.032634. Patience Count: 15.
Epoch: 282. Train Loss: 0.015574. best-save Patience Count: 0.
Epoch: 283. Train Loss: 0.057429. Patience Count: 1.
Epoch: 284. Train Loss: 0.201416. Patience Count: 2.
Epoch: 285. Train Loss: 0.044494. Patience Count: 3.
Epoch: 286. Train Loss: 0.023568. Patience Count: 4.
Epoch: 287. Train Loss: 0.072207. Patience Count: 5.
Epoch: 288. Train Loss: 0.078609. Patience Count: 6.
Epoch: 289. Train Loss: 0.045375. Patience Count: 7.
Epoch: 290. Train Loss: 0.034572. Patience Count: 8.
Epoch: 291. Train Loss: 0.075670. Patience Count: 9.
Epoch: 292. Train Loss: 0.067484. Patience Count: 10.
Epoch: 293. Train Loss: 0.048775. Patience Count: 11.
Epoch: 294. Train Loss: 0.029702. Patience Count: 12.
Epoch: 295. Train Loss: 0.015243. best-save Patience Count: 0.
Epoch: 296. Train Loss: 0.086321. Patience Count: 1.
Epoch: 297. Train Loss: 0.036518. Patience Count: 2.
Epoch: 298. Train Loss: 0.090374. Patience Count: 3.
Epoch: 299. Train Loss: 0.110604. Patience Count: 4.
Epoch: 300. Train Loss: 0.163536. Patience Count: 5.
Epoch: 301. Train Loss: 0.126107. Patience Count: 6.
Epoch: 302. Train Loss: 0.187313. Patience Count: 7.
Epoch: 303. Train Loss: 0.039056. Patience Count: 8.
Epoch: 304. Train Loss: 0.069369. Patience Count: 9.
Epoch: 305. Train Loss: 0.027719. Patience Count: 10.
Epoch: 306. Train Loss: 0.047736. Patience Count: 11.
Epoch: 307. Train Loss: 0.056504. Patience Count: 12.
Epoch: 308. Train Loss: 0.015623. Patience Count: 13.
Epoch: 309. Train Loss: 0.056216. Patience Count: 14.
Epoch: 310. Train Loss: 0.069784. Patience Count: 15.
Epoch: 311. Train Loss: 0.072888. Patience Count: 16.
Epoch: 312. Train Loss: 0.027094. Patience Count: 17.
Epoch: 313. Train Loss: 0.024025. Patience Count: 18.
Epoch: 314. Train Loss: 0.014329. best-save Patience Count: 0.
Epoch: 315. Train Loss: 0.036210. Patience Count: 1.
Epoch: 316. Train Loss: 0.034052. Patience Count: 2.
Epoch: 317. Train Loss: 0.019563. Patience Count: 3.
Epoch: 318. Train Loss: 0.014437. Patience Count: 4.
Epoch: 319. Train Loss: 0.043783. Patience Count: 5.
Epoch: 320. Train Loss: 0.018441. Patience Count: 6.
Epoch: 321. Train Loss: 0.044585. Patience Count: 7.
Epoch: 322. Train Loss: 0.024890. Patience Count: 8.
Epoch: 323. Train Loss: 0.040456. Patience Count: 9.
Epoch: 324. Train Loss: 0.013495. best-save Patience Count: 0.
Epoch: 325. Train Loss: 0.017315. Patience Count: 1.
Epoch: 326. Train Loss: 0.036798. Patience Count: 2.
Epoch: 327. Train Loss: 0.018884. Patience Count: 3.
Epoch: 328. Train Loss: 0.045261. Patience Count: 4.
Epoch: 329. Train Loss: 0.042466. Patience Count: 5.
Epoch: 330. Train Loss: 0.011920. best-save Patience Count: 0.
Epoch: 331. Train Loss: 0.035926. Patience Count: 1.
Epoch: 332. Train Loss: 0.061927. Patience Count: 2.
Epoch: 333. Train Loss: 0.014828. Patience Count: 3.
Epoch: 334. Train Loss: 0.055827. Patience Count: 4.
Epoch: 335. Train Loss: 0.009307. best-save Patience Count: 0.
Epoch: 336. Train Loss: 0.025607. Patience Count: 1.
Epoch: 337. Train Loss: 0.041790. Patience Count: 2.
Epoch: 338. Train Loss: 0.022297. Patience Count: 3.
Epoch: 339. Train Loss: 0.042821. Patience Count: 4.
Epoch: 340. Train Loss: 0.026724. Patience Count: 5.
Epoch: 341. Train Loss: 0.016514. Patience Count: 6.
Epoch: 342. Train Loss: 0.028996. Patience Count: 7.
Epoch: 343. Train Loss: 0.104003. Patience Count: 8.
Epoch: 344. Train Loss: 0.035854. Patience Count: 9.
Epoch: 345. Train Loss: 0.029830. Patience Count: 10.
Epoch: 346. Train Loss: 0.010167. Patience Count: 11.
Epoch: 347. Train Loss: 0.025767. Patience Count: 12.
Epoch: 348. Train Loss: 0.048308. Patience Count: 13.
Epoch: 349. Train Loss: 0.042501. Patience Count: 14.
Epoch: 350. Train Loss: 0.025672. Patience Count: 15.
Epoch: 351. Train Loss: 0.035518. Patience Count: 16.
Epoch: 352. Train Loss: 0.007232. best-save Patience Count: 0.
Epoch: 353. Train Loss: 0.029802. Patience Count: 1.
Epoch: 354. Train Loss: 0.004566. best-save Patience Count: 0.
Epoch: 355. Train Loss: 0.021057. Patience Count: 1.
Epoch: 356. Train Loss: 0.009775. Patience Count: 2.
Epoch: 357. Train Loss: 0.037598. Patience Count: 3.
Epoch: 358. Train Loss: 0.012693. Patience Count: 4.
Epoch: 359. Train Loss: 0.037864. Patience Count: 5.
Epoch: 360. Train Loss: 0.060599. Patience Count: 6.
Epoch: 361. Train Loss: 0.015155. Patience Count: 7.
Epoch: 362. Train Loss: 0.020371. Patience Count: 8.
Epoch: 363. Train Loss: 0.007771. Patience Count: 9.
Epoch: 364. Train Loss: 0.020215. Patience Count: 10.
Epoch: 365. Train Loss: 0.025438. Patience Count: 11.
Epoch: 366. Train Loss: 0.011932. Patience Count: 12.
Epoch: 367. Train Loss: 0.014694. Patience Count: 13.
Epoch: 368. Train Loss: 0.038128. Patience Count: 14.
Epoch: 369. Train Loss: 0.016701. Patience Count: 15.
Epoch: 370. Train Loss: 0.019155. Patience Count: 16.
Epoch: 371. Train Loss: 0.006141. Patience Count: 17.
Epoch: 372. Train Loss: 0.006746. Patience Count: 18.
Epoch: 373. Train Loss: 0.014627. Patience Count: 19.
Epoch: 374. Train Loss: 0.109937. Patience Count: 20.
Epoch: 375. Train Loss: 0.022122. Patience Count: 21.
Epoch: 376. Train Loss: 0.018335. Patience Count: 22.
Epoch: 377. Train Loss: 0.098494. Patience Count: 23.
Epoch: 378. Train Loss: 0.019026. Patience Count: 24.
Epoch: 379. Train Loss: 0.076518. Patience Count: 25.
Epoch: 380. Train Loss: 0.059254. Patience Count: 26.
Epoch: 381. Train Loss: 0.006671. Patience Count: 27.
Epoch: 382. Train Loss: 0.025458. Patience Count: 28.
Epoch: 383. Train Loss: 0.010692. Patience Count: 29.
Epoch: 384. Train Loss: 0.019323. Patience Count: 30.
Epoch: 385. Train Loss: 0.004870. Patience Count: 31.
Epoch: 386. Train Loss: 0.027232. Patience Count: 32.
Epoch: 387. Train Loss: 0.001504. best-save Patience Count: 0.
Epoch: 388. Train Loss: 0.010361. Patience Count: 1.
Epoch: 389. Train Loss: 0.017852. Patience Count: 2.
Epoch: 390. Train Loss: 0.007764. Patience Count: 3.
Epoch: 391. Train Loss: 0.062313. Patience Count: 4.
Epoch: 392. Train Loss: 0.094483. Patience Count: 5.
Epoch: 393. Train Loss: 0.017765. Patience Count: 6.
Epoch: 394. Train Loss: 0.042316. Patience Count: 7.
Epoch: 395. Train Loss: 0.013387. Patience Count: 8.
Epoch: 396. Train Loss: 0.025520. Patience Count: 9.
Epoch: 397. Train Loss: 0.004046. Patience Count: 10.
Epoch: 398. Train Loss: 0.021643. Patience Count: 11.
Epoch: 399. Train Loss: 0.007027. Patience Count: 12.
Epoch: 400. Train Loss: 0.015675. Patience Count: 13.
Epoch: 401. Train Loss: 0.018689. Patience Count: 14.
Epoch: 402. Train Loss: 0.002677. Patience Count: 15.
Epoch: 403. Train Loss: 0.011157. Patience Count: 16.
Epoch: 404. Train Loss: 0.012335. Patience Count: 17.
Epoch: 405. Train Loss: 0.011326. Patience Count: 18.
Epoch: 406. Train Loss: 0.015571. Patience Count: 19.
Epoch: 407. Train Loss: 0.008744. Patience Count: 20.
Epoch: 408. Train Loss: 0.010210. Patience Count: 21.
Epoch: 409. Train Loss: 0.007510. Patience Count: 22.
Epoch: 410. Train Loss: 0.007805. Patience Count: 23.
Epoch: 411. Train Loss: 0.015839. Patience Count: 24.
Epoch: 412. Train Loss: 0.030108. Patience Count: 25.
Epoch: 413. Train Loss: 0.004612. Patience Count: 26.
Epoch: 414. Train Loss: 0.007488. Patience Count: 27.
Epoch: 415. Train Loss: 0.006049. Patience Count: 28.
Epoch: 416. Train Loss: 0.004462. Patience Count: 29.
Epoch: 417. Train Loss: 0.028373. Patience Count: 30.
Epoch: 418. Train Loss: 0.003171. Patience Count: 31.
Epoch: 419. Train Loss: 0.001585. Patience Count: 32.
Epoch: 420. Train Loss: 0.004564. Patience Count: 33.
Epoch: 421. Train Loss: 0.023688. Patience Count: 34.
Epoch: 422. Train Loss: 0.014229. Patience Count: 35.
Epoch: 423. Train Loss: 0.011807. Patience Count: 36.
Epoch: 424. Train Loss: 0.005189. Patience Count: 37.
Epoch: 425. Train Loss: 0.021524. Patience Count: 38.
Epoch: 426. Train Loss: 0.002720. Patience Count: 39.
Epoch: 427. Train Loss: 0.003934. Patience Count: 40.
Epoch: 428. Train Loss: 0.004014. Patience Count: 41.
Epoch: 429. Train Loss: 0.002828. Patience Count: 42.
Epoch: 430. Train Loss: 0.020761. Patience Count: 43.
Epoch: 431. Train Loss: 0.006249. Patience Count: 44.
Epoch: 432. Train Loss: 0.032724. Patience Count: 45.
Epoch: 433. Train Loss: 0.003236. Patience Count: 46.
Epoch: 434. Train Loss: 0.051579. Patience Count: 47.
Epoch: 435. Train Loss: 0.025997. Patience Count: 48.
Epoch: 436. Train Loss: 0.005923. Patience Count: 49.
Epoch: 437. Train Loss: 0.017093. Patience Count: 50.
Epoch: 438. Train Loss: 0.009345. Patience Count: 51.Stop Early, patience has been running out.
dist.destroy_process_group()
dist.destroy_process_group()
