| distributed init (rank 0): env://, gpu 0
| distributed init (rank 1): env://, gpu 1
world_size: 2, gpu: 0
Using 8 dataloader workers every process
Epoch: 1. Train Loss: 598.420297. best-save Patience Count: 0.
Epoch: 2. Train Loss: 522.095932. best-save Patience Count: 0.
Epoch: 3. Train Loss: 497.462672. best-save Patience Count: 0.
Epoch: 4. Train Loss: 483.128424. best-save Patience Count: 0.
Epoch: 5. Train Loss: 465.438829. best-save Patience Count: 0.
Epoch: 6. Train Loss: 454.404046. best-save Patience Count: 0.
Epoch: 7. Train Loss: 440.142529. best-save Patience Count: 0.
Epoch: 8. Train Loss: 429.039500. best-save Patience Count: 0.
Epoch: 9. Train Loss: 417.258669. best-save Patience Count: 0.
Epoch: 10. Train Loss: 401.142617. best-save Patience Count: 0.
Epoch: 11. Train Loss: 388.420768. best-save Patience Count: 0.
Epoch: 12. Train Loss: 375.709433. best-save Patience Count: 0.
Epoch: 13. Train Loss: 361.972661. best-save Patience Count: 0.
Epoch: 14. Train Loss: 344.540328. best-save Patience Count: 0.
Epoch: 15. Train Loss: 330.656209. best-save Patience Count: 0.
Epoch: 16. Train Loss: 317.722685. best-save Patience Count: 0.
Epoch: 17. Train Loss: 299.847947. best-save Patience Count: 0.
Epoch: 18. Train Loss: 285.354485. best-save Patience Count: 0.
Epoch: 19. Train Loss: 272.894397. best-save Patience Count: 0.
Epoch: 20. Train Loss: 259.411284. best-save Patience Count: 0.
Epoch: 21. Train Loss: 244.114122. best-save Patience Count: 0.
Epoch: 22. Train Loss: 236.881801. best-save Patience Count: 0.
Epoch: 23. Train Loss: 223.904804. best-save Patience Count: 0.
Epoch: 24. Train Loss: 210.325904. best-save Patience Count: 0.
Epoch: 25. Train Loss: 198.666853. best-save Patience Count: 0.
Epoch: 26. Train Loss: 187.355933. best-save Patience Count: 0.
Epoch: 27. Train Loss: 175.981923. best-save Patience Count: 0.
Epoch: 28. Train Loss: 168.780608. best-save Patience Count: 0.
Epoch: 29. Train Loss: 161.021781. best-save Patience Count: 0.
Epoch: 30. Train Loss: 151.854435. best-save Patience Count: 0.
Epoch: 31. Train Loss: 145.771271. best-save Patience Count: 0.
Epoch: 32. Train Loss: 134.137429. best-save Patience Count: 0.
Epoch: 33. Train Loss: 130.337875. best-save Patience Count: 0.
Epoch: 34. Train Loss: 125.702166. best-save Patience Count: 0.
Epoch: 35. Train Loss: 120.900640. best-save Patience Count: 0.
Epoch: 36. Train Loss: 113.438897. best-save Patience Count: 0.
Epoch: 37. Train Loss: 104.961491. best-save Patience Count: 0.
Epoch: 38. Train Loss: 104.413718. best-save Patience Count: 0.
Epoch: 39. Train Loss: 97.643339. best-save Patience Count: 0.
Epoch: 40. Train Loss: 94.481080. best-save Patience Count: 0.
Epoch: 41. Train Loss: 89.045737. best-save Patience Count: 0.
Epoch: 42. Train Loss: 86.588149. best-save Patience Count: 0.
Epoch: 43. Train Loss: 80.952795. best-save Patience Count: 0.
Epoch: 44. Train Loss: 77.123432. best-save Patience Count: 0.
Epoch: 45. Train Loss: 78.202796. Patience Count: 1.
Epoch: 46. Train Loss: 72.753238. best-save Patience Count: 0.
Epoch: 47. Train Loss: 71.665238. best-save Patience Count: 0.
Epoch: 48. Train Loss: 65.294778. best-save Patience Count: 0.
Epoch: 49. Train Loss: 65.294898. Patience Count: 1.
Epoch: 50. Train Loss: 61.192528. best-save Patience Count: 0.
Epoch: 51. Train Loss: 44.840211. best-save Patience Count: 0.
Epoch: 52. Train Loss: 33.520986. best-save Patience Count: 0.
Epoch: 53. Train Loss: 32.235435. best-save Patience Count: 0.
Epoch: 54. Train Loss: 30.845232. best-save Patience Count: 0.
Epoch: 55. Train Loss: 30.493077. best-save Patience Count: 0.
Epoch: 56. Train Loss: 31.531589. Patience Count: 1.
Epoch: 57. Train Loss: 30.986126. Patience Count: 2.
Epoch: 58. Train Loss: 29.287044. best-save Patience Count: 0.
Epoch: 59. Train Loss: 29.469340. Patience Count: 1.
Epoch: 60. Train Loss: 27.585284. best-save Patience Count: 0.
Epoch: 61. Train Loss: 28.158963. Patience Count: 1.
Epoch: 62. Train Loss: 25.620168. best-save Patience Count: 0.
Epoch: 63. Train Loss: 27.357315. Patience Count: 1.
Epoch: 64. Train Loss: 25.792800. Patience Count: 2.
Epoch: 65. Train Loss: 22.577067. best-save Patience Count: 0.
Epoch: 66. Train Loss: 24.526142. Patience Count: 1.
Epoch: 67. Train Loss: 25.641610. Patience Count: 2.
Epoch: 68. Train Loss: 21.886691. best-save Patience Count: 0.
Epoch: 69. Train Loss: 23.126067. Patience Count: 1.
Epoch: 70. Train Loss: 22.473950. Patience Count: 2.
Epoch: 71. Train Loss: 22.954527. Patience Count: 3.
Epoch: 72. Train Loss: 21.984191. Patience Count: 4.
Epoch: 73. Train Loss: 21.400812. best-save Patience Count: 0.
Epoch: 74. Train Loss: 20.621419. best-save Patience Count: 0.
Epoch: 75. Train Loss: 21.276401. Patience Count: 1.
Epoch: 76. Train Loss: 20.568855. best-save Patience Count: 0.
Epoch: 77. Train Loss: 19.846109. best-save Patience Count: 0.
Epoch: 78. Train Loss: 19.038762. best-save Patience Count: 0.
Epoch: 79. Train Loss: 20.571367. Patience Count: 1.
Epoch: 80. Train Loss: 20.019427. Patience Count: 2.
Epoch: 81. Train Loss: 18.776963. best-save Patience Count: 0.
Epoch: 82. Train Loss: 18.988564. Patience Count: 1.
Epoch: 83. Train Loss: 19.479011. Patience Count: 2.
Epoch: 84. Train Loss: 17.440232. best-save Patience Count: 0.
Epoch: 85. Train Loss: 17.472576. Patience Count: 1.
Epoch: 86. Train Loss: 18.927042. Patience Count: 2.
Epoch: 87. Train Loss: 18.250912. Patience Count: 3.
Epoch: 88. Train Loss: 15.684573. best-save Patience Count: 0.
Epoch: 89. Train Loss: 17.703632. Patience Count: 1.
Epoch: 90. Train Loss: 14.973634. best-save Patience Count: 0.
Epoch: 91. Train Loss: 17.749579. Patience Count: 1.
Epoch: 92. Train Loss: 15.377041. Patience Count: 2.
Epoch: 93. Train Loss: 15.382738. Patience Count: 3.
Epoch: 94. Train Loss: 16.538556. Patience Count: 4.
Epoch: 95. Train Loss: 15.945992. Patience Count: 5.
Epoch: 96. Train Loss: 14.422095. best-save Patience Count: 0.
Epoch: 97. Train Loss: 15.679551. Patience Count: 1.
Epoch: 98. Train Loss: 13.757984. best-save Patience Count: 0.
Epoch: 99. Train Loss: 15.901449. Patience Count: 1.
Epoch: 100. Train Loss: 15.788234. Patience Count: 2.
Epoch: 101. Train Loss: 9.892107. best-save Patience Count: 0.
Epoch: 102. Train Loss: 7.684991. best-save Patience Count: 0.
Epoch: 103. Train Loss: 7.374065. best-save Patience Count: 0.
Epoch: 104. Train Loss: 6.416864. best-save Patience Count: 0.
Epoch: 105. Train Loss: 6.723027. Patience Count: 1.
Epoch: 106. Train Loss: 7.494233. Patience Count: 2.
Epoch: 107. Train Loss: 7.398789. Patience Count: 3.
Epoch: 108. Train Loss: 7.119549. Patience Count: 4.
Epoch: 109. Train Loss: 6.604180. Patience Count: 5.
Epoch: 110. Train Loss: 8.807016. Patience Count: 6.
Epoch: 111. Train Loss: 7.247803. Patience Count: 7.
Epoch: 112. Train Loss: 6.402235. best-save Patience Count: 0.
Epoch: 113. Train Loss: 5.664426. best-save Patience Count: 0.
Epoch: 114. Train Loss: 7.350083. Patience Count: 1.
Epoch: 115. Train Loss: 9.106406. Patience Count: 2.
Epoch: 116. Train Loss: 6.884678. Patience Count: 3.
Epoch: 117. Train Loss: 7.157537. Patience Count: 4.
Epoch: 118. Train Loss: 7.246805. Patience Count: 5.
Epoch: 119. Train Loss: 6.728994. Patience Count: 6.
Epoch: 120. Train Loss: 6.873176. Patience Count: 7.
Epoch: 121. Train Loss: 5.654224. best-save Patience Count: 0.
Epoch: 122. Train Loss: 5.805430. Patience Count: 1.
Epoch: 123. Train Loss: 6.914557. Patience Count: 2.
Epoch: 124. Train Loss: 6.769810. Patience Count: 3.
Epoch: 125. Train Loss: 7.366662. Patience Count: 4.
Epoch: 126. Train Loss: 6.656426. Patience Count: 5.
Epoch: 127. Train Loss: 6.732445. Patience Count: 6.
Epoch: 128. Train Loss: 6.522386. Patience Count: 7.
Epoch: 129. Train Loss: 6.491296. Patience Count: 8.
Epoch: 130. Train Loss: 6.833652. Patience Count: 9.
Epoch: 131. Train Loss: 5.697184. Patience Count: 10.
Epoch: 132. Train Loss: 6.411262. Patience Count: 11.
Epoch: 133. Train Loss: 5.562694. best-save Patience Count: 0.
Epoch: 134. Train Loss: 6.120305. Patience Count: 1.
Epoch: 135. Train Loss: 5.620893. Patience Count: 2.
Epoch: 136. Train Loss: 6.417695. Patience Count: 3.
Epoch: 137. Train Loss: 5.464639. best-save Patience Count: 0.
Epoch: 138. Train Loss: 6.573237. Patience Count: 1.
Epoch: 139. Train Loss: 6.296265. Patience Count: 2.
Epoch: 140. Train Loss: 6.082343. Patience Count: 3.
Epoch: 141. Train Loss: 6.654484. Patience Count: 4.
Epoch: 142. Train Loss: 5.814104. Patience Count: 5.
Epoch: 143. Train Loss: 5.718772. Patience Count: 6.
Epoch: 144. Train Loss: 5.947790. Patience Count: 7.
Epoch: 145. Train Loss: 6.171651. Patience Count: 8.
Epoch: 146. Train Loss: 4.996590. best-save Patience Count: 0.
Epoch: 147. Train Loss: 5.640121. Patience Count: 1.
Epoch: 148. Train Loss: 6.867623. Patience Count: 2.
Epoch: 149. Train Loss: 4.452069. best-save Patience Count: 0.
Epoch: 150. Train Loss: 5.524474. Patience Count: 1.
Epoch: 151. Train Loss: 3.968841. best-save Patience Count: 0.
Epoch: 152. Train Loss: 4.021772. Patience Count: 1.
Epoch: 153. Train Loss: 3.015045. best-save Patience Count: 0.
Epoch: 154. Train Loss: 3.667072. Patience Count: 1.
Epoch: 155. Train Loss: 3.183412. Patience Count: 2.
Epoch: 156. Train Loss: 3.291319. Patience Count: 3.
Epoch: 157. Train Loss: 3.498720. Patience Count: 4.
Epoch: 158. Train Loss: 2.424681. best-save Patience Count: 0.
Epoch: 159. Train Loss: 2.910708. Patience Count: 1.
Epoch: 160. Train Loss: 3.418821. Patience Count: 2.
Epoch: 161. Train Loss: 2.655590. Patience Count: 3.
Epoch: 162. Train Loss: 3.010731. Patience Count: 4.
Epoch: 163. Train Loss: 3.620200. Patience Count: 5.
Epoch: 164. Train Loss: 3.376063. Patience Count: 6.
Epoch: 165. Train Loss: 2.925603. Patience Count: 7.
Epoch: 166. Train Loss: 3.119969. Patience Count: 8.
Epoch: 167. Train Loss: 3.462913. Patience Count: 9.
Epoch: 168. Train Loss: 3.456702. Patience Count: 10.
Epoch: 169. Train Loss: 3.556736. Patience Count: 11.
Epoch: 170. Train Loss: 3.674292. Patience Count: 12.
Epoch: 171. Train Loss: 3.503533. Patience Count: 13.
Epoch: 172. Train Loss: 3.073876. Patience Count: 14.
Epoch: 173. Train Loss: 2.856835. Patience Count: 15.
Epoch: 174. Train Loss: 2.872911. Patience Count: 16.
Epoch: 175. Train Loss: 2.940575. Patience Count: 17.
Epoch: 176. Train Loss: 3.196279. Patience Count: 18.
Epoch: 177. Train Loss: 3.277675. Patience Count: 19.
Epoch: 178. Train Loss: 2.636350. Patience Count: 20.
Epoch: 179. Train Loss: 2.948989. Patience Count: 21.
Epoch: 180. Train Loss: 3.241811. Patience Count: 22.
Epoch: 181. Train Loss: 3.125312. Patience Count: 23.
Epoch: 182. Train Loss: 2.626105. Patience Count: 24.
Epoch: 183. Train Loss: 2.664546. Patience Count: 25.
Epoch: 184. Train Loss: 3.830259. Patience Count: 26.
Epoch: 185. Train Loss: 2.918806. Patience Count: 27.
Epoch: 186. Train Loss: 2.805617. Patience Count: 28.
Epoch: 187. Train Loss: 2.567255. Patience Count: 29.
Epoch: 188. Train Loss: 3.365836. Patience Count: 30.
Epoch: 189. Train Loss: 3.098120. Patience Count: 31.
Epoch: 190. Train Loss: 2.950076. Patience Count: 32.
Epoch: 191. Train Loss: 2.898685. Patience Count: 33.
Epoch: 192. Train Loss: 2.569832. Patience Count: 34.
Epoch: 193. Train Loss: 2.726576. Patience Count: 35.
Epoch: 194. Train Loss: 2.667280. Patience Count: 36.
Epoch: 195. Train Loss: 3.045834. Patience Count: 37.
Epoch: 196. Train Loss: 2.342161. best-save Patience Count: 0.
Epoch: 197. Train Loss: 2.747803. Patience Count: 1.
Epoch: 198. Train Loss: 2.627435. Patience Count: 2.
Epoch: 199. Train Loss: 3.410576. Patience Count: 3.
Epoch: 200. Train Loss: 3.034761. Patience Count: 4.
Epoch: 201. Train Loss: 2.169152. best-save Patience Count: 0.
Epoch: 202. Train Loss: 2.478468. Patience Count: 1.
Epoch: 203. Train Loss: 2.335808. Patience Count: 2.
Epoch: 204. Train Loss: 2.220525. Patience Count: 3.
Epoch: 205. Train Loss: 2.052216. best-save Patience Count: 0.
Epoch: 206. Train Loss: 2.800498. Patience Count: 1.
Epoch: 207. Train Loss: 1.259062. best-save Patience Count: 0.
Epoch: 208. Train Loss: 2.668254. Patience Count: 1.
Epoch: 209. Train Loss: 2.345478. Patience Count: 2.
Epoch: 210. Train Loss: 2.016220. Patience Count: 3.
Epoch: 211. Train Loss: 1.679619. Patience Count: 4.
Epoch: 212. Train Loss: 2.700817. Patience Count: 5.
Epoch: 213. Train Loss: 2.310724. Patience Count: 6.
Epoch: 214. Train Loss: 2.366651. Patience Count: 7.
Epoch: 215. Train Loss: 1.975900. Patience Count: 8.
Epoch: 216. Train Loss: 1.913782. Patience Count: 9.
Epoch: 217. Train Loss: 2.383075. Patience Count: 10.
Epoch: 218. Train Loss: 2.173203. Patience Count: 11.
Epoch: 219. Train Loss: 1.975613. Patience Count: 12.
Epoch: 220. Train Loss: 1.997094. Patience Count: 13.
Epoch: 221. Train Loss: 1.503539. Patience Count: 14.
Epoch: 222. Train Loss: 1.929528. Patience Count: 15.
Epoch: 223. Train Loss: 2.762760. Patience Count: 16.
Epoch: 224. Train Loss: 1.418470. Patience Count: 17.
Epoch: 225. Train Loss: 1.425723. Patience Count: 18.
Epoch: 226. Train Loss: 1.650013. Patience Count: 19.
Epoch: 227. Train Loss: 2.518644. Patience Count: 20.
Epoch: 228. Train Loss: 1.793298. Patience Count: 21.
Epoch: 229. Train Loss: 2.422354. Patience Count: 22.
Epoch: 230. Train Loss: 1.397320. Patience Count: 23.
Epoch: 231. Train Loss: 2.201876. Patience Count: 24.
Epoch: 232. Train Loss: 1.647180. Patience Count: 25.
Epoch: 233. Train Loss: 1.991114. Patience Count: 26.
Epoch: 234. Train Loss: 2.017952. Patience Count: 27.
Epoch: 235. Train Loss: 2.437269. Patience Count: 28.
Epoch: 236. Train Loss: 1.727703. Patience Count: 29.
Epoch: 237. Train Loss: 1.570296. Patience Count: 30.
Epoch: 238. Train Loss: 1.627921. Patience Count: 31.
Epoch: 239. Train Loss: 1.652449. Patience Count: 32.
Epoch: 240. Train Loss: 1.530305. Patience Count: 33.
Epoch: 241. Train Loss: 1.635958. Patience Count: 34.
Epoch: 242. Train Loss: 1.633451. Patience Count: 35.
Epoch: 243. Train Loss: 1.237825. best-save Patience Count: 0.
Epoch: 244. Train Loss: 1.359211. Patience Count: 1.
Epoch: 245. Train Loss: 1.736820. Patience Count: 2.
Epoch: 246. Train Loss: 1.818595. Patience Count: 3.
Epoch: 247. Train Loss: 2.292390. Patience Count: 4.
Epoch: 248. Train Loss: 1.850771. Patience Count: 5.
Epoch: 249. Train Loss: 1.720552. Patience Count: 6.
Epoch: 250. Train Loss: 1.782284. Patience Count: 7.
Epoch: 251. Train Loss: 1.608026. Patience Count: 8.
Epoch: 252. Train Loss: 1.362614. Patience Count: 9.
Epoch: 253. Train Loss: 1.493132. Patience Count: 10.
Epoch: 254. Train Loss: 1.820618. Patience Count: 11.
Epoch: 255. Train Loss: 1.817816. Patience Count: 12.
Epoch: 256. Train Loss: 1.781347. Patience Count: 13.
Epoch: 257. Train Loss: 0.906126. best-save Patience Count: 0.
Epoch: 258. Train Loss: 1.324606. Patience Count: 1.
Epoch: 259. Train Loss: 1.532283. Patience Count: 2.
Epoch: 260. Train Loss: 1.131926. Patience Count: 3.
Epoch: 261. Train Loss: 1.290735. Patience Count: 4.
Epoch: 262. Train Loss: 1.706983. Patience Count: 5.
Epoch: 263. Train Loss: 1.628295. Patience Count: 6.
Epoch: 264. Train Loss: 1.351152. Patience Count: 7.
Epoch: 265. Train Loss: 1.930200. Patience Count: 8.
Epoch: 266. Train Loss: 1.413450. Patience Count: 9.
Epoch: 267. Train Loss: 1.252920. Patience Count: 10.
Epoch: 268. Train Loss: 1.394156. Patience Count: 11.
Epoch: 269. Train Loss: 1.095550. Patience Count: 12.
Epoch: 270. Train Loss: 0.943471. Patience Count: 13.
Epoch: 271. Train Loss: 1.009885. Patience Count: 14.
Epoch: 272. Train Loss: 1.333281. Patience Count: 15.
Epoch: 273. Train Loss: 0.891894. best-save Patience Count: 0.
Epoch: 274. Train Loss: 1.373698. Patience Count: 1.
Epoch: 275. Train Loss: 0.950988. Patience Count: 2.
Epoch: 276. Train Loss: 1.573100. Patience Count: 3.
Epoch: 277. Train Loss: 1.773282. Patience Count: 4.
Epoch: 278. Train Loss: 1.157516. Patience Count: 5.
Epoch: 279. Train Loss: 1.657073. Patience Count: 6.
Epoch: 280. Train Loss: 1.085044. Patience Count: 7.
Epoch: 281. Train Loss: 1.749045. Patience Count: 8.
Epoch: 282. Train Loss: 1.400228. Patience Count: 9.
Epoch: 283. Train Loss: 1.226538. Patience Count: 10.
Epoch: 284. Train Loss: 1.001159. Patience Count: 11.
Epoch: 285. Train Loss: 1.402184. Patience Count: 12.
Epoch: 286. Train Loss: 1.404209. Patience Count: 13.
Epoch: 287. Train Loss: 0.938861. Patience Count: 14.
Epoch: 288. Train Loss: 1.356403. Patience Count: 15.
Epoch: 289. Train Loss: 1.175236. Patience Count: 16.
Epoch: 290. Train Loss: 1.133000. Patience Count: 17.
Epoch: 291. Train Loss: 1.285482. Patience Count: 18.
Epoch: 292. Train Loss: 1.181594. Patience Count: 19.
Epoch: 293. Train Loss: 1.420060. Patience Count: 20.
Epoch: 294. Train Loss: 1.298930. Patience Count: 21.
Epoch: 295. Train Loss: 1.188300. Patience Count: 22.
Epoch: 296. Train Loss: 1.342951. Patience Count: 23.
Epoch: 297. Train Loss: 1.228207. Patience Count: 24.
Epoch: 298. Train Loss: 0.875728. best-save Patience Count: 0.
Epoch: 299. Train Loss: 1.369195. Patience Count: 1.
Epoch: 300. Train Loss: 1.147010. Patience Count: 2.
Epoch: 301. Train Loss: 1.226040. Patience Count: 3.
Epoch: 302. Train Loss: 1.393236. Patience Count: 4.
Epoch: 303. Train Loss: 1.318026. Patience Count: 5.
Epoch: 304. Train Loss: 0.965449. Patience Count: 6.
Epoch: 305. Train Loss: 1.280538. Patience Count: 7.
Epoch: 306. Train Loss: 1.400935. Patience Count: 8.
Epoch: 307. Train Loss: 1.329032. Patience Count: 9.
Epoch: 308. Train Loss: 1.180013. Patience Count: 10.
Epoch: 309. Train Loss: 1.179790. Patience Count: 11.
Epoch: 310. Train Loss: 1.406605. Patience Count: 12.
Epoch: 311. Train Loss: 1.120543. Patience Count: 13.
Epoch: 312. Train Loss: 1.212381. Patience Count: 14.
Epoch: 313. Train Loss: 1.334485. Patience Count: 15.
Epoch: 314. Train Loss: 1.470868. Patience Count: 16.
Epoch: 315. Train Loss: 1.011498. Patience Count: 17.
Epoch: 316. Train Loss: 1.216323. Patience Count: 18.
Epoch: 317. Train Loss: 1.190542. Patience Count: 19.
Epoch: 318. Train Loss: 1.130249. Patience Count: 20.
Epoch: 319. Train Loss: 1.010027. Patience Count: 21.
Epoch: 320. Train Loss: 1.034625. Patience Count: 22.
Epoch: 321. Train Loss: 0.923939. Patience Count: 23.
Epoch: 322. Train Loss: 1.213673. Patience Count: 24.
Epoch: 323. Train Loss: 1.355500. Patience Count: 25.
Epoch: 324. Train Loss: 1.191061. Patience Count: 26.
Epoch: 325. Train Loss: 1.259678. Patience Count: 27.
Epoch: 326. Train Loss: 1.149521. Patience Count: 28.
Epoch: 327. Train Loss: 0.851524. best-save Patience Count: 0.
Epoch: 328. Train Loss: 1.453720. Patience Count: 1.
Epoch: 329. Train Loss: 1.582055. Patience Count: 2.
Epoch: 330. Train Loss: 1.216280. Patience Count: 3.
Epoch: 331. Train Loss: 0.875581. Patience Count: 4.
Epoch: 332. Train Loss: 1.134891. Patience Count: 5.
Epoch: 333. Train Loss: 1.049273. Patience Count: 6.
Epoch: 334. Train Loss: 1.058760. Patience Count: 7.
Epoch: 335. Train Loss: 1.046894. Patience Count: 8.
Epoch: 336. Train Loss: 1.305247. Patience Count: 9.
Epoch: 337. Train Loss: 1.538638. Patience Count: 10.
Epoch: 338. Train Loss: 1.076038. Patience Count: 11.
Epoch: 339. Train Loss: 1.541333. Patience Count: 12.
Epoch: 340. Train Loss: 1.190847. Patience Count: 13.
Epoch: 341. Train Loss: 0.817991. best-save Patience Count: 0.
Epoch: 342. Train Loss: 1.258926. Patience Count: 1.
Epoch: 343. Train Loss: 0.804213. best-save Patience Count: 0.
Epoch: 344. Train Loss: 1.388912. Patience Count: 1.
Epoch: 345. Train Loss: 0.500254. best-save Patience Count: 0.
Epoch: 346. Train Loss: 1.026198. Patience Count: 1.
Epoch: 347. Train Loss: 0.875154. Patience Count: 2.
Epoch: 348. Train Loss: 1.145857. Patience Count: 3.
Epoch: 349. Train Loss: 0.998921. Patience Count: 4.
Epoch: 350. Train Loss: 1.197525. Patience Count: 5.
Epoch: 351. Train Loss: 0.896972. Patience Count: 6.
Epoch: 352. Train Loss: 0.929712. Patience Count: 7.
Epoch: 353. Train Loss: 0.924701. Patience Count: 8.
Epoch: 354. Train Loss: 1.360419. Patience Count: 9.
Epoch: 355. Train Loss: 1.055621. Patience Count: 10.
Epoch: 356. Train Loss: 1.259455. Patience Count: 11.
Epoch: 357. Train Loss: 1.101491. Patience Count: 12.
Epoch: 358. Train Loss: 1.448176. Patience Count: 13.
Epoch: 359. Train Loss: 1.097732. Patience Count: 14.
Epoch: 360. Train Loss: 1.322572. Patience Count: 15.
Epoch: 361. Train Loss: 1.263192. Patience Count: 16.
Epoch: 362. Train Loss: 1.474233. Patience Count: 17.
Epoch: 363. Train Loss: 0.946326. Patience Count: 18.
Epoch: 364. Train Loss: 1.201114. Patience Count: 19.
Epoch: 365. Train Loss: 1.203821. Patience Count: 20.
Epoch: 366. Train Loss: 1.045678. Patience Count: 21.
Epoch: 367. Train Loss: 0.967491. Patience Count: 22.
Epoch: 368. Train Loss: 0.948975. Patience Count: 23.
Epoch: 369. Train Loss: 1.081024. Patience Count: 24.
Epoch: 370. Train Loss: 1.254249. Patience Count: 25.
Epoch: 371. Train Loss: 0.881860. Patience Count: 26.
Epoch: 372. Train Loss: 0.997807. Patience Count: 27.
Epoch: 373. Train Loss: 0.899780. Patience Count: 28.
Epoch: 374. Train Loss: 0.720757. Patience Count: 29.
Epoch: 375. Train Loss: 1.177341. Patience Count: 30.
Epoch: 376. Train Loss: 1.126802. Patience Count: 31.
Epoch: 377. Train Loss: 1.051171. Patience Count: 32.
Epoch: 378. Train Loss: 1.127289. Patience Count: 33.
Epoch: 379. Train Loss: 1.002975. Patience Count: 34.
Epoch: 380. Train Loss: 0.943829. Patience Count: 35.
Epoch: 381. Train Loss: 1.067721. Patience Count: 36.
Epoch: 382. Train Loss: 0.590614. Patience Count: 37.
Epoch: 383. Train Loss: 0.802556. Patience Count: 38.
Epoch: 384. Train Loss: 0.968780. Patience Count: 39.
Epoch: 385. Train Loss: 0.864206. Patience Count: 40.
Epoch: 386. Train Loss: 0.709947. Patience Count: 41.
Epoch: 387. Train Loss: 1.086571. Patience Count: 42.
Epoch: 388. Train Loss: 0.785511. Patience Count: 43.
Epoch: 389. Train Loss: 0.870720. Patience Count: 44.
Epoch: 390. Train Loss: 1.088174. Patience Count: 45.
Epoch: 391. Train Loss: 1.111307. Patience Count: 46.
Epoch: 392. Train Loss: 0.846838. Patience Count: 47.
Epoch: 393. Train Loss: 1.268194. Patience Count: 48.
Epoch: 394. Train Loss: 1.049287. Patience Count: 49.
Epoch: 395. Train Loss: 1.168717. Patience Count: 50.
Epoch: 396. Train Loss: 1.231507. Patience Count: 51.
Epoch: 397. Train Loss: 0.949223. Patience Count: 52.
Epoch: 398. Train Loss: 1.096820. Patience Count: 53.
Epoch: 399. Train Loss: 1.020582. Patience Count: 54.
Epoch: 400. Train Loss: 0.634550. Patience Count: 55.
Epoch: 401. Train Loss: 1.174238. Patience Count: 56.
Epoch: 402. Train Loss: 0.915568. Patience Count: 57.
Epoch: 403. Train Loss: 1.146460. Patience Count: 58.
Epoch: 404. Train Loss: 0.869105. Patience Count: 59.
Epoch: 405. Train Loss: 1.505789. Patience Count: 60.
Epoch: 406. Train Loss: 0.917615. Patience Count: 61.
Epoch: 407. Train Loss: 0.892971. Patience Count: 62.
Epoch: 408. Train Loss: 0.814330. Patience Count: 63.
Epoch: 409. Train Loss: 0.891930. Patience Count: 64.
Epoch: 410. Train Loss: 0.981140. Patience Count: 65.
Epoch: 411. Train Loss: 1.041892. Patience Count: 66.
Epoch: 412. Train Loss: 1.139590. Patience Count: 67.
Epoch: 413. Train Loss: 0.817261. Patience Count: 68.
Epoch: 414. Train Loss: 1.245323. Patience Count: 69.
Epoch: 415. Train Loss: 0.961321. Patience Count: 70.
Epoch: 416. Train Loss: 0.695039. Patience Count: 71.
Epoch: 417. Train Loss: 1.215978. Patience Count: 72.
Epoch: 418. Train Loss: 0.893719. Patience Count: 73.
Epoch: 419. Train Loss: 0.711083. Patience Count: 74.
Epoch: 420. Train Loss: 0.805057. Patience Count: 75.
Epoch: 421. Train Loss: 0.946781. Patience Count: 76.
Epoch: 422. Train Loss: 1.208351. Patience Count: 77.
Epoch: 423. Train Loss: 0.820757. Patience Count: 78.
Epoch: 424. Train Loss: 0.611011. Patience Count: 79.
Epoch: 425. Train Loss: 0.913929. Patience Count: 80.
dist.destroy_process_group()
Epoch: 426. Train Loss: 0.770387. Patience Count: 81.Stop Early, patience has been running out.
dist.destroy_process_group()
