| distributed init (rank 0): env://, gpu 0
| distributed init (rank 1): env://, gpu 1
world_size: 2, gpu: 0
Using 8 dataloader workers every process
Epoch: 1. Train Loss: 624.840973. best-save Patience Count: 0.
Epoch: 2. Train Loss: 537.859834. best-save Patience Count: 0.
Epoch: 3. Train Loss: 506.116914. best-save Patience Count: 0.
Epoch: 4. Train Loss: 490.217102. best-save Patience Count: 0.
Epoch: 5. Train Loss: 478.575952. best-save Patience Count: 0.
Epoch: 6. Train Loss: 466.342189. best-save Patience Count: 0.
Epoch: 7. Train Loss: 456.036498. best-save Patience Count: 0.
Epoch: 8. Train Loss: 444.975319. best-save Patience Count: 0.
Epoch: 9. Train Loss: 427.898530. best-save Patience Count: 0.
Epoch: 10. Train Loss: 416.675444. best-save Patience Count: 0.
Epoch: 11. Train Loss: 407.506353. best-save Patience Count: 0.
Epoch: 12. Train Loss: 389.819866. best-save Patience Count: 0.
Epoch: 13. Train Loss: 378.183939. best-save Patience Count: 0.
Epoch: 14. Train Loss: 358.582718. best-save Patience Count: 0.
Epoch: 15. Train Loss: 346.926666. best-save Patience Count: 0.
Epoch: 16. Train Loss: 330.274888. best-save Patience Count: 0.
Epoch: 17. Train Loss: 313.418707. best-save Patience Count: 0.
Epoch: 18. Train Loss: 298.326196. best-save Patience Count: 0.
Epoch: 19. Train Loss: 283.414501. best-save Patience Count: 0.
Epoch: 20. Train Loss: 262.495388. best-save Patience Count: 0.
Epoch: 21. Train Loss: 251.400798. best-save Patience Count: 0.
Epoch: 22. Train Loss: 237.952560. best-save Patience Count: 0.
Epoch: 23. Train Loss: 229.199205. best-save Patience Count: 0.
Epoch: 24. Train Loss: 214.272291. best-save Patience Count: 0.
Epoch: 25. Train Loss: 200.445322. best-save Patience Count: 0.
Epoch: 26. Train Loss: 190.053974. best-save Patience Count: 0.
Epoch: 27. Train Loss: 181.482380. best-save Patience Count: 0.
Epoch: 28. Train Loss: 176.545880. best-save Patience Count: 0.
Epoch: 29. Train Loss: 159.562828. best-save Patience Count: 0.
Epoch: 30. Train Loss: 156.464541. best-save Patience Count: 0.
Epoch: 31. Train Loss: 144.725385. best-save Patience Count: 0.
Epoch: 32. Train Loss: 136.138049. best-save Patience Count: 0.
Epoch: 33. Train Loss: 130.368395. best-save Patience Count: 0.
Epoch: 34. Train Loss: 123.797640. best-save Patience Count: 0.
Epoch: 35. Train Loss: 119.826741. best-save Patience Count: 0.
Epoch: 36. Train Loss: 111.448366. best-save Patience Count: 0.
Epoch: 37. Train Loss: 111.604805. Patience Count: 1.
Epoch: 38. Train Loss: 99.018580. best-save Patience Count: 0.
Epoch: 39. Train Loss: 95.828041. best-save Patience Count: 0.
Epoch: 40. Train Loss: 90.066925. best-save Patience Count: 0.
Epoch: 41. Train Loss: 90.868229. Patience Count: 1.
Epoch: 42. Train Loss: 85.042966. best-save Patience Count: 0.
Epoch: 43. Train Loss: 80.469226. best-save Patience Count: 0.
Epoch: 44. Train Loss: 78.837539. best-save Patience Count: 0.
Epoch: 45. Train Loss: 75.149731. best-save Patience Count: 0.
Epoch: 46. Train Loss: 74.327526. best-save Patience Count: 0.
Epoch: 47. Train Loss: 70.486547. best-save Patience Count: 0.
Epoch: 48. Train Loss: 67.022771. best-save Patience Count: 0.
Epoch: 49. Train Loss: 65.775730. best-save Patience Count: 0.
Epoch: 50. Train Loss: 63.651054. best-save Patience Count: 0.
Epoch: 51. Train Loss: 41.923346. best-save Patience Count: 0.
Epoch: 52. Train Loss: 33.576311. best-save Patience Count: 0.
Epoch: 53. Train Loss: 28.519616. best-save Patience Count: 0.
Epoch: 54. Train Loss: 30.474300. Patience Count: 1.
Epoch: 55. Train Loss: 26.802097. best-save Patience Count: 0.
Epoch: 56. Train Loss: 24.917243. best-save Patience Count: 0.
Epoch: 57. Train Loss: 23.497290. best-save Patience Count: 0.
Epoch: 58. Train Loss: 25.745948. Patience Count: 1.
Epoch: 59. Train Loss: 24.700873. Patience Count: 2.
Epoch: 60. Train Loss: 23.414490. best-save Patience Count: 0.
Epoch: 61. Train Loss: 24.300845. Patience Count: 1.
Epoch: 62. Train Loss: 22.716406. best-save Patience Count: 0.
Epoch: 63. Train Loss: 21.545807. best-save Patience Count: 0.
Epoch: 64. Train Loss: 22.080876. Patience Count: 1.
Epoch: 65. Train Loss: 22.496919. Patience Count: 2.
Epoch: 66. Train Loss: 20.379421. best-save Patience Count: 0.
Epoch: 67. Train Loss: 19.986695. best-save Patience Count: 0.
Epoch: 68. Train Loss: 18.745855. best-save Patience Count: 0.
Epoch: 69. Train Loss: 20.089963. Patience Count: 1.
Epoch: 70. Train Loss: 18.973531. Patience Count: 2.
Epoch: 71. Train Loss: 19.963668. Patience Count: 3.
Epoch: 72. Train Loss: 16.974201. best-save Patience Count: 0.
Epoch: 73. Train Loss: 22.761005. Patience Count: 1.
Epoch: 74. Train Loss: 16.955620. best-save Patience Count: 0.
Epoch: 75. Train Loss: 16.893278. best-save Patience Count: 0.
Epoch: 76. Train Loss: 15.850977. best-save Patience Count: 0.
Epoch: 77. Train Loss: 17.465972. Patience Count: 1.
Epoch: 78. Train Loss: 15.055867. best-save Patience Count: 0.
Epoch: 79. Train Loss: 18.389800. Patience Count: 1.
Epoch: 80. Train Loss: 16.577436. Patience Count: 2.
Epoch: 81. Train Loss: 17.680009. Patience Count: 3.
Epoch: 82. Train Loss: 16.144780. Patience Count: 4.
Epoch: 83. Train Loss: 17.017079. Patience Count: 5.
Epoch: 84. Train Loss: 14.999920. best-save Patience Count: 0.
Epoch: 85. Train Loss: 16.107724. Patience Count: 1.
Epoch: 86. Train Loss: 15.115307. Patience Count: 2.
Epoch: 87. Train Loss: 13.762510. best-save Patience Count: 0.
Epoch: 88. Train Loss: 16.049817. Patience Count: 1.
Epoch: 89. Train Loss: 13.969810. Patience Count: 2.
Epoch: 90. Train Loss: 13.303768. best-save Patience Count: 0.
Epoch: 91. Train Loss: 14.061503. Patience Count: 1.
Epoch: 92. Train Loss: 11.212362. best-save Patience Count: 0.
Epoch: 93. Train Loss: 15.098603. Patience Count: 1.
Epoch: 94. Train Loss: 13.230995. Patience Count: 2.
Epoch: 95. Train Loss: 14.454801. Patience Count: 3.
Epoch: 96. Train Loss: 14.392526. Patience Count: 4.
Epoch: 97. Train Loss: 14.699058. Patience Count: 5.
Epoch: 98. Train Loss: 11.908164. Patience Count: 6.
Epoch: 99. Train Loss: 11.139196. best-save Patience Count: 0.
Epoch: 100. Train Loss: 12.791024. Patience Count: 1.
Epoch: 101. Train Loss: 8.429797. best-save Patience Count: 0.
Epoch: 102. Train Loss: 6.080310. best-save Patience Count: 0.
Epoch: 103. Train Loss: 5.145871. best-save Patience Count: 0.
Epoch: 104. Train Loss: 6.082631. Patience Count: 1.
Epoch: 105. Train Loss: 5.724851. Patience Count: 2.
Epoch: 106. Train Loss: 4.284437. best-save Patience Count: 0.
Epoch: 107. Train Loss: 4.567396. Patience Count: 1.
Epoch: 108. Train Loss: 4.393332. Patience Count: 2.
Epoch: 109. Train Loss: 4.955115. Patience Count: 3.
Epoch: 110. Train Loss: 5.153507. Patience Count: 4.
Epoch: 111. Train Loss: 5.138593. Patience Count: 5.
Epoch: 112. Train Loss: 5.252043. Patience Count: 6.
Epoch: 113. Train Loss: 6.203372. Patience Count: 7.
Epoch: 114. Train Loss: 5.239708. Patience Count: 8.
Epoch: 115. Train Loss: 5.660421. Patience Count: 9.
Epoch: 116. Train Loss: 5.104723. Patience Count: 10.
Epoch: 117. Train Loss: 4.704503. Patience Count: 11.
Epoch: 118. Train Loss: 4.945590. Patience Count: 12.
Epoch: 119. Train Loss: 5.275097. Patience Count: 13.
Epoch: 120. Train Loss: 4.263052. best-save Patience Count: 0.
Epoch: 121. Train Loss: 4.595007. Patience Count: 1.
Epoch: 122. Train Loss: 4.545486. Patience Count: 2.
Epoch: 123. Train Loss: 5.593944. Patience Count: 3.
Epoch: 124. Train Loss: 6.312836. Patience Count: 4.
Epoch: 125. Train Loss: 5.705981. Patience Count: 5.
Epoch: 126. Train Loss: 4.185756. best-save Patience Count: 0.
Epoch: 127. Train Loss: 4.731422. Patience Count: 1.
Epoch: 128. Train Loss: 4.911853. Patience Count: 2.
Epoch: 129. Train Loss: 3.620331. best-save Patience Count: 0.
Epoch: 130. Train Loss: 4.645049. Patience Count: 1.
Epoch: 131. Train Loss: 3.741534. Patience Count: 2.
Epoch: 132. Train Loss: 5.164166. Patience Count: 3.
Epoch: 133. Train Loss: 5.513256. Patience Count: 4.
Epoch: 134. Train Loss: 5.335408. Patience Count: 5.
Epoch: 135. Train Loss: 5.202460. Patience Count: 6.
Epoch: 136. Train Loss: 4.934520. Patience Count: 7.
Epoch: 137. Train Loss: 4.596236. Patience Count: 8.
Epoch: 138. Train Loss: 4.818227. Patience Count: 9.
Epoch: 139. Train Loss: 3.468929. best-save Patience Count: 0.
Epoch: 140. Train Loss: 6.159045. Patience Count: 1.
Epoch: 141. Train Loss: 4.641695. Patience Count: 2.
Epoch: 142. Train Loss: 3.620158. Patience Count: 3.
Epoch: 143. Train Loss: 4.739135. Patience Count: 4.
Epoch: 144. Train Loss: 4.980772. Patience Count: 5.
Epoch: 145. Train Loss: 3.786983. Patience Count: 6.
Epoch: 146. Train Loss: 5.127613. Patience Count: 7.
Epoch: 147. Train Loss: 4.056981. Patience Count: 8.
Epoch: 148. Train Loss: 4.038571. Patience Count: 9.
Epoch: 149. Train Loss: 3.997501. Patience Count: 10.
Epoch: 150. Train Loss: 4.026515. Patience Count: 11.
Epoch: 151. Train Loss: 2.947444. best-save Patience Count: 0.
Epoch: 152. Train Loss: 1.881539. best-save Patience Count: 0.
Epoch: 153. Train Loss: 2.037199. Patience Count: 1.
Epoch: 154. Train Loss: 2.028115. Patience Count: 2.
Epoch: 155. Train Loss: 1.857346. best-save Patience Count: 0.
Epoch: 156. Train Loss: 2.143092. Patience Count: 1.
Epoch: 157. Train Loss: 2.267271. Patience Count: 2.
Epoch: 158. Train Loss: 1.608467. best-save Patience Count: 0.
Epoch: 159. Train Loss: 1.921729. Patience Count: 1.
Epoch: 160. Train Loss: 1.825056. Patience Count: 2.
Epoch: 161. Train Loss: 1.776311. Patience Count: 3.
Epoch: 162. Train Loss: 1.637045. Patience Count: 4.
Epoch: 163. Train Loss: 1.715269. Patience Count: 5.
Epoch: 164. Train Loss: 2.046807. Patience Count: 6.
Epoch: 165. Train Loss: 2.154255. Patience Count: 7.
Epoch: 166. Train Loss: 2.414003. Patience Count: 8.
Epoch: 167. Train Loss: 1.952931. Patience Count: 9.
Epoch: 168. Train Loss: 2.425937. Patience Count: 10.
Epoch: 169. Train Loss: 2.693026. Patience Count: 11.
Epoch: 170. Train Loss: 1.610787. Patience Count: 12.
Epoch: 171. Train Loss: 1.411761. best-save Patience Count: 0.
Epoch: 172. Train Loss: 1.685395. Patience Count: 1.
Epoch: 173. Train Loss: 2.424611. Patience Count: 2.
Epoch: 174. Train Loss: 1.923699. Patience Count: 3.
Epoch: 175. Train Loss: 1.695014. Patience Count: 4.
Epoch: 176. Train Loss: 1.970398. Patience Count: 5.
Epoch: 177. Train Loss: 2.351562. Patience Count: 6.
Epoch: 178. Train Loss: 1.890654. Patience Count: 7.
Epoch: 179. Train Loss: 2.156149. Patience Count: 8.
Epoch: 180. Train Loss: 1.415091. Patience Count: 9.
Epoch: 181. Train Loss: 1.760185. Patience Count: 10.
Epoch: 182. Train Loss: 1.573425. Patience Count: 11.
Epoch: 183. Train Loss: 1.778892. Patience Count: 12.
Epoch: 184. Train Loss: 2.517839. Patience Count: 13.
Epoch: 185. Train Loss: 2.224678. Patience Count: 14.
Epoch: 186. Train Loss: 1.998869. Patience Count: 15.
Epoch: 187. Train Loss: 1.258800. best-save Patience Count: 0.
Epoch: 188. Train Loss: 2.266720. Patience Count: 1.
Epoch: 189. Train Loss: 2.461002. Patience Count: 2.
Epoch: 190. Train Loss: 1.500063. Patience Count: 3.
Epoch: 191. Train Loss: 2.816834. Patience Count: 4.
Epoch: 192. Train Loss: 1.549878. Patience Count: 5.
Epoch: 193. Train Loss: 1.911032. Patience Count: 6.
Epoch: 194. Train Loss: 1.758348. Patience Count: 7.
Epoch: 195. Train Loss: 1.622570. Patience Count: 8.
Epoch: 196. Train Loss: 1.110017. best-save Patience Count: 0.
Epoch: 197. Train Loss: 1.300408. Patience Count: 1.
Epoch: 198. Train Loss: 1.459900. Patience Count: 2.
Epoch: 199. Train Loss: 1.517815. Patience Count: 3.
Epoch: 200. Train Loss: 1.525803. Patience Count: 4.
Epoch: 201. Train Loss: 1.314243. Patience Count: 5.
Epoch: 202. Train Loss: 1.490572. Patience Count: 6.
Epoch: 203. Train Loss: 1.376203. Patience Count: 7.
Epoch: 204. Train Loss: 0.879726. best-save Patience Count: 0.
Epoch: 205. Train Loss: 0.719659. best-save Patience Count: 0.
Epoch: 206. Train Loss: 0.954043. Patience Count: 1.
Epoch: 207. Train Loss: 0.860169. Patience Count: 2.
Epoch: 208. Train Loss: 0.548136. best-save Patience Count: 0.
Epoch: 209. Train Loss: 1.459221. Patience Count: 1.
Epoch: 210. Train Loss: 0.913991. Patience Count: 2.
Epoch: 211. Train Loss: 0.782459. Patience Count: 3.
Epoch: 212. Train Loss: 0.734035. Patience Count: 4.
Epoch: 213. Train Loss: 1.140249. Patience Count: 5.
Epoch: 214. Train Loss: 0.845349. Patience Count: 6.
Epoch: 215. Train Loss: 1.210161. Patience Count: 7.
Epoch: 216. Train Loss: 0.928998. Patience Count: 8.
Epoch: 217. Train Loss: 1.142471. Patience Count: 9.
Epoch: 218. Train Loss: 1.371116. Patience Count: 10.
Epoch: 219. Train Loss: 1.007249. Patience Count: 11.
Epoch: 220. Train Loss: 0.976529. Patience Count: 12.
Epoch: 221. Train Loss: 1.196331. Patience Count: 13.
Epoch: 222. Train Loss: 1.398559. Patience Count: 14.
Epoch: 223. Train Loss: 0.775147. Patience Count: 15.
Epoch: 224. Train Loss: 0.603991. Patience Count: 16.
Epoch: 225. Train Loss: 0.724284. Patience Count: 17.
Epoch: 226. Train Loss: 1.068367. Patience Count: 18.
Epoch: 227. Train Loss: 0.847918. Patience Count: 19.
Epoch: 228. Train Loss: 0.865950. Patience Count: 20.
Epoch: 229. Train Loss: 1.042707. Patience Count: 21.
Epoch: 230. Train Loss: 1.207823. Patience Count: 22.
Epoch: 231. Train Loss: 0.845989. Patience Count: 23.
Epoch: 232. Train Loss: 0.735977. Patience Count: 24.
Epoch: 233. Train Loss: 0.712606. Patience Count: 25.
Epoch: 234. Train Loss: 0.859994. Patience Count: 26.
Epoch: 235. Train Loss: 0.721837. Patience Count: 27.
Epoch: 236. Train Loss: 1.165048. Patience Count: 28.
Epoch: 237. Train Loss: 0.662330. Patience Count: 29.
Epoch: 238. Train Loss: 0.820503. Patience Count: 30.
Epoch: 239. Train Loss: 1.061895. Patience Count: 31.
Epoch: 240. Train Loss: 0.874518. Patience Count: 32.
Epoch: 241. Train Loss: 1.227931. Patience Count: 33.
Epoch: 242. Train Loss: 1.199946. Patience Count: 34.
Epoch: 243. Train Loss: 1.060780. Patience Count: 35.
Epoch: 244. Train Loss: 1.206649. Patience Count: 36.
Epoch: 245. Train Loss: 0.663336. Patience Count: 37.
Epoch: 246. Train Loss: 1.045704. Patience Count: 38.
Epoch: 247. Train Loss: 0.833415. Patience Count: 39.
Epoch: 248. Train Loss: 0.808242. Patience Count: 40.
Epoch: 249. Train Loss: 0.883319. Patience Count: 41.
Epoch: 250. Train Loss: 1.311017. Patience Count: 42.
Epoch: 251. Train Loss: 0.805179. Patience Count: 43.
Epoch: 252. Train Loss: 0.685459. Patience Count: 44.
Epoch: 253. Train Loss: 0.947204. Patience Count: 45.
Epoch: 254. Train Loss: 0.718282. Patience Count: 46.
Epoch: 255. Train Loss: 0.803551. Patience Count: 47.
Epoch: 256. Train Loss: 0.788294. Patience Count: 48.
Epoch: 257. Train Loss: 0.723328. Patience Count: 49.
Epoch: 258. Train Loss: 0.496490. best-save Patience Count: 0.
Epoch: 259. Train Loss: 0.339568. best-save Patience Count: 0.
Epoch: 260. Train Loss: 0.628423. Patience Count: 1.
Epoch: 261. Train Loss: 0.620851. Patience Count: 2.
Epoch: 262. Train Loss: 0.607935. Patience Count: 3.
Epoch: 263. Train Loss: 0.551262. Patience Count: 4.
Epoch: 264. Train Loss: 0.536828. Patience Count: 5.
Epoch: 265. Train Loss: 0.550892. Patience Count: 6.
Epoch: 266. Train Loss: 0.753339. Patience Count: 7.
Epoch: 267. Train Loss: 0.611779. Patience Count: 8.
Epoch: 268. Train Loss: 0.480328. Patience Count: 9.
Epoch: 269. Train Loss: 0.607000. Patience Count: 10.
Epoch: 270. Train Loss: 0.461865. Patience Count: 11.
Epoch: 271. Train Loss: 0.741480. Patience Count: 12.
Epoch: 272. Train Loss: 0.771427. Patience Count: 13.
Epoch: 273. Train Loss: 0.405346. Patience Count: 14.
Epoch: 274. Train Loss: 0.700747. Patience Count: 15.
Epoch: 275. Train Loss: 0.450970. Patience Count: 16.
Epoch: 276. Train Loss: 0.495554. Patience Count: 17.
Epoch: 277. Train Loss: 0.581989. Patience Count: 18.
Epoch: 278. Train Loss: 0.742981. Patience Count: 19.
Epoch: 279. Train Loss: 0.713768. Patience Count: 20.
Epoch: 280. Train Loss: 0.666546. Patience Count: 21.
Epoch: 281. Train Loss: 0.762590. Patience Count: 22.
Epoch: 282. Train Loss: 0.289608. best-save Patience Count: 0.
Epoch: 283. Train Loss: 0.651992. Patience Count: 1.
Epoch: 284. Train Loss: 0.570590. Patience Count: 2.
Epoch: 285. Train Loss: 0.501669. Patience Count: 3.
Epoch: 286. Train Loss: 0.758376. Patience Count: 4.
Epoch: 287. Train Loss: 0.697695. Patience Count: 5.
Epoch: 288. Train Loss: 0.612852. Patience Count: 6.
Epoch: 289. Train Loss: 0.307616. Patience Count: 7.
Epoch: 290. Train Loss: 0.434997. Patience Count: 8.
Epoch: 291. Train Loss: 0.481583. Patience Count: 9.
Epoch: 292. Train Loss: 0.576705. Patience Count: 10.
Epoch: 293. Train Loss: 0.670578. Patience Count: 11.
Epoch: 294. Train Loss: 0.579164. Patience Count: 12.
Epoch: 295. Train Loss: 0.681665. Patience Count: 13.
Epoch: 296. Train Loss: 0.239333. best-save Patience Count: 0.
Epoch: 297. Train Loss: 0.330025. Patience Count: 1.
Epoch: 298. Train Loss: 0.604645. Patience Count: 2.
Epoch: 299. Train Loss: 0.814671. Patience Count: 3.
Epoch: 300. Train Loss: 0.601647. Patience Count: 4.
Epoch: 301. Train Loss: 0.716667. Patience Count: 5.
Epoch: 302. Train Loss: 0.441567. Patience Count: 6.
Epoch: 303. Train Loss: 0.408265. Patience Count: 7.
Epoch: 304. Train Loss: 0.448620. Patience Count: 8.
Epoch: 305. Train Loss: 0.680782. Patience Count: 9.
Epoch: 306. Train Loss: 0.385978. Patience Count: 10.
Epoch: 307. Train Loss: 0.223081. best-save Patience Count: 0.
Epoch: 308. Train Loss: 0.288807. Patience Count: 1.
Epoch: 309. Train Loss: 0.255481. Patience Count: 2.
Epoch: 310. Train Loss: 0.426043. Patience Count: 3.
Epoch: 311. Train Loss: 0.356020. Patience Count: 4.
Epoch: 312. Train Loss: 0.378144. Patience Count: 5.
Epoch: 313. Train Loss: 0.672006. Patience Count: 6.
Epoch: 314. Train Loss: 0.322000. Patience Count: 7.
Epoch: 315. Train Loss: 0.711536. Patience Count: 8.
Epoch: 316. Train Loss: 0.328791. Patience Count: 9.
Epoch: 317. Train Loss: 0.406588. Patience Count: 10.
Epoch: 318. Train Loss: 0.444118. Patience Count: 11.
Epoch: 319. Train Loss: 0.271716. Patience Count: 12.
Epoch: 320. Train Loss: 0.400265. Patience Count: 13.
Epoch: 321. Train Loss: 0.434527. Patience Count: 14.
Epoch: 322. Train Loss: 0.282958. Patience Count: 15.
Epoch: 323. Train Loss: 0.272062. Patience Count: 16.
Epoch: 324. Train Loss: 0.671935. Patience Count: 17.
Epoch: 325. Train Loss: 0.287183. Patience Count: 18.
Epoch: 326. Train Loss: 0.369446. Patience Count: 19.
Epoch: 327. Train Loss: 0.466684. Patience Count: 20.
Epoch: 328. Train Loss: 0.529331. Patience Count: 21.
Epoch: 329. Train Loss: 0.522188. Patience Count: 22.
Epoch: 330. Train Loss: 0.539310. Patience Count: 23.
Epoch: 331. Train Loss: 0.380387. Patience Count: 24.
Epoch: 332. Train Loss: 0.345162. Patience Count: 25.
Epoch: 333. Train Loss: 0.465545. Patience Count: 26.
Epoch: 334. Train Loss: 0.432622. Patience Count: 27.
Epoch: 335. Train Loss: 0.624181. Patience Count: 28.
Epoch: 336. Train Loss: 0.515109. Patience Count: 29.
Epoch: 337. Train Loss: 0.374941. Patience Count: 30.
Epoch: 338. Train Loss: 0.380067. Patience Count: 31.
Epoch: 339. Train Loss: 0.356594. Patience Count: 32.
Epoch: 340. Train Loss: 0.625317. Patience Count: 33.
Epoch: 341. Train Loss: 0.374290. Patience Count: 34.
Epoch: 342. Train Loss: 0.368743. Patience Count: 35.
Epoch: 343. Train Loss: 0.393311. Patience Count: 36.
Epoch: 344. Train Loss: 0.365572. Patience Count: 37.
Epoch: 345. Train Loss: 0.421554. Patience Count: 38.
Epoch: 346. Train Loss: 0.341132. Patience Count: 39.
Epoch: 347. Train Loss: 0.447268. Patience Count: 40.
Epoch: 348. Train Loss: 0.466883. Patience Count: 41.
Epoch: 349. Train Loss: 0.294365. Patience Count: 42.
Epoch: 350. Train Loss: 0.345803. Patience Count: 43.
Epoch: 351. Train Loss: 0.400314. Patience Count: 44.
Epoch: 352. Train Loss: 0.266961. Patience Count: 45.
Epoch: 353. Train Loss: 0.544769. Patience Count: 46.
Epoch: 354. Train Loss: 0.267333. Patience Count: 47.
Epoch: 355. Train Loss: 0.268981. Patience Count: 48.
Epoch: 356. Train Loss: 0.491893. Patience Count: 49.
Epoch: 357. Train Loss: 0.323425. Patience Count: 50.
Epoch: 358. Train Loss: 0.498155. Patience Count: 51.
Epoch: 359. Train Loss: 0.176668. best-save Patience Count: 0.
Epoch: 360. Train Loss: 0.629113. Patience Count: 1.
Epoch: 361. Train Loss: 0.412158. Patience Count: 2.
Epoch: 362. Train Loss: 0.312944. Patience Count: 3.
Epoch: 363. Train Loss: 0.424510. Patience Count: 4.
Epoch: 364. Train Loss: 0.479480. Patience Count: 5.
Epoch: 365. Train Loss: 0.579774. Patience Count: 6.
Epoch: 366. Train Loss: 0.451317. Patience Count: 7.
Epoch: 367. Train Loss: 0.143054. best-save Patience Count: 0.
Epoch: 368. Train Loss: 0.386377. Patience Count: 1.
Epoch: 369. Train Loss: 0.418148. Patience Count: 2.
Epoch: 370. Train Loss: 0.355700. Patience Count: 3.
Epoch: 371. Train Loss: 0.486118. Patience Count: 4.
Epoch: 372. Train Loss: 0.192139. Patience Count: 5.
Epoch: 373. Train Loss: 0.506757. Patience Count: 6.
Epoch: 374. Train Loss: 0.687606. Patience Count: 7.
Epoch: 375. Train Loss: 0.448369. Patience Count: 8.
Epoch: 376. Train Loss: 0.154220. Patience Count: 9.
Epoch: 377. Train Loss: 0.329856. Patience Count: 10.
Epoch: 378. Train Loss: 0.218507. Patience Count: 11.
Epoch: 379. Train Loss: 0.409945. Patience Count: 12.
Epoch: 380. Train Loss: 0.372166. Patience Count: 13.
Epoch: 381. Train Loss: 0.403225. Patience Count: 14.
Epoch: 382. Train Loss: 0.544696. Patience Count: 15.
Epoch: 383. Train Loss: 0.305168. Patience Count: 16.
Epoch: 384. Train Loss: 0.194723. Patience Count: 17.
Epoch: 385. Train Loss: 0.372070. Patience Count: 18.
Epoch: 386. Train Loss: 0.250825. Patience Count: 19.
Epoch: 387. Train Loss: 0.399327. Patience Count: 20.
Epoch: 388. Train Loss: 0.352768. Patience Count: 21.
Epoch: 389. Train Loss: 0.427601. Patience Count: 22.
Epoch: 390. Train Loss: 0.674478. Patience Count: 23.
Epoch: 391. Train Loss: 0.249521. Patience Count: 24.
Epoch: 392. Train Loss: 0.382068. Patience Count: 25.
Epoch: 393. Train Loss: 0.340167. Patience Count: 26.
Epoch: 394. Train Loss: 0.267877. Patience Count: 27.
Epoch: 395. Train Loss: 0.512049. Patience Count: 28.
Epoch: 396. Train Loss: 0.528959. Patience Count: 29.
Epoch: 397. Train Loss: 0.360348. Patience Count: 30.
Epoch: 398. Train Loss: 0.398310. Patience Count: 31.
Epoch: 399. Train Loss: 0.348516. Patience Count: 32.
Epoch: 400. Train Loss: 0.469462. Patience Count: 33.
Epoch: 401. Train Loss: 0.354540. Patience Count: 34.
Epoch: 402. Train Loss: 0.538138. Patience Count: 35.
Epoch: 403. Train Loss: 0.304935. Patience Count: 36.
Epoch: 404. Train Loss: 0.313634. Patience Count: 37.
Epoch: 405. Train Loss: 0.392734. Patience Count: 38.
Epoch: 406. Train Loss: 0.399554. Patience Count: 39.
Epoch: 407. Train Loss: 0.284781. Patience Count: 40.
Epoch: 408. Train Loss: 0.390674. Patience Count: 41.
Epoch: 409. Train Loss: 0.304499. Patience Count: 42.
Epoch: 410. Train Loss: 0.313270. Patience Count: 43.
Epoch: 411. Train Loss: 0.428426. Patience Count: 44.
Epoch: 412. Train Loss: 0.348222. Patience Count: 45.
Epoch: 413. Train Loss: 0.391902. Patience Count: 46.
Epoch: 414. Train Loss: 0.340171. Patience Count: 47.
Epoch: 415. Train Loss: 0.465260. Patience Count: 48.
Epoch: 416. Train Loss: 0.307687. Patience Count: 49.
Epoch: 417. Train Loss: 0.420797. Patience Count: 50.
Epoch: 418. Train Loss: 0.450063. Patience Count: 51.
Epoch: 419. Train Loss: 0.286456. Patience Count: 52.
Epoch: 420. Train Loss: 0.254912. Patience Count: 53.
Epoch: 421. Train Loss: 0.450438. Patience Count: 54.
Epoch: 422. Train Loss: 0.191449. Patience Count: 55.
Epoch: 423. Train Loss: 0.313042. Patience Count: 56.
Epoch: 424. Train Loss: 0.226881. Patience Count: 57.
Epoch: 425. Train Loss: 0.265992. Patience Count: 58.
Epoch: 426. Train Loss: 0.118774. best-save Patience Count: 0.
Epoch: 427. Train Loss: 0.365663. Patience Count: 1.
Epoch: 428. Train Loss: 0.232880. Patience Count: 2.
Epoch: 429. Train Loss: 0.276267. Patience Count: 3.
Epoch: 430. Train Loss: 0.281043. Patience Count: 4.
Epoch: 431. Train Loss: 0.342252. Patience Count: 5.
Epoch: 432. Train Loss: 0.465339. Patience Count: 6.
Epoch: 433. Train Loss: 0.245007. Patience Count: 7.
Epoch: 434. Train Loss: 0.532220. Patience Count: 8.
Epoch: 435. Train Loss: 0.375395. Patience Count: 9.
Epoch: 436. Train Loss: 0.354262. Patience Count: 10.
Epoch: 437. Train Loss: 0.344716. Patience Count: 11.
Epoch: 438. Train Loss: 0.269222. Patience Count: 12.
Epoch: 439. Train Loss: 0.394522. Patience Count: 13.
Epoch: 440. Train Loss: 0.154895. Patience Count: 14.
Epoch: 441. Train Loss: 0.405578. Patience Count: 15.
Epoch: 442. Train Loss: 0.434221. Patience Count: 16.
Epoch: 443. Train Loss: 0.410947. Patience Count: 17.
Epoch: 444. Train Loss: 0.393240. Patience Count: 18.
Epoch: 445. Train Loss: 0.253983. Patience Count: 19.
Epoch: 446. Train Loss: 0.280857. Patience Count: 20.
Epoch: 447. Train Loss: 0.324628. Patience Count: 21.
Epoch: 448. Train Loss: 0.392103. Patience Count: 22.
Epoch: 449. Train Loss: 0.384293. Patience Count: 23.
Epoch: 450. Train Loss: 0.259251. Patience Count: 24.
Epoch: 451. Train Loss: 0.239398. Patience Count: 25.
Epoch: 452. Train Loss: 0.231574. Patience Count: 26.
Epoch: 453. Train Loss: 0.421500. Patience Count: 27.
Epoch: 454. Train Loss: 0.305101. Patience Count: 28.
Epoch: 455. Train Loss: 0.228553. Patience Count: 29.
Epoch: 456. Train Loss: 0.262878. Patience Count: 30.
Epoch: 457. Train Loss: 0.200731. Patience Count: 31.
Epoch: 458. Train Loss: 0.374927. Patience Count: 32.
Epoch: 459. Train Loss: 0.316017. Patience Count: 33.
Epoch: 460. Train Loss: 0.388897. Patience Count: 34.
Epoch: 461. Train Loss: 0.420515. Patience Count: 35.
Epoch: 462. Train Loss: 0.212123. Patience Count: 36.
Epoch: 463. Train Loss: 0.196254. Patience Count: 37.
Epoch: 464. Train Loss: 0.387347. Patience Count: 38.
Epoch: 465. Train Loss: 0.285008. Patience Count: 39.
Epoch: 466. Train Loss: 0.338365. Patience Count: 40.
Epoch: 467. Train Loss: 0.364105. Patience Count: 41.
Epoch: 468. Train Loss: 0.368753. Patience Count: 42.
Epoch: 469. Train Loss: 0.356574. Patience Count: 43.
Epoch: 470. Train Loss: 0.299996. Patience Count: 44.
Epoch: 471. Train Loss: 0.155785. Patience Count: 45.
Epoch: 472. Train Loss: 0.148959. Patience Count: 46.
Epoch: 473. Train Loss: 0.232654. Patience Count: 47.
Epoch: 474. Train Loss: 0.311039. Patience Count: 48.
Epoch: 475. Train Loss: 0.194869. Patience Count: 49.
Epoch: 476. Train Loss: 0.477261. Patience Count: 50.
Epoch: 477. Train Loss: 0.503394. Patience Count: 51.
Epoch: 478. Train Loss: 0.164038. Patience Count: 52.
Epoch: 479. Train Loss: 0.574670. Patience Count: 53.
Epoch: 480. Train Loss: 0.248267. Patience Count: 54.
Epoch: 481. Train Loss: 0.368089. Patience Count: 55.
Epoch: 482. Train Loss: 0.301981. Patience Count: 56.
Epoch: 483. Train Loss: 0.303960. Patience Count: 57.
Epoch: 484. Train Loss: 0.145743. Patience Count: 58.
Epoch: 485. Train Loss: 0.435018. Patience Count: 59.
Epoch: 486. Train Loss: 0.293873. Patience Count: 60.
Epoch: 487. Train Loss: 0.371825. Patience Count: 61.
Epoch: 488. Train Loss: 0.201060. Patience Count: 62.
Epoch: 489. Train Loss: 0.350611. Patience Count: 63.
Epoch: 490. Train Loss: 0.269602. Patience Count: 64.
Epoch: 491. Train Loss: 0.351567. Patience Count: 65.
Epoch: 492. Train Loss: 0.328016. Patience Count: 66.
Epoch: 493. Train Loss: 0.495129. Patience Count: 67.
Epoch: 494. Train Loss: 0.540957. Patience Count: 68.
Epoch: 495. Train Loss: 0.296768. Patience Count: 69.
Epoch: 496. Train Loss: 0.158551. Patience Count: 70.
Epoch: 497. Train Loss: 0.354225. Patience Count: 71.
Epoch: 498. Train Loss: 0.226057. Patience Count: 72.
Epoch: 499. Train Loss: 0.303147. Patience Count: 73.
Epoch: 500. Train Loss: 0.156414. Patience Count: 74.
Epoch: 501. Train Loss: 0.384458. Eval Loss: 17.571537.Patience Count: 75.
Epoch: 502. Train Loss: 0.452952. Patience Count: 76.
Epoch: 503. Train Loss: 0.397742. Patience Count: 77.
Epoch: 504. Train Loss: 0.242255. Patience Count: 78.
Epoch: 505. Train Loss: 0.382866. Patience Count: 79.
Epoch: 506. Train Loss: 0.246628. Patience Count: 80.
dist.destroy_process_group()
Epoch: 507. Train Loss: 0.415581. Patience Count: 81.Stop Early, patience has been running out.
dist.destroy_process_group()
