| distributed init (rank 0): env://, gpu 0
| distributed init (rank 1): env://, gpu 1
world_size: 2, gpu: 0
Using 8 dataloader workers every process
Epoch: 1. Train Loss: 319.128591. best-save Patience Count: 0.
Epoch: 2. Train Loss: 280.370990. best-save Patience Count: 0.
Epoch: 3. Train Loss: 267.037994. best-save Patience Count: 0.
Epoch: 4. Train Loss: 261.456758. best-save Patience Count: 0.
Epoch: 5. Train Loss: 254.410729. best-save Patience Count: 0.
Epoch: 6. Train Loss: 249.491351. best-save Patience Count: 0.
Epoch: 7. Train Loss: 245.297429. best-save Patience Count: 0.
Epoch: 8. Train Loss: 243.560783. best-save Patience Count: 0.
Epoch: 9. Train Loss: 239.997154. best-save Patience Count: 0.
Epoch: 10. Train Loss: 236.759826. best-save Patience Count: 0.
Epoch: 11. Train Loss: 233.885920. best-save Patience Count: 0.
Epoch: 12. Train Loss: 230.615403. best-save Patience Count: 0.
Epoch: 13. Train Loss: 228.785975. best-save Patience Count: 0.
Epoch: 14. Train Loss: 224.010308. best-save Patience Count: 0.
Epoch: 15. Train Loss: 223.062232. best-save Patience Count: 0.
Epoch: 16. Train Loss: 216.474144. best-save Patience Count: 0.
Epoch: 17. Train Loss: 216.576843. Patience Count: 1.
Epoch: 18. Train Loss: 215.227659. best-save Patience Count: 0.
Epoch: 19. Train Loss: 213.090290. best-save Patience Count: 0.
Epoch: 20. Train Loss: 206.778216. best-save Patience Count: 0.
Epoch: 21. Train Loss: 204.593587. best-save Patience Count: 0.
Epoch: 22. Train Loss: 204.941846. Patience Count: 1.
Epoch: 23. Train Loss: 198.891252. best-save Patience Count: 0.
Epoch: 24. Train Loss: 197.727304. best-save Patience Count: 0.
Epoch: 25. Train Loss: 194.657218. best-save Patience Count: 0.
Epoch: 26. Train Loss: 191.117693. best-save Patience Count: 0.
Epoch: 27. Train Loss: 187.906844. best-save Patience Count: 0.
Epoch: 28. Train Loss: 185.976589. best-save Patience Count: 0.
Epoch: 29. Train Loss: 181.920500. best-save Patience Count: 0.
Epoch: 30. Train Loss: 178.179280. best-save Patience Count: 0.
Epoch: 31. Train Loss: 174.019596. best-save Patience Count: 0.
Epoch: 32. Train Loss: 173.699910. best-save Patience Count: 0.
Epoch: 33. Train Loss: 172.641951. best-save Patience Count: 0.
Epoch: 34. Train Loss: 167.588564. best-save Patience Count: 0.
Epoch: 35. Train Loss: 165.363542. best-save Patience Count: 0.
Epoch: 36. Train Loss: 163.947391. best-save Patience Count: 0.
Epoch: 37. Train Loss: 158.681435. best-save Patience Count: 0.
Epoch: 38. Train Loss: 157.344681. best-save Patience Count: 0.
Epoch: 39. Train Loss: 153.253957. best-save Patience Count: 0.
Epoch: 40. Train Loss: 151.601721. best-save Patience Count: 0.
Epoch: 41. Train Loss: 145.905127. best-save Patience Count: 0.
Epoch: 42. Train Loss: 144.776572. best-save Patience Count: 0.
Epoch: 43. Train Loss: 141.916617. best-save Patience Count: 0.
Epoch: 44. Train Loss: 138.735129. best-save Patience Count: 0.
Epoch: 45. Train Loss: 140.543610. Patience Count: 1.
Epoch: 46. Train Loss: 134.059572. best-save Patience Count: 0.
Epoch: 47. Train Loss: 133.646966. best-save Patience Count: 0.
Epoch: 48. Train Loss: 131.812917. best-save Patience Count: 0.
Epoch: 49. Train Loss: 130.122894. best-save Patience Count: 0.
Epoch: 50. Train Loss: 125.961535. best-save Patience Count: 0.
Epoch: 51. Train Loss: 113.266111. best-save Patience Count: 0.
Epoch: 52. Train Loss: 106.828253. best-save Patience Count: 0.
Epoch: 53. Train Loss: 104.267885. best-save Patience Count: 0.
Epoch: 54. Train Loss: 104.010597. best-save Patience Count: 0.
Epoch: 55. Train Loss: 100.323457. best-save Patience Count: 0.
Epoch: 56. Train Loss: 98.689592. best-save Patience Count: 0.
Epoch: 57. Train Loss: 97.819808. best-save Patience Count: 0.
Epoch: 58. Train Loss: 93.417216. best-save Patience Count: 0.
Epoch: 59. Train Loss: 93.909221. Patience Count: 1.
Epoch: 60. Train Loss: 91.701564. best-save Patience Count: 0.
Epoch: 61. Train Loss: 89.105952. best-save Patience Count: 0.
Epoch: 62. Train Loss: 88.029642. best-save Patience Count: 0.
Epoch: 63. Train Loss: 87.415367. best-save Patience Count: 0.
Epoch: 64. Train Loss: 86.057976. best-save Patience Count: 0.
Epoch: 65. Train Loss: 83.782673. best-save Patience Count: 0.
Epoch: 66. Train Loss: 84.313938. Patience Count: 1.
Epoch: 67. Train Loss: 83.430349. best-save Patience Count: 0.
Epoch: 68. Train Loss: 81.149503. best-save Patience Count: 0.
Epoch: 69. Train Loss: 79.750236. best-save Patience Count: 0.
Epoch: 70. Train Loss: 77.825619. best-save Patience Count: 0.
Epoch: 71. Train Loss: 77.601572. best-save Patience Count: 0.
Epoch: 72. Train Loss: 77.326871. best-save Patience Count: 0.
Epoch: 73. Train Loss: 75.722625. best-save Patience Count: 0.
Epoch: 74. Train Loss: 76.103974. Patience Count: 1.
Epoch: 75. Train Loss: 72.650788. best-save Patience Count: 0.
Epoch: 76. Train Loss: 73.191105. Patience Count: 1.
Epoch: 77. Train Loss: 71.467799. best-save Patience Count: 0.
Epoch: 78. Train Loss: 69.379716. best-save Patience Count: 0.
Epoch: 79. Train Loss: 69.100120. best-save Patience Count: 0.
Epoch: 80. Train Loss: 70.467400. Patience Count: 1.
Epoch: 81. Train Loss: 66.262948. best-save Patience Count: 0.
Epoch: 82. Train Loss: 65.090362. best-save Patience Count: 0.
Epoch: 83. Train Loss: 66.040112. Patience Count: 1.
Epoch: 84. Train Loss: 63.610068. best-save Patience Count: 0.
Epoch: 85. Train Loss: 65.479861. Patience Count: 1.
Epoch: 86. Train Loss: 62.375448. best-save Patience Count: 0.
Epoch: 87. Train Loss: 62.225973. best-save Patience Count: 0.
Epoch: 88. Train Loss: 62.195611. best-save Patience Count: 0.
Epoch: 89. Train Loss: 62.338336. Patience Count: 1.
Epoch: 90. Train Loss: 60.196517. best-save Patience Count: 0.
Epoch: 91. Train Loss: 58.825789. best-save Patience Count: 0.
Epoch: 92. Train Loss: 58.773659. best-save Patience Count: 0.
Epoch: 93. Train Loss: 58.603767. best-save Patience Count: 0.
Epoch: 94. Train Loss: 57.799747. best-save Patience Count: 0.
Epoch: 95. Train Loss: 55.818727. best-save Patience Count: 0.
Epoch: 96. Train Loss: 55.451564. best-save Patience Count: 0.
Epoch: 97. Train Loss: 56.791112. Patience Count: 1.
Epoch: 98. Train Loss: 52.248598. best-save Patience Count: 0.
Epoch: 99. Train Loss: 54.292410. Patience Count: 1.
Epoch: 100. Train Loss: 54.839519. Patience Count: 2.
Epoch: 101. Train Loss: 46.610072. best-save Patience Count: 0.
Epoch: 102. Train Loss: 43.226927. best-save Patience Count: 0.
Epoch: 103. Train Loss: 43.620481. Patience Count: 1.
Epoch: 104. Train Loss: 41.474596. best-save Patience Count: 0.
Epoch: 105. Train Loss: 41.626146. Patience Count: 1.
Epoch: 106. Train Loss: 41.515293. Patience Count: 2.
Epoch: 107. Train Loss: 40.745962. best-save Patience Count: 0.
Epoch: 108. Train Loss: 40.292925. best-save Patience Count: 0.
Epoch: 109. Train Loss: 41.017604. Patience Count: 1.
Epoch: 110. Train Loss: 40.751324. Patience Count: 2.
Epoch: 111. Train Loss: 39.790014. best-save Patience Count: 0.
Epoch: 112. Train Loss: 39.074964. best-save Patience Count: 0.
Epoch: 113. Train Loss: 36.963807. best-save Patience Count: 0.
Epoch: 114. Train Loss: 37.406805. Patience Count: 1.
Epoch: 115. Train Loss: 36.999869. Patience Count: 2.
Epoch: 116. Train Loss: 37.196168. Patience Count: 3.
Epoch: 117. Train Loss: 37.345669. Patience Count: 4.
Epoch: 118. Train Loss: 35.724016. best-save Patience Count: 0.
Epoch: 119. Train Loss: 35.396186. best-save Patience Count: 0.
Epoch: 120. Train Loss: 36.706580. Patience Count: 1.
Epoch: 121. Train Loss: 34.883748. best-save Patience Count: 0.
Epoch: 122. Train Loss: 34.299976. best-save Patience Count: 0.
Epoch: 123. Train Loss: 35.478144. Patience Count: 1.
Epoch: 124. Train Loss: 36.802300. Patience Count: 2.
Epoch: 125. Train Loss: 33.157704. best-save Patience Count: 0.
Epoch: 126. Train Loss: 34.112566. Patience Count: 1.
Epoch: 127. Train Loss: 33.863652. Patience Count: 2.
Epoch: 128. Train Loss: 32.752493. best-save Patience Count: 0.
Epoch: 129. Train Loss: 33.718595. Patience Count: 1.
Epoch: 130. Train Loss: 35.001726. Patience Count: 2.
Epoch: 131. Train Loss: 34.546149. Patience Count: 3.
Epoch: 132. Train Loss: 32.920938. Patience Count: 4.
Epoch: 133. Train Loss: 32.716064. best-save Patience Count: 0.
Epoch: 134. Train Loss: 32.058238. best-save Patience Count: 0.
Epoch: 135. Train Loss: 33.770921. Patience Count: 1.
Epoch: 136. Train Loss: 32.387260. Patience Count: 2.
Epoch: 137. Train Loss: 31.613884. best-save Patience Count: 0.
Epoch: 138. Train Loss: 32.326143. Patience Count: 1.
Epoch: 139. Train Loss: 33.028253. Patience Count: 2.
Epoch: 140. Train Loss: 30.998020. best-save Patience Count: 0.
Epoch: 141. Train Loss: 30.459048. best-save Patience Count: 0.
Epoch: 142. Train Loss: 30.208635. best-save Patience Count: 0.
Epoch: 143. Train Loss: 29.784488. best-save Patience Count: 0.
Epoch: 144. Train Loss: 31.865835. Patience Count: 1.
Epoch: 145. Train Loss: 29.880709. Patience Count: 2.
Epoch: 146. Train Loss: 30.382009. Patience Count: 3.
Epoch: 147. Train Loss: 30.535657. Patience Count: 4.
Epoch: 148. Train Loss: 30.771350. Patience Count: 5.
Epoch: 149. Train Loss: 29.798823. Patience Count: 6.
Epoch: 150. Train Loss: 29.817155. Patience Count: 7.
Epoch: 151. Train Loss: 26.671970. best-save Patience Count: 0.
Epoch: 152. Train Loss: 24.467240. best-save Patience Count: 0.
Epoch: 153. Train Loss: 24.142046. best-save Patience Count: 0.
Epoch: 154. Train Loss: 25.113008. Patience Count: 1.
Epoch: 155. Train Loss: 25.443774. Patience Count: 2.
Epoch: 156. Train Loss: 23.953905. best-save Patience Count: 0.
Epoch: 157. Train Loss: 24.085773. Patience Count: 1.
Epoch: 158. Train Loss: 24.172797. Patience Count: 2.
Epoch: 159. Train Loss: 24.128261. Patience Count: 3.
Epoch: 160. Train Loss: 22.215450. best-save Patience Count: 0.
Epoch: 161. Train Loss: 23.659463. Patience Count: 1.
Epoch: 162. Train Loss: 22.658728. Patience Count: 2.
Epoch: 163. Train Loss: 22.664055. Patience Count: 3.
Epoch: 164. Train Loss: 22.715664. Patience Count: 4.
Epoch: 165. Train Loss: 22.401474. Patience Count: 5.
Epoch: 166. Train Loss: 23.760646. Patience Count: 6.
Epoch: 167. Train Loss: 24.035091. Patience Count: 7.
Epoch: 168. Train Loss: 21.866298. best-save Patience Count: 0.
Epoch: 169. Train Loss: 22.783900. Patience Count: 1.
Epoch: 170. Train Loss: 22.203312. Patience Count: 2.
Epoch: 171. Train Loss: 23.432670. Patience Count: 3.
Epoch: 172. Train Loss: 21.864222. best-save Patience Count: 0.
Epoch: 173. Train Loss: 23.378763. Patience Count: 1.
Epoch: 174. Train Loss: 22.860199. Patience Count: 2.
Epoch: 175. Train Loss: 22.402169. Patience Count: 3.
Epoch: 176. Train Loss: 22.310901. Patience Count: 4.
Epoch: 177. Train Loss: 22.679260. Patience Count: 5.
Epoch: 178. Train Loss: 24.013007. Patience Count: 6.
Epoch: 179. Train Loss: 21.462993. best-save Patience Count: 0.
Epoch: 180. Train Loss: 20.900943. best-save Patience Count: 0.
Epoch: 181. Train Loss: 21.475792. Patience Count: 1.
Epoch: 182. Train Loss: 20.278217. best-save Patience Count: 0.
Epoch: 183. Train Loss: 21.962485. Patience Count: 1.
Epoch: 184. Train Loss: 21.519944. Patience Count: 2.
Epoch: 185. Train Loss: 19.861995. best-save Patience Count: 0.
Epoch: 186. Train Loss: 20.914521. Patience Count: 1.
Epoch: 187. Train Loss: 20.364475. Patience Count: 2.
Epoch: 188. Train Loss: 20.904281. Patience Count: 3.
Epoch: 189. Train Loss: 21.964472. Patience Count: 4.
Epoch: 190. Train Loss: 20.435267. Patience Count: 5.
Epoch: 191. Train Loss: 20.662384. Patience Count: 6.
Epoch: 192. Train Loss: 22.018625. Patience Count: 7.
Epoch: 193. Train Loss: 20.636320. Patience Count: 8.
Epoch: 194. Train Loss: 21.258269. Patience Count: 9.
Epoch: 195. Train Loss: 21.349054. Patience Count: 10.
Epoch: 196. Train Loss: 20.141716. Patience Count: 11.
Epoch: 197. Train Loss: 18.898150. best-save Patience Count: 0.
Epoch: 198. Train Loss: 20.398696. Patience Count: 1.
Epoch: 199. Train Loss: 20.428686. Patience Count: 2.
Epoch: 200. Train Loss: 19.979872. Patience Count: 3.
Epoch: 201. Train Loss: 18.958797. Patience Count: 4.
Epoch: 202. Train Loss: 18.804376. best-save Patience Count: 0.
Epoch: 203. Train Loss: 18.383206. best-save Patience Count: 0.
Epoch: 204. Train Loss: 18.973211. Patience Count: 1.
Epoch: 205. Train Loss: 18.538211. Patience Count: 2.
Epoch: 206. Train Loss: 18.703622. Patience Count: 3.
Epoch: 207. Train Loss: 16.258798. best-save Patience Count: 0.
Epoch: 208. Train Loss: 18.303859. Patience Count: 1.
Epoch: 209. Train Loss: 17.848580. Patience Count: 2.
Epoch: 210. Train Loss: 17.266656. Patience Count: 3.
Epoch: 211. Train Loss: 18.404401. Patience Count: 4.
Epoch: 212. Train Loss: 16.793981. Patience Count: 5.
Epoch: 213. Train Loss: 15.654098. best-save Patience Count: 0.
Epoch: 214. Train Loss: 17.778389. Patience Count: 1.
Epoch: 215. Train Loss: 16.741307. Patience Count: 2.
Epoch: 216. Train Loss: 16.524478. Patience Count: 3.
Epoch: 217. Train Loss: 17.473761. Patience Count: 4.
Epoch: 218. Train Loss: 18.273843. Patience Count: 5.
Epoch: 219. Train Loss: 17.561242. Patience Count: 6.
Epoch: 220. Train Loss: 17.137181. Patience Count: 7.
Epoch: 221. Train Loss: 17.508662. Patience Count: 8.
Epoch: 222. Train Loss: 17.167648. Patience Count: 9.
Epoch: 223. Train Loss: 16.970908. Patience Count: 10.
Epoch: 224. Train Loss: 17.492423. Patience Count: 11.
Epoch: 225. Train Loss: 16.322572. Patience Count: 12.
Epoch: 226. Train Loss: 18.055081. Patience Count: 13.
Epoch: 227. Train Loss: 16.019428. Patience Count: 14.
Epoch: 228. Train Loss: 15.234669. best-save Patience Count: 0.
Epoch: 229. Train Loss: 16.553119. Patience Count: 1.
Epoch: 230. Train Loss: 14.472242. best-save Patience Count: 0.
Epoch: 231. Train Loss: 16.177700. Patience Count: 1.
Epoch: 232. Train Loss: 17.261216. Patience Count: 2.
Epoch: 233. Train Loss: 15.484785. Patience Count: 3.
Epoch: 234. Train Loss: 16.037498. Patience Count: 4.
Epoch: 235. Train Loss: 16.043197. Patience Count: 5.
Epoch: 236. Train Loss: 16.573843. Patience Count: 6.
Epoch: 237. Train Loss: 15.856256. Patience Count: 7.
Epoch: 238. Train Loss: 16.332208. Patience Count: 8.
Epoch: 239. Train Loss: 16.672198. Patience Count: 9.
Epoch: 240. Train Loss: 16.101607. Patience Count: 10.
Epoch: 241. Train Loss: 16.867617. Patience Count: 11.
Epoch: 242. Train Loss: 16.474500. Patience Count: 12.
Epoch: 243. Train Loss: 16.581469. Patience Count: 13.
Epoch: 244. Train Loss: 15.833640. Patience Count: 14.
Epoch: 245. Train Loss: 14.652235. Patience Count: 15.
Epoch: 246. Train Loss: 16.643623. Patience Count: 16.
Epoch: 247. Train Loss: 15.229745. Patience Count: 17.
Epoch: 248. Train Loss: 16.167341. Patience Count: 18.
Epoch: 249. Train Loss: 14.958099. Patience Count: 19.
Epoch: 250. Train Loss: 15.219388. Patience Count: 20.
Epoch: 251. Train Loss: 15.143637. Patience Count: 21.
Epoch: 252. Train Loss: 14.384554. best-save Patience Count: 0.
Epoch: 253. Train Loss: 15.766493. Patience Count: 1.
Epoch: 254. Train Loss: 14.190426. best-save Patience Count: 0.
Epoch: 255. Train Loss: 13.979181. best-save Patience Count: 0.
Epoch: 256. Train Loss: 15.085671. Patience Count: 1.
Epoch: 257. Train Loss: 14.276186. Patience Count: 2.
Epoch: 258. Train Loss: 13.718727. best-save Patience Count: 0.
Epoch: 259. Train Loss: 12.938540. best-save Patience Count: 0.
Epoch: 260. Train Loss: 15.014637. Patience Count: 1.
Epoch: 261. Train Loss: 13.853297. Patience Count: 2.
Epoch: 262. Train Loss: 14.745965. Patience Count: 3.
Epoch: 263. Train Loss: 13.553890. Patience Count: 4.
Epoch: 264. Train Loss: 15.150312. Patience Count: 5.
Epoch: 265. Train Loss: 13.522246. Patience Count: 6.
Epoch: 266. Train Loss: 13.859887. Patience Count: 7.
Epoch: 267. Train Loss: 13.041097. Patience Count: 8.
Epoch: 268. Train Loss: 14.473128. Patience Count: 9.
Epoch: 269. Train Loss: 13.275819. Patience Count: 10.
Epoch: 270. Train Loss: 14.595465. Patience Count: 11.
Epoch: 271. Train Loss: 12.717309. best-save Patience Count: 0.
Epoch: 272. Train Loss: 13.438474. Patience Count: 1.
Epoch: 273. Train Loss: 12.843366. Patience Count: 2.
Epoch: 274. Train Loss: 14.267415. Patience Count: 3.
Epoch: 275. Train Loss: 14.242814. Patience Count: 4.
Epoch: 276. Train Loss: 15.225578. Patience Count: 5.
Epoch: 277. Train Loss: 14.074045. Patience Count: 6.
Epoch: 278. Train Loss: 14.165681. Patience Count: 7.
Epoch: 279. Train Loss: 13.915567. Patience Count: 8.
Epoch: 280. Train Loss: 13.986481. Patience Count: 9.
Epoch: 281. Train Loss: 14.687257. Patience Count: 10.
Epoch: 282. Train Loss: 13.971670. Patience Count: 11.
Epoch: 283. Train Loss: 13.450913. Patience Count: 12.
Epoch: 284. Train Loss: 14.514398. Patience Count: 13.
Epoch: 285. Train Loss: 14.857068. Patience Count: 14.
Epoch: 286. Train Loss: 13.622960. Patience Count: 15.
Epoch: 287. Train Loss: 12.955624. Patience Count: 16.
Epoch: 288. Train Loss: 12.738417. Patience Count: 17.
Epoch: 289. Train Loss: 14.225490. Patience Count: 18.
Epoch: 290. Train Loss: 13.889830. Patience Count: 19.
Epoch: 291. Train Loss: 14.122118. Patience Count: 20.
Epoch: 292. Train Loss: 13.974379. Patience Count: 21.
Epoch: 293. Train Loss: 15.165160. Patience Count: 22.
Epoch: 294. Train Loss: 14.129080. Patience Count: 23.
Epoch: 295. Train Loss: 13.791208. Patience Count: 24.
Epoch: 296. Train Loss: 14.606374. Patience Count: 25.
Epoch: 297. Train Loss: 12.614169. best-save Patience Count: 0.
Epoch: 298. Train Loss: 13.766538. Patience Count: 1.
Epoch: 299. Train Loss: 14.061975. Patience Count: 2.
Epoch: 300. Train Loss: 13.054500. Patience Count: 3.
Epoch: 301. Train Loss: 14.144024. Patience Count: 4.
Epoch: 302. Train Loss: 11.880554. best-save Patience Count: 0.
Epoch: 303. Train Loss: 13.153967. Patience Count: 1.
Epoch: 304. Train Loss: 14.337730. Patience Count: 2.
Epoch: 305. Train Loss: 13.378228. Patience Count: 3.
Epoch: 306. Train Loss: 12.176290. Patience Count: 4.
Epoch: 307. Train Loss: 12.465711. Patience Count: 5.
Epoch: 308. Train Loss: 12.837460. Patience Count: 6.
Epoch: 309. Train Loss: 14.407402. Patience Count: 7.
Epoch: 310. Train Loss: 13.209672. Patience Count: 8.
Epoch: 311. Train Loss: 12.407367. Patience Count: 9.
Epoch: 312. Train Loss: 13.348295. Patience Count: 10.
Epoch: 313. Train Loss: 12.264323. Patience Count: 11.
Epoch: 314. Train Loss: 11.859728. best-save Patience Count: 0.
Epoch: 315. Train Loss: 13.554200. Patience Count: 1.
Epoch: 316. Train Loss: 13.843906. Patience Count: 2.
Epoch: 317. Train Loss: 13.535227. Patience Count: 3.
Epoch: 318. Train Loss: 13.074400. Patience Count: 4.
Epoch: 319. Train Loss: 13.043975. Patience Count: 5.
Epoch: 320. Train Loss: 12.223761. Patience Count: 6.
Epoch: 321. Train Loss: 11.672958. best-save Patience Count: 0.
Epoch: 322. Train Loss: 13.002635. Patience Count: 1.
Epoch: 323. Train Loss: 12.148699. Patience Count: 2.
Epoch: 324. Train Loss: 12.567905. Patience Count: 3.
Epoch: 325. Train Loss: 13.405309. Patience Count: 4.
Epoch: 326. Train Loss: 13.986871. Patience Count: 5.
Epoch: 327. Train Loss: 13.080288. Patience Count: 6.
Epoch: 328. Train Loss: 12.961772. Patience Count: 7.
Epoch: 329. Train Loss: 13.312167. Patience Count: 8.
Epoch: 330. Train Loss: 12.585670. Patience Count: 9.
Epoch: 331. Train Loss: 12.976651. Patience Count: 10.
Epoch: 332. Train Loss: 13.288992. Patience Count: 11.
Epoch: 333. Train Loss: 13.321240. Patience Count: 12.
Epoch: 334. Train Loss: 12.301655. Patience Count: 13.
Epoch: 335. Train Loss: 12.257029. Patience Count: 14.
Epoch: 336. Train Loss: 11.834984. Patience Count: 15.
Epoch: 337. Train Loss: 12.411624. Patience Count: 16.
Epoch: 338. Train Loss: 11.467336. best-save Patience Count: 0.
Epoch: 339. Train Loss: 12.784324. Patience Count: 1.
Epoch: 340. Train Loss: 12.961964. Patience Count: 2.
Epoch: 341. Train Loss: 12.473535. Patience Count: 3.
Epoch: 342. Train Loss: 13.348911. Patience Count: 4.
Epoch: 343. Train Loss: 11.830187. Patience Count: 5.
Epoch: 344. Train Loss: 12.969327. Patience Count: 6.
Epoch: 345. Train Loss: 11.989747. Patience Count: 7.
Epoch: 346. Train Loss: 12.905044. Patience Count: 8.
Epoch: 347. Train Loss: 11.845882. Patience Count: 9.
Epoch: 348. Train Loss: 13.424659. Patience Count: 10.
Epoch: 349. Train Loss: 13.242586. Patience Count: 11.
Epoch: 350. Train Loss: 12.688682. Patience Count: 12.
Epoch: 351. Train Loss: 12.033217. Patience Count: 13.
Epoch: 352. Train Loss: 13.046073. Patience Count: 14.
Epoch: 353. Train Loss: 11.866097. Patience Count: 15.
Epoch: 354. Train Loss: 12.314525. Patience Count: 16.
Epoch: 355. Train Loss: 12.496494. Patience Count: 17.
Epoch: 356. Train Loss: 11.499110. Patience Count: 18.
Epoch: 357. Train Loss: 12.538761. Patience Count: 19.
Epoch: 358. Train Loss: 12.643521. Patience Count: 20.
Epoch: 359. Train Loss: 12.629011. Patience Count: 21.
Epoch: 360. Train Loss: 11.144837. best-save Patience Count: 0.
Epoch: 361. Train Loss: 12.606251. Patience Count: 1.
Epoch: 362. Train Loss: 12.790596. Patience Count: 2.
Epoch: 363. Train Loss: 12.839885. Patience Count: 3.
Epoch: 364. Train Loss: 11.825489. Patience Count: 4.
Epoch: 365. Train Loss: 12.619888. Patience Count: 5.
Epoch: 366. Train Loss: 12.893534. Patience Count: 6.
Epoch: 367. Train Loss: 12.195613. Patience Count: 7.
Epoch: 368. Train Loss: 11.764740. Patience Count: 8.
Epoch: 369. Train Loss: 12.541878. Patience Count: 9.
Epoch: 370. Train Loss: 11.694429. Patience Count: 10.
Epoch: 371. Train Loss: 11.928742. Patience Count: 11.
Epoch: 372. Train Loss: 11.541525. Patience Count: 12.
Epoch: 373. Train Loss: 12.319211. Patience Count: 13.
Epoch: 374. Train Loss: 11.354674. Patience Count: 14.
Epoch: 375. Train Loss: 13.047776. Patience Count: 15.
Epoch: 376. Train Loss: 12.226013. Patience Count: 16.
Epoch: 377. Train Loss: 11.550040. Patience Count: 17.
Epoch: 378. Train Loss: 12.607905. Patience Count: 18.
Epoch: 379. Train Loss: 11.986418. Patience Count: 19.
Epoch: 380. Train Loss: 12.384036. Patience Count: 20.
Epoch: 381. Train Loss: 12.630148. Patience Count: 21.
Epoch: 382. Train Loss: 12.251260. Patience Count: 22.
Epoch: 383. Train Loss: 10.934648. best-save Patience Count: 0.
Epoch: 384. Train Loss: 11.665535. Patience Count: 1.
Epoch: 385. Train Loss: 11.669595. Patience Count: 2.
Epoch: 386. Train Loss: 10.861417. best-save Patience Count: 0.
Epoch: 387. Train Loss: 11.592172. Patience Count: 1.
Epoch: 388. Train Loss: 11.904818. Patience Count: 2.
Epoch: 389. Train Loss: 12.396264. Patience Count: 3.
Epoch: 390. Train Loss: 11.495739. Patience Count: 4.
Epoch: 391. Train Loss: 10.747776. best-save Patience Count: 0.
Epoch: 392. Train Loss: 12.509703. Patience Count: 1.
Epoch: 393. Train Loss: 11.400267. Patience Count: 2.
Epoch: 394. Train Loss: 13.216380. Patience Count: 3.
Epoch: 395. Train Loss: 11.563585. Patience Count: 4.
Epoch: 396. Train Loss: 12.222207. Patience Count: 5.
Epoch: 397. Train Loss: 10.952323. Patience Count: 6.
Epoch: 398. Train Loss: 12.986236. Patience Count: 7.
Epoch: 399. Train Loss: 12.262063. Patience Count: 8.
Epoch: 400. Train Loss: 11.939927. Patience Count: 9.
Epoch: 401. Train Loss: 11.326436. Patience Count: 10.
Epoch: 402. Train Loss: 12.452888. Patience Count: 11.
Epoch: 403. Train Loss: 12.069640. Patience Count: 12.
Epoch: 404. Train Loss: 10.965346. Patience Count: 13.
Epoch: 405. Train Loss: 11.479340. Patience Count: 14.
Epoch: 406. Train Loss: 11.592832. Patience Count: 15.
Epoch: 407. Train Loss: 12.698538. Patience Count: 16.
Epoch: 408. Train Loss: 11.410440. Patience Count: 17.
Epoch: 409. Train Loss: 10.280684. best-save Patience Count: 0.
Epoch: 410. Train Loss: 12.894827. Patience Count: 1.
Epoch: 411. Train Loss: 12.417871. Patience Count: 2.
Epoch: 412. Train Loss: 12.171596. Patience Count: 3.
Epoch: 413. Train Loss: 12.791957. Patience Count: 4.
Epoch: 414. Train Loss: 11.764806. Patience Count: 5.
Epoch: 415. Train Loss: 12.839145. Patience Count: 6.
Epoch: 416. Train Loss: 12.347709. Patience Count: 7.
Epoch: 417. Train Loss: 11.689634. Patience Count: 8.
Epoch: 418. Train Loss: 11.051912. Patience Count: 9.
Epoch: 419. Train Loss: 12.287984. Patience Count: 10.
Epoch: 420. Train Loss: 11.685022. Patience Count: 11.
Epoch: 421. Train Loss: 11.627929. Patience Count: 12.
Epoch: 422. Train Loss: 12.221692. Patience Count: 13.
Epoch: 423. Train Loss: 11.294725. Patience Count: 14.
Epoch: 424. Train Loss: 10.616375. Patience Count: 15.
Epoch: 425. Train Loss: 11.652399. Patience Count: 16.
Epoch: 426. Train Loss: 11.372183. Patience Count: 17.
Epoch: 427. Train Loss: 11.542516. Patience Count: 18.
Epoch: 428. Train Loss: 11.919706. Patience Count: 19.
Epoch: 429. Train Loss: 11.792703. Patience Count: 20.
Epoch: 430. Train Loss: 12.311609. Patience Count: 21.
Epoch: 431. Train Loss: 13.090969. Patience Count: 22.
Epoch: 432. Train Loss: 11.078338. Patience Count: 23.
Epoch: 433. Train Loss: 12.014731. Patience Count: 24.
Epoch: 434. Train Loss: 10.985579. Patience Count: 25.
Epoch: 435. Train Loss: 11.892260. Patience Count: 26.
Epoch: 436. Train Loss: 11.390068. Patience Count: 27.
Epoch: 437. Train Loss: 12.049616. Patience Count: 28.
Epoch: 438. Train Loss: 11.841977. Patience Count: 29.
Epoch: 439. Train Loss: 11.598500. Patience Count: 30.
Epoch: 440. Train Loss: 11.195074. Patience Count: 31.
Epoch: 441. Train Loss: 12.361708. Patience Count: 32.
Epoch: 442. Train Loss: 11.711140. Patience Count: 33.
Epoch: 443. Train Loss: 12.055043. Patience Count: 34.
Epoch: 444. Train Loss: 11.685439. Patience Count: 35.
Epoch: 445. Train Loss: 11.708214. Patience Count: 36.
Epoch: 446. Train Loss: 12.021509. Patience Count: 37.
Epoch: 447. Train Loss: 11.534471. Patience Count: 38.
Epoch: 448. Train Loss: 13.334871. Patience Count: 39.
Epoch: 449. Train Loss: 12.622167. Patience Count: 40.
Epoch: 450. Train Loss: 11.573330. Patience Count: 41.
Epoch: 451. Train Loss: 12.080169. Patience Count: 42.
Epoch: 452. Train Loss: 12.188472. Patience Count: 43.
Epoch: 453. Train Loss: 12.228097. Patience Count: 44.
Epoch: 454. Train Loss: 11.710642. Patience Count: 45.
Epoch: 455. Train Loss: 11.916154. Patience Count: 46.
Epoch: 456. Train Loss: 10.587656. Patience Count: 47.
Epoch: 457. Train Loss: 10.535830. Patience Count: 48.
Epoch: 458. Train Loss: 11.616574. Patience Count: 49.
Epoch: 459. Train Loss: 11.321725. Patience Count: 50.
Epoch: 460. Train Loss: 10.861010. Patience Count: 51.Stop Early, patience has been running out.
dist.destroy_process_group()
dist.destroy_process_group()
