| distributed init (rank 1): env://, gpu 1
| distributed init (rank 0): env://, gpu 0
world_size: 2, gpu: 0
Using 8 dataloader workers every process
Epoch: 1. Train Loss: 313.010868. best-save Patience Count: 0.
Epoch: 2. Train Loss: 272.991456. best-save Patience Count: 0.
Epoch: 3. Train Loss: 260.034726. best-save Patience Count: 0.
Epoch: 4. Train Loss: 255.580691. best-save Patience Count: 0.
Epoch: 5. Train Loss: 248.593560. best-save Patience Count: 0.
Epoch: 6. Train Loss: 239.722950. best-save Patience Count: 0.
Epoch: 7. Train Loss: 236.355365. best-save Patience Count: 0.
Epoch: 8. Train Loss: 230.976145. best-save Patience Count: 0.
Epoch: 9. Train Loss: 228.198793. best-save Patience Count: 0.
Epoch: 10. Train Loss: 221.681621. best-save Patience Count: 0.
Epoch: 11. Train Loss: 215.796969. best-save Patience Count: 0.
Epoch: 12. Train Loss: 213.541885. best-save Patience Count: 0.
Epoch: 13. Train Loss: 207.444556. best-save Patience Count: 0.
Epoch: 14. Train Loss: 201.629265. best-save Patience Count: 0.
Epoch: 15. Train Loss: 195.521897. best-save Patience Count: 0.
Epoch: 16. Train Loss: 191.474653. best-save Patience Count: 0.
Epoch: 17. Train Loss: 185.504092. best-save Patience Count: 0.
Epoch: 18. Train Loss: 180.127474. best-save Patience Count: 0.
Epoch: 19. Train Loss: 178.662546. best-save Patience Count: 0.
Epoch: 20. Train Loss: 167.273924. best-save Patience Count: 0.
Epoch: 21. Train Loss: 162.783748. best-save Patience Count: 0.
Epoch: 22. Train Loss: 158.571719. best-save Patience Count: 0.
Epoch: 23. Train Loss: 154.624067. best-save Patience Count: 0.
Epoch: 24. Train Loss: 147.259655. best-save Patience Count: 0.
Epoch: 25. Train Loss: 142.080618. best-save Patience Count: 0.
Epoch: 26. Train Loss: 137.661194. best-save Patience Count: 0.
Epoch: 27. Train Loss: 135.316356. best-save Patience Count: 0.
Epoch: 28. Train Loss: 130.645917. best-save Patience Count: 0.
Epoch: 29. Train Loss: 122.366288. best-save Patience Count: 0.
Epoch: 30. Train Loss: 120.551057. best-save Patience Count: 0.
Epoch: 31. Train Loss: 117.535182. best-save Patience Count: 0.
Epoch: 32. Train Loss: 111.402804. best-save Patience Count: 0.
Epoch: 33. Train Loss: 107.671274. best-save Patience Count: 0.
Epoch: 34. Train Loss: 105.065761. best-save Patience Count: 0.
Epoch: 35. Train Loss: 102.696788. best-save Patience Count: 0.
Epoch: 36. Train Loss: 101.994942. best-save Patience Count: 0.
Epoch: 37. Train Loss: 92.567528. best-save Patience Count: 0.
Epoch: 38. Train Loss: 90.656830. best-save Patience Count: 0.
Epoch: 39. Train Loss: 90.207037. best-save Patience Count: 0.
Epoch: 40. Train Loss: 86.828485. best-save Patience Count: 0.
Epoch: 41. Train Loss: 84.139974. best-save Patience Count: 0.
Epoch: 42. Train Loss: 79.509519. best-save Patience Count: 0.
Epoch: 43. Train Loss: 75.926843. best-save Patience Count: 0.
Epoch: 44. Train Loss: 75.092809. best-save Patience Count: 0.
Epoch: 45. Train Loss: 70.065636. best-save Patience Count: 0.
Epoch: 46. Train Loss: 70.754178. Patience Count: 1.
Epoch: 47. Train Loss: 69.394273. best-save Patience Count: 0.
Epoch: 48. Train Loss: 66.601395. best-save Patience Count: 0.
Epoch: 49. Train Loss: 65.036817. best-save Patience Count: 0.
Epoch: 50. Train Loss: 63.420868. best-save Patience Count: 0.
Epoch: 51. Train Loss: 49.512464. best-save Patience Count: 0.
Epoch: 52. Train Loss: 42.935279. best-save Patience Count: 0.
Epoch: 53. Train Loss: 41.260782. best-save Patience Count: 0.
Epoch: 54. Train Loss: 39.609008. best-save Patience Count: 0.
Epoch: 55. Train Loss: 39.399256. best-save Patience Count: 0.
Epoch: 56. Train Loss: 36.900620. best-save Patience Count: 0.
Epoch: 57. Train Loss: 36.670627. best-save Patience Count: 0.
Epoch: 58. Train Loss: 36.344348. best-save Patience Count: 0.
Epoch: 59. Train Loss: 36.445715. Patience Count: 1.
Epoch: 60. Train Loss: 36.873717. Patience Count: 2.
Epoch: 61. Train Loss: 33.353569. best-save Patience Count: 0.
Epoch: 62. Train Loss: 32.288712. best-save Patience Count: 0.
Epoch: 63. Train Loss: 32.984223. Patience Count: 1.
Epoch: 64. Train Loss: 31.166729. best-save Patience Count: 0.
Epoch: 65. Train Loss: 33.696723. Patience Count: 1.
Epoch: 66. Train Loss: 30.297124. best-save Patience Count: 0.
Epoch: 67. Train Loss: 29.528708. best-save Patience Count: 0.
Epoch: 68. Train Loss: 29.310957. best-save Patience Count: 0.
Epoch: 69. Train Loss: 29.131441. best-save Patience Count: 0.
Epoch: 70. Train Loss: 28.596467. best-save Patience Count: 0.
Epoch: 71. Train Loss: 28.071802. best-save Patience Count: 0.
Epoch: 72. Train Loss: 29.285590. Patience Count: 1.
Epoch: 73. Train Loss: 26.577483. best-save Patience Count: 0.
Epoch: 74. Train Loss: 25.068294. best-save Patience Count: 0.
Epoch: 75. Train Loss: 28.406119. Patience Count: 1.
Epoch: 76. Train Loss: 25.471000. Patience Count: 2.
Epoch: 77. Train Loss: 25.678054. Patience Count: 3.
Epoch: 78. Train Loss: 25.046191. best-save Patience Count: 0.
Epoch: 79. Train Loss: 23.942563. best-save Patience Count: 0.
Epoch: 80. Train Loss: 25.523087. Patience Count: 1.
Epoch: 81. Train Loss: 23.353076. best-save Patience Count: 0.
Epoch: 82. Train Loss: 23.631980. Patience Count: 1.
Epoch: 83. Train Loss: 22.318704. best-save Patience Count: 0.
Epoch: 84. Train Loss: 23.656373. Patience Count: 1.
Epoch: 85. Train Loss: 23.822903. Patience Count: 2.
Epoch: 86. Train Loss: 22.352170. Patience Count: 3.
Epoch: 87. Train Loss: 21.945501. best-save Patience Count: 0.
Epoch: 88. Train Loss: 22.889197. Patience Count: 1.
Epoch: 89. Train Loss: 20.577136. best-save Patience Count: 0.
Epoch: 90. Train Loss: 21.471195. Patience Count: 1.
Epoch: 91. Train Loss: 19.663153. best-save Patience Count: 0.
Epoch: 92. Train Loss: 21.240522. Patience Count: 1.
Epoch: 93. Train Loss: 19.785456. Patience Count: 2.
Epoch: 94. Train Loss: 19.002751. best-save Patience Count: 0.
Epoch: 95. Train Loss: 20.906915. Patience Count: 1.
Epoch: 96. Train Loss: 19.361130. Patience Count: 2.
Epoch: 97. Train Loss: 20.771070. Patience Count: 3.
Epoch: 98. Train Loss: 20.196836. Patience Count: 4.
Epoch: 99. Train Loss: 19.618038. Patience Count: 5.
Epoch: 100. Train Loss: 21.336418. Patience Count: 6.
Epoch: 101. Train Loss: 15.551550. best-save Patience Count: 0.
Epoch: 102. Train Loss: 12.003529. best-save Patience Count: 0.
Epoch: 103. Train Loss: 12.131543. Patience Count: 1.
Epoch: 104. Train Loss: 11.134954. best-save Patience Count: 0.
Epoch: 105. Train Loss: 11.802151. Patience Count: 1.
Epoch: 106. Train Loss: 11.478129. Patience Count: 2.
Epoch: 107. Train Loss: 10.081924. best-save Patience Count: 0.
Epoch: 108. Train Loss: 11.632875. Patience Count: 1.
Epoch: 109. Train Loss: 11.502265. Patience Count: 2.
Epoch: 110. Train Loss: 12.216909. Patience Count: 3.
Epoch: 111. Train Loss: 10.904930. Patience Count: 4.
Epoch: 112. Train Loss: 10.621868. Patience Count: 5.
Epoch: 113. Train Loss: 10.996526. Patience Count: 6.
Epoch: 114. Train Loss: 11.390108. Patience Count: 7.
Epoch: 115. Train Loss: 10.487405. Patience Count: 8.
Epoch: 116. Train Loss: 11.755079. Patience Count: 9.
Epoch: 117. Train Loss: 10.629442. Patience Count: 10.
Epoch: 118. Train Loss: 10.667880. Patience Count: 11.
Epoch: 119. Train Loss: 9.107167. best-save Patience Count: 0.
Epoch: 120. Train Loss: 10.937009. Patience Count: 1.
Epoch: 121. Train Loss: 9.757564. Patience Count: 2.
Epoch: 122. Train Loss: 10.449463. Patience Count: 3.
Epoch: 123. Train Loss: 11.684078. Patience Count: 4.
Epoch: 124. Train Loss: 9.216706. Patience Count: 5.
Epoch: 125. Train Loss: 10.302073. Patience Count: 6.
Epoch: 126. Train Loss: 8.995336. best-save Patience Count: 0.
Epoch: 127. Train Loss: 10.193157. Patience Count: 1.
Epoch: 128. Train Loss: 11.481302. Patience Count: 2.
Epoch: 129. Train Loss: 9.248871. Patience Count: 3.
Epoch: 130. Train Loss: 9.529119. Patience Count: 4.
Epoch: 131. Train Loss: 10.591638. Patience Count: 5.
Epoch: 132. Train Loss: 9.454929. Patience Count: 6.
Epoch: 133. Train Loss: 9.671124. Patience Count: 7.
Epoch: 134. Train Loss: 9.411933. Patience Count: 8.
Epoch: 135. Train Loss: 9.475650. Patience Count: 9.
Epoch: 136. Train Loss: 10.809848. Patience Count: 10.
Epoch: 137. Train Loss: 9.277499. Patience Count: 11.
Epoch: 138. Train Loss: 9.565576. Patience Count: 12.
Epoch: 139. Train Loss: 10.101153. Patience Count: 13.
Epoch: 140. Train Loss: 9.830741. Patience Count: 14.
Epoch: 141. Train Loss: 9.827189. Patience Count: 15.
Epoch: 142. Train Loss: 8.500366. best-save Patience Count: 0.
Epoch: 143. Train Loss: 7.617710. best-save Patience Count: 0.
Epoch: 144. Train Loss: 9.222545. Patience Count: 1.
Epoch: 145. Train Loss: 8.959655. Patience Count: 2.
Epoch: 146. Train Loss: 9.984252. Patience Count: 3.
Epoch: 147. Train Loss: 9.687876. Patience Count: 4.
Epoch: 148. Train Loss: 9.888893. Patience Count: 5.
Epoch: 149. Train Loss: 9.618241. Patience Count: 6.
Epoch: 150. Train Loss: 9.316613. Patience Count: 7.
Epoch: 151. Train Loss: 8.457759. Patience Count: 8.
Epoch: 152. Train Loss: 6.082461. best-save Patience Count: 0.
Epoch: 153. Train Loss: 6.674546. Patience Count: 1.
Epoch: 154. Train Loss: 6.597736. Patience Count: 2.
Epoch: 155. Train Loss: 7.974836. Patience Count: 3.
Epoch: 156. Train Loss: 6.131813. Patience Count: 4.
Epoch: 157. Train Loss: 6.487317. Patience Count: 5.
Epoch: 158. Train Loss: 6.389198. Patience Count: 6.
Epoch: 159. Train Loss: 6.010416. best-save Patience Count: 0.
Epoch: 160. Train Loss: 5.820827. best-save Patience Count: 0.
Epoch: 161. Train Loss: 6.548871. Patience Count: 1.
Epoch: 162. Train Loss: 6.227529. Patience Count: 2.
Epoch: 163. Train Loss: 6.836553. Patience Count: 3.
Epoch: 164. Train Loss: 6.349492. Patience Count: 4.
Epoch: 165. Train Loss: 6.147391. Patience Count: 5.
Epoch: 166. Train Loss: 5.480749. best-save Patience Count: 0.
Epoch: 167. Train Loss: 6.326230. Patience Count: 1.
Epoch: 168. Train Loss: 6.095921. Patience Count: 2.
Epoch: 169. Train Loss: 6.655321. Patience Count: 3.
Epoch: 170. Train Loss: 5.687805. Patience Count: 4.
Epoch: 171. Train Loss: 5.409875. best-save Patience Count: 0.
Epoch: 172. Train Loss: 5.093849. best-save Patience Count: 0.
Epoch: 173. Train Loss: 6.717260. Patience Count: 1.
Epoch: 174. Train Loss: 5.540894. Patience Count: 2.
Epoch: 175. Train Loss: 5.423245. Patience Count: 3.
Epoch: 176. Train Loss: 5.973899. Patience Count: 4.
Epoch: 177. Train Loss: 5.160085. Patience Count: 5.
Epoch: 178. Train Loss: 5.415545. Patience Count: 6.
Epoch: 179. Train Loss: 5.564004. Patience Count: 7.
Epoch: 180. Train Loss: 6.494149. Patience Count: 8.
Epoch: 181. Train Loss: 6.248229. Patience Count: 9.
Epoch: 182. Train Loss: 5.944737. Patience Count: 10.
Epoch: 183. Train Loss: 5.318700. Patience Count: 11.
Epoch: 184. Train Loss: 6.199622. Patience Count: 12.
Epoch: 185. Train Loss: 6.332875. Patience Count: 13.
Epoch: 186. Train Loss: 5.079401. best-save Patience Count: 0.
Epoch: 187. Train Loss: 6.084991. Patience Count: 1.
Epoch: 188. Train Loss: 5.940476. Patience Count: 2.
Epoch: 189. Train Loss: 6.385030. Patience Count: 3.
Epoch: 190. Train Loss: 5.256051. Patience Count: 4.
Epoch: 191. Train Loss: 6.152573. Patience Count: 5.
Epoch: 192. Train Loss: 5.252750. Patience Count: 6.
Epoch: 193. Train Loss: 4.717758. best-save Patience Count: 0.
Epoch: 194. Train Loss: 4.917890. Patience Count: 1.
Epoch: 195. Train Loss: 5.730545. Patience Count: 2.
Epoch: 196. Train Loss: 6.841208. Patience Count: 3.
Epoch: 197. Train Loss: 4.564928. best-save Patience Count: 0.
Epoch: 198. Train Loss: 5.298174. Patience Count: 1.
Epoch: 199. Train Loss: 5.953175. Patience Count: 2.
Epoch: 200. Train Loss: 5.429777. Patience Count: 3.
Epoch: 201. Train Loss: 4.758381. Patience Count: 4.
Epoch: 202. Train Loss: 4.433854. best-save Patience Count: 0.
Epoch: 203. Train Loss: 4.394287. best-save Patience Count: 0.
Epoch: 204. Train Loss: 4.138128. best-save Patience Count: 0.
Epoch: 205. Train Loss: 4.018350. best-save Patience Count: 0.
Epoch: 206. Train Loss: 4.179054. Patience Count: 1.
Epoch: 207. Train Loss: 4.493108. Patience Count: 2.
Epoch: 208. Train Loss: 4.545016. Patience Count: 3.
Epoch: 209. Train Loss: 4.052085. Patience Count: 4.
Epoch: 210. Train Loss: 4.402444. Patience Count: 5.
Epoch: 211. Train Loss: 3.642902. best-save Patience Count: 0.
Epoch: 212. Train Loss: 4.204235. Patience Count: 1.
Epoch: 213. Train Loss: 4.010952. Patience Count: 2.
Epoch: 214. Train Loss: 3.596693. best-save Patience Count: 0.
Epoch: 215. Train Loss: 4.646154. Patience Count: 1.
Epoch: 216. Train Loss: 3.728678. Patience Count: 2.
Epoch: 217. Train Loss: 4.518389. Patience Count: 3.
Epoch: 218. Train Loss: 4.108148. Patience Count: 4.
Epoch: 219. Train Loss: 3.726159. Patience Count: 5.
Epoch: 220. Train Loss: 3.386304. best-save Patience Count: 0.
Epoch: 221. Train Loss: 3.833812. Patience Count: 1.
Epoch: 222. Train Loss: 3.595222. Patience Count: 2.
Epoch: 223. Train Loss: 3.574942. Patience Count: 3.
Epoch: 224. Train Loss: 4.750582. Patience Count: 4.
Epoch: 225. Train Loss: 3.633135. Patience Count: 5.
Epoch: 226. Train Loss: 4.353932. Patience Count: 6.
Epoch: 227. Train Loss: 3.953419. Patience Count: 7.
Epoch: 228. Train Loss: 3.966830. Patience Count: 8.
Epoch: 229. Train Loss: 3.611829. Patience Count: 9.
Epoch: 230. Train Loss: 4.169235. Patience Count: 10.
Epoch: 231. Train Loss: 3.996944. Patience Count: 11.
Epoch: 232. Train Loss: 4.584297. Patience Count: 12.
Epoch: 233. Train Loss: 3.813414. Patience Count: 13.
Epoch: 234. Train Loss: 3.410188. Patience Count: 14.
Epoch: 235. Train Loss: 3.167200. best-save Patience Count: 0.
Epoch: 236. Train Loss: 4.348357. Patience Count: 1.
Epoch: 237. Train Loss: 3.261482. Patience Count: 2.
Epoch: 238. Train Loss: 3.989270. Patience Count: 3.
Epoch: 239. Train Loss: 4.284895. Patience Count: 4.
Epoch: 240. Train Loss: 3.757046. Patience Count: 5.
Epoch: 241. Train Loss: 4.024254. Patience Count: 6.
Epoch: 242. Train Loss: 3.828040. Patience Count: 7.
Epoch: 243. Train Loss: 3.617091. Patience Count: 8.
Epoch: 244. Train Loss: 4.369499. Patience Count: 9.
Epoch: 245. Train Loss: 4.322617. Patience Count: 10.
Epoch: 246. Train Loss: 3.716988. Patience Count: 11.
Epoch: 247. Train Loss: 3.103918. best-save Patience Count: 0.
Epoch: 248. Train Loss: 3.761286. Patience Count: 1.
Epoch: 249. Train Loss: 4.094324. Patience Count: 2.
Epoch: 250. Train Loss: 4.068730. Patience Count: 3.
Epoch: 251. Train Loss: 3.237456. Patience Count: 4.
Epoch: 252. Train Loss: 3.657774. Patience Count: 5.
Epoch: 253. Train Loss: 3.799373. Patience Count: 6.
Epoch: 254. Train Loss: 3.386790. Patience Count: 7.
Epoch: 255. Train Loss: 3.378031. Patience Count: 8.
Epoch: 256. Train Loss: 3.185624. Patience Count: 9.
Epoch: 257. Train Loss: 3.180698. Patience Count: 10.
Epoch: 258. Train Loss: 3.301678. Patience Count: 11.
Epoch: 259. Train Loss: 3.408074. Patience Count: 12.
Epoch: 260. Train Loss: 4.205527. Patience Count: 13.
Epoch: 261. Train Loss: 3.189362. Patience Count: 14.
Epoch: 262. Train Loss: 2.956843. best-save Patience Count: 0.
Epoch: 263. Train Loss: 3.071787. Patience Count: 1.
Epoch: 264. Train Loss: 3.059314. Patience Count: 2.
Epoch: 265. Train Loss: 3.775912. Patience Count: 3.
Epoch: 266. Train Loss: 3.642083. Patience Count: 4.
Epoch: 267. Train Loss: 3.367826. Patience Count: 5.
Epoch: 268. Train Loss: 2.947286. best-save Patience Count: 0.
Epoch: 269. Train Loss: 3.266157. Patience Count: 1.
Epoch: 270. Train Loss: 2.709957. best-save Patience Count: 0.
Epoch: 271. Train Loss: 2.855199. Patience Count: 1.
Epoch: 272. Train Loss: 3.299427. Patience Count: 2.
Epoch: 273. Train Loss: 2.975476. Patience Count: 3.
Epoch: 274. Train Loss: 3.269815. Patience Count: 4.
Epoch: 275. Train Loss: 3.548086. Patience Count: 5.
Epoch: 276. Train Loss: 3.433822. Patience Count: 6.
Epoch: 277. Train Loss: 2.878312. Patience Count: 7.
Epoch: 278. Train Loss: 3.102425. Patience Count: 8.
Epoch: 279. Train Loss: 3.291151. Patience Count: 9.
Epoch: 280. Train Loss: 2.539347. best-save Patience Count: 0.
Epoch: 281. Train Loss: 3.130503. Patience Count: 1.
Epoch: 282. Train Loss: 2.971941. Patience Count: 2.
Epoch: 283. Train Loss: 3.012240. Patience Count: 3.
Epoch: 284. Train Loss: 3.063056. Patience Count: 4.
Epoch: 285. Train Loss: 3.108756. Patience Count: 5.
Epoch: 286. Train Loss: 2.691516. Patience Count: 6.
Epoch: 287. Train Loss: 2.834164. Patience Count: 7.
Epoch: 288. Train Loss: 2.993678. Patience Count: 8.
Epoch: 289. Train Loss: 3.258284. Patience Count: 9.
Epoch: 290. Train Loss: 3.680001. Patience Count: 10.
Epoch: 291. Train Loss: 3.060031. Patience Count: 11.
Epoch: 292. Train Loss: 2.647971. Patience Count: 12.
Epoch: 293. Train Loss: 3.271880. Patience Count: 13.
Epoch: 294. Train Loss: 2.735009. Patience Count: 14.
Epoch: 295. Train Loss: 2.621911. Patience Count: 15.
Epoch: 296. Train Loss: 2.848616. Patience Count: 16.
Epoch: 297. Train Loss: 3.327044. Patience Count: 17.
Epoch: 298. Train Loss: 2.722317. Patience Count: 18.
Epoch: 299. Train Loss: 2.865252. Patience Count: 19.
Epoch: 300. Train Loss: 2.742860. Patience Count: 20.
Epoch: 301. Train Loss: 3.255978. Patience Count: 21.
Epoch: 302. Train Loss: 2.714100. Patience Count: 22.
Epoch: 303. Train Loss: 2.775599. Patience Count: 23.
Epoch: 304. Train Loss: 2.540661. Patience Count: 24.
Epoch: 305. Train Loss: 2.650894. Patience Count: 25.
Epoch: 306. Train Loss: 3.049948. Patience Count: 26.
Epoch: 307. Train Loss: 2.898227. Patience Count: 27.
Epoch: 308. Train Loss: 3.255312. Patience Count: 28.
Epoch: 309. Train Loss: 2.813364. Patience Count: 29.
Epoch: 310. Train Loss: 3.228378. Patience Count: 30.
Epoch: 311. Train Loss: 2.586637. Patience Count: 31.
Epoch: 312. Train Loss: 2.560656. Patience Count: 32.
Epoch: 313. Train Loss: 2.497462. best-save Patience Count: 0.
Epoch: 314. Train Loss: 2.701836. Patience Count: 1.
Epoch: 315. Train Loss: 3.199297. Patience Count: 2.
Epoch: 316. Train Loss: 2.960108. Patience Count: 3.
Epoch: 317. Train Loss: 2.603277. Patience Count: 4.
Epoch: 318. Train Loss: 2.893016. Patience Count: 5.
Epoch: 319. Train Loss: 2.514158. Patience Count: 6.
Epoch: 320. Train Loss: 2.627415. Patience Count: 7.
Epoch: 321. Train Loss: 2.476133. best-save Patience Count: 0.
Epoch: 322. Train Loss: 2.903385. Patience Count: 1.
Epoch: 323. Train Loss: 2.777430. Patience Count: 2.
Epoch: 324. Train Loss: 2.734347. Patience Count: 3.
Epoch: 325. Train Loss: 2.988534. Patience Count: 4.
Epoch: 326. Train Loss: 2.823279. Patience Count: 5.
Epoch: 327. Train Loss: 3.263652. Patience Count: 6.
Epoch: 328. Train Loss: 2.647904. Patience Count: 7.
Epoch: 329. Train Loss: 2.292174. best-save Patience Count: 0.
Epoch: 330. Train Loss: 2.846573. Patience Count: 1.
Epoch: 331. Train Loss: 3.200788. Patience Count: 2.
Epoch: 332. Train Loss: 2.977210. Patience Count: 3.
Epoch: 333. Train Loss: 2.480171. Patience Count: 4.
Epoch: 334. Train Loss: 2.813912. Patience Count: 5.
Epoch: 335. Train Loss: 2.779870. Patience Count: 6.
Epoch: 336. Train Loss: 2.570555. Patience Count: 7.
Epoch: 337. Train Loss: 2.644700. Patience Count: 8.
Epoch: 338. Train Loss: 2.787607. Patience Count: 9.
Epoch: 339. Train Loss: 2.416943. Patience Count: 10.
Epoch: 340. Train Loss: 2.593998. Patience Count: 11.
Epoch: 341. Train Loss: 3.197116. Patience Count: 12.
Epoch: 342. Train Loss: 2.499956. Patience Count: 13.
Epoch: 343. Train Loss: 2.775808. Patience Count: 14.
Epoch: 344. Train Loss: 2.663014. Patience Count: 15.
Epoch: 345. Train Loss: 2.874981. Patience Count: 16.
Epoch: 346. Train Loss: 2.603145. Patience Count: 17.
Epoch: 347. Train Loss: 2.687454. Patience Count: 18.
Epoch: 348. Train Loss: 2.663910. Patience Count: 19.
Epoch: 349. Train Loss: 2.531506. Patience Count: 20.
Epoch: 350. Train Loss: 2.789882. Patience Count: 21.
Epoch: 351. Train Loss: 2.923646. Patience Count: 22.
Epoch: 352. Train Loss: 2.407178. Patience Count: 23.
Epoch: 353. Train Loss: 2.271352. best-save Patience Count: 0.
Epoch: 354. Train Loss: 2.488041. Patience Count: 1.
Epoch: 355. Train Loss: 2.326909. Patience Count: 2.
Epoch: 356. Train Loss: 2.456751. Patience Count: 3.
Epoch: 357. Train Loss: 2.822900. Patience Count: 4.
Epoch: 358. Train Loss: 2.836762. Patience Count: 5.
Epoch: 359. Train Loss: 2.745052. Patience Count: 6.
Epoch: 360. Train Loss: 2.014540. best-save Patience Count: 0.
Epoch: 361. Train Loss: 2.807485. Patience Count: 1.
Epoch: 362. Train Loss: 2.711772. Patience Count: 2.
Epoch: 363. Train Loss: 2.252452. Patience Count: 3.
Epoch: 364. Train Loss: 3.089802. Patience Count: 4.
Epoch: 365. Train Loss: 2.618792. Patience Count: 5.
Epoch: 366. Train Loss: 2.203403. Patience Count: 6.
Epoch: 367. Train Loss: 2.839723. Patience Count: 7.
Epoch: 368. Train Loss: 1.917581. best-save Patience Count: 0.
Epoch: 369. Train Loss: 2.526503. Patience Count: 1.
Epoch: 370. Train Loss: 2.507150. Patience Count: 2.
Epoch: 371. Train Loss: 2.462637. Patience Count: 3.
Epoch: 372. Train Loss: 2.661508. Patience Count: 4.
Epoch: 373. Train Loss: 2.622691. Patience Count: 5.
Epoch: 374. Train Loss: 2.464774. Patience Count: 6.
Epoch: 375. Train Loss: 2.509683. Patience Count: 7.
Epoch: 376. Train Loss: 2.632994. Patience Count: 8.
Epoch: 377. Train Loss: 2.204134. Patience Count: 9.
Epoch: 378. Train Loss: 3.040650. Patience Count: 10.
Epoch: 379. Train Loss: 2.218072. Patience Count: 11.
Epoch: 380. Train Loss: 2.185808. Patience Count: 12.
Epoch: 381. Train Loss: 2.211444. Patience Count: 13.
Epoch: 382. Train Loss: 2.532832. Patience Count: 14.
Epoch: 383. Train Loss: 3.140175. Patience Count: 15.
Epoch: 384. Train Loss: 2.189331. Patience Count: 16.
Epoch: 385. Train Loss: 2.195189. Patience Count: 17.
Epoch: 386. Train Loss: 2.599310. Patience Count: 18.
Epoch: 387. Train Loss: 2.653676. Patience Count: 19.
Epoch: 388. Train Loss: 2.763064. Patience Count: 20.
Epoch: 389. Train Loss: 2.068151. Patience Count: 21.
Epoch: 390. Train Loss: 2.190298. Patience Count: 22.
Epoch: 391. Train Loss: 2.399838. Patience Count: 23.
Epoch: 392. Train Loss: 2.587499. Patience Count: 24.
Epoch: 393. Train Loss: 3.403852. Patience Count: 25.
Epoch: 394. Train Loss: 2.171567. Patience Count: 26.
Epoch: 395. Train Loss: 2.417010. Patience Count: 27.
Epoch: 396. Train Loss: 2.403728. Patience Count: 28.
Epoch: 397. Train Loss: 1.986525. Patience Count: 29.
Epoch: 398. Train Loss: 2.478416. Patience Count: 30.
Epoch: 399. Train Loss: 2.527308. Patience Count: 31.
Epoch: 400. Train Loss: 2.294110. Patience Count: 32.
Epoch: 401. Train Loss: 2.321630. Patience Count: 33.
Epoch: 402. Train Loss: 2.956247. Patience Count: 34.
Epoch: 403. Train Loss: 2.088598. Patience Count: 35.
Epoch: 404. Train Loss: 2.149859. Patience Count: 36.
Epoch: 405. Train Loss: 2.582201. Patience Count: 37.
Epoch: 406. Train Loss: 2.544269. Patience Count: 38.
Epoch: 407. Train Loss: 2.793100. Patience Count: 39.
Epoch: 408. Train Loss: 2.588811. Patience Count: 40.
Epoch: 409. Train Loss: 2.518911. Patience Count: 41.
Epoch: 410. Train Loss: 2.190116. Patience Count: 42.
Epoch: 411. Train Loss: 2.471262. Patience Count: 43.
Epoch: 412. Train Loss: 2.491588. Patience Count: 44.
Epoch: 413. Train Loss: 2.643960. Patience Count: 45.
Epoch: 414. Train Loss: 2.567576. Patience Count: 46.
Epoch: 415. Train Loss: 2.253320. Patience Count: 47.
Epoch: 416. Train Loss: 2.295642. Patience Count: 48.
Epoch: 417. Train Loss: 2.159255. Patience Count: 49.
Epoch: 418. Train Loss: 2.449122. Patience Count: 50.
Epoch: 419. Train Loss: 2.595994. Patience Count: 51.Stop Early, patience has been running out.
dist.destroy_process_group()
dist.destroy_process_group()
