| distributed init (rank 1): env://, gpu 1
| distributed init (rank 0): env://, gpu 0
world_size: 2, gpu: 0
Using 8 dataloader workers every process
Epoch: 1. Train Loss: 452.321500. best-save Patience Count: 0.
Epoch: 2. Train Loss: 153.839844. best-save Patience Count: 0.
Epoch: 3. Train Loss: 145.704414. best-save Patience Count: 0.
Epoch: 4. Train Loss: 140.117956. best-save Patience Count: 0.
Epoch: 5. Train Loss: 136.014511. best-save Patience Count: 0.
Epoch: 6. Train Loss: 134.955736. best-save Patience Count: 0.
Epoch: 7. Train Loss: 131.441751. best-save Patience Count: 0.
Epoch: 8. Train Loss: 128.531007. best-save Patience Count: 0.
Epoch: 9. Train Loss: 123.497264. best-save Patience Count: 0.
Epoch: 10. Train Loss: 119.995752. best-save Patience Count: 0.
Epoch: 11. Train Loss: 114.354484. best-save Patience Count: 0.
Epoch: 12. Train Loss: 111.301279. best-save Patience Count: 0.
Epoch: 13. Train Loss: 110.100709. best-save Patience Count: 0.
Epoch: 14. Train Loss: 103.028380. best-save Patience Count: 0.
Epoch: 15. Train Loss: 101.496443. best-save Patience Count: 0.
Epoch: 16. Train Loss: 95.473092. best-save Patience Count: 0.
Epoch: 17. Train Loss: 91.263311. best-save Patience Count: 0.
Epoch: 18. Train Loss: 91.207267. best-save Patience Count: 0.
Epoch: 19. Train Loss: 85.065873. best-save Patience Count: 0.
Epoch: 20. Train Loss: 82.054255. best-save Patience Count: 0.
Epoch: 21. Train Loss: 79.042324. best-save Patience Count: 0.
Epoch: 22. Train Loss: 76.381770. best-save Patience Count: 0.
Epoch: 23. Train Loss: 74.847992. best-save Patience Count: 0.
Epoch: 24. Train Loss: 68.760648. best-save Patience Count: 0.
Epoch: 25. Train Loss: 65.983622. best-save Patience Count: 0.
Epoch: 26. Train Loss: 63.623503. best-save Patience Count: 0.
Epoch: 27. Train Loss: 65.179411. Patience Count: 1.
Epoch: 28. Train Loss: 71.171762. Patience Count: 2.
Epoch: 29. Train Loss: 57.545812. best-save Patience Count: 0.
Epoch: 30. Train Loss: 52.275271. best-save Patience Count: 0.
Epoch: 31. Train Loss: 57.626376. Patience Count: 1.
Epoch: 32. Train Loss: 50.048149. best-save Patience Count: 0.
Epoch: 33. Train Loss: 56.402642. Patience Count: 1.
Epoch: 34. Train Loss: 52.573959. Patience Count: 2.
Epoch: 35. Train Loss: 42.552837. best-save Patience Count: 0.
Epoch: 36. Train Loss: 40.462658. best-save Patience Count: 0.
Epoch: 37. Train Loss: 38.609029. best-save Patience Count: 0.
Epoch: 38. Train Loss: 33.741073. best-save Patience Count: 0.
Epoch: 39. Train Loss: 36.530533. Patience Count: 1.
Epoch: 40. Train Loss: 34.605141. Patience Count: 2.
Epoch: 41. Train Loss: 33.860719. Patience Count: 3.
Epoch: 42. Train Loss: 29.300686. best-save Patience Count: 0.
Epoch: 43. Train Loss: 31.735667. Patience Count: 1.
Epoch: 44. Train Loss: 29.619388. Patience Count: 2.
Epoch: 45. Train Loss: 26.584994. best-save Patience Count: 0.
Epoch: 46. Train Loss: 28.415815. Patience Count: 1.
Epoch: 47. Train Loss: 25.934871. best-save Patience Count: 0.
Epoch: 48. Train Loss: 24.253317. best-save Patience Count: 0.
Epoch: 49. Train Loss: 23.478084. best-save Patience Count: 0.
Epoch: 50. Train Loss: 23.966183. Patience Count: 1.
Epoch: 51. Train Loss: 13.245137. best-save Patience Count: 0.
Epoch: 52. Train Loss: 8.814631. best-save Patience Count: 0.
Epoch: 53. Train Loss: 8.574245. best-save Patience Count: 0.
Epoch: 54. Train Loss: 6.620173. best-save Patience Count: 0.
Epoch: 55. Train Loss: 5.836204. best-save Patience Count: 0.
Epoch: 56. Train Loss: 5.967720. Patience Count: 1.
Epoch: 57. Train Loss: 6.749051. Patience Count: 2.
Epoch: 58. Train Loss: 6.476034. Patience Count: 3.
Epoch: 59. Train Loss: 7.542783. Patience Count: 4.
Epoch: 60. Train Loss: 6.284707. Patience Count: 5.
Epoch: 61. Train Loss: 5.948097. Patience Count: 6.
Epoch: 62. Train Loss: 7.637054. Patience Count: 7.
Epoch: 63. Train Loss: 5.485833. best-save Patience Count: 0.
Epoch: 64. Train Loss: 4.754849. best-save Patience Count: 0.
Epoch: 65. Train Loss: 4.856884. Patience Count: 1.
Epoch: 66. Train Loss: 5.605437. Patience Count: 2.
Epoch: 67. Train Loss: 6.449584. Patience Count: 3.
Epoch: 68. Train Loss: 7.073551. Patience Count: 4.
Epoch: 69. Train Loss: 5.672058. Patience Count: 5.
Epoch: 70. Train Loss: 5.488698. Patience Count: 6.
Epoch: 71. Train Loss: 5.070276. Patience Count: 7.
Epoch: 72. Train Loss: 4.327627. best-save Patience Count: 0.
Epoch: 73. Train Loss: 5.379957. Patience Count: 1.
Epoch: 74. Train Loss: 5.994091. Patience Count: 2.
Epoch: 75. Train Loss: 4.672200. Patience Count: 3.
Epoch: 76. Train Loss: 5.104648. Patience Count: 4.
Epoch: 77. Train Loss: 4.944900. Patience Count: 5.
Epoch: 78. Train Loss: 5.073415. Patience Count: 6.
Epoch: 79. Train Loss: 5.382097. Patience Count: 7.
Epoch: 80. Train Loss: 6.321674. Patience Count: 8.
Epoch: 81. Train Loss: 4.974082. Patience Count: 9.
Epoch: 82. Train Loss: 5.292488. Patience Count: 10.
Epoch: 83. Train Loss: 4.526910. Patience Count: 11.
Epoch: 84. Train Loss: 6.729703. Patience Count: 12.
Epoch: 85. Train Loss: 4.691505. Patience Count: 13.
Epoch: 86. Train Loss: 3.743578. best-save Patience Count: 0.
Epoch: 87. Train Loss: 3.661634. best-save Patience Count: 0.
Epoch: 88. Train Loss: 4.283367. Patience Count: 1.
Epoch: 89. Train Loss: 6.755286. Patience Count: 2.
Epoch: 90. Train Loss: 8.667684. Patience Count: 3.
Epoch: 91. Train Loss: 7.486465. Patience Count: 4.
Epoch: 92. Train Loss: 4.250947. Patience Count: 5.
Epoch: 93. Train Loss: 4.327040. Patience Count: 6.
Epoch: 94. Train Loss: 5.083347. Patience Count: 7.
Epoch: 95. Train Loss: 4.441331. Patience Count: 8.
Epoch: 96. Train Loss: 4.878691. Patience Count: 9.
Epoch: 97. Train Loss: 4.687400. Patience Count: 10.
Epoch: 98. Train Loss: 6.586942. Patience Count: 11.
Epoch: 99. Train Loss: 5.928752. Patience Count: 12.
Epoch: 100. Train Loss: 3.675516. Patience Count: 13.
Epoch: 101. Train Loss: 2.962844. best-save Patience Count: 0.
Epoch: 102. Train Loss: 1.198437. best-save Patience Count: 0.
Epoch: 103. Train Loss: 0.778973. best-save Patience Count: 0.
Epoch: 104. Train Loss: 0.822016. Patience Count: 1.
Epoch: 105. Train Loss: 0.761667. best-save Patience Count: 0.
Epoch: 106. Train Loss: 0.653706. best-save Patience Count: 0.
Epoch: 107. Train Loss: 0.283834. best-save Patience Count: 0.
Epoch: 108. Train Loss: 0.434671. Patience Count: 1.
Epoch: 109. Train Loss: 0.433190. Patience Count: 2.
Epoch: 110. Train Loss: 0.545422. Patience Count: 3.
Epoch: 111. Train Loss: 0.379066. Patience Count: 4.
Epoch: 112. Train Loss: 0.457764. Patience Count: 5.
Epoch: 113. Train Loss: 0.251715. best-save Patience Count: 0.
Epoch: 114. Train Loss: 0.558901. Patience Count: 1.
Epoch: 115. Train Loss: 0.788581. Patience Count: 2.
Epoch: 116. Train Loss: 0.578660. Patience Count: 3.
Epoch: 117. Train Loss: 0.692241. Patience Count: 4.
Epoch: 118. Train Loss: 0.576736. Patience Count: 5.
Epoch: 119. Train Loss: 0.717685. Patience Count: 6.
Epoch: 120. Train Loss: 0.707924. Patience Count: 7.
Epoch: 121. Train Loss: 1.048767. Patience Count: 8.
Epoch: 122. Train Loss: 2.149967. Patience Count: 9.
Epoch: 123. Train Loss: 2.473871. Patience Count: 10.
Epoch: 124. Train Loss: 1.265254. Patience Count: 11.
Epoch: 125. Train Loss: 1.090009. Patience Count: 12.
Epoch: 126. Train Loss: 1.599209. Patience Count: 13.
Epoch: 127. Train Loss: 1.200403. Patience Count: 14.
Epoch: 128. Train Loss: 1.105614. Patience Count: 15.
Epoch: 129. Train Loss: 1.643704. Patience Count: 16.
Epoch: 130. Train Loss: 1.789164. Patience Count: 17.
Epoch: 131. Train Loss: 1.431928. Patience Count: 18.
Epoch: 132. Train Loss: 1.422489. Patience Count: 19.
Epoch: 133. Train Loss: 0.950564. Patience Count: 20.
Epoch: 134. Train Loss: 0.684064. Patience Count: 21.
Epoch: 135. Train Loss: 0.820501. Patience Count: 22.
Epoch: 136. Train Loss: 0.967746. Patience Count: 23.
Epoch: 137. Train Loss: 1.023351. Patience Count: 24.
Epoch: 138. Train Loss: 0.733083. Patience Count: 25.
Epoch: 139. Train Loss: 1.394164. Patience Count: 26.
Epoch: 140. Train Loss: 1.146613. Patience Count: 27.
Epoch: 141. Train Loss: 1.884521. Patience Count: 28.
Epoch: 142. Train Loss: 1.986034. Patience Count: 29.
Epoch: 143. Train Loss: 2.120747. Patience Count: 30.
Epoch: 144. Train Loss: 1.916077. Patience Count: 31.
Epoch: 145. Train Loss: 1.607248. Patience Count: 32.
Epoch: 146. Train Loss: 1.511876. Patience Count: 33.
Epoch: 147. Train Loss: 1.628033. Patience Count: 34.
Epoch: 148. Train Loss: 1.415731. Patience Count: 35.
Epoch: 149. Train Loss: 0.667945. Patience Count: 36.
Epoch: 150. Train Loss: 0.774193. Patience Count: 37.
Epoch: 151. Train Loss: 0.438607. Patience Count: 38.
Epoch: 152. Train Loss: 0.209367. best-save Patience Count: 0.
Epoch: 153. Train Loss: 0.161489. best-save Patience Count: 0.
Epoch: 154. Train Loss: 0.218587. Patience Count: 1.
Epoch: 155. Train Loss: 0.262639. Patience Count: 2.
Epoch: 156. Train Loss: 0.222736. Patience Count: 3.
Epoch: 157. Train Loss: 0.165466. Patience Count: 4.
Epoch: 158. Train Loss: 0.092145. best-save Patience Count: 0.
Epoch: 159. Train Loss: 0.205146. Patience Count: 1.
Epoch: 160. Train Loss: 0.125518. Patience Count: 2.
Epoch: 161. Train Loss: 0.114696. Patience Count: 3.
Epoch: 162. Train Loss: 0.169878. Patience Count: 4.
Epoch: 163. Train Loss: 0.142984. Patience Count: 5.
Epoch: 164. Train Loss: 0.215604. Patience Count: 6.
Epoch: 165. Train Loss: 0.293732. Patience Count: 7.
Epoch: 166. Train Loss: 0.172812. Patience Count: 8.
Epoch: 167. Train Loss: 0.142059. Patience Count: 9.
Epoch: 168. Train Loss: 0.318979. Patience Count: 10.
Epoch: 169. Train Loss: 0.183815. Patience Count: 11.
Epoch: 170. Train Loss: 0.345066. Patience Count: 12.
Epoch: 171. Train Loss: 0.146563. Patience Count: 13.
Epoch: 172. Train Loss: 0.155159. Patience Count: 14.
Epoch: 173. Train Loss: 0.063169. best-save Patience Count: 0.
Epoch: 174. Train Loss: 0.173076. Patience Count: 1.
Epoch: 175. Train Loss: 0.080305. Patience Count: 2.
Epoch: 176. Train Loss: 0.189192. Patience Count: 3.
Epoch: 177. Train Loss: 0.160819. Patience Count: 4.
Epoch: 178. Train Loss: 0.145209. Patience Count: 5.
Epoch: 179. Train Loss: 0.238810. Patience Count: 6.
Epoch: 180. Train Loss: 0.309822. Patience Count: 7.
Epoch: 181. Train Loss: 0.331742. Patience Count: 8.
Epoch: 182. Train Loss: 0.295090. Patience Count: 9.
Epoch: 183. Train Loss: 0.278148. Patience Count: 10.
Epoch: 184. Train Loss: 0.531224. Patience Count: 11.
Epoch: 185. Train Loss: 0.509327. Patience Count: 12.
Epoch: 186. Train Loss: 0.617166. Patience Count: 13.
Epoch: 187. Train Loss: 0.444363. Patience Count: 14.
Epoch: 188. Train Loss: 0.407820. Patience Count: 15.
Epoch: 189. Train Loss: 0.583143. Patience Count: 16.
Epoch: 190. Train Loss: 0.427829. Patience Count: 17.
Epoch: 191. Train Loss: 0.360051. Patience Count: 18.
Epoch: 192. Train Loss: 0.532437. Patience Count: 19.
Epoch: 193. Train Loss: 0.826143. Patience Count: 20.
Epoch: 194. Train Loss: 0.651632. Patience Count: 21.
Epoch: 195. Train Loss: 0.584733. Patience Count: 22.
Epoch: 196. Train Loss: 0.778120. Patience Count: 23.
Epoch: 197. Train Loss: 0.812152. Patience Count: 24.
Epoch: 198. Train Loss: 0.614741. Patience Count: 25.
Epoch: 199. Train Loss: 1.297676. Patience Count: 26.
Epoch: 200. Train Loss: 1.038104. Patience Count: 27.
Epoch: 201. Train Loss: 0.746478. Patience Count: 28.
Epoch: 202. Train Loss: 0.208291. Patience Count: 29.
Epoch: 203. Train Loss: 0.438864. Patience Count: 30.
Epoch: 204. Train Loss: 0.253622. Patience Count: 31.
Epoch: 205. Train Loss: 0.276385. Patience Count: 32.
Epoch: 206. Train Loss: 0.179638. Patience Count: 33.
Epoch: 207. Train Loss: 0.222068. Patience Count: 34.
Epoch: 208. Train Loss: 0.122302. Patience Count: 35.
Epoch: 209. Train Loss: 0.169399. Patience Count: 36.
Epoch: 210. Train Loss: 0.303342. Patience Count: 37.
Epoch: 211. Train Loss: 0.165352. Patience Count: 38.
Epoch: 212. Train Loss: 0.182435. Patience Count: 39.
Epoch: 213. Train Loss: 0.045985. best-save Patience Count: 0.
Epoch: 214. Train Loss: 0.116438. Patience Count: 1.
Epoch: 215. Train Loss: 0.134546. Patience Count: 2.
Epoch: 216. Train Loss: 0.415426. Patience Count: 3.
Epoch: 217. Train Loss: 0.088562. Patience Count: 4.
Epoch: 218. Train Loss: 0.083560. Patience Count: 5.
Epoch: 219. Train Loss: 0.036284. best-save Patience Count: 0.
Epoch: 220. Train Loss: 0.087705. Patience Count: 1.
Epoch: 221. Train Loss: 0.146683. Patience Count: 2.
Epoch: 222. Train Loss: 0.177694. Patience Count: 3.
Epoch: 223. Train Loss: 0.070101. Patience Count: 4.
Epoch: 224. Train Loss: 0.117925. Patience Count: 5.
Epoch: 225. Train Loss: 0.111224. Patience Count: 6.
Epoch: 226. Train Loss: 0.074506. Patience Count: 7.
Epoch: 227. Train Loss: 0.049801. Patience Count: 8.
Epoch: 228. Train Loss: 0.057850. Patience Count: 9.
Epoch: 229. Train Loss: 0.062822. Patience Count: 10.
Epoch: 230. Train Loss: 0.123903. Patience Count: 11.
Epoch: 231. Train Loss: 0.043321. Patience Count: 12.
Epoch: 232. Train Loss: 0.072428. Patience Count: 13.
Epoch: 233. Train Loss: 0.116144. Patience Count: 14.
Epoch: 234. Train Loss: 0.092804. Patience Count: 15.
Epoch: 235. Train Loss: 0.053668. Patience Count: 16.
Epoch: 236. Train Loss: 0.104616. Patience Count: 17.
Epoch: 237. Train Loss: 0.055729. Patience Count: 18.
Epoch: 238. Train Loss: 0.080248. Patience Count: 19.
Epoch: 239. Train Loss: 0.106575. Patience Count: 20.
Epoch: 240. Train Loss: 0.100054. Patience Count: 21.
Epoch: 241. Train Loss: 0.131106. Patience Count: 22.
Epoch: 242. Train Loss: 0.085537. Patience Count: 23.
Epoch: 243. Train Loss: 0.164241. Patience Count: 24.
Epoch: 244. Train Loss: 0.044064. Patience Count: 25.
Epoch: 245. Train Loss: 0.045946. Patience Count: 26.
Epoch: 246. Train Loss: 0.060119. Patience Count: 27.
Epoch: 247. Train Loss: 0.134261. Patience Count: 28.
Epoch: 248. Train Loss: 0.073573. Patience Count: 29.
Epoch: 249. Train Loss: 0.070295. Patience Count: 30.
Epoch: 250. Train Loss: 0.082700. Patience Count: 31.
Epoch: 251. Train Loss: 0.057321. Patience Count: 32.
Epoch: 252. Train Loss: 0.134386. Patience Count: 33.
Epoch: 253. Train Loss: 0.062494. Patience Count: 34.
Epoch: 254. Train Loss: 0.072558. Patience Count: 35.
Epoch: 255. Train Loss: 0.039877. Patience Count: 36.
Epoch: 256. Train Loss: 0.073249. Patience Count: 37.
Epoch: 257. Train Loss: 0.084316. Patience Count: 38.
Epoch: 258. Train Loss: 0.096451. Patience Count: 39.
Epoch: 259. Train Loss: 0.059431. Patience Count: 40.
Epoch: 260. Train Loss: 0.075449. Patience Count: 41.
Epoch: 261. Train Loss: 0.105953. Patience Count: 42.
Epoch: 262. Train Loss: 0.046461. Patience Count: 43.
Epoch: 263. Train Loss: 0.062801. Patience Count: 44.
Epoch: 264. Train Loss: 0.026685. best-save Patience Count: 0.
Epoch: 265. Train Loss: 0.046500. Patience Count: 1.
Epoch: 266. Train Loss: 0.043443. Patience Count: 2.
Epoch: 267. Train Loss: 0.047498. Patience Count: 3.
Epoch: 268. Train Loss: 0.062018. Patience Count: 4.
Epoch: 269. Train Loss: 0.072363. Patience Count: 5.
Epoch: 270. Train Loss: 0.043826. Patience Count: 6.
Epoch: 271. Train Loss: 0.083413. Patience Count: 7.
Epoch: 272. Train Loss: 0.036911. Patience Count: 8.
Epoch: 273. Train Loss: 0.059832. Patience Count: 9.
Epoch: 274. Train Loss: 0.068012. Patience Count: 10.
Epoch: 275. Train Loss: 0.169577. Patience Count: 11.
Epoch: 276. Train Loss: 0.030350. Patience Count: 12.
Epoch: 277. Train Loss: 0.102673. Patience Count: 13.
Epoch: 278. Train Loss: 0.074912. Patience Count: 14.
Epoch: 279. Train Loss: 0.059334. Patience Count: 15.
Epoch: 280. Train Loss: 0.039523. Patience Count: 16.
Epoch: 281. Train Loss: 0.058629. Patience Count: 17.
Epoch: 282. Train Loss: 0.124036. Patience Count: 18.
Epoch: 283. Train Loss: 0.049185. Patience Count: 19.
Epoch: 284. Train Loss: 0.080887. Patience Count: 20.
Epoch: 285. Train Loss: 0.047708. Patience Count: 21.
Epoch: 286. Train Loss: 0.018622. best-save Patience Count: 0.
Epoch: 287. Train Loss: 0.032103. Patience Count: 1.
Epoch: 288. Train Loss: 0.036416. Patience Count: 2.
Epoch: 289. Train Loss: 0.096770. Patience Count: 3.
Epoch: 290. Train Loss: 0.045867. Patience Count: 4.
Epoch: 291. Train Loss: 0.040487. Patience Count: 5.
Epoch: 292. Train Loss: 0.022872. Patience Count: 6.
Epoch: 293. Train Loss: 0.020270. Patience Count: 7.
Epoch: 294. Train Loss: 0.034081. Patience Count: 8.
Epoch: 295. Train Loss: 0.004405. best-save Patience Count: 0.
Epoch: 296. Train Loss: 0.044919. Patience Count: 1.
Epoch: 297. Train Loss: 0.048876. Patience Count: 2.
Epoch: 298. Train Loss: 0.201273. Patience Count: 3.
Epoch: 299. Train Loss: 0.118770. Patience Count: 4.
Epoch: 300. Train Loss: 0.021115. Patience Count: 5.
Epoch: 301. Train Loss: 0.057057. Patience Count: 6.
Epoch: 302. Train Loss: 0.022067. Patience Count: 7.
Epoch: 303. Train Loss: 0.038362. Patience Count: 8.
Epoch: 304. Train Loss: 0.075272. Patience Count: 9.
Epoch: 305. Train Loss: 0.017635. Patience Count: 10.
Epoch: 306. Train Loss: 0.031926. Patience Count: 11.
Epoch: 307. Train Loss: 0.033033. Patience Count: 12.
Epoch: 308. Train Loss: 0.014496. Patience Count: 13.
Epoch: 309. Train Loss: 0.018873. Patience Count: 14.
Epoch: 310. Train Loss: 0.070740. Patience Count: 15.
Epoch: 311. Train Loss: 0.032060. Patience Count: 16.
Epoch: 312. Train Loss: 0.016358. Patience Count: 17.
Epoch: 313. Train Loss: 0.021551. Patience Count: 18.
Epoch: 314. Train Loss: 0.006479. Patience Count: 19.
Epoch: 315. Train Loss: 0.019037. Patience Count: 20.
Epoch: 316. Train Loss: 0.052578. Patience Count: 21.
Epoch: 317. Train Loss: 0.008997. Patience Count: 22.
Epoch: 318. Train Loss: 0.021742. Patience Count: 23.
Epoch: 319. Train Loss: 0.019325. Patience Count: 24.
Epoch: 320. Train Loss: 0.052719. Patience Count: 25.
Epoch: 321. Train Loss: 0.007387. Patience Count: 26.
Epoch: 322. Train Loss: 0.007545. Patience Count: 27.
Epoch: 323. Train Loss: 0.004537. Patience Count: 28.
Epoch: 324. Train Loss: 0.021802. Patience Count: 29.
Epoch: 325. Train Loss: 0.007083. Patience Count: 30.
Epoch: 326. Train Loss: 0.022588. Patience Count: 31.
Epoch: 327. Train Loss: 0.016035. Patience Count: 32.
Epoch: 328. Train Loss: 0.013049. Patience Count: 33.
Epoch: 329. Train Loss: 0.005886. Patience Count: 34.
Epoch: 330. Train Loss: 0.024670. Patience Count: 35.
Epoch: 331. Train Loss: 0.009921. Patience Count: 36.
Epoch: 332. Train Loss: 0.010382. Patience Count: 37.
Epoch: 333. Train Loss: 0.029999. Patience Count: 38.
Epoch: 334. Train Loss: 0.021027. Patience Count: 39.
Epoch: 335. Train Loss: 0.010682. Patience Count: 40.
Epoch: 336. Train Loss: 0.010809. Patience Count: 41.
Epoch: 337. Train Loss: 0.004465. Patience Count: 42.
Epoch: 338. Train Loss: 0.008993. Patience Count: 43.
Epoch: 339. Train Loss: 0.006994. Patience Count: 44.
Epoch: 340. Train Loss: 0.007886. Patience Count: 45.
Epoch: 341. Train Loss: 0.002395. best-save Patience Count: 0.
Epoch: 342. Train Loss: 0.009325. Patience Count: 1.
Epoch: 343. Train Loss: 0.009364. Patience Count: 2.
Epoch: 344. Train Loss: 0.004575. Patience Count: 3.
Epoch: 345. Train Loss: 0.034933. Patience Count: 4.
Epoch: 346. Train Loss: 0.002971. Patience Count: 5.
Epoch: 347. Train Loss: 0.009292. Patience Count: 6.
Epoch: 348. Train Loss: 0.037235. Patience Count: 7.
Epoch: 349. Train Loss: 0.016076. Patience Count: 8.
Epoch: 350. Train Loss: 0.012403. Patience Count: 9.
Epoch: 351. Train Loss: 0.012060. Patience Count: 10.
Epoch: 352. Train Loss: 0.017090. Patience Count: 11.
Epoch: 353. Train Loss: 0.003725. Patience Count: 12.
Epoch: 354. Train Loss: 0.002028. best-save Patience Count: 0.
Epoch: 355. Train Loss: 0.055826. Patience Count: 1.
Epoch: 356. Train Loss: 0.012671. Patience Count: 2.
Epoch: 357. Train Loss: 0.008992. Patience Count: 3.
Epoch: 358. Train Loss: 0.008671. Patience Count: 4.
Epoch: 359. Train Loss: 0.052958. Patience Count: 5.
Epoch: 360. Train Loss: 0.013377. Patience Count: 6.
Epoch: 361. Train Loss: 0.022836. Patience Count: 7.
Epoch: 362. Train Loss: 0.045595. Patience Count: 8.
Epoch: 363. Train Loss: 0.022111. Patience Count: 9.
Epoch: 364. Train Loss: 0.001863. best-save Patience Count: 0.
Epoch: 365. Train Loss: 0.039241. Patience Count: 1.
Epoch: 366. Train Loss: 0.005276. Patience Count: 2.
Epoch: 367. Train Loss: 0.036978. Patience Count: 3.
Epoch: 368. Train Loss: 0.062496. Patience Count: 4.
Epoch: 369. Train Loss: 0.023976. Patience Count: 5.
Epoch: 370. Train Loss: 0.037048. Patience Count: 6.
Epoch: 371. Train Loss: 0.004616. Patience Count: 7.
Epoch: 372. Train Loss: 0.027549. Patience Count: 8.
Epoch: 373. Train Loss: 0.011911. Patience Count: 9.
Epoch: 374. Train Loss: 0.066704. Patience Count: 10.
Epoch: 375. Train Loss: 0.020026. Patience Count: 11.
Epoch: 376. Train Loss: 0.015336. Patience Count: 12.
Epoch: 377. Train Loss: 0.007885. Patience Count: 13.
Epoch: 378. Train Loss: 0.011666. Patience Count: 14.
Epoch: 379. Train Loss: 0.016457. Patience Count: 15.
Epoch: 380. Train Loss: 0.004606. Patience Count: 16.
Epoch: 381. Train Loss: 0.085601. Patience Count: 17.
Epoch: 382. Train Loss: 0.006622. Patience Count: 18.
Epoch: 383. Train Loss: 0.033234. Patience Count: 19.
Epoch: 384. Train Loss: 0.004188. Patience Count: 20.
Epoch: 385. Train Loss: 0.007040. Patience Count: 21.
Epoch: 386. Train Loss: 0.034122. Patience Count: 22.
Epoch: 387. Train Loss: 0.017363. Patience Count: 23.
Epoch: 388. Train Loss: 0.048524. Patience Count: 24.
Epoch: 389. Train Loss: 0.006619. Patience Count: 25.
Epoch: 390. Train Loss: 0.018603. Patience Count: 26.
Epoch: 391. Train Loss: 0.011345. Patience Count: 27.
Epoch: 392. Train Loss: 0.005501. Patience Count: 28.
Epoch: 393. Train Loss: 0.009349. Patience Count: 29.
Epoch: 394. Train Loss: 0.022981. Patience Count: 30.
Epoch: 395. Train Loss: 0.013997. Patience Count: 31.
Epoch: 396. Train Loss: 0.003636. Patience Count: 32.
Epoch: 397. Train Loss: 0.009270. Patience Count: 33.
Epoch: 398. Train Loss: 0.025388. Patience Count: 34.
Epoch: 399. Train Loss: 0.009766. Patience Count: 35.
Epoch: 400. Train Loss: 0.019767. Patience Count: 36.
Epoch: 401. Train Loss: 0.003919. Patience Count: 37.
Epoch: 402. Train Loss: 0.003972. Patience Count: 38.
Epoch: 403. Train Loss: 0.044493. Patience Count: 39.
Epoch: 404. Train Loss: 0.002806. Patience Count: 40.
Epoch: 405. Train Loss: 0.009395. Patience Count: 41.
Epoch: 406. Train Loss: 0.015064. Patience Count: 42.
Epoch: 407. Train Loss: 0.019024. Patience Count: 43.
Epoch: 408. Train Loss: 0.048760. Patience Count: 44.
Epoch: 409. Train Loss: 0.030012. Patience Count: 45.
Epoch: 410. Train Loss: 0.003080. Patience Count: 46.
Epoch: 411. Train Loss: 0.002615. Patience Count: 47.
Epoch: 412. Train Loss: 0.029835. Patience Count: 48.
Epoch: 413. Train Loss: 0.003613. Patience Count: 49.
Epoch: 414. Train Loss: 0.005926. Patience Count: 50.
dist.destroy_process_group()
Epoch: 415. Train Loss: 0.040253. Patience Count: 51.Stop Early, patience has been running out.
dist.destroy_process_group()
