| distributed init (rank 0): env://, gpu 0
| distributed init (rank 1): env://, gpu 1
world_size: 2, gpu: 0
Using 8 dataloader workers every process
Epoch: 1. Train Loss: 614.204665. best-save Patience Count: 0.
Epoch: 2. Train Loss: 547.266810. best-save Patience Count: 0.
Epoch: 3. Train Loss: 540.677716. best-save Patience Count: 0.
Epoch: 4. Train Loss: 533.967922. best-save Patience Count: 0.
Epoch: 5. Train Loss: 523.596720. best-save Patience Count: 0.
Epoch: 6. Train Loss: 524.656658. Patience Count: 1.
Epoch: 7. Train Loss: 520.087267. best-save Patience Count: 0.
Epoch: 8. Train Loss: 505.818112. best-save Patience Count: 0.
Epoch: 9. Train Loss: 496.754872. best-save Patience Count: 0.
Epoch: 10. Train Loss: 489.627365. best-save Patience Count: 0.
Epoch: 11. Train Loss: 482.211389. best-save Patience Count: 0.
Epoch: 12. Train Loss: 478.070458. best-save Patience Count: 0.
Epoch: 13. Train Loss: 474.126229. best-save Patience Count: 0.
Epoch: 14. Train Loss: 467.090958. best-save Patience Count: 0.
Epoch: 15. Train Loss: 460.100672. best-save Patience Count: 0.
Epoch: 16. Train Loss: 449.292085. best-save Patience Count: 0.
Epoch: 17. Train Loss: 439.614408. best-save Patience Count: 0.
Epoch: 18. Train Loss: 432.987842. best-save Patience Count: 0.
Epoch: 19. Train Loss: 424.924539. best-save Patience Count: 0.
Epoch: 20. Train Loss: 416.474405. best-save Patience Count: 0.
Epoch: 21. Train Loss: 405.903105. best-save Patience Count: 0.
Epoch: 22. Train Loss: 399.765033. best-save Patience Count: 0.
Epoch: 23. Train Loss: 388.545206. best-save Patience Count: 0.
Epoch: 24. Train Loss: 375.293006. best-save Patience Count: 0.
Epoch: 25. Train Loss: 364.779972. best-save Patience Count: 0.
Epoch: 26. Train Loss: 352.542717. best-save Patience Count: 0.
Epoch: 27. Train Loss: 341.011796. best-save Patience Count: 0.
Epoch: 28. Train Loss: 329.543687. best-save Patience Count: 0.
Epoch: 29. Train Loss: 314.023705. best-save Patience Count: 0.
Epoch: 30. Train Loss: 301.128653. best-save Patience Count: 0.
Epoch: 31. Train Loss: 287.358768. best-save Patience Count: 0.
Epoch: 32. Train Loss: 276.286767. best-save Patience Count: 0.
Epoch: 33. Train Loss: 264.486187. best-save Patience Count: 0.
Epoch: 34. Train Loss: 253.323823. best-save Patience Count: 0.
Epoch: 35. Train Loss: 243.708586. best-save Patience Count: 0.
Epoch: 36. Train Loss: 229.266462. best-save Patience Count: 0.
Epoch: 37. Train Loss: 221.532799. best-save Patience Count: 0.
Epoch: 38. Train Loss: 205.709175. best-save Patience Count: 0.
Epoch: 39. Train Loss: 202.337277. best-save Patience Count: 0.
Epoch: 40. Train Loss: 192.932726. best-save Patience Count: 0.
Epoch: 41. Train Loss: 186.449174. best-save Patience Count: 0.
Epoch: 42. Train Loss: 173.145110. best-save Patience Count: 0.
Epoch: 43. Train Loss: 167.165271. best-save Patience Count: 0.
Epoch: 44. Train Loss: 159.923262. best-save Patience Count: 0.
Epoch: 45. Train Loss: 154.327584. best-save Patience Count: 0.
Epoch: 46. Train Loss: 142.297614. best-save Patience Count: 0.
Epoch: 47. Train Loss: 142.488599. Patience Count: 1.
Epoch: 48. Train Loss: 132.707534. best-save Patience Count: 0.
Epoch: 49. Train Loss: 127.917747. best-save Patience Count: 0.
Epoch: 50. Train Loss: 122.731064. best-save Patience Count: 0.
Epoch: 51. Train Loss: 94.105439. best-save Patience Count: 0.
Epoch: 52. Train Loss: 83.685155. best-save Patience Count: 0.
Epoch: 53. Train Loss: 78.116379. best-save Patience Count: 0.
Epoch: 54. Train Loss: 72.342001. best-save Patience Count: 0.
Epoch: 55. Train Loss: 71.899454. best-save Patience Count: 0.
Epoch: 56. Train Loss: 65.991079. best-save Patience Count: 0.
Epoch: 57. Train Loss: 65.585550. best-save Patience Count: 0.
Epoch: 58. Train Loss: 61.928704. best-save Patience Count: 0.
Epoch: 59. Train Loss: 57.682536. best-save Patience Count: 0.
Epoch: 60. Train Loss: 58.388168. Patience Count: 1.
Epoch: 61. Train Loss: 55.298712. best-save Patience Count: 0.
Epoch: 62. Train Loss: 52.931233. best-save Patience Count: 0.
Epoch: 63. Train Loss: 53.224860. Patience Count: 1.
Epoch: 64. Train Loss: 47.712793. best-save Patience Count: 0.
Epoch: 65. Train Loss: 49.760312. Patience Count: 1.
Epoch: 66. Train Loss: 49.470892. Patience Count: 2.
Epoch: 67. Train Loss: 46.073010. best-save Patience Count: 0.
Epoch: 68. Train Loss: 43.445787. best-save Patience Count: 0.
Epoch: 69. Train Loss: 45.395161. Patience Count: 1.
Epoch: 70. Train Loss: 44.278930. Patience Count: 2.
Epoch: 71. Train Loss: 41.994972. best-save Patience Count: 0.
Epoch: 72. Train Loss: 39.783271. best-save Patience Count: 0.
Epoch: 73. Train Loss: 41.316573. Patience Count: 1.
Epoch: 74. Train Loss: 39.005023. best-save Patience Count: 0.
Epoch: 75. Train Loss: 36.873132. best-save Patience Count: 0.
Epoch: 76. Train Loss: 35.708248. best-save Patience Count: 0.
Epoch: 77. Train Loss: 34.186877. best-save Patience Count: 0.
Epoch: 78. Train Loss: 36.110895. Patience Count: 1.
Epoch: 79. Train Loss: 35.247908. Patience Count: 2.
Epoch: 80. Train Loss: 31.363158. best-save Patience Count: 0.
Epoch: 81. Train Loss: 33.938259. Patience Count: 1.
Epoch: 82. Train Loss: 31.372440. Patience Count: 2.
Epoch: 83. Train Loss: 31.354961. best-save Patience Count: 0.
Epoch: 84. Train Loss: 29.516343. best-save Patience Count: 0.
Epoch: 85. Train Loss: 31.094264. Patience Count: 1.
Epoch: 86. Train Loss: 28.577675. best-save Patience Count: 0.
Epoch: 87. Train Loss: 26.524749. best-save Patience Count: 0.
Epoch: 88. Train Loss: 26.518660. best-save Patience Count: 0.
Epoch: 89. Train Loss: 26.588311. Patience Count: 1.
Epoch: 90. Train Loss: 28.298533. Patience Count: 2.
Epoch: 91. Train Loss: 30.023765. Patience Count: 3.
Epoch: 92. Train Loss: 25.348972. best-save Patience Count: 0.
Epoch: 93. Train Loss: 26.528402. Patience Count: 1.
Epoch: 94. Train Loss: 22.914981. best-save Patience Count: 0.
Epoch: 95. Train Loss: 25.345486. Patience Count: 1.
Epoch: 96. Train Loss: 24.407024. Patience Count: 2.
Epoch: 97. Train Loss: 22.619705. best-save Patience Count: 0.
Epoch: 98. Train Loss: 25.068111. Patience Count: 1.
Epoch: 99. Train Loss: 23.146960. Patience Count: 2.
Epoch: 100. Train Loss: 25.534999. Patience Count: 3.
Epoch: 101. Train Loss: 16.081650. best-save Patience Count: 0.
Epoch: 102. Train Loss: 11.960769. best-save Patience Count: 0.
Epoch: 103. Train Loss: 13.592526. Patience Count: 1.
Epoch: 104. Train Loss: 10.909463. best-save Patience Count: 0.
Epoch: 105. Train Loss: 12.825108. Patience Count: 1.
Epoch: 106. Train Loss: 10.205553. best-save Patience Count: 0.
Epoch: 107. Train Loss: 11.303672. Patience Count: 1.
Epoch: 108. Train Loss: 9.756377. best-save Patience Count: 0.
Epoch: 109. Train Loss: 10.954358. Patience Count: 1.
Epoch: 110. Train Loss: 10.743337. Patience Count: 2.
Epoch: 111. Train Loss: 10.341576. Patience Count: 3.
Epoch: 112. Train Loss: 11.075372. Patience Count: 4.
Epoch: 113. Train Loss: 9.706953. best-save Patience Count: 0.
Epoch: 114. Train Loss: 9.254291. best-save Patience Count: 0.
Epoch: 115. Train Loss: 11.472127. Patience Count: 1.
Epoch: 116. Train Loss: 9.988533. Patience Count: 2.
Epoch: 117. Train Loss: 9.858321. Patience Count: 3.
Epoch: 118. Train Loss: 8.676797. best-save Patience Count: 0.
Epoch: 119. Train Loss: 9.602444. Patience Count: 1.
Epoch: 120. Train Loss: 9.222211. Patience Count: 2.
Epoch: 121. Train Loss: 9.523175. Patience Count: 3.
Epoch: 122. Train Loss: 9.446355. Patience Count: 4.
Epoch: 123. Train Loss: 8.310998. best-save Patience Count: 0.
Epoch: 124. Train Loss: 9.833553. Patience Count: 1.
Epoch: 125. Train Loss: 8.009223. best-save Patience Count: 0.
Epoch: 126. Train Loss: 9.876955. Patience Count: 1.
Epoch: 127. Train Loss: 8.320017. Patience Count: 2.
Epoch: 128. Train Loss: 8.863721. Patience Count: 3.
Epoch: 129. Train Loss: 8.670397. Patience Count: 4.
Epoch: 130. Train Loss: 10.085272. Patience Count: 5.
Epoch: 131. Train Loss: 9.258337. Patience Count: 6.
Epoch: 132. Train Loss: 8.206083. Patience Count: 7.
Epoch: 133. Train Loss: 8.131348. Patience Count: 8.
Epoch: 134. Train Loss: 8.092301. Patience Count: 9.
Epoch: 135. Train Loss: 8.767779. Patience Count: 10.
Epoch: 136. Train Loss: 7.485951. best-save Patience Count: 0.
Epoch: 137. Train Loss: 9.156032. Patience Count: 1.
Epoch: 138. Train Loss: 9.393383. Patience Count: 2.
Epoch: 139. Train Loss: 9.009049. Patience Count: 3.
Epoch: 140. Train Loss: 7.219475. best-save Patience Count: 0.
Epoch: 141. Train Loss: 8.707875. Patience Count: 1.
Epoch: 142. Train Loss: 9.040793. Patience Count: 2.
Epoch: 143. Train Loss: 6.958552. best-save Patience Count: 0.
Epoch: 144. Train Loss: 7.749640. Patience Count: 1.
Epoch: 145. Train Loss: 6.704919. best-save Patience Count: 0.
Epoch: 146. Train Loss: 7.087653. Patience Count: 1.
Epoch: 147. Train Loss: 7.878092. Patience Count: 2.
Epoch: 148. Train Loss: 8.431218. Patience Count: 3.
Epoch: 149. Train Loss: 8.245524. Patience Count: 4.
Epoch: 150. Train Loss: 7.787290. Patience Count: 5.
Epoch: 151. Train Loss: 6.024505. best-save Patience Count: 0.
Epoch: 152. Train Loss: 4.815424. best-save Patience Count: 0.
Epoch: 153. Train Loss: 3.565575. best-save Patience Count: 0.
Epoch: 154. Train Loss: 4.108668. Patience Count: 1.
Epoch: 155. Train Loss: 4.317122. Patience Count: 2.
Epoch: 156. Train Loss: 4.605955. Patience Count: 3.
Epoch: 157. Train Loss: 4.033376. Patience Count: 4.
Epoch: 158. Train Loss: 4.091109. Patience Count: 5.
Epoch: 159. Train Loss: 4.044134. Patience Count: 6.
Epoch: 160. Train Loss: 4.268252. Patience Count: 7.
Epoch: 161. Train Loss: 3.248332. best-save Patience Count: 0.
Epoch: 162. Train Loss: 3.880396. Patience Count: 1.
Epoch: 163. Train Loss: 3.639484. Patience Count: 2.
Epoch: 164. Train Loss: 3.887245. Patience Count: 3.
Epoch: 165. Train Loss: 4.099068. Patience Count: 4.
Epoch: 166. Train Loss: 3.751841. Patience Count: 5.
Epoch: 167. Train Loss: 3.497812. Patience Count: 6.
Epoch: 168. Train Loss: 4.002328. Patience Count: 7.
Epoch: 169. Train Loss: 3.696862. Patience Count: 8.
Epoch: 170. Train Loss: 4.023784. Patience Count: 9.
Epoch: 171. Train Loss: 3.852880. Patience Count: 10.
Epoch: 172. Train Loss: 4.728288. Patience Count: 11.
Epoch: 173. Train Loss: 3.533177. Patience Count: 12.
Epoch: 174. Train Loss: 4.567527. Patience Count: 13.
Epoch: 175. Train Loss: 3.673542. Patience Count: 14.
Epoch: 176. Train Loss: 4.011786. Patience Count: 15.
Epoch: 177. Train Loss: 3.650750. Patience Count: 16.
Epoch: 178. Train Loss: 4.150102. Patience Count: 17.
Epoch: 179. Train Loss: 2.982269. best-save Patience Count: 0.
Epoch: 180. Train Loss: 4.327165. Patience Count: 1.
Epoch: 181. Train Loss: 3.122449. Patience Count: 2.
Epoch: 182. Train Loss: 3.614808. Patience Count: 3.
Epoch: 183. Train Loss: 3.811368. Patience Count: 4.
Epoch: 184. Train Loss: 3.117027. Patience Count: 5.
Epoch: 185. Train Loss: 3.148990. Patience Count: 6.
Epoch: 186. Train Loss: 3.611467. Patience Count: 7.
Epoch: 187. Train Loss: 3.668520. Patience Count: 8.
Epoch: 188. Train Loss: 2.984347. Patience Count: 9.
Epoch: 189. Train Loss: 3.609387. Patience Count: 10.
Epoch: 190. Train Loss: 3.564738. Patience Count: 11.
Epoch: 191. Train Loss: 3.439583. Patience Count: 12.
Epoch: 192. Train Loss: 3.544754. Patience Count: 13.
Epoch: 193. Train Loss: 3.612611. Patience Count: 14.
Epoch: 194. Train Loss: 3.630221. Patience Count: 15.
Epoch: 195. Train Loss: 3.551681. Patience Count: 16.
Epoch: 196. Train Loss: 3.370253. Patience Count: 17.
Epoch: 197. Train Loss: 3.371565. Patience Count: 18.
Epoch: 198. Train Loss: 3.471483. Patience Count: 19.
Epoch: 199. Train Loss: 3.113101. Patience Count: 20.
Epoch: 200. Train Loss: 3.190475. Patience Count: 21.
Epoch: 201. Train Loss: 2.726540. best-save Patience Count: 0.
Epoch: 202. Train Loss: 2.076460. best-save Patience Count: 0.
Epoch: 203. Train Loss: 2.135813. Patience Count: 1.
Epoch: 204. Train Loss: 2.641688. Patience Count: 2.
Epoch: 205. Train Loss: 2.034744. best-save Patience Count: 0.
Epoch: 206. Train Loss: 2.020938. best-save Patience Count: 0.
Epoch: 207. Train Loss: 1.981311. best-save Patience Count: 0.
Epoch: 208. Train Loss: 2.405336. Patience Count: 1.
Epoch: 209. Train Loss: 2.852292. Patience Count: 2.
Epoch: 210. Train Loss: 2.008743. Patience Count: 3.
Epoch: 211. Train Loss: 2.320528. Patience Count: 4.
Epoch: 212. Train Loss: 2.188040. Patience Count: 5.
Epoch: 213. Train Loss: 2.003640. Patience Count: 6.
Epoch: 214. Train Loss: 2.405224. Patience Count: 7.
Epoch: 215. Train Loss: 2.322373. Patience Count: 8.
Epoch: 216. Train Loss: 2.174037. Patience Count: 9.
Epoch: 217. Train Loss: 2.166866. Patience Count: 10.
Epoch: 218. Train Loss: 2.222361. Patience Count: 11.
Epoch: 219. Train Loss: 1.480914. best-save Patience Count: 0.
Epoch: 220. Train Loss: 1.816677. Patience Count: 1.
Epoch: 221. Train Loss: 2.456991. Patience Count: 2.
Epoch: 222. Train Loss: 2.061294. Patience Count: 3.
Epoch: 223. Train Loss: 1.747331. Patience Count: 4.
Epoch: 224. Train Loss: 2.107103. Patience Count: 5.
Epoch: 225. Train Loss: 2.111938. Patience Count: 6.
Epoch: 226. Train Loss: 1.755318. Patience Count: 7.
Epoch: 227. Train Loss: 1.787122. Patience Count: 8.
Epoch: 228. Train Loss: 1.507183. Patience Count: 9.
Epoch: 229. Train Loss: 1.812869. Patience Count: 10.
Epoch: 230. Train Loss: 2.137304. Patience Count: 11.
Epoch: 231. Train Loss: 1.918412. Patience Count: 12.
Epoch: 232. Train Loss: 1.917063. Patience Count: 13.
Epoch: 233. Train Loss: 2.284000. Patience Count: 14.
Epoch: 234. Train Loss: 2.566583. Patience Count: 15.
Epoch: 235. Train Loss: 1.734586. Patience Count: 16.
Epoch: 236. Train Loss: 1.603188. Patience Count: 17.
Epoch: 237. Train Loss: 1.827703. Patience Count: 18.
Epoch: 238. Train Loss: 1.946413. Patience Count: 19.
Epoch: 239. Train Loss: 1.327039. best-save Patience Count: 0.
Epoch: 240. Train Loss: 1.321692. best-save Patience Count: 0.
Epoch: 241. Train Loss: 1.649776. Patience Count: 1.
Epoch: 242. Train Loss: 1.615860. Patience Count: 2.
Epoch: 243. Train Loss: 1.566025. Patience Count: 3.
Epoch: 244. Train Loss: 1.899518. Patience Count: 4.
Epoch: 245. Train Loss: 2.459269. Patience Count: 5.
Epoch: 246. Train Loss: 2.251591. Patience Count: 6.
Epoch: 247. Train Loss: 1.678051. Patience Count: 7.
Epoch: 248. Train Loss: 1.668437. Patience Count: 8.
Epoch: 249. Train Loss: 1.485472. Patience Count: 9.
Epoch: 250. Train Loss: 1.608345. Patience Count: 10.
Epoch: 251. Train Loss: 1.514965. Patience Count: 11.
Epoch: 252. Train Loss: 1.714898. Patience Count: 12.
Epoch: 253. Train Loss: 1.557230. Patience Count: 13.
Epoch: 254. Train Loss: 1.380354. Patience Count: 14.
Epoch: 255. Train Loss: 1.566911. Patience Count: 15.
Epoch: 256. Train Loss: 1.286334. best-save Patience Count: 0.
Epoch: 257. Train Loss: 1.407738. Patience Count: 1.
Epoch: 258. Train Loss: 1.429433. Patience Count: 2.
Epoch: 259. Train Loss: 1.369376. Patience Count: 3.
Epoch: 260. Train Loss: 1.365564. Patience Count: 4.
Epoch: 261. Train Loss: 0.695940. best-save Patience Count: 0.
Epoch: 262. Train Loss: 1.164702. Patience Count: 1.
Epoch: 263. Train Loss: 1.466683. Patience Count: 2.
Epoch: 264. Train Loss: 1.503662. Patience Count: 3.
Epoch: 265. Train Loss: 1.329987. Patience Count: 4.
Epoch: 266. Train Loss: 1.362985. Patience Count: 5.
Epoch: 267. Train Loss: 1.333978. Patience Count: 6.
Epoch: 268. Train Loss: 1.247577. Patience Count: 7.
Epoch: 269. Train Loss: 1.147712. Patience Count: 8.
Epoch: 270. Train Loss: 0.921389. Patience Count: 9.
Epoch: 271. Train Loss: 1.511731. Patience Count: 10.
Epoch: 272. Train Loss: 1.371969. Patience Count: 11.
Epoch: 273. Train Loss: 1.377439. Patience Count: 12.
Epoch: 274. Train Loss: 0.864195. Patience Count: 13.
Epoch: 275. Train Loss: 1.028303. Patience Count: 14.
Epoch: 276. Train Loss: 0.858051. Patience Count: 15.
Epoch: 277. Train Loss: 1.427920. Patience Count: 16.
Epoch: 278. Train Loss: 1.022040. Patience Count: 17.
Epoch: 279. Train Loss: 1.134699. Patience Count: 18.
Epoch: 280. Train Loss: 1.038084. Patience Count: 19.
Epoch: 281. Train Loss: 1.065195. Patience Count: 20.
Epoch: 282. Train Loss: 1.600620. Patience Count: 21.
Epoch: 283. Train Loss: 1.290904. Patience Count: 22.
Epoch: 284. Train Loss: 1.078497. Patience Count: 23.
Epoch: 285. Train Loss: 1.195868. Patience Count: 24.
Epoch: 286. Train Loss: 0.749731. Patience Count: 25.
Epoch: 287. Train Loss: 1.148210. Patience Count: 26.
Epoch: 288. Train Loss: 1.024987. Patience Count: 27.
Epoch: 289. Train Loss: 1.137798. Patience Count: 28.
Epoch: 290. Train Loss: 1.048106. Patience Count: 29.
Epoch: 291. Train Loss: 0.923018. Patience Count: 30.
Epoch: 292. Train Loss: 1.609394. Patience Count: 31.
Epoch: 293. Train Loss: 1.306582. Patience Count: 32.
Epoch: 294. Train Loss: 1.097207. Patience Count: 33.
Epoch: 295. Train Loss: 1.281277. Patience Count: 34.
Epoch: 296. Train Loss: 0.793672. Patience Count: 35.
Epoch: 297. Train Loss: 0.984879. Patience Count: 36.
Epoch: 298. Train Loss: 0.995174. Patience Count: 37.
Epoch: 299. Train Loss: 1.234128. Patience Count: 38.
Epoch: 300. Train Loss: 1.145406. Patience Count: 39.
Epoch: 301. Train Loss: 1.040114. Patience Count: 40.
Epoch: 302. Train Loss: 1.158020. Patience Count: 41.
Epoch: 303. Train Loss: 0.725276. Patience Count: 42.
Epoch: 304. Train Loss: 1.265638. Patience Count: 43.
Epoch: 305. Train Loss: 1.143977. Patience Count: 44.
Epoch: 306. Train Loss: 1.162652. Patience Count: 45.
Epoch: 307. Train Loss: 1.115479. Patience Count: 46.
Epoch: 308. Train Loss: 0.956945. Patience Count: 47.
Epoch: 309. Train Loss: 0.996351. Patience Count: 48.
Epoch: 310. Train Loss: 1.137743. Patience Count: 49.
Epoch: 311. Train Loss: 0.894422. Patience Count: 50.
Epoch: 312. Train Loss: 1.096768. Patience Count: 51.
Epoch: 313. Train Loss: 0.814449. Patience Count: 52.
Epoch: 314. Train Loss: 1.295958. Patience Count: 53.
Epoch: 315. Train Loss: 0.893203. Patience Count: 54.
Epoch: 316. Train Loss: 0.876762. Patience Count: 55.
Epoch: 317. Train Loss: 1.022249. Patience Count: 56.
Epoch: 318. Train Loss: 0.806683. Patience Count: 57.
Epoch: 319. Train Loss: 0.946318. Patience Count: 58.
Epoch: 320. Train Loss: 0.759763. Patience Count: 59.
Epoch: 321. Train Loss: 1.151704. Patience Count: 60.
Epoch: 322. Train Loss: 1.012834. Patience Count: 61.
Epoch: 323. Train Loss: 1.005973. Patience Count: 62.
Epoch: 324. Train Loss: 1.276547. Patience Count: 63.
Epoch: 325. Train Loss: 0.739645. Patience Count: 64.
Epoch: 326. Train Loss: 0.972418. Patience Count: 65.
Epoch: 327. Train Loss: 0.997022. Patience Count: 66.
Epoch: 328. Train Loss: 0.837397. Patience Count: 67.
Epoch: 329. Train Loss: 1.229633. Patience Count: 68.
Epoch: 330. Train Loss: 0.941764. Patience Count: 69.
Epoch: 331. Train Loss: 1.016044. Patience Count: 70.
Epoch: 332. Train Loss: 0.820340. Patience Count: 71.
Epoch: 333. Train Loss: 1.151355. Patience Count: 72.
Epoch: 334. Train Loss: 1.175317. Patience Count: 73.
Epoch: 335. Train Loss: 1.185561. Patience Count: 74.
Epoch: 336. Train Loss: 0.979750. Patience Count: 75.
Epoch: 337. Train Loss: 1.443505. Patience Count: 76.
Epoch: 338. Train Loss: 0.846634. Patience Count: 77.
Epoch: 339. Train Loss: 0.859445. Patience Count: 78.
Epoch: 340. Train Loss: 0.939419. Patience Count: 79.
Epoch: 341. Train Loss: 1.095453. Patience Count: 80.
Epoch: 342. Train Loss: 0.609959. best-save Patience Count: 0.
Epoch: 343. Train Loss: 0.910842. Patience Count: 1.
Epoch: 344. Train Loss: 0.986009. Patience Count: 2.
Epoch: 345. Train Loss: 1.167708. Patience Count: 3.
Epoch: 346. Train Loss: 0.861610. Patience Count: 4.
Epoch: 347. Train Loss: 1.222804. Patience Count: 5.
Epoch: 348. Train Loss: 1.227086. Patience Count: 6.
Epoch: 349. Train Loss: 0.757587. Patience Count: 7.
Epoch: 350. Train Loss: 0.856722. Patience Count: 8.
Epoch: 351. Train Loss: 0.703119. Patience Count: 9.
Epoch: 352. Train Loss: 1.177889. Patience Count: 10.
Epoch: 353. Train Loss: 0.782950. Patience Count: 11.
Epoch: 354. Train Loss: 0.729967. Patience Count: 12.
Epoch: 355. Train Loss: 0.723215. Patience Count: 13.
Epoch: 356. Train Loss: 0.598623. best-save Patience Count: 0.
Epoch: 357. Train Loss: 0.668293. Patience Count: 1.
Epoch: 358. Train Loss: 0.997013. Patience Count: 2.
Epoch: 359. Train Loss: 0.837719. Patience Count: 3.
Epoch: 360. Train Loss: 1.020091. Patience Count: 4.
Epoch: 361. Train Loss: 0.569536. best-save Patience Count: 0.
Epoch: 362. Train Loss: 1.099867. Patience Count: 1.
Epoch: 363. Train Loss: 0.775208. Patience Count: 2.
Epoch: 364. Train Loss: 1.053694. Patience Count: 3.
Epoch: 365. Train Loss: 1.120165. Patience Count: 4.
Epoch: 366. Train Loss: 0.956928. Patience Count: 5.
Epoch: 367. Train Loss: 0.843922. Patience Count: 6.
Epoch: 368. Train Loss: 0.729724. Patience Count: 7.
Epoch: 369. Train Loss: 0.925114. Patience Count: 8.
Epoch: 370. Train Loss: 0.677262. Patience Count: 9.
Epoch: 371. Train Loss: 0.781707. Patience Count: 10.
Epoch: 372. Train Loss: 1.065991. Patience Count: 11.
Epoch: 373. Train Loss: 0.679178. Patience Count: 12.
Epoch: 374. Train Loss: 0.554749. best-save Patience Count: 0.
Epoch: 375. Train Loss: 1.031382. Patience Count: 1.
Epoch: 376. Train Loss: 1.033911. Patience Count: 2.
Epoch: 377. Train Loss: 0.841333. Patience Count: 3.
Epoch: 378. Train Loss: 0.947624. Patience Count: 4.
Epoch: 379. Train Loss: 1.171591. Patience Count: 5.
Epoch: 380. Train Loss: 0.882143. Patience Count: 6.
Epoch: 381. Train Loss: 0.656912. Patience Count: 7.
Epoch: 382. Train Loss: 0.780610. Patience Count: 8.
Epoch: 383. Train Loss: 1.373086. Patience Count: 9.
Epoch: 384. Train Loss: 0.874318. Patience Count: 10.
Epoch: 385. Train Loss: 0.658831. Patience Count: 11.
Epoch: 386. Train Loss: 0.770337. Patience Count: 12.
Epoch: 387. Train Loss: 0.629444. Patience Count: 13.
Epoch: 388. Train Loss: 0.990824. Patience Count: 14.
Epoch: 389. Train Loss: 0.802066. Patience Count: 15.
Epoch: 390. Train Loss: 0.647799. Patience Count: 16.
Epoch: 391. Train Loss: 0.910741. Patience Count: 17.
Epoch: 392. Train Loss: 0.722794. Patience Count: 18.
Epoch: 393. Train Loss: 0.756126. Patience Count: 19.
Epoch: 394. Train Loss: 0.752546. Patience Count: 20.
Epoch: 395. Train Loss: 0.837081. Patience Count: 21.
Epoch: 396. Train Loss: 0.807046. Patience Count: 22.
Epoch: 397. Train Loss: 0.912633. Patience Count: 23.
Epoch: 398. Train Loss: 0.746075. Patience Count: 24.
Epoch: 399. Train Loss: 0.621112. Patience Count: 25.
Epoch: 400. Train Loss: 0.667092. Patience Count: 26.
Epoch: 401. Train Loss: 0.867027. Patience Count: 27.
Epoch: 402. Train Loss: 0.500734. best-save Patience Count: 0.
Epoch: 403. Train Loss: 0.404581. best-save Patience Count: 0.
Epoch: 404. Train Loss: 0.803955. Patience Count: 1.
Epoch: 405. Train Loss: 0.868677. Patience Count: 2.
Epoch: 406. Train Loss: 0.867808. Patience Count: 3.
Epoch: 407. Train Loss: 0.905869. Patience Count: 4.
Epoch: 408. Train Loss: 0.845883. Patience Count: 5.
Epoch: 409. Train Loss: 0.543478. Patience Count: 6.
Epoch: 410. Train Loss: 0.703896. Patience Count: 7.
Epoch: 411. Train Loss: 0.664233. Patience Count: 8.
Epoch: 412. Train Loss: 0.460445. Patience Count: 9.
Epoch: 413. Train Loss: 0.659842. Patience Count: 10.
Epoch: 414. Train Loss: 0.712438. Patience Count: 11.
Epoch: 415. Train Loss: 0.920606. Patience Count: 12.
Epoch: 416. Train Loss: 0.507858. Patience Count: 13.
Epoch: 417. Train Loss: 0.758456. Patience Count: 14.
Epoch: 418. Train Loss: 0.767993. Patience Count: 15.
Epoch: 419. Train Loss: 0.404190. best-save Patience Count: 0.
Epoch: 420. Train Loss: 0.482337. Patience Count: 1.
Epoch: 421. Train Loss: 0.544157. Patience Count: 2.
Epoch: 422. Train Loss: 0.969419. Patience Count: 3.
Epoch: 423. Train Loss: 0.929630. Patience Count: 4.
Epoch: 424. Train Loss: 1.113734. Patience Count: 5.
Epoch: 425. Train Loss: 0.889942. Patience Count: 6.
Epoch: 426. Train Loss: 0.657175. Patience Count: 7.
Epoch: 427. Train Loss: 0.662888. Patience Count: 8.
Epoch: 428. Train Loss: 0.607608. Patience Count: 9.
Epoch: 429. Train Loss: 0.713725. Patience Count: 10.
Epoch: 430. Train Loss: 0.852587. Patience Count: 11.
Epoch: 431. Train Loss: 0.790515. Patience Count: 12.
Epoch: 432. Train Loss: 0.740599. Patience Count: 13.
Epoch: 433. Train Loss: 0.666360. Patience Count: 14.
Epoch: 434. Train Loss: 0.932750. Patience Count: 15.
Epoch: 435. Train Loss: 0.823488. Patience Count: 16.
Epoch: 436. Train Loss: 0.789288. Patience Count: 17.
Epoch: 437. Train Loss: 1.174023. Patience Count: 18.
Epoch: 438. Train Loss: 0.923905. Patience Count: 19.
Epoch: 439. Train Loss: 0.847864. Patience Count: 20.
Epoch: 440. Train Loss: 0.590701. Patience Count: 21.
Epoch: 441. Train Loss: 0.968854. Patience Count: 22.
Epoch: 442. Train Loss: 0.916750. Patience Count: 23.
Epoch: 443. Train Loss: 0.757960. Patience Count: 24.
Epoch: 444. Train Loss: 0.728883. Patience Count: 25.
Epoch: 445. Train Loss: 0.591579. Patience Count: 26.
Epoch: 446. Train Loss: 0.545954. Patience Count: 27.
Epoch: 447. Train Loss: 0.570118. Patience Count: 28.
Epoch: 448. Train Loss: 0.753565. Patience Count: 29.
Epoch: 449. Train Loss: 0.611353. Patience Count: 30.
Epoch: 450. Train Loss: 1.030504. Patience Count: 31.
Epoch: 451. Train Loss: 0.985214. Patience Count: 32.
Epoch: 452. Train Loss: 0.665200. Patience Count: 33.
Epoch: 453. Train Loss: 0.696978. Patience Count: 34.
Epoch: 454. Train Loss: 0.687192. Patience Count: 35.
Epoch: 455. Train Loss: 0.556187. Patience Count: 36.
Epoch: 456. Train Loss: 0.678875. Patience Count: 37.
Epoch: 457. Train Loss: 0.737684. Patience Count: 38.
Epoch: 458. Train Loss: 0.645219. Patience Count: 39.
Epoch: 459. Train Loss: 0.895778. Patience Count: 40.
Epoch: 460. Train Loss: 0.815327. Patience Count: 41.
Epoch: 461. Train Loss: 0.571520. Patience Count: 42.
Epoch: 462. Train Loss: 0.813078. Patience Count: 43.
Epoch: 463. Train Loss: 0.644823. Patience Count: 44.
Epoch: 464. Train Loss: 0.843426. Patience Count: 45.
Epoch: 465. Train Loss: 0.965075. Patience Count: 46.
Epoch: 466. Train Loss: 0.519861. Patience Count: 47.
Epoch: 467. Train Loss: 0.970160. Patience Count: 48.
Epoch: 468. Train Loss: 0.531973. Patience Count: 49.
Epoch: 469. Train Loss: 0.722721. Patience Count: 50.
Epoch: 470. Train Loss: 0.705703. Patience Count: 51.
Epoch: 471. Train Loss: 0.581894. Patience Count: 52.
Epoch: 472. Train Loss: 0.933957. Patience Count: 53.
Epoch: 473. Train Loss: 0.787599. Patience Count: 54.
Epoch: 474. Train Loss: 0.777031. Patience Count: 55.
Epoch: 475. Train Loss: 0.805377. Patience Count: 56.
Epoch: 476. Train Loss: 0.468581. Patience Count: 57.
Epoch: 477. Train Loss: 0.603685. Patience Count: 58.
Epoch: 478. Train Loss: 0.467512. Patience Count: 59.
Epoch: 479. Train Loss: 0.569727. Patience Count: 60.
Epoch: 480. Train Loss: 0.905445. Patience Count: 61.
Epoch: 481. Train Loss: 0.742931. Patience Count: 62.
Epoch: 482. Train Loss: 0.490793. Patience Count: 63.
Epoch: 483. Train Loss: 0.838706. Patience Count: 64.
Epoch: 484. Train Loss: 1.454056. Patience Count: 65.
Epoch: 485. Train Loss: 0.643787. Patience Count: 66.
Epoch: 486. Train Loss: 0.684938. Patience Count: 67.
Epoch: 487. Train Loss: 0.683513. Patience Count: 68.
Epoch: 488. Train Loss: 0.612859. Patience Count: 69.
Epoch: 489. Train Loss: 0.617866. Patience Count: 70.
Epoch: 490. Train Loss: 0.622018. Patience Count: 71.
Epoch: 491. Train Loss: 0.725356. Patience Count: 72.
Epoch: 492. Train Loss: 0.801576. Patience Count: 73.
Epoch: 493. Train Loss: 0.752460. Patience Count: 74.
Epoch: 494. Train Loss: 0.845148. Patience Count: 75.
Epoch: 495. Train Loss: 0.418143. Patience Count: 76.
Epoch: 496. Train Loss: 0.545458. Patience Count: 77.
Epoch: 497. Train Loss: 0.530063. Patience Count: 78.
Epoch: 498. Train Loss: 0.704416. Patience Count: 79.
Epoch: 499. Train Loss: 0.839891. Patience Count: 80.
Epoch: 500. Train Loss: 0.807506. Patience Count: 81.Stop Early, patience has been running out.
dist.destroy_process_group()
dist.destroy_process_group()
