| distributed init (rank 1): env://, gpu 1
| distributed init (rank 0): env://, gpu 0
world_size: 2, gpu: 0
Using 8 dataloader workers every process
Epoch: 1. Train Loss: 596.241354. best-save Patience Count: 0.
Epoch: 2. Train Loss: 526.560339. best-save Patience Count: 0.
Epoch: 3. Train Loss: 505.083817. best-save Patience Count: 0.
Epoch: 4. Train Loss: 491.296606. best-save Patience Count: 0.
Epoch: 5. Train Loss: 474.779654. best-save Patience Count: 0.
Epoch: 6. Train Loss: 465.701363. best-save Patience Count: 0.
Epoch: 7. Train Loss: 452.115269. best-save Patience Count: 0.
Epoch: 8. Train Loss: 444.556867. best-save Patience Count: 0.
Epoch: 9. Train Loss: 432.842994. best-save Patience Count: 0.
Epoch: 10. Train Loss: 420.233824. best-save Patience Count: 0.
Epoch: 11. Train Loss: 407.235080. best-save Patience Count: 0.
Epoch: 12. Train Loss: 398.408273. best-save Patience Count: 0.
Epoch: 13. Train Loss: 383.015258. best-save Patience Count: 0.
Epoch: 14. Train Loss: 368.232141. best-save Patience Count: 0.
Epoch: 15. Train Loss: 353.846531. best-save Patience Count: 0.
Epoch: 16. Train Loss: 338.360786. best-save Patience Count: 0.
Epoch: 17. Train Loss: 328.609372. best-save Patience Count: 0.
Epoch: 18. Train Loss: 309.667208. best-save Patience Count: 0.
Epoch: 19. Train Loss: 297.743924. best-save Patience Count: 0.
Epoch: 20. Train Loss: 289.893316. best-save Patience Count: 0.
Epoch: 21. Train Loss: 272.888532. best-save Patience Count: 0.
Epoch: 22. Train Loss: 264.084269. best-save Patience Count: 0.
Epoch: 23. Train Loss: 253.687108. best-save Patience Count: 0.
Epoch: 24. Train Loss: 238.743105. best-save Patience Count: 0.
Epoch: 25. Train Loss: 227.681684. best-save Patience Count: 0.
Epoch: 26. Train Loss: 213.771654. best-save Patience Count: 0.
Epoch: 27. Train Loss: 205.622541. best-save Patience Count: 0.
Epoch: 28. Train Loss: 196.226519. best-save Patience Count: 0.
Epoch: 29. Train Loss: 189.253296. best-save Patience Count: 0.
Epoch: 30. Train Loss: 178.254583. best-save Patience Count: 0.
Epoch: 31. Train Loss: 170.807174. best-save Patience Count: 0.
Epoch: 32. Train Loss: 162.281168. best-save Patience Count: 0.
Epoch: 33. Train Loss: 163.351457. Patience Count: 1.
Epoch: 34. Train Loss: 151.263890. best-save Patience Count: 0.
Epoch: 35. Train Loss: 144.427318. best-save Patience Count: 0.
Epoch: 36. Train Loss: 136.618458. best-save Patience Count: 0.
Epoch: 37. Train Loss: 135.547220. best-save Patience Count: 0.
Epoch: 38. Train Loss: 126.156769. best-save Patience Count: 0.
Epoch: 39. Train Loss: 123.090144. best-save Patience Count: 0.
Epoch: 40. Train Loss: 115.500403. best-save Patience Count: 0.
Epoch: 41. Train Loss: 118.909299. Patience Count: 1.
Epoch: 42. Train Loss: 109.023066. best-save Patience Count: 0.
Epoch: 43. Train Loss: 100.633295. best-save Patience Count: 0.
Epoch: 44. Train Loss: 99.923065. best-save Patience Count: 0.
Epoch: 45. Train Loss: 98.482306. best-save Patience Count: 0.
Epoch: 46. Train Loss: 93.605197. best-save Patience Count: 0.
Epoch: 47. Train Loss: 92.006962. best-save Patience Count: 0.
Epoch: 48. Train Loss: 85.888747. best-save Patience Count: 0.
Epoch: 49. Train Loss: 85.551576. best-save Patience Count: 0.
Epoch: 50. Train Loss: 86.104857. Patience Count: 1.
Epoch: 51. Train Loss: 59.625506. best-save Patience Count: 0.
Epoch: 52. Train Loss: 51.726072. best-save Patience Count: 0.
Epoch: 53. Train Loss: 46.368213. best-save Patience Count: 0.
Epoch: 54. Train Loss: 42.356094. best-save Patience Count: 0.
Epoch: 55. Train Loss: 44.705844. Patience Count: 1.
Epoch: 56. Train Loss: 41.871867. best-save Patience Count: 0.
Epoch: 57. Train Loss: 40.285151. best-save Patience Count: 0.
Epoch: 58. Train Loss: 41.453160. Patience Count: 1.
Epoch: 59. Train Loss: 40.318382. Patience Count: 2.
Epoch: 60. Train Loss: 36.773829. best-save Patience Count: 0.
Epoch: 61. Train Loss: 37.327353. Patience Count: 1.
Epoch: 62. Train Loss: 37.932900. Patience Count: 2.
Epoch: 63. Train Loss: 37.822134. Patience Count: 3.
Epoch: 64. Train Loss: 36.229323. best-save Patience Count: 0.
Epoch: 65. Train Loss: 35.164354. best-save Patience Count: 0.
Epoch: 66. Train Loss: 32.366105. best-save Patience Count: 0.
Epoch: 67. Train Loss: 31.228680. best-save Patience Count: 0.
Epoch: 68. Train Loss: 30.309983. best-save Patience Count: 0.
Epoch: 69. Train Loss: 31.248328. Patience Count: 1.
Epoch: 70. Train Loss: 30.771053. Patience Count: 2.
Epoch: 71. Train Loss: 32.233555. Patience Count: 3.
Epoch: 72. Train Loss: 32.006685. Patience Count: 4.
Epoch: 73. Train Loss: 31.510016. Patience Count: 5.
Epoch: 74. Train Loss: 26.434037. best-save Patience Count: 0.
Epoch: 75. Train Loss: 30.183570. Patience Count: 1.
Epoch: 76. Train Loss: 26.721416. Patience Count: 2.
Epoch: 77. Train Loss: 26.183107. best-save Patience Count: 0.
Epoch: 78. Train Loss: 27.622452. Patience Count: 1.
Epoch: 79. Train Loss: 29.618917. Patience Count: 2.
Epoch: 80. Train Loss: 24.571338. best-save Patience Count: 0.
Epoch: 81. Train Loss: 25.910429. Patience Count: 1.
Epoch: 82. Train Loss: 25.262010. Patience Count: 2.
Epoch: 83. Train Loss: 25.473784. Patience Count: 3.
Epoch: 84. Train Loss: 25.402515. Patience Count: 4.
Epoch: 85. Train Loss: 25.872024. Patience Count: 5.
Epoch: 86. Train Loss: 25.679413. Patience Count: 6.
Epoch: 87. Train Loss: 22.697653. best-save Patience Count: 0.
Epoch: 88. Train Loss: 22.525857. best-save Patience Count: 0.
Epoch: 89. Train Loss: 20.898984. best-save Patience Count: 0.
Epoch: 90. Train Loss: 21.211806. Patience Count: 1.
Epoch: 91. Train Loss: 22.838373. Patience Count: 2.
Epoch: 92. Train Loss: 21.069265. Patience Count: 3.
Epoch: 93. Train Loss: 23.351519. Patience Count: 4.
Epoch: 94. Train Loss: 23.384575. Patience Count: 5.
Epoch: 95. Train Loss: 20.011889. best-save Patience Count: 0.
Epoch: 96. Train Loss: 23.780278. Patience Count: 1.
Epoch: 97. Train Loss: 21.701522. Patience Count: 2.
Epoch: 98. Train Loss: 19.438054. best-save Patience Count: 0.
Epoch: 99. Train Loss: 23.517797. Patience Count: 1.
Epoch: 100. Train Loss: 21.095385. Patience Count: 2.
Epoch: 101. Train Loss: 14.856104. best-save Patience Count: 0.
Epoch: 102. Train Loss: 11.219585. best-save Patience Count: 0.
Epoch: 103. Train Loss: 9.855079. best-save Patience Count: 0.
Epoch: 104. Train Loss: 10.876904. Patience Count: 1.
Epoch: 105. Train Loss: 9.925131. Patience Count: 2.
Epoch: 106. Train Loss: 10.506040. Patience Count: 3.
Epoch: 107. Train Loss: 9.536757. best-save Patience Count: 0.
Epoch: 108. Train Loss: 9.898123. Patience Count: 1.
Epoch: 109. Train Loss: 10.707508. Patience Count: 2.
Epoch: 110. Train Loss: 9.751253. Patience Count: 3.
Epoch: 111. Train Loss: 8.843350. best-save Patience Count: 0.
Epoch: 112. Train Loss: 10.561966. Patience Count: 1.
Epoch: 113. Train Loss: 10.676825. Patience Count: 2.
Epoch: 114. Train Loss: 10.206375. Patience Count: 3.
Epoch: 115. Train Loss: 9.455439. Patience Count: 4.
Epoch: 116. Train Loss: 8.858959. Patience Count: 5.
Epoch: 117. Train Loss: 10.059315. Patience Count: 6.
Epoch: 118. Train Loss: 9.095940. Patience Count: 7.
Epoch: 119. Train Loss: 9.569061. Patience Count: 8.
Epoch: 120. Train Loss: 8.348027. best-save Patience Count: 0.
Epoch: 121. Train Loss: 9.845415. Patience Count: 1.
Epoch: 122. Train Loss: 7.964850. best-save Patience Count: 0.
Epoch: 123. Train Loss: 11.072065. Patience Count: 1.
Epoch: 124. Train Loss: 8.715139. Patience Count: 2.
Epoch: 125. Train Loss: 9.259212. Patience Count: 3.
Epoch: 126. Train Loss: 9.490866. Patience Count: 4.
Epoch: 127. Train Loss: 8.747019. Patience Count: 5.
Epoch: 128. Train Loss: 8.051434. Patience Count: 6.
Epoch: 129. Train Loss: 8.694216. Patience Count: 7.
Epoch: 130. Train Loss: 9.186570. Patience Count: 8.
Epoch: 131. Train Loss: 8.859267. Patience Count: 9.
Epoch: 132. Train Loss: 8.344192. Patience Count: 10.
Epoch: 133. Train Loss: 10.859943. Patience Count: 11.
Epoch: 134. Train Loss: 7.043942. best-save Patience Count: 0.
Epoch: 135. Train Loss: 8.348343. Patience Count: 1.
Epoch: 136. Train Loss: 8.377584. Patience Count: 2.
Epoch: 137. Train Loss: 8.423037. Patience Count: 3.
Epoch: 138. Train Loss: 8.512905. Patience Count: 4.
Epoch: 139. Train Loss: 7.592397. Patience Count: 5.
Epoch: 140. Train Loss: 8.242628. Patience Count: 6.
Epoch: 141. Train Loss: 8.788418. Patience Count: 7.
Epoch: 142. Train Loss: 7.538965. Patience Count: 8.
Epoch: 143. Train Loss: 7.305301. Patience Count: 9.
Epoch: 144. Train Loss: 7.890365. Patience Count: 10.
Epoch: 145. Train Loss: 8.164456. Patience Count: 11.
Epoch: 146. Train Loss: 7.994490. Patience Count: 12.
Epoch: 147. Train Loss: 8.317211. Patience Count: 13.
Epoch: 148. Train Loss: 6.758242. best-save Patience Count: 0.
Epoch: 149. Train Loss: 6.131216. best-save Patience Count: 0.
Epoch: 150. Train Loss: 9.161384. Patience Count: 1.
Epoch: 151. Train Loss: 5.871287. best-save Patience Count: 0.
Epoch: 152. Train Loss: 5.341099. best-save Patience Count: 0.
Epoch: 153. Train Loss: 5.346809. Patience Count: 1.
Epoch: 154. Train Loss: 4.714425. best-save Patience Count: 0.
Epoch: 155. Train Loss: 5.198630. Patience Count: 1.
Epoch: 156. Train Loss: 3.946180. best-save Patience Count: 0.
Epoch: 157. Train Loss: 4.534488. Patience Count: 1.
Epoch: 158. Train Loss: 4.248934. Patience Count: 2.
Epoch: 159. Train Loss: 4.417546. Patience Count: 3.
Epoch: 160. Train Loss: 4.839498. Patience Count: 4.
Epoch: 161. Train Loss: 4.131492. Patience Count: 5.
Epoch: 162. Train Loss: 4.423154. Patience Count: 6.
Epoch: 163. Train Loss: 5.251470. Patience Count: 7.
Epoch: 164. Train Loss: 5.146624. Patience Count: 8.
Epoch: 165. Train Loss: 4.659337. Patience Count: 9.
Epoch: 166. Train Loss: 3.573728. best-save Patience Count: 0.
Epoch: 167. Train Loss: 4.117599. Patience Count: 1.
Epoch: 168. Train Loss: 4.822547. Patience Count: 2.
Epoch: 169. Train Loss: 4.002593. Patience Count: 3.
Epoch: 170. Train Loss: 4.137990. Patience Count: 4.
Epoch: 171. Train Loss: 3.988775. Patience Count: 5.
Epoch: 172. Train Loss: 4.618294. Patience Count: 6.
Epoch: 173. Train Loss: 4.279375. Patience Count: 7.
Epoch: 174. Train Loss: 4.297299. Patience Count: 8.
Epoch: 175. Train Loss: 3.794569. Patience Count: 9.
Epoch: 176. Train Loss: 4.231993. Patience Count: 10.
Epoch: 177. Train Loss: 2.998291. best-save Patience Count: 0.
Epoch: 178. Train Loss: 4.991742. Patience Count: 1.
Epoch: 179. Train Loss: 4.152743. Patience Count: 2.
Epoch: 180. Train Loss: 4.957406. Patience Count: 3.
Epoch: 181. Train Loss: 3.791187. Patience Count: 4.
Epoch: 182. Train Loss: 3.591171. Patience Count: 5.
Epoch: 183. Train Loss: 3.808437. Patience Count: 6.
Epoch: 184. Train Loss: 4.403836. Patience Count: 7.
Epoch: 185. Train Loss: 4.255352. Patience Count: 8.
Epoch: 186. Train Loss: 3.734855. Patience Count: 9.
Epoch: 187. Train Loss: 3.973894. Patience Count: 10.
Epoch: 188. Train Loss: 4.338323. Patience Count: 11.
Epoch: 189. Train Loss: 3.534631. Patience Count: 12.
Epoch: 190. Train Loss: 3.870651. Patience Count: 13.
Epoch: 191. Train Loss: 4.345981. Patience Count: 14.
Epoch: 192. Train Loss: 4.003056. Patience Count: 15.
Epoch: 193. Train Loss: 3.288291. Patience Count: 16.
Epoch: 194. Train Loss: 3.130840. Patience Count: 17.
Epoch: 195. Train Loss: 3.448053. Patience Count: 18.
Epoch: 196. Train Loss: 4.164683. Patience Count: 19.
Epoch: 197. Train Loss: 3.997065. Patience Count: 20.
Epoch: 198. Train Loss: 3.347214. Patience Count: 21.
Epoch: 199. Train Loss: 3.856997. Patience Count: 22.
Epoch: 200. Train Loss: 3.246501. Patience Count: 23.
Epoch: 201. Train Loss: 3.257998. Patience Count: 24.
Epoch: 202. Train Loss: 2.547871. best-save Patience Count: 0.
Epoch: 203. Train Loss: 2.933009. Patience Count: 1.
Epoch: 204. Train Loss: 2.530337. best-save Patience Count: 0.
Epoch: 205. Train Loss: 2.664359. Patience Count: 1.
Epoch: 206. Train Loss: 3.027120. Patience Count: 2.
Epoch: 207. Train Loss: 2.905965. Patience Count: 3.
Epoch: 208. Train Loss: 3.087963. Patience Count: 4.
Epoch: 209. Train Loss: 2.646664. Patience Count: 5.
Epoch: 210. Train Loss: 3.423333. Patience Count: 6.
Epoch: 211. Train Loss: 2.428606. best-save Patience Count: 0.
Epoch: 212. Train Loss: 1.838142. best-save Patience Count: 0.
Epoch: 213. Train Loss: 2.571504. Patience Count: 1.
Epoch: 214. Train Loss: 2.503570. Patience Count: 2.
Epoch: 215. Train Loss: 3.471218. Patience Count: 3.
Epoch: 216. Train Loss: 2.501267. Patience Count: 4.
Epoch: 217. Train Loss: 2.530889. Patience Count: 5.
Epoch: 218. Train Loss: 3.111555. Patience Count: 6.
Epoch: 219. Train Loss: 2.378809. Patience Count: 7.
Epoch: 220. Train Loss: 2.062116. Patience Count: 8.
Epoch: 221. Train Loss: 2.241435. Patience Count: 9.
Epoch: 222. Train Loss: 2.016658. Patience Count: 10.
Epoch: 223. Train Loss: 2.405521. Patience Count: 11.
Epoch: 224. Train Loss: 2.293081. Patience Count: 12.
Epoch: 225. Train Loss: 2.581373. Patience Count: 13.
Epoch: 226. Train Loss: 2.551056. Patience Count: 14.
Epoch: 227. Train Loss: 2.261201. Patience Count: 15.
Epoch: 228. Train Loss: 3.077079. Patience Count: 16.
Epoch: 229. Train Loss: 2.642073. Patience Count: 17.
Epoch: 230. Train Loss: 1.833423. best-save Patience Count: 0.
Epoch: 231. Train Loss: 2.566367. Patience Count: 1.
Epoch: 232. Train Loss: 2.162103. Patience Count: 2.
Epoch: 233. Train Loss: 2.240847. Patience Count: 3.
Epoch: 234. Train Loss: 2.853806. Patience Count: 4.
Epoch: 235. Train Loss: 2.213567. Patience Count: 5.
Epoch: 236. Train Loss: 2.492141. Patience Count: 6.
Epoch: 237. Train Loss: 2.228295. Patience Count: 7.
Epoch: 238. Train Loss: 2.363333. Patience Count: 8.
Epoch: 239. Train Loss: 2.107465. Patience Count: 9.
Epoch: 240. Train Loss: 2.949837. Patience Count: 10.
Epoch: 241. Train Loss: 2.541214. Patience Count: 11.
Epoch: 242. Train Loss: 2.532485. Patience Count: 12.
Epoch: 243. Train Loss: 2.698231. Patience Count: 13.
Epoch: 244. Train Loss: 1.937994. Patience Count: 14.
Epoch: 245. Train Loss: 1.936610. Patience Count: 15.
Epoch: 246. Train Loss: 2.071962. Patience Count: 16.
Epoch: 247. Train Loss: 1.667653. best-save Patience Count: 0.
Epoch: 248. Train Loss: 2.045508. Patience Count: 1.
Epoch: 249. Train Loss: 2.450627. Patience Count: 2.
Epoch: 250. Train Loss: 1.822407. Patience Count: 3.
Epoch: 251. Train Loss: 2.357859. Patience Count: 4.
Epoch: 252. Train Loss: 1.800759. Patience Count: 5.
Epoch: 253. Train Loss: 1.883898. Patience Count: 6.
Epoch: 254. Train Loss: 2.276934. Patience Count: 7.
Epoch: 255. Train Loss: 1.404374. best-save Patience Count: 0.
Epoch: 256. Train Loss: 2.003555. Patience Count: 1.
Epoch: 257. Train Loss: 1.191407. best-save Patience Count: 0.
Epoch: 258. Train Loss: 1.714381. Patience Count: 1.
Epoch: 259. Train Loss: 1.509034. Patience Count: 2.
Epoch: 260. Train Loss: 1.961950. Patience Count: 3.
Epoch: 261. Train Loss: 2.184698. Patience Count: 4.
Epoch: 262. Train Loss: 1.521435. Patience Count: 5.
Epoch: 263. Train Loss: 1.366513. Patience Count: 6.
Epoch: 264. Train Loss: 1.528971. Patience Count: 7.
Epoch: 265. Train Loss: 2.342837. Patience Count: 8.
Epoch: 266. Train Loss: 2.110812. Patience Count: 9.
Epoch: 267. Train Loss: 2.104972. Patience Count: 10.
Epoch: 268. Train Loss: 1.755826. Patience Count: 11.
Epoch: 269. Train Loss: 1.985637. Patience Count: 12.
Epoch: 270. Train Loss: 2.050066. Patience Count: 13.
Epoch: 271. Train Loss: 1.840038. Patience Count: 14.
Epoch: 272. Train Loss: 1.707886. Patience Count: 15.
Epoch: 273. Train Loss: 2.255840. Patience Count: 16.
Epoch: 274. Train Loss: 2.186863. Patience Count: 17.
Epoch: 275. Train Loss: 1.538436. Patience Count: 18.
Epoch: 276. Train Loss: 2.180943. Patience Count: 19.
Epoch: 277. Train Loss: 1.783862. Patience Count: 20.
Epoch: 278. Train Loss: 1.260558. Patience Count: 21.
Epoch: 279. Train Loss: 1.682113. Patience Count: 22.
Epoch: 280. Train Loss: 1.382951. Patience Count: 23.
Epoch: 281. Train Loss: 2.130767. Patience Count: 24.
Epoch: 282. Train Loss: 1.955490. Patience Count: 25.
Epoch: 283. Train Loss: 1.251611. Patience Count: 26.
Epoch: 284. Train Loss: 2.082640. Patience Count: 27.
Epoch: 285. Train Loss: 1.307573. Patience Count: 28.
Epoch: 286. Train Loss: 2.017269. Patience Count: 29.
Epoch: 287. Train Loss: 1.263159. Patience Count: 30.
Epoch: 288. Train Loss: 1.453186. Patience Count: 31.
Epoch: 289. Train Loss: 1.562788. Patience Count: 32.
Epoch: 290. Train Loss: 2.005783. Patience Count: 33.
Epoch: 291. Train Loss: 1.718305. Patience Count: 34.
Epoch: 292. Train Loss: 1.412900. Patience Count: 35.
Epoch: 293. Train Loss: 1.629389. Patience Count: 36.
Epoch: 294. Train Loss: 1.538709. Patience Count: 37.
Epoch: 295. Train Loss: 1.632485. Patience Count: 38.
Epoch: 296. Train Loss: 1.693957. Patience Count: 39.
Epoch: 297. Train Loss: 1.272389. Patience Count: 40.
Epoch: 298. Train Loss: 1.730850. Patience Count: 41.
Epoch: 299. Train Loss: 1.160831. best-save Patience Count: 0.
Epoch: 300. Train Loss: 1.540554. Patience Count: 1.
Epoch: 301. Train Loss: 1.766546. Patience Count: 2.
Epoch: 302. Train Loss: 1.592022. Patience Count: 3.
Epoch: 303. Train Loss: 1.492032. Patience Count: 4.
Epoch: 304. Train Loss: 1.455335. Patience Count: 5.
Epoch: 305. Train Loss: 1.338411. Patience Count: 6.
Epoch: 306. Train Loss: 1.676053. Patience Count: 7.
Epoch: 307. Train Loss: 1.635999. Patience Count: 8.
Epoch: 308. Train Loss: 1.712464. Patience Count: 9.
Epoch: 309. Train Loss: 1.321285. Patience Count: 10.
Epoch: 310. Train Loss: 1.270888. Patience Count: 11.
Epoch: 311. Train Loss: 1.226861. Patience Count: 12.
Epoch: 312. Train Loss: 1.363489. Patience Count: 13.
Epoch: 313. Train Loss: 1.148324. best-save Patience Count: 0.
Epoch: 314. Train Loss: 1.291313. Patience Count: 1.
Epoch: 315. Train Loss: 1.626979. Patience Count: 2.
Epoch: 316. Train Loss: 1.265480. Patience Count: 3.
Epoch: 317. Train Loss: 1.355815. Patience Count: 4.
Epoch: 318. Train Loss: 1.681658. Patience Count: 5.
Epoch: 319. Train Loss: 1.613838. Patience Count: 6.
Epoch: 320. Train Loss: 1.254304. Patience Count: 7.
Epoch: 321. Train Loss: 1.369247. Patience Count: 8.
Epoch: 322. Train Loss: 1.199378. Patience Count: 9.
Epoch: 323. Train Loss: 1.259637. Patience Count: 10.
Epoch: 324. Train Loss: 1.647893. Patience Count: 11.
Epoch: 325. Train Loss: 1.519378. Patience Count: 12.
Epoch: 326. Train Loss: 1.020703. best-save Patience Count: 0.
Epoch: 327. Train Loss: 1.406274. Patience Count: 1.
Epoch: 328. Train Loss: 1.330892. Patience Count: 2.
Epoch: 329. Train Loss: 1.376798. Patience Count: 3.
Epoch: 330. Train Loss: 1.441025. Patience Count: 4.
Epoch: 331. Train Loss: 1.458282. Patience Count: 5.
Epoch: 332. Train Loss: 1.558361. Patience Count: 6.
Epoch: 333. Train Loss: 1.313923. Patience Count: 7.
Epoch: 334. Train Loss: 1.451696. Patience Count: 8.
Epoch: 335. Train Loss: 1.447160. Patience Count: 9.
Epoch: 336. Train Loss: 1.118641. Patience Count: 10.
Epoch: 337. Train Loss: 1.381693. Patience Count: 11.
Epoch: 338. Train Loss: 1.332334. Patience Count: 12.
Epoch: 339. Train Loss: 1.378004. Patience Count: 13.
Epoch: 340. Train Loss: 1.362590. Patience Count: 14.
Epoch: 341. Train Loss: 0.884708. best-save Patience Count: 0.
Epoch: 342. Train Loss: 1.612181. Patience Count: 1.
Epoch: 343. Train Loss: 1.162307. Patience Count: 2.
Epoch: 344. Train Loss: 1.537938. Patience Count: 3.
Epoch: 345. Train Loss: 1.180357. Patience Count: 4.
Epoch: 346. Train Loss: 0.941222. Patience Count: 5.
Epoch: 347. Train Loss: 1.683854. Patience Count: 6.
Epoch: 348. Train Loss: 1.063773. Patience Count: 7.
Epoch: 349. Train Loss: 1.460098. Patience Count: 8.
Epoch: 350. Train Loss: 1.113167. Patience Count: 9.
Epoch: 351. Train Loss: 1.092764. Patience Count: 10.
Epoch: 352. Train Loss: 1.425347. Patience Count: 11.
Epoch: 353. Train Loss: 1.091040. Patience Count: 12.
Epoch: 354. Train Loss: 1.376938. Patience Count: 13.
Epoch: 355. Train Loss: 1.038511. Patience Count: 14.
Epoch: 356. Train Loss: 1.462737. Patience Count: 15.
Epoch: 357. Train Loss: 0.948550. Patience Count: 16.
Epoch: 358. Train Loss: 1.073519. Patience Count: 17.
Epoch: 359. Train Loss: 1.346493. Patience Count: 18.
Epoch: 360. Train Loss: 1.516835. Patience Count: 19.
Epoch: 361. Train Loss: 1.334031. Patience Count: 20.
Epoch: 362. Train Loss: 0.809700. best-save Patience Count: 0.
Epoch: 363. Train Loss: 1.759145. Patience Count: 1.
Epoch: 364. Train Loss: 1.588483. Patience Count: 2.
Epoch: 365. Train Loss: 1.222964. Patience Count: 3.
Epoch: 366. Train Loss: 1.510875. Patience Count: 4.
Epoch: 367. Train Loss: 1.151073. Patience Count: 5.
Epoch: 368. Train Loss: 1.214177. Patience Count: 6.
Epoch: 369. Train Loss: 1.356167. Patience Count: 7.
Epoch: 370. Train Loss: 0.843960. Patience Count: 8.
Epoch: 371. Train Loss: 0.986678. Patience Count: 9.
Epoch: 372. Train Loss: 1.454958. Patience Count: 10.
Epoch: 373. Train Loss: 1.160972. Patience Count: 11.
Epoch: 374. Train Loss: 1.390595. Patience Count: 12.
Epoch: 375. Train Loss: 1.087630. Patience Count: 13.
Epoch: 376. Train Loss: 1.000480. Patience Count: 14.
Epoch: 377. Train Loss: 1.328881. Patience Count: 15.
Epoch: 378. Train Loss: 1.266294. Patience Count: 16.
Epoch: 379. Train Loss: 1.347905. Patience Count: 17.
Epoch: 380. Train Loss: 1.101274. Patience Count: 18.
Epoch: 381. Train Loss: 1.494037. Patience Count: 19.
Epoch: 382. Train Loss: 1.405032. Patience Count: 20.
Epoch: 383. Train Loss: 1.571708. Patience Count: 21.
Epoch: 384. Train Loss: 1.063669. Patience Count: 22.
Epoch: 385. Train Loss: 1.228779. Patience Count: 23.
Epoch: 386. Train Loss: 1.224594. Patience Count: 24.
Epoch: 387. Train Loss: 1.391585. Patience Count: 25.
Epoch: 388. Train Loss: 1.040380. Patience Count: 26.
Epoch: 389. Train Loss: 1.142904. Patience Count: 27.
Epoch: 390. Train Loss: 1.410910. Patience Count: 28.
Epoch: 391. Train Loss: 1.319046. Patience Count: 29.
Epoch: 392. Train Loss: 1.379631. Patience Count: 30.
Epoch: 393. Train Loss: 1.181683. Patience Count: 31.
Epoch: 394. Train Loss: 1.513138. Patience Count: 32.
Epoch: 395. Train Loss: 1.105785. Patience Count: 33.
Epoch: 396. Train Loss: 1.741173. Patience Count: 34.
Epoch: 397. Train Loss: 1.047124. Patience Count: 35.
Epoch: 398. Train Loss: 0.928390. Patience Count: 36.
Epoch: 399. Train Loss: 1.310559. Patience Count: 37.
Epoch: 400. Train Loss: 1.070485. Patience Count: 38.
Epoch: 401. Train Loss: 1.040369. Patience Count: 39.
Epoch: 402. Train Loss: 1.140319. Patience Count: 40.
Epoch: 403. Train Loss: 1.426125. Patience Count: 41.
Epoch: 404. Train Loss: 1.139097. Patience Count: 42.
Epoch: 405. Train Loss: 1.497843. Patience Count: 43.
Epoch: 406. Train Loss: 0.995133. Patience Count: 44.
Epoch: 407. Train Loss: 1.204946. Patience Count: 45.
Epoch: 408. Train Loss: 1.397916. Patience Count: 46.
Epoch: 409. Train Loss: 1.329334. Patience Count: 47.
Epoch: 410. Train Loss: 1.030145. Patience Count: 48.
Epoch: 411. Train Loss: 0.908508. Patience Count: 49.
Epoch: 412. Train Loss: 1.042496. Patience Count: 50.
Epoch: 413. Train Loss: 0.841269. Patience Count: 51.
Epoch: 414. Train Loss: 1.237796. Patience Count: 52.
Epoch: 415. Train Loss: 1.004746. Patience Count: 53.
Epoch: 416. Train Loss: 1.461814. Patience Count: 54.
Epoch: 417. Train Loss: 0.932138. Patience Count: 55.
Epoch: 418. Train Loss: 1.299645. Patience Count: 56.
Epoch: 419. Train Loss: 0.988000. Patience Count: 57.
Epoch: 420. Train Loss: 1.168660. Patience Count: 58.
Epoch: 421. Train Loss: 1.189127. Patience Count: 59.
Epoch: 422. Train Loss: 1.002674. Patience Count: 60.
Epoch: 423. Train Loss: 1.324306. Patience Count: 61.
Epoch: 424. Train Loss: 1.201077. Patience Count: 62.
Epoch: 425. Train Loss: 1.412944. Patience Count: 63.
Epoch: 426. Train Loss: 1.078197. Patience Count: 64.
Epoch: 427. Train Loss: 1.260376. Patience Count: 65.
Epoch: 428. Train Loss: 1.339164. Patience Count: 66.
Epoch: 429. Train Loss: 1.098945. Patience Count: 67.
Epoch: 430. Train Loss: 1.273295. Patience Count: 68.
Epoch: 431. Train Loss: 1.291676. Patience Count: 69.
Epoch: 432. Train Loss: 1.256741. Patience Count: 70.
Epoch: 433. Train Loss: 1.033748. Patience Count: 71.
Epoch: 434. Train Loss: 1.063318. Patience Count: 72.
Epoch: 435. Train Loss: 1.261017. Patience Count: 73.
Epoch: 436. Train Loss: 0.976730. Patience Count: 74.
Epoch: 437. Train Loss: 1.489007. Patience Count: 75.
Epoch: 438. Train Loss: 1.378909. Patience Count: 76.
Epoch: 439. Train Loss: 0.752195. best-save Patience Count: 0.
Epoch: 440. Train Loss: 1.161170. Patience Count: 1.
Epoch: 441. Train Loss: 1.352351. Patience Count: 2.
Epoch: 442. Train Loss: 0.900882. Patience Count: 3.
Epoch: 443. Train Loss: 0.910299. Patience Count: 4.
Epoch: 444. Train Loss: 1.730773. Patience Count: 5.
Epoch: 445. Train Loss: 1.436086. Patience Count: 6.
Epoch: 446. Train Loss: 1.049835. Patience Count: 7.
Epoch: 447. Train Loss: 1.425059. Patience Count: 8.
Epoch: 448. Train Loss: 0.920035. Patience Count: 9.
Epoch: 449. Train Loss: 0.899761. Patience Count: 10.
Epoch: 450. Train Loss: 1.413785. Patience Count: 11.
Epoch: 451. Train Loss: 1.103569. Patience Count: 12.
Epoch: 452. Train Loss: 0.970186. Patience Count: 13.
Epoch: 453. Train Loss: 1.411374. Patience Count: 14.
Epoch: 454. Train Loss: 1.393694. Patience Count: 15.
Epoch: 455. Train Loss: 1.251550. Patience Count: 16.
Epoch: 456. Train Loss: 1.054156. Patience Count: 17.
Epoch: 457. Train Loss: 1.256780. Patience Count: 18.
Epoch: 458. Train Loss: 0.969834. Patience Count: 19.
Epoch: 459. Train Loss: 1.644270. Patience Count: 20.
Epoch: 460. Train Loss: 1.378788. Patience Count: 21.
Epoch: 461. Train Loss: 0.874092. Patience Count: 22.
Epoch: 462. Train Loss: 1.060321. Patience Count: 23.
Epoch: 463. Train Loss: 0.985034. Patience Count: 24.
Epoch: 464. Train Loss: 0.864862. Patience Count: 25.
Epoch: 465. Train Loss: 0.838478. Patience Count: 26.
Epoch: 466. Train Loss: 1.280523. Patience Count: 27.
Epoch: 467. Train Loss: 0.647857. best-save Patience Count: 0.
Epoch: 468. Train Loss: 0.923895. Patience Count: 1.
Epoch: 469. Train Loss: 1.338355. Patience Count: 2.
Epoch: 470. Train Loss: 1.509343. Patience Count: 3.
Epoch: 471. Train Loss: 1.064056. Patience Count: 4.
Epoch: 472. Train Loss: 1.047148. Patience Count: 5.
Epoch: 473. Train Loss: 1.129421. Patience Count: 6.
Epoch: 474. Train Loss: 1.039090. Patience Count: 7.
Epoch: 475. Train Loss: 1.089486. Patience Count: 8.
Epoch: 476. Train Loss: 1.583622. Patience Count: 9.
Epoch: 477. Train Loss: 1.187289. Patience Count: 10.
Epoch: 478. Train Loss: 1.136412. Patience Count: 11.
Epoch: 479. Train Loss: 1.010815. Patience Count: 12.
Epoch: 480. Train Loss: 1.249549. Patience Count: 13.
Epoch: 481. Train Loss: 1.607832. Patience Count: 14.
Epoch: 482. Train Loss: 1.370470. Patience Count: 15.
Epoch: 483. Train Loss: 1.156295. Patience Count: 16.
Epoch: 484. Train Loss: 1.136178. Patience Count: 17.
Epoch: 485. Train Loss: 1.033883. Patience Count: 18.
Epoch: 486. Train Loss: 1.059488. Patience Count: 19.
Epoch: 487. Train Loss: 0.971703. Patience Count: 20.
Epoch: 488. Train Loss: 1.050771. Patience Count: 21.
Epoch: 489. Train Loss: 1.741230. Patience Count: 22.
Epoch: 490. Train Loss: 1.375647. Patience Count: 23.
Epoch: 491. Train Loss: 0.757372. Patience Count: 24.
Epoch: 492. Train Loss: 1.203952. Patience Count: 25.
Epoch: 493. Train Loss: 1.243766. Patience Count: 26.
Epoch: 494. Train Loss: 1.094579. Patience Count: 27.
Epoch: 495. Train Loss: 1.048693. Patience Count: 28.
Epoch: 496. Train Loss: 0.884091. Patience Count: 29.
Epoch: 497. Train Loss: 0.744616. Patience Count: 30.
Epoch: 498. Train Loss: 1.213782. Patience Count: 31.
Epoch: 499. Train Loss: 0.961618. Patience Count: 32.
Epoch: 500. Train Loss: 1.274515. Patience Count: 33.
Epoch: 501. Train Loss: 1.717114. Eval Loss: 24.560293.Patience Count: 34.
Epoch: 502. Train Loss: 1.251098. Patience Count: 35.
Epoch: 503. Train Loss: 1.036661. Patience Count: 36.
Epoch: 504. Train Loss: 1.054394. Patience Count: 37.
Epoch: 505. Train Loss: 0.889666. Patience Count: 38.
Epoch: 506. Train Loss: 1.021626. Patience Count: 39.
Epoch: 507. Train Loss: 0.972930. Patience Count: 40.
Epoch: 508. Train Loss: 1.022492. Patience Count: 41.
Epoch: 509. Train Loss: 1.170343. Patience Count: 42.
Epoch: 510. Train Loss: 1.055540. Patience Count: 43.
Epoch: 511. Train Loss: 0.857941. Patience Count: 44.
Epoch: 512. Train Loss: 1.222906. Patience Count: 45.
Epoch: 513. Train Loss: 1.153006. Patience Count: 46.
Epoch: 514. Train Loss: 0.912050. Patience Count: 47.
Epoch: 515. Train Loss: 0.813629. Patience Count: 48.
Epoch: 516. Train Loss: 1.123118. Patience Count: 49.
Epoch: 517. Train Loss: 0.997986. Patience Count: 50.
Epoch: 518. Train Loss: 1.048466. Patience Count: 51.
Epoch: 519. Train Loss: 1.102027. Patience Count: 52.
Epoch: 520. Train Loss: 0.937527. Patience Count: 53.
Epoch: 521. Train Loss: 1.099835. Patience Count: 54.
Epoch: 522. Train Loss: 1.325728. Patience Count: 55.
Epoch: 523. Train Loss: 0.886592. Patience Count: 56.
Epoch: 524. Train Loss: 1.119127. Patience Count: 57.
Epoch: 525. Train Loss: 0.978626. Patience Count: 58.
Epoch: 526. Train Loss: 1.073459. Patience Count: 59.
Epoch: 527. Train Loss: 1.041023. Patience Count: 60.
Epoch: 528. Train Loss: 1.335195. Patience Count: 61.
Epoch: 529. Train Loss: 1.194413. Patience Count: 62.
Epoch: 530. Train Loss: 1.284447. Patience Count: 63.
Epoch: 531. Train Loss: 0.706132. Patience Count: 64.
Epoch: 532. Train Loss: 1.180982. Patience Count: 65.
Epoch: 533. Train Loss: 1.329703. Patience Count: 66.
Epoch: 534. Train Loss: 0.958882. Patience Count: 67.
Epoch: 535. Train Loss: 1.094902. Patience Count: 68.
Epoch: 536. Train Loss: 0.846840. Patience Count: 69.
Epoch: 537. Train Loss: 1.199610. Patience Count: 70.
Epoch: 538. Train Loss: 1.256922. Patience Count: 71.
Epoch: 539. Train Loss: 1.333197. Patience Count: 72.
Epoch: 540. Train Loss: 0.805827. Patience Count: 73.
Epoch: 541. Train Loss: 1.366166. Patience Count: 74.
Epoch: 542. Train Loss: 1.230358. Patience Count: 75.
Epoch: 543. Train Loss: 0.585164. best-save Patience Count: 0.
Epoch: 544. Train Loss: 1.446992. Patience Count: 1.
Epoch: 545. Train Loss: 1.008602. Patience Count: 2.
Epoch: 546. Train Loss: 1.570201. Patience Count: 3.
Epoch: 547. Train Loss: 0.871033. Patience Count: 4.
Epoch: 548. Train Loss: 0.936497. Patience Count: 5.
Epoch: 549. Train Loss: 1.419054. Patience Count: 6.
Epoch: 550. Train Loss: 1.120520. Patience Count: 7.
Epoch: 551. Train Loss: 1.596124. Patience Count: 8.
Epoch: 552. Train Loss: 1.318665. Patience Count: 9.
Epoch: 553. Train Loss: 1.248695. Patience Count: 10.
Epoch: 554. Train Loss: 0.856875. Patience Count: 11.
Epoch: 555. Train Loss: 1.071168. Patience Count: 12.
Epoch: 556. Train Loss: 1.145115. Patience Count: 13.
Epoch: 557. Train Loss: 1.423869. Patience Count: 14.
Epoch: 558. Train Loss: 1.135447. Patience Count: 15.
Epoch: 559. Train Loss: 1.130789. Patience Count: 16.
Epoch: 560. Train Loss: 1.327395. Patience Count: 17.
Epoch: 561. Train Loss: 1.564166. Patience Count: 18.
Epoch: 562. Train Loss: 1.158972. Patience Count: 19.
Epoch: 563. Train Loss: 1.086726. Patience Count: 20.
Epoch: 564. Train Loss: 1.158045. Patience Count: 21.
Epoch: 565. Train Loss: 1.127197. Patience Count: 22.
Epoch: 566. Train Loss: 1.206375. Patience Count: 23.
Epoch: 567. Train Loss: 1.195793. Patience Count: 24.
Epoch: 568. Train Loss: 1.346233. Patience Count: 25.
Epoch: 569. Train Loss: 1.264960. Patience Count: 26.
Epoch: 570. Train Loss: 1.670341. Patience Count: 27.
Epoch: 571. Train Loss: 1.374185. Patience Count: 28.
Epoch: 572. Train Loss: 0.928387. Patience Count: 29.
Epoch: 573. Train Loss: 1.137074. Patience Count: 30.
Epoch: 574. Train Loss: 1.325750. Patience Count: 31.
Epoch: 575. Train Loss: 0.999138. Patience Count: 32.
Epoch: 576. Train Loss: 1.118785. Patience Count: 33.
Epoch: 577. Train Loss: 1.083133. Patience Count: 34.
Epoch: 578. Train Loss: 1.213778. Patience Count: 35.
Epoch: 579. Train Loss: 1.279795. Patience Count: 36.
Epoch: 580. Train Loss: 1.204734. Patience Count: 37.
Epoch: 581. Train Loss: 1.451284. Patience Count: 38.
Epoch: 582. Train Loss: 1.081783. Patience Count: 39.
Epoch: 583. Train Loss: 1.262436. Patience Count: 40.
Epoch: 584. Train Loss: 1.185950. Patience Count: 41.
Epoch: 585. Train Loss: 1.012490. Patience Count: 42.
Epoch: 586. Train Loss: 1.131817. Patience Count: 43.
Epoch: 587. Train Loss: 1.161104. Patience Count: 44.
Epoch: 588. Train Loss: 1.211260. Patience Count: 45.
Epoch: 589. Train Loss: 1.185642. Patience Count: 46.
Epoch: 590. Train Loss: 0.959913. Patience Count: 47.
Epoch: 591. Train Loss: 0.681124. Patience Count: 48.
Epoch: 592. Train Loss: 1.098003. Patience Count: 49.
Epoch: 593. Train Loss: 1.397115. Patience Count: 50.
Epoch: 594. Train Loss: 0.923071. Patience Count: 51.
Epoch: 595. Train Loss: 1.163652. Patience Count: 52.
Epoch: 596. Train Loss: 0.806258. Patience Count: 53.
Epoch: 597. Train Loss: 1.278360. Patience Count: 54.
Epoch: 598. Train Loss: 0.832776. Patience Count: 55.
Epoch: 599. Train Loss: 1.148985. Patience Count: 56.
dist.destroy_process_group()
Epoch: 600. Train Loss: 1.230280. Patience Count: 57.
dist.destroy_process_group()
