| distributed init (rank 1): env://, gpu 1
| distributed init (rank 0): env://, gpu 0
world_size: 2, gpu: 0
Using 8 dataloader workers every process
Epoch: 1. Train Loss: 314.065098. best-save Patience Count: 0.
Epoch: 2. Train Loss: 273.726251. best-save Patience Count: 0.
Epoch: 3. Train Loss: 258.141127. best-save Patience Count: 0.
Epoch: 4. Train Loss: 248.361751. best-save Patience Count: 0.
Epoch: 5. Train Loss: 237.592472. best-save Patience Count: 0.
Epoch: 6. Train Loss: 230.047490. best-save Patience Count: 0.
Epoch: 7. Train Loss: 223.764572. best-save Patience Count: 0.
Epoch: 8. Train Loss: 213.717191. best-save Patience Count: 0.
Epoch: 9. Train Loss: 202.912299. best-save Patience Count: 0.
Epoch: 10. Train Loss: 190.147745. best-save Patience Count: 0.
Epoch: 11. Train Loss: 175.857877. best-save Patience Count: 0.
Epoch: 12. Train Loss: 169.219128. best-save Patience Count: 0.
Epoch: 13. Train Loss: 154.493568. best-save Patience Count: 0.
Epoch: 14. Train Loss: 143.199102. best-save Patience Count: 0.
Epoch: 15. Train Loss: 131.656690. best-save Patience Count: 0.
Epoch: 16. Train Loss: 121.008263. best-save Patience Count: 0.
Epoch: 17. Train Loss: 110.766073. best-save Patience Count: 0.
Epoch: 18. Train Loss: 106.659465. best-save Patience Count: 0.
Epoch: 19. Train Loss: 95.306313. best-save Patience Count: 0.
Epoch: 20. Train Loss: 91.499693. best-save Patience Count: 0.
Epoch: 21. Train Loss: 85.417338. best-save Patience Count: 0.
Epoch: 22. Train Loss: 75.607778. best-save Patience Count: 0.
Epoch: 23. Train Loss: 72.966993. best-save Patience Count: 0.
Epoch: 24. Train Loss: 66.047499. best-save Patience Count: 0.
Epoch: 25. Train Loss: 61.257260. best-save Patience Count: 0.
Epoch: 26. Train Loss: 60.033350. best-save Patience Count: 0.
Epoch: 27. Train Loss: 55.600438. best-save Patience Count: 0.
Epoch: 28. Train Loss: 52.674478. best-save Patience Count: 0.
Epoch: 29. Train Loss: 48.866349. best-save Patience Count: 0.
Epoch: 30. Train Loss: 46.998972. best-save Patience Count: 0.
Epoch: 31. Train Loss: 42.334450. best-save Patience Count: 0.
Epoch: 32. Train Loss: 43.746418. Patience Count: 1.
Epoch: 33. Train Loss: 39.542311. best-save Patience Count: 0.
Epoch: 34. Train Loss: 38.387953. best-save Patience Count: 0.
Epoch: 35. Train Loss: 37.712640. best-save Patience Count: 0.
Epoch: 36. Train Loss: 35.323986. best-save Patience Count: 0.
Epoch: 37. Train Loss: 33.835424. best-save Patience Count: 0.
Epoch: 38. Train Loss: 33.461531. best-save Patience Count: 0.
Epoch: 39. Train Loss: 31.609383. best-save Patience Count: 0.
Epoch: 40. Train Loss: 32.995196. Patience Count: 1.
Epoch: 41. Train Loss: 28.399909. best-save Patience Count: 0.
Epoch: 42. Train Loss: 27.831407. best-save Patience Count: 0.
Epoch: 43. Train Loss: 25.490670. best-save Patience Count: 0.
Epoch: 44. Train Loss: 27.257448. Patience Count: 1.
Epoch: 45. Train Loss: 26.255667. Patience Count: 2.
Epoch: 46. Train Loss: 25.110891. best-save Patience Count: 0.
Epoch: 47. Train Loss: 23.052046. best-save Patience Count: 0.
Epoch: 48. Train Loss: 24.931197. Patience Count: 1.
Epoch: 49. Train Loss: 22.878429. best-save Patience Count: 0.
Epoch: 50. Train Loss: 22.638493. best-save Patience Count: 0.
Epoch: 51. Train Loss: 16.833344. best-save Patience Count: 0.
Epoch: 52. Train Loss: 15.313180. best-save Patience Count: 0.
Epoch: 53. Train Loss: 14.370921. best-save Patience Count: 0.
Epoch: 54. Train Loss: 12.359350. best-save Patience Count: 0.
Epoch: 55. Train Loss: 13.344432. Patience Count: 1.
Epoch: 56. Train Loss: 11.675234. best-save Patience Count: 0.
Epoch: 57. Train Loss: 12.769174. Patience Count: 1.
Epoch: 58. Train Loss: 13.100817. Patience Count: 2.
Epoch: 59. Train Loss: 11.666525. best-save Patience Count: 0.
Epoch: 60. Train Loss: 10.736280. best-save Patience Count: 0.
Epoch: 61. Train Loss: 11.688095. Patience Count: 1.
Epoch: 62. Train Loss: 11.451220. Patience Count: 2.
Epoch: 63. Train Loss: 12.698449. Patience Count: 3.
Epoch: 64. Train Loss: 12.135854. Patience Count: 4.
Epoch: 65. Train Loss: 10.090326. best-save Patience Count: 0.
Epoch: 66. Train Loss: 11.471793. Patience Count: 1.
Epoch: 67. Train Loss: 11.044473. Patience Count: 2.
Epoch: 68. Train Loss: 11.596783. Patience Count: 3.
Epoch: 69. Train Loss: 10.628793. Patience Count: 4.
Epoch: 70. Train Loss: 11.416045. Patience Count: 5.
Epoch: 71. Train Loss: 10.188463. Patience Count: 6.
Epoch: 72. Train Loss: 9.955528. best-save Patience Count: 0.
Epoch: 73. Train Loss: 9.475561. best-save Patience Count: 0.
Epoch: 74. Train Loss: 10.246903. Patience Count: 1.
Epoch: 75. Train Loss: 8.857075. best-save Patience Count: 0.
Epoch: 76. Train Loss: 10.250115. Patience Count: 1.
Epoch: 77. Train Loss: 9.011186. Patience Count: 2.
Epoch: 78. Train Loss: 10.900651. Patience Count: 3.
Epoch: 79. Train Loss: 10.750299. Patience Count: 4.
Epoch: 80. Train Loss: 9.373824. Patience Count: 5.
Epoch: 81. Train Loss: 10.366888. Patience Count: 6.
Epoch: 82. Train Loss: 9.785849. Patience Count: 7.
Epoch: 83. Train Loss: 10.778628. Patience Count: 8.
Epoch: 84. Train Loss: 9.574962. Patience Count: 9.
Epoch: 85. Train Loss: 9.262972. Patience Count: 10.
Epoch: 86. Train Loss: 10.880940. Patience Count: 11.
Epoch: 87. Train Loss: 10.822901. Patience Count: 12.
Epoch: 88. Train Loss: 10.032132. Patience Count: 13.
Epoch: 89. Train Loss: 9.728305. Patience Count: 14.
Epoch: 90. Train Loss: 10.215271. Patience Count: 15.
Epoch: 91. Train Loss: 10.805176. Patience Count: 16.
Epoch: 92. Train Loss: 10.073178. Patience Count: 17.
Epoch: 93. Train Loss: 9.253265. Patience Count: 18.
Epoch: 94. Train Loss: 8.332749. best-save Patience Count: 0.
Epoch: 95. Train Loss: 9.263457. Patience Count: 1.
Epoch: 96. Train Loss: 8.149933. best-save Patience Count: 0.
Epoch: 97. Train Loss: 10.737131. Patience Count: 1.
Epoch: 98. Train Loss: 9.279965. Patience Count: 2.
Epoch: 99. Train Loss: 9.848222. Patience Count: 3.
Epoch: 100. Train Loss: 9.479372. Patience Count: 4.
Epoch: 101. Train Loss: 7.427843. best-save Patience Count: 0.
Epoch: 102. Train Loss: 5.903882. best-save Patience Count: 0.
Epoch: 103. Train Loss: 5.810388. best-save Patience Count: 0.
Epoch: 104. Train Loss: 6.219348. Patience Count: 1.
Epoch: 105. Train Loss: 5.693629. best-save Patience Count: 0.
Epoch: 106. Train Loss: 5.903566. Patience Count: 1.
Epoch: 107. Train Loss: 5.963553. Patience Count: 2.
Epoch: 108. Train Loss: 5.773886. Patience Count: 3.
Epoch: 109. Train Loss: 6.584462. Patience Count: 4.
Epoch: 110. Train Loss: 4.858981. best-save Patience Count: 0.
Epoch: 111. Train Loss: 5.313492. Patience Count: 1.
Epoch: 112. Train Loss: 5.785129. Patience Count: 2.
Epoch: 113. Train Loss: 5.354784. Patience Count: 3.
Epoch: 114. Train Loss: 4.591230. best-save Patience Count: 0.
Epoch: 115. Train Loss: 5.147899. Patience Count: 1.
Epoch: 116. Train Loss: 5.094515. Patience Count: 2.
Epoch: 117. Train Loss: 5.206084. Patience Count: 3.
Epoch: 118. Train Loss: 5.481814. Patience Count: 4.
Epoch: 119. Train Loss: 5.124990. Patience Count: 5.
Epoch: 120. Train Loss: 5.234319. Patience Count: 6.
Epoch: 121. Train Loss: 5.317282. Patience Count: 7.
Epoch: 122. Train Loss: 4.526150. best-save Patience Count: 0.
Epoch: 123. Train Loss: 4.717867. Patience Count: 1.
Epoch: 124. Train Loss: 4.121579. best-save Patience Count: 0.
Epoch: 125. Train Loss: 5.701796. Patience Count: 1.
Epoch: 126. Train Loss: 5.045388. Patience Count: 2.
Epoch: 127. Train Loss: 4.742750. Patience Count: 3.
Epoch: 128. Train Loss: 4.690746. Patience Count: 4.
Epoch: 129. Train Loss: 5.506444. Patience Count: 5.
Epoch: 130. Train Loss: 4.837125. Patience Count: 6.
Epoch: 131. Train Loss: 4.614158. Patience Count: 7.
Epoch: 132. Train Loss: 4.636549. Patience Count: 8.
Epoch: 133. Train Loss: 5.007151. Patience Count: 9.
Epoch: 134. Train Loss: 3.765736. best-save Patience Count: 0.
Epoch: 135. Train Loss: 4.758834. Patience Count: 1.
Epoch: 136. Train Loss: 4.107194. Patience Count: 2.
Epoch: 137. Train Loss: 3.876093. Patience Count: 3.
Epoch: 138. Train Loss: 4.364487. Patience Count: 4.
Epoch: 139. Train Loss: 3.917619. Patience Count: 5.
Epoch: 140. Train Loss: 4.473538. Patience Count: 6.
Epoch: 141. Train Loss: 4.862254. Patience Count: 7.
Epoch: 142. Train Loss: 4.206344. Patience Count: 8.
Epoch: 143. Train Loss: 3.875473. Patience Count: 9.
Epoch: 144. Train Loss: 4.608378. Patience Count: 10.
Epoch: 145. Train Loss: 4.604353. Patience Count: 11.
Epoch: 146. Train Loss: 5.237485. Patience Count: 12.
Epoch: 147. Train Loss: 4.307380. Patience Count: 13.
Epoch: 148. Train Loss: 4.465944. Patience Count: 14.
Epoch: 149. Train Loss: 4.429293. Patience Count: 15.
Epoch: 150. Train Loss: 4.476022. Patience Count: 16.
Epoch: 151. Train Loss: 3.523702. best-save Patience Count: 0.
Epoch: 152. Train Loss: 3.827623. Patience Count: 1.
Epoch: 153. Train Loss: 3.384846. best-save Patience Count: 0.
Epoch: 154. Train Loss: 4.096685. Patience Count: 1.
Epoch: 155. Train Loss: 2.919564. best-save Patience Count: 0.
Epoch: 156. Train Loss: 3.449169. Patience Count: 1.
Epoch: 157. Train Loss: 3.184828. Patience Count: 2.
Epoch: 158. Train Loss: 3.854553. Patience Count: 3.
Epoch: 159. Train Loss: 3.447742. Patience Count: 4.
Epoch: 160. Train Loss: 3.139131. Patience Count: 5.
Epoch: 161. Train Loss: 2.873643. best-save Patience Count: 0.
Epoch: 162. Train Loss: 3.194812. Patience Count: 1.
Epoch: 163. Train Loss: 3.234328. Patience Count: 2.
Epoch: 164. Train Loss: 3.244008. Patience Count: 3.
Epoch: 165. Train Loss: 2.862255. best-save Patience Count: 0.
Epoch: 166. Train Loss: 2.849633. best-save Patience Count: 0.
Epoch: 167. Train Loss: 3.357531. Patience Count: 1.
Epoch: 168. Train Loss: 3.634121. Patience Count: 2.
Epoch: 169. Train Loss: 2.617016. best-save Patience Count: 0.
Epoch: 170. Train Loss: 3.362828. Patience Count: 1.
Epoch: 171. Train Loss: 2.406377. best-save Patience Count: 0.
Epoch: 172. Train Loss: 2.576614. Patience Count: 1.
Epoch: 173. Train Loss: 2.780809. Patience Count: 2.
Epoch: 174. Train Loss: 2.627650. Patience Count: 3.
Epoch: 175. Train Loss: 2.961757. Patience Count: 4.
Epoch: 176. Train Loss: 3.256248. Patience Count: 5.
Epoch: 177. Train Loss: 3.320404. Patience Count: 6.
Epoch: 178. Train Loss: 3.280557. Patience Count: 7.
Epoch: 179. Train Loss: 3.229618. Patience Count: 8.
Epoch: 180. Train Loss: 2.666542. Patience Count: 9.
Epoch: 181. Train Loss: 2.992138. Patience Count: 10.
Epoch: 182. Train Loss: 2.783621. Patience Count: 11.
Epoch: 183. Train Loss: 2.559034. Patience Count: 12.
Epoch: 184. Train Loss: 2.668178. Patience Count: 13.
Epoch: 185. Train Loss: 2.551695. Patience Count: 14.
Epoch: 186. Train Loss: 2.728905. Patience Count: 15.
Epoch: 187. Train Loss: 2.995872. Patience Count: 16.
Epoch: 188. Train Loss: 2.844907. Patience Count: 17.
Epoch: 189. Train Loss: 2.359786. best-save Patience Count: 0.
Epoch: 190. Train Loss: 3.034994. Patience Count: 1.
Epoch: 191. Train Loss: 2.523628. Patience Count: 2.
Epoch: 192. Train Loss: 2.545573. Patience Count: 3.
Epoch: 193. Train Loss: 3.014747. Patience Count: 4.
Epoch: 194. Train Loss: 2.822595. Patience Count: 5.
Epoch: 195. Train Loss: 2.585232. Patience Count: 6.
Epoch: 196. Train Loss: 2.815787. Patience Count: 7.
Epoch: 197. Train Loss: 2.528878. Patience Count: 8.
Epoch: 198. Train Loss: 2.639751. Patience Count: 9.
Epoch: 199. Train Loss: 2.104477. best-save Patience Count: 0.
Epoch: 200. Train Loss: 2.851290. Patience Count: 1.
Epoch: 201. Train Loss: 2.740135. Patience Count: 2.
Epoch: 202. Train Loss: 2.225173. Patience Count: 3.
Epoch: 203. Train Loss: 1.707331. best-save Patience Count: 0.
Epoch: 204. Train Loss: 2.383294. Patience Count: 1.
Epoch: 205. Train Loss: 2.471639. Patience Count: 2.
Epoch: 206. Train Loss: 1.822228. Patience Count: 3.
Epoch: 207. Train Loss: 1.828209. Patience Count: 4.
Epoch: 208. Train Loss: 2.006209. Patience Count: 5.
Epoch: 209. Train Loss: 1.934605. Patience Count: 6.
Epoch: 210. Train Loss: 2.309723. Patience Count: 7.
Epoch: 211. Train Loss: 1.591437. best-save Patience Count: 0.
Epoch: 212. Train Loss: 2.907252. Patience Count: 1.
Epoch: 213. Train Loss: 2.628027. Patience Count: 2.
Epoch: 214. Train Loss: 2.309185. Patience Count: 3.
Epoch: 215. Train Loss: 1.383164. best-save Patience Count: 0.
Epoch: 216. Train Loss: 2.170184. Patience Count: 1.
Epoch: 217. Train Loss: 1.600514. Patience Count: 2.
Epoch: 218. Train Loss: 2.091665. Patience Count: 3.
Epoch: 219. Train Loss: 1.844309. Patience Count: 4.
Epoch: 220. Train Loss: 1.726591. Patience Count: 5.
Epoch: 221. Train Loss: 1.989789. Patience Count: 6.
Epoch: 222. Train Loss: 2.036638. Patience Count: 7.
Epoch: 223. Train Loss: 2.042488. Patience Count: 8.
Epoch: 224. Train Loss: 2.149419. Patience Count: 9.
Epoch: 225. Train Loss: 1.559344. Patience Count: 10.
Epoch: 226. Train Loss: 1.856152. Patience Count: 11.
Epoch: 227. Train Loss: 1.734433. Patience Count: 12.
Epoch: 228. Train Loss: 1.694936. Patience Count: 13.
Epoch: 229. Train Loss: 2.206027. Patience Count: 14.
Epoch: 230. Train Loss: 1.487703. Patience Count: 15.
Epoch: 231. Train Loss: 1.703879. Patience Count: 16.
Epoch: 232. Train Loss: 2.191610. Patience Count: 17.
Epoch: 233. Train Loss: 1.857888. Patience Count: 18.
Epoch: 234. Train Loss: 1.791637. Patience Count: 19.
Epoch: 235. Train Loss: 1.951082. Patience Count: 20.
Epoch: 236. Train Loss: 1.983748. Patience Count: 21.
Epoch: 237. Train Loss: 2.203326. Patience Count: 22.
Epoch: 238. Train Loss: 1.982177. Patience Count: 23.
Epoch: 239. Train Loss: 2.277320. Patience Count: 24.
Epoch: 240. Train Loss: 1.521373. Patience Count: 25.
Epoch: 241. Train Loss: 2.071650. Patience Count: 26.
Epoch: 242. Train Loss: 1.632302. Patience Count: 27.
Epoch: 243. Train Loss: 1.960338. Patience Count: 28.
Epoch: 244. Train Loss: 1.942233. Patience Count: 29.
Epoch: 245. Train Loss: 1.772790. Patience Count: 30.
Epoch: 246. Train Loss: 2.099367. Patience Count: 31.
Epoch: 247. Train Loss: 2.184521. Patience Count: 32.
Epoch: 248. Train Loss: 1.736257. Patience Count: 33.
Epoch: 249. Train Loss: 1.766210. Patience Count: 34.
Epoch: 250. Train Loss: 2.176497. Patience Count: 35.
Epoch: 251. Train Loss: 1.849804. Patience Count: 36.
Epoch: 252. Train Loss: 1.896297. Patience Count: 37.
Epoch: 253. Train Loss: 1.743704. Patience Count: 38.
Epoch: 254. Train Loss: 1.528387. Patience Count: 39.
Epoch: 255. Train Loss: 1.978077. Patience Count: 40.
Epoch: 256. Train Loss: 1.432639. Patience Count: 41.
Epoch: 257. Train Loss: 1.540453. Patience Count: 42.
Epoch: 258. Train Loss: 1.538035. Patience Count: 43.
Epoch: 259. Train Loss: 1.588759. Patience Count: 44.
Epoch: 260. Train Loss: 1.834276. Patience Count: 45.
Epoch: 261. Train Loss: 1.898265. Patience Count: 46.
Epoch: 262. Train Loss: 1.129110. best-save Patience Count: 0.
Epoch: 263. Train Loss: 1.397391. Patience Count: 1.
Epoch: 264. Train Loss: 1.552346. Patience Count: 2.
Epoch: 265. Train Loss: 2.086344. Patience Count: 3.
Epoch: 266. Train Loss: 1.607031. Patience Count: 4.
Epoch: 267. Train Loss: 1.897144. Patience Count: 5.
Epoch: 268. Train Loss: 1.753355. Patience Count: 6.
Epoch: 269. Train Loss: 1.584975. Patience Count: 7.
Epoch: 270. Train Loss: 1.528734. Patience Count: 8.
Epoch: 271. Train Loss: 1.392492. Patience Count: 9.
Epoch: 272. Train Loss: 1.332835. Patience Count: 10.
Epoch: 273. Train Loss: 1.601698. Patience Count: 11.
Epoch: 274. Train Loss: 1.620584. Patience Count: 12.
Epoch: 275. Train Loss: 1.553091. Patience Count: 13.
Epoch: 276. Train Loss: 1.461174. Patience Count: 14.
Epoch: 277. Train Loss: 1.146162. Patience Count: 15.
Epoch: 278. Train Loss: 1.809690. Patience Count: 16.
Epoch: 279. Train Loss: 1.681580. Patience Count: 17.
Epoch: 280. Train Loss: 1.266494. Patience Count: 18.
Epoch: 281. Train Loss: 1.401226. Patience Count: 19.
Epoch: 282. Train Loss: 1.620414. Patience Count: 20.
Epoch: 283. Train Loss: 1.463876. Patience Count: 21.
Epoch: 284. Train Loss: 1.559254. Patience Count: 22.
Epoch: 285. Train Loss: 1.414551. Patience Count: 23.
Epoch: 286. Train Loss: 1.653976. Patience Count: 24.
Epoch: 287. Train Loss: 1.763570. Patience Count: 25.
Epoch: 288. Train Loss: 1.197934. Patience Count: 26.
Epoch: 289. Train Loss: 1.197675. Patience Count: 27.
Epoch: 290. Train Loss: 1.549605. Patience Count: 28.
Epoch: 291. Train Loss: 1.386634. Patience Count: 29.
Epoch: 292. Train Loss: 1.216671. Patience Count: 30.
Epoch: 293. Train Loss: 1.517350. Patience Count: 31.
Epoch: 294. Train Loss: 1.735852. Patience Count: 32.
Epoch: 295. Train Loss: 1.228807. Patience Count: 33.
Epoch: 296. Train Loss: 1.430796. Patience Count: 34.
Epoch: 297. Train Loss: 1.797125. Patience Count: 35.
Epoch: 298. Train Loss: 1.570263. Patience Count: 36.
Epoch: 299. Train Loss: 1.347069. Patience Count: 37.
Epoch: 300. Train Loss: 1.210685. Patience Count: 38.
Epoch: 301. Train Loss: 2.114628. Patience Count: 39.
Epoch: 302. Train Loss: 1.347226. Patience Count: 40.
Epoch: 303. Train Loss: 1.824069. Patience Count: 41.
Epoch: 304. Train Loss: 1.815424. Patience Count: 42.
Epoch: 305. Train Loss: 1.406658. Patience Count: 43.
Epoch: 306. Train Loss: 1.503560. Patience Count: 44.
Epoch: 307. Train Loss: 2.113567. Patience Count: 45.
Epoch: 308. Train Loss: 1.615892. Patience Count: 46.
Epoch: 309. Train Loss: 1.285488. Patience Count: 47.
Epoch: 310. Train Loss: 1.480636. Patience Count: 48.
Epoch: 311. Train Loss: 1.510205. Patience Count: 49.
Epoch: 312. Train Loss: 1.570072. Patience Count: 50.
Epoch: 313. Train Loss: 1.080688. best-save Patience Count: 0.
Epoch: 314. Train Loss: 1.201369. Patience Count: 1.
Epoch: 315. Train Loss: 1.008786. best-save Patience Count: 0.
Epoch: 316. Train Loss: 1.530831. Patience Count: 1.
Epoch: 317. Train Loss: 1.428561. Patience Count: 2.
Epoch: 318. Train Loss: 1.401939. Patience Count: 3.
Epoch: 319. Train Loss: 1.594492. Patience Count: 4.
Epoch: 320. Train Loss: 1.191103. Patience Count: 5.
Epoch: 321. Train Loss: 1.295986. Patience Count: 6.
Epoch: 322. Train Loss: 1.413336. Patience Count: 7.
Epoch: 323. Train Loss: 1.248137. Patience Count: 8.
Epoch: 324. Train Loss: 1.445417. Patience Count: 9.
Epoch: 325. Train Loss: 1.535821. Patience Count: 10.
Epoch: 326. Train Loss: 1.575865. Patience Count: 11.
Epoch: 327. Train Loss: 1.184090. Patience Count: 12.
Epoch: 328. Train Loss: 1.274105. Patience Count: 13.
Epoch: 329. Train Loss: 1.443139. Patience Count: 14.
Epoch: 330. Train Loss: 2.002131. Patience Count: 15.
Epoch: 331. Train Loss: 1.392922. Patience Count: 16.
Epoch: 332. Train Loss: 1.318061. Patience Count: 17.
Epoch: 333. Train Loss: 1.341905. Patience Count: 18.
Epoch: 334. Train Loss: 1.376807. Patience Count: 19.
Epoch: 335. Train Loss: 1.124377. Patience Count: 20.
Epoch: 336. Train Loss: 1.370265. Patience Count: 21.
Epoch: 337. Train Loss: 1.743955. Patience Count: 22.
Epoch: 338. Train Loss: 1.353256. Patience Count: 23.
Epoch: 339. Train Loss: 1.871027. Patience Count: 24.
Epoch: 340. Train Loss: 1.389850. Patience Count: 25.
Epoch: 341. Train Loss: 1.418866. Patience Count: 26.
Epoch: 342. Train Loss: 1.471789. Patience Count: 27.
Epoch: 343. Train Loss: 1.705974. Patience Count: 28.
Epoch: 344. Train Loss: 1.271796. Patience Count: 29.
Epoch: 345. Train Loss: 1.342117. Patience Count: 30.
Epoch: 346. Train Loss: 1.024304. Patience Count: 31.
Epoch: 347. Train Loss: 0.955296. best-save Patience Count: 0.
Epoch: 348. Train Loss: 1.065887. Patience Count: 1.
Epoch: 349. Train Loss: 1.442751. Patience Count: 2.
Epoch: 350. Train Loss: 1.326629. Patience Count: 3.
Epoch: 351. Train Loss: 1.189786. Patience Count: 4.
Epoch: 352. Train Loss: 1.445818. Patience Count: 5.
Epoch: 353. Train Loss: 0.935715. best-save Patience Count: 0.
Epoch: 354. Train Loss: 1.250542. Patience Count: 1.
Epoch: 355. Train Loss: 1.418611. Patience Count: 2.
Epoch: 356. Train Loss: 1.436539. Patience Count: 3.
Epoch: 357. Train Loss: 1.123735. Patience Count: 4.
Epoch: 358. Train Loss: 1.098712. Patience Count: 5.
Epoch: 359. Train Loss: 1.230881. Patience Count: 6.
Epoch: 360. Train Loss: 1.351522. Patience Count: 7.
Epoch: 361. Train Loss: 1.015539. Patience Count: 8.
Epoch: 362. Train Loss: 1.358761. Patience Count: 9.
Epoch: 363. Train Loss: 1.549152. Patience Count: 10.
Epoch: 364. Train Loss: 1.401714. Patience Count: 11.
Epoch: 365. Train Loss: 1.283483. Patience Count: 12.
Epoch: 366. Train Loss: 1.376551. Patience Count: 13.
Epoch: 367. Train Loss: 1.404674. Patience Count: 14.
Epoch: 368. Train Loss: 1.315366. Patience Count: 15.
Epoch: 369. Train Loss: 1.221296. Patience Count: 16.
Epoch: 370. Train Loss: 1.141971. Patience Count: 17.
Epoch: 371. Train Loss: 1.262301. Patience Count: 18.
Epoch: 372. Train Loss: 0.974812. Patience Count: 19.
Epoch: 373. Train Loss: 1.134949. Patience Count: 20.
Epoch: 374. Train Loss: 1.431208. Patience Count: 21.
Epoch: 375. Train Loss: 1.649786. Patience Count: 22.
Epoch: 376. Train Loss: 1.616123. Patience Count: 23.
Epoch: 377. Train Loss: 0.881951. best-save Patience Count: 0.
Epoch: 378. Train Loss: 1.536803. Patience Count: 1.
Epoch: 379. Train Loss: 1.187312. Patience Count: 2.
Epoch: 380. Train Loss: 1.287454. Patience Count: 3.
Epoch: 381. Train Loss: 1.116576. Patience Count: 4.
Epoch: 382. Train Loss: 1.492176. Patience Count: 5.
Epoch: 383. Train Loss: 1.603619. Patience Count: 6.
Epoch: 384. Train Loss: 1.291976. Patience Count: 7.
Epoch: 385. Train Loss: 1.188293. Patience Count: 8.
Epoch: 386. Train Loss: 1.445930. Patience Count: 9.
Epoch: 387. Train Loss: 0.999902. Patience Count: 10.
Epoch: 388. Train Loss: 1.665599. Patience Count: 11.
Epoch: 389. Train Loss: 1.156512. Patience Count: 12.
Epoch: 390. Train Loss: 0.894336. Patience Count: 13.
Epoch: 391. Train Loss: 1.275579. Patience Count: 14.
Epoch: 392. Train Loss: 1.171403. Patience Count: 15.
Epoch: 393. Train Loss: 1.348675. Patience Count: 16.
Epoch: 394. Train Loss: 1.158213. Patience Count: 17.
Epoch: 395. Train Loss: 1.336361. Patience Count: 18.
Epoch: 396. Train Loss: 1.245329. Patience Count: 19.
Epoch: 397. Train Loss: 1.118501. Patience Count: 20.
Epoch: 398. Train Loss: 1.537277. Patience Count: 21.
Epoch: 399. Train Loss: 1.438725. Patience Count: 22.
Epoch: 400. Train Loss: 1.278807. Patience Count: 23.
Epoch: 401. Train Loss: 1.348925. Patience Count: 24.
Epoch: 402. Train Loss: 1.215520. Patience Count: 25.
Epoch: 403. Train Loss: 1.533148. Patience Count: 26.
Epoch: 404. Train Loss: 1.361477. Patience Count: 27.
Epoch: 405. Train Loss: 1.317112. Patience Count: 28.
Epoch: 406. Train Loss: 1.083714. Patience Count: 29.
Epoch: 407. Train Loss: 0.983260. Patience Count: 30.
Epoch: 408. Train Loss: 1.378755. Patience Count: 31.
Epoch: 409. Train Loss: 1.277440. Patience Count: 32.
Epoch: 410. Train Loss: 1.095823. Patience Count: 33.
Epoch: 411. Train Loss: 1.312982. Patience Count: 34.
Epoch: 412. Train Loss: 1.562760. Patience Count: 35.
Epoch: 413. Train Loss: 1.197011. Patience Count: 36.
Epoch: 414. Train Loss: 1.272740. Patience Count: 37.
Epoch: 415. Train Loss: 1.306656. Patience Count: 38.
Epoch: 416. Train Loss: 1.059501. Patience Count: 39.
Epoch: 417. Train Loss: 1.349641. Patience Count: 40.
Epoch: 418. Train Loss: 1.132099. Patience Count: 41.
Epoch: 419. Train Loss: 1.244984. Patience Count: 42.
Epoch: 420. Train Loss: 1.164890. Patience Count: 43.
Epoch: 421. Train Loss: 1.116439. Patience Count: 44.
Epoch: 422. Train Loss: 1.156906. Patience Count: 45.
Epoch: 423. Train Loss: 1.067698. Patience Count: 46.
Epoch: 424. Train Loss: 1.039383. Patience Count: 47.
Epoch: 425. Train Loss: 1.204643. Patience Count: 48.
Epoch: 426. Train Loss: 1.023048. Patience Count: 49.
Epoch: 427. Train Loss: 1.191363. Patience Count: 50.
dist.destroy_process_group()
Epoch: 428. Train Loss: 1.223758. Patience Count: 51.Stop Early, patience has been running out.
dist.destroy_process_group()
