| distributed init (rank 1): env://, gpu 1
| distributed init (rank 0): env://, gpu 0
world_size: 2, gpu: 0
Using 8 dataloader workers every process
Epoch: 1. Train Loss: 312.883390. best-save Patience Count: 0.
Epoch: 2. Train Loss: 275.814918. best-save Patience Count: 0.
Epoch: 3. Train Loss: 261.629294. best-save Patience Count: 0.
Epoch: 4. Train Loss: 255.007774. best-save Patience Count: 0.
Epoch: 5. Train Loss: 248.685794. best-save Patience Count: 0.
Epoch: 6. Train Loss: 240.757168. best-save Patience Count: 0.
Epoch: 7. Train Loss: 234.777406. best-save Patience Count: 0.
Epoch: 8. Train Loss: 230.845053. best-save Patience Count: 0.
Epoch: 9. Train Loss: 227.137176. best-save Patience Count: 0.
Epoch: 10. Train Loss: 219.221975. best-save Patience Count: 0.
Epoch: 11. Train Loss: 213.235855. best-save Patience Count: 0.
Epoch: 12. Train Loss: 208.254680. best-save Patience Count: 0.
Epoch: 13. Train Loss: 204.308463. best-save Patience Count: 0.
Epoch: 14. Train Loss: 196.409209. best-save Patience Count: 0.
Epoch: 15. Train Loss: 188.998684. best-save Patience Count: 0.
Epoch: 16. Train Loss: 183.722735. best-save Patience Count: 0.
Epoch: 17. Train Loss: 177.954443. best-save Patience Count: 0.
Epoch: 18. Train Loss: 176.233948. best-save Patience Count: 0.
Epoch: 19. Train Loss: 168.409296. best-save Patience Count: 0.
Epoch: 20. Train Loss: 161.147438. best-save Patience Count: 0.
Epoch: 21. Train Loss: 156.707903. best-save Patience Count: 0.
Epoch: 22. Train Loss: 152.068754. best-save Patience Count: 0.
Epoch: 23. Train Loss: 147.201665. best-save Patience Count: 0.
Epoch: 24. Train Loss: 141.688641. best-save Patience Count: 0.
Epoch: 25. Train Loss: 136.796818. best-save Patience Count: 0.
Epoch: 26. Train Loss: 131.477559. best-save Patience Count: 0.
Epoch: 27. Train Loss: 128.575887. best-save Patience Count: 0.
Epoch: 28. Train Loss: 124.671894. best-save Patience Count: 0.
Epoch: 29. Train Loss: 120.411009. best-save Patience Count: 0.
Epoch: 30. Train Loss: 115.145758. best-save Patience Count: 0.
Epoch: 31. Train Loss: 111.781836. best-save Patience Count: 0.
Epoch: 32. Train Loss: 109.379378. best-save Patience Count: 0.
Epoch: 33. Train Loss: 106.785344. best-save Patience Count: 0.
Epoch: 34. Train Loss: 101.263546. best-save Patience Count: 0.
Epoch: 35. Train Loss: 97.425051. best-save Patience Count: 0.
Epoch: 36. Train Loss: 95.367228. best-save Patience Count: 0.
Epoch: 37. Train Loss: 93.027915. best-save Patience Count: 0.
Epoch: 38. Train Loss: 88.344677. best-save Patience Count: 0.
Epoch: 39. Train Loss: 85.940114. best-save Patience Count: 0.
Epoch: 40. Train Loss: 83.022205. best-save Patience Count: 0.
Epoch: 41. Train Loss: 82.102583. best-save Patience Count: 0.
Epoch: 42. Train Loss: 79.710903. best-save Patience Count: 0.
Epoch: 43. Train Loss: 73.471462. best-save Patience Count: 0.
Epoch: 44. Train Loss: 73.316544. best-save Patience Count: 0.
Epoch: 45. Train Loss: 71.844429. best-save Patience Count: 0.
Epoch: 46. Train Loss: 69.124862. best-save Patience Count: 0.
Epoch: 47. Train Loss: 67.257954. best-save Patience Count: 0.
Epoch: 48. Train Loss: 65.200044. best-save Patience Count: 0.
Epoch: 49. Train Loss: 62.966327. best-save Patience Count: 0.
Epoch: 50. Train Loss: 64.824612. Patience Count: 1.
Epoch: 51. Train Loss: 47.282119. best-save Patience Count: 0.
Epoch: 52. Train Loss: 42.131695. best-save Patience Count: 0.
Epoch: 53. Train Loss: 41.653104. best-save Patience Count: 0.
Epoch: 54. Train Loss: 36.583673. best-save Patience Count: 0.
Epoch: 55. Train Loss: 37.935622. Patience Count: 1.
Epoch: 56. Train Loss: 34.675613. best-save Patience Count: 0.
Epoch: 57. Train Loss: 35.530143. Patience Count: 1.
Epoch: 58. Train Loss: 33.757036. best-save Patience Count: 0.
Epoch: 59. Train Loss: 36.690851. Patience Count: 1.
Epoch: 60. Train Loss: 33.034373. best-save Patience Count: 0.
Epoch: 61. Train Loss: 34.080405. Patience Count: 1.
Epoch: 62. Train Loss: 32.224015. best-save Patience Count: 0.
Epoch: 63. Train Loss: 31.582963. best-save Patience Count: 0.
Epoch: 64. Train Loss: 29.985556. best-save Patience Count: 0.
Epoch: 65. Train Loss: 29.988301. Patience Count: 1.
Epoch: 66. Train Loss: 30.124674. Patience Count: 2.
Epoch: 67. Train Loss: 29.140328. best-save Patience Count: 0.
Epoch: 68. Train Loss: 28.720936. best-save Patience Count: 0.
Epoch: 69. Train Loss: 28.857827. Patience Count: 1.
Epoch: 70. Train Loss: 28.172629. best-save Patience Count: 0.
Epoch: 71. Train Loss: 25.808016. best-save Patience Count: 0.
Epoch: 72. Train Loss: 26.242043. Patience Count: 1.
Epoch: 73. Train Loss: 27.357738. Patience Count: 2.
Epoch: 74. Train Loss: 26.596752. Patience Count: 3.
Epoch: 75. Train Loss: 24.916111. best-save Patience Count: 0.
Epoch: 76. Train Loss: 25.158736. Patience Count: 1.
Epoch: 77. Train Loss: 25.460532. Patience Count: 2.
Epoch: 78. Train Loss: 24.798664. best-save Patience Count: 0.
Epoch: 79. Train Loss: 25.413974. Patience Count: 1.
Epoch: 80. Train Loss: 21.548918. best-save Patience Count: 0.
Epoch: 81. Train Loss: 24.993653. Patience Count: 1.
Epoch: 82. Train Loss: 25.119257. Patience Count: 2.
Epoch: 83. Train Loss: 23.161542. Patience Count: 3.
Epoch: 84. Train Loss: 23.450532. Patience Count: 4.
Epoch: 85. Train Loss: 23.669750. Patience Count: 5.
Epoch: 86. Train Loss: 21.997806. Patience Count: 6.
Epoch: 87. Train Loss: 22.072683. Patience Count: 7.
Epoch: 88. Train Loss: 21.871499. Patience Count: 8.
Epoch: 89. Train Loss: 21.262384. best-save Patience Count: 0.
Epoch: 90. Train Loss: 19.806651. best-save Patience Count: 0.
Epoch: 91. Train Loss: 21.492904. Patience Count: 1.
Epoch: 92. Train Loss: 21.262183. Patience Count: 2.
Epoch: 93. Train Loss: 21.004737. Patience Count: 3.
Epoch: 94. Train Loss: 21.905384. Patience Count: 4.
Epoch: 95. Train Loss: 20.338977. Patience Count: 5.
Epoch: 96. Train Loss: 19.591967. best-save Patience Count: 0.
Epoch: 97. Train Loss: 19.625586. Patience Count: 1.
Epoch: 98. Train Loss: 21.417410. Patience Count: 2.
Epoch: 99. Train Loss: 18.910447. best-save Patience Count: 0.
Epoch: 100. Train Loss: 19.762290. Patience Count: 1.
Epoch: 101. Train Loss: 14.388520. best-save Patience Count: 0.
Epoch: 102. Train Loss: 12.365944. best-save Patience Count: 0.
Epoch: 103. Train Loss: 12.861622. Patience Count: 1.
Epoch: 104. Train Loss: 11.958807. best-save Patience Count: 0.
Epoch: 105. Train Loss: 11.910008. best-save Patience Count: 0.
Epoch: 106. Train Loss: 11.133188. best-save Patience Count: 0.
Epoch: 107. Train Loss: 10.895128. best-save Patience Count: 0.
Epoch: 108. Train Loss: 11.922052. Patience Count: 1.
Epoch: 109. Train Loss: 11.181273. Patience Count: 2.
Epoch: 110. Train Loss: 10.069725. best-save Patience Count: 0.
Epoch: 111. Train Loss: 11.373058. Patience Count: 1.
Epoch: 112. Train Loss: 11.615900. Patience Count: 2.
Epoch: 113. Train Loss: 10.751249. Patience Count: 3.
Epoch: 114. Train Loss: 10.805882. Patience Count: 4.
Epoch: 115. Train Loss: 11.532732. Patience Count: 5.
Epoch: 116. Train Loss: 11.634221. Patience Count: 6.
Epoch: 117. Train Loss: 11.320244. Patience Count: 7.
Epoch: 118. Train Loss: 10.540952. Patience Count: 8.
Epoch: 119. Train Loss: 10.386097. Patience Count: 9.
Epoch: 120. Train Loss: 10.308926. Patience Count: 10.
Epoch: 121. Train Loss: 11.143327. Patience Count: 11.
Epoch: 122. Train Loss: 11.114941. Patience Count: 12.
Epoch: 123. Train Loss: 10.750978. Patience Count: 13.
Epoch: 124. Train Loss: 10.200677. Patience Count: 14.
Epoch: 125. Train Loss: 10.647478. Patience Count: 15.
Epoch: 126. Train Loss: 10.771778. Patience Count: 16.
Epoch: 127. Train Loss: 9.064735. best-save Patience Count: 0.
Epoch: 128. Train Loss: 10.189874. Patience Count: 1.
Epoch: 129. Train Loss: 10.876449. Patience Count: 2.
Epoch: 130. Train Loss: 11.301394. Patience Count: 3.
Epoch: 131. Train Loss: 11.209781. Patience Count: 4.
Epoch: 132. Train Loss: 10.359709. Patience Count: 5.
Epoch: 133. Train Loss: 10.519281. Patience Count: 6.
Epoch: 134. Train Loss: 9.936286. Patience Count: 7.
Epoch: 135. Train Loss: 9.046344. best-save Patience Count: 0.
Epoch: 136. Train Loss: 9.823749. Patience Count: 1.
Epoch: 137. Train Loss: 9.227629. Patience Count: 2.
Epoch: 138. Train Loss: 10.327342. Patience Count: 3.
Epoch: 139. Train Loss: 10.188734. Patience Count: 4.
Epoch: 140. Train Loss: 10.226691. Patience Count: 5.
Epoch: 141. Train Loss: 8.732727. best-save Patience Count: 0.
Epoch: 142. Train Loss: 11.124398. Patience Count: 1.
Epoch: 143. Train Loss: 10.338208. Patience Count: 2.
Epoch: 144. Train Loss: 9.794527. Patience Count: 3.
Epoch: 145. Train Loss: 9.511379. Patience Count: 4.
Epoch: 146. Train Loss: 9.235048. Patience Count: 5.
Epoch: 147. Train Loss: 10.211543. Patience Count: 6.
Epoch: 148. Train Loss: 10.434800. Patience Count: 7.
Epoch: 149. Train Loss: 8.244188. best-save Patience Count: 0.
Epoch: 150. Train Loss: 9.405386. Patience Count: 1.
Epoch: 151. Train Loss: 7.196868. best-save Patience Count: 0.
Epoch: 152. Train Loss: 6.489232. best-save Patience Count: 0.
Epoch: 153. Train Loss: 7.333757. Patience Count: 1.
Epoch: 154. Train Loss: 7.033276. Patience Count: 2.
Epoch: 155. Train Loss: 6.730784. Patience Count: 3.
Epoch: 156. Train Loss: 6.354866. best-save Patience Count: 0.
Epoch: 157. Train Loss: 6.151781. best-save Patience Count: 0.
Epoch: 158. Train Loss: 7.243454. Patience Count: 1.
Epoch: 159. Train Loss: 6.259484. Patience Count: 2.
Epoch: 160. Train Loss: 6.067619. best-save Patience Count: 0.
Epoch: 161. Train Loss: 5.621745. best-save Patience Count: 0.
Epoch: 162. Train Loss: 5.863012. Patience Count: 1.
Epoch: 163. Train Loss: 5.891506. Patience Count: 2.
Epoch: 164. Train Loss: 6.575113. Patience Count: 3.
Epoch: 165. Train Loss: 6.852292. Patience Count: 4.
Epoch: 166. Train Loss: 5.756544. Patience Count: 5.
Epoch: 167. Train Loss: 6.603793. Patience Count: 6.
Epoch: 168. Train Loss: 5.902019. Patience Count: 7.
Epoch: 169. Train Loss: 6.085427. Patience Count: 8.
Epoch: 170. Train Loss: 5.830948. Patience Count: 9.
Epoch: 171. Train Loss: 6.545693. Patience Count: 10.
Epoch: 172. Train Loss: 5.741355. Patience Count: 11.
Epoch: 173. Train Loss: 5.458739. best-save Patience Count: 0.
Epoch: 174. Train Loss: 5.742989. Patience Count: 1.
Epoch: 175. Train Loss: 6.985535. Patience Count: 2.
Epoch: 176. Train Loss: 6.264076. Patience Count: 3.
Epoch: 177. Train Loss: 5.997966. Patience Count: 4.
Epoch: 178. Train Loss: 6.545290. Patience Count: 5.
Epoch: 179. Train Loss: 5.567002. Patience Count: 6.
Epoch: 180. Train Loss: 6.564889. Patience Count: 7.
Epoch: 181. Train Loss: 5.946301. Patience Count: 8.
Epoch: 182. Train Loss: 6.476859. Patience Count: 9.
Epoch: 183. Train Loss: 5.598263. Patience Count: 10.
Epoch: 184. Train Loss: 5.529310. Patience Count: 11.
Epoch: 185. Train Loss: 5.511959. Patience Count: 12.
Epoch: 186. Train Loss: 5.944180. Patience Count: 13.
Epoch: 187. Train Loss: 5.445536. best-save Patience Count: 0.
Epoch: 188. Train Loss: 6.457682. Patience Count: 1.
Epoch: 189. Train Loss: 6.074410. Patience Count: 2.
Epoch: 190. Train Loss: 5.476817. Patience Count: 3.
Epoch: 191. Train Loss: 5.613802. Patience Count: 4.
Epoch: 192. Train Loss: 5.508547. Patience Count: 5.
Epoch: 193. Train Loss: 5.241997. best-save Patience Count: 0.
Epoch: 194. Train Loss: 5.605013. Patience Count: 1.
Epoch: 195. Train Loss: 5.645122. Patience Count: 2.
Epoch: 196. Train Loss: 5.555313. Patience Count: 3.
Epoch: 197. Train Loss: 5.354689. Patience Count: 4.
Epoch: 198. Train Loss: 5.810415. Patience Count: 5.
Epoch: 199. Train Loss: 5.416231. Patience Count: 6.
Epoch: 200. Train Loss: 4.943565. best-save Patience Count: 0.
Epoch: 201. Train Loss: 4.953104. Patience Count: 1.
Epoch: 202. Train Loss: 4.044626. best-save Patience Count: 0.
Epoch: 203. Train Loss: 4.405817. Patience Count: 1.
Epoch: 204. Train Loss: 3.968887. best-save Patience Count: 0.
Epoch: 205. Train Loss: 4.978653. Patience Count: 1.
Epoch: 206. Train Loss: 5.221871. Patience Count: 2.
Epoch: 207. Train Loss: 4.802998. Patience Count: 3.
Epoch: 208. Train Loss: 4.613432. Patience Count: 4.
Epoch: 209. Train Loss: 4.494170. Patience Count: 5.
Epoch: 210. Train Loss: 4.190385. Patience Count: 6.
Epoch: 211. Train Loss: 4.486740. Patience Count: 7.
Epoch: 212. Train Loss: 3.858067. best-save Patience Count: 0.
Epoch: 213. Train Loss: 4.421068. Patience Count: 1.
Epoch: 214. Train Loss: 4.581723. Patience Count: 2.
Epoch: 215. Train Loss: 4.242256. Patience Count: 3.
Epoch: 216. Train Loss: 4.697029. Patience Count: 4.
Epoch: 217. Train Loss: 3.576115. best-save Patience Count: 0.
Epoch: 218. Train Loss: 3.946600. Patience Count: 1.
Epoch: 219. Train Loss: 4.025864. Patience Count: 2.
Epoch: 220. Train Loss: 3.894657. Patience Count: 3.
Epoch: 221. Train Loss: 5.708545. Patience Count: 4.
Epoch: 222. Train Loss: 4.429550. Patience Count: 5.
Epoch: 223. Train Loss: 4.653479. Patience Count: 6.
Epoch: 224. Train Loss: 4.412561. Patience Count: 7.
Epoch: 225. Train Loss: 3.920031. Patience Count: 8.
Epoch: 226. Train Loss: 3.750062. Patience Count: 9.
Epoch: 227. Train Loss: 3.976332. Patience Count: 10.
Epoch: 228. Train Loss: 4.149183. Patience Count: 11.
Epoch: 229. Train Loss: 3.918536. Patience Count: 12.
Epoch: 230. Train Loss: 3.515783. best-save Patience Count: 0.
Epoch: 231. Train Loss: 4.622626. Patience Count: 1.
Epoch: 232. Train Loss: 4.635101. Patience Count: 2.
Epoch: 233. Train Loss: 4.266199. Patience Count: 3.
Epoch: 234. Train Loss: 3.447484. best-save Patience Count: 0.
Epoch: 235. Train Loss: 4.224210. Patience Count: 1.
Epoch: 236. Train Loss: 3.770070. Patience Count: 2.
Epoch: 237. Train Loss: 4.387043. Patience Count: 3.
Epoch: 238. Train Loss: 3.645592. Patience Count: 4.
Epoch: 239. Train Loss: 3.297601. best-save Patience Count: 0.
Epoch: 240. Train Loss: 3.820483. Patience Count: 1.
Epoch: 241. Train Loss: 3.913188. Patience Count: 2.
Epoch: 242. Train Loss: 4.911348. Patience Count: 3.
Epoch: 243. Train Loss: 4.141632. Patience Count: 4.
Epoch: 244. Train Loss: 4.567890. Patience Count: 5.
Epoch: 245. Train Loss: 4.346615. Patience Count: 6.
Epoch: 246. Train Loss: 4.495418. Patience Count: 7.
Epoch: 247. Train Loss: 3.612404. Patience Count: 8.
Epoch: 248. Train Loss: 4.106864. Patience Count: 9.
Epoch: 249. Train Loss: 3.656252. Patience Count: 10.
Epoch: 250. Train Loss: 3.345828. Patience Count: 11.
Epoch: 251. Train Loss: 3.431367. Patience Count: 12.
Epoch: 252. Train Loss: 2.965884. best-save Patience Count: 0.
Epoch: 253. Train Loss: 3.313759. Patience Count: 1.
Epoch: 254. Train Loss: 3.455066. Patience Count: 2.
Epoch: 255. Train Loss: 3.871811. Patience Count: 3.
Epoch: 256. Train Loss: 3.959577. Patience Count: 4.
Epoch: 257. Train Loss: 2.994426. Patience Count: 5.
Epoch: 258. Train Loss: 4.227037. Patience Count: 6.
Epoch: 259. Train Loss: 3.295698. Patience Count: 7.
Epoch: 260. Train Loss: 3.088437. Patience Count: 8.
Epoch: 261. Train Loss: 3.610700. Patience Count: 9.
Epoch: 262. Train Loss: 3.293700. Patience Count: 10.
Epoch: 263. Train Loss: 3.330358. Patience Count: 11.
Epoch: 264. Train Loss: 3.570937. Patience Count: 12.
Epoch: 265. Train Loss: 3.395750. Patience Count: 13.
Epoch: 266. Train Loss: 2.853956. best-save Patience Count: 0.
Epoch: 267. Train Loss: 3.359063. Patience Count: 1.
Epoch: 268. Train Loss: 3.287481. Patience Count: 2.
Epoch: 269. Train Loss: 3.073861. Patience Count: 3.
Epoch: 270. Train Loss: 3.731754. Patience Count: 4.
Epoch: 271. Train Loss: 3.258352. Patience Count: 5.
Epoch: 272. Train Loss: 3.031156. Patience Count: 6.
Epoch: 273. Train Loss: 3.632154. Patience Count: 7.
Epoch: 274. Train Loss: 3.729165. Patience Count: 8.
Epoch: 275. Train Loss: 2.646063. best-save Patience Count: 0.
Epoch: 276. Train Loss: 2.915288. Patience Count: 1.
Epoch: 277. Train Loss: 3.549594. Patience Count: 2.
Epoch: 278. Train Loss: 3.792991. Patience Count: 3.
Epoch: 279. Train Loss: 2.874556. Patience Count: 4.
Epoch: 280. Train Loss: 3.173294. Patience Count: 5.
Epoch: 281. Train Loss: 2.969738. Patience Count: 6.
Epoch: 282. Train Loss: 3.109421. Patience Count: 7.
Epoch: 283. Train Loss: 3.443361. Patience Count: 8.
Epoch: 284. Train Loss: 2.594719. best-save Patience Count: 0.
Epoch: 285. Train Loss: 3.650707. Patience Count: 1.
Epoch: 286. Train Loss: 3.057914. Patience Count: 2.
Epoch: 287. Train Loss: 3.365018. Patience Count: 3.
Epoch: 288. Train Loss: 3.687876. Patience Count: 4.
Epoch: 289. Train Loss: 3.246322. Patience Count: 5.
Epoch: 290. Train Loss: 3.077534. Patience Count: 6.
Epoch: 291. Train Loss: 3.231513. Patience Count: 7.
Epoch: 292. Train Loss: 3.517284. Patience Count: 8.
Epoch: 293. Train Loss: 3.092591. Patience Count: 9.
Epoch: 294. Train Loss: 2.680842. Patience Count: 10.
Epoch: 295. Train Loss: 3.035233. Patience Count: 11.
Epoch: 296. Train Loss: 3.258583. Patience Count: 12.
Epoch: 297. Train Loss: 3.143440. Patience Count: 13.
Epoch: 298. Train Loss: 2.588424. best-save Patience Count: 0.
Epoch: 299. Train Loss: 3.764656. Patience Count: 1.
Epoch: 300. Train Loss: 2.636224. Patience Count: 2.
Epoch: 301. Train Loss: 2.657169. Patience Count: 3.
Epoch: 302. Train Loss: 3.531045. Patience Count: 4.
Epoch: 303. Train Loss: 2.841594. Patience Count: 5.
Epoch: 304. Train Loss: 3.348885. Patience Count: 6.
Epoch: 305. Train Loss: 3.032457. Patience Count: 7.
Epoch: 306. Train Loss: 3.142079. Patience Count: 8.
Epoch: 307. Train Loss: 3.154077. Patience Count: 9.
Epoch: 308. Train Loss: 2.448769. best-save Patience Count: 0.
Epoch: 309. Train Loss: 2.781283. Patience Count: 1.
Epoch: 310. Train Loss: 2.850087. Patience Count: 2.
Epoch: 311. Train Loss: 2.512976. Patience Count: 3.
Epoch: 312. Train Loss: 2.853371. Patience Count: 4.
Epoch: 313. Train Loss: 2.817082. Patience Count: 5.
Epoch: 314. Train Loss: 2.950244. Patience Count: 6.
Epoch: 315. Train Loss: 2.909249. Patience Count: 7.
Epoch: 316. Train Loss: 2.847042. Patience Count: 8.
Epoch: 317. Train Loss: 2.887770. Patience Count: 9.
Epoch: 318. Train Loss: 2.642146. Patience Count: 10.
Epoch: 319. Train Loss: 3.354214. Patience Count: 11.
Epoch: 320. Train Loss: 3.045977. Patience Count: 12.
Epoch: 321. Train Loss: 2.463821. Patience Count: 13.
Epoch: 322. Train Loss: 2.443661. best-save Patience Count: 0.
Epoch: 323. Train Loss: 2.459038. Patience Count: 1.
Epoch: 324. Train Loss: 3.115526. Patience Count: 2.
Epoch: 325. Train Loss: 2.883066. Patience Count: 3.
Epoch: 326. Train Loss: 3.160311. Patience Count: 4.
Epoch: 327. Train Loss: 3.226774. Patience Count: 5.
Epoch: 328. Train Loss: 2.655002. Patience Count: 6.
Epoch: 329. Train Loss: 3.123529. Patience Count: 7.
Epoch: 330. Train Loss: 3.203473. Patience Count: 8.
Epoch: 331. Train Loss: 2.631986. Patience Count: 9.
Epoch: 332. Train Loss: 2.866957. Patience Count: 10.
Epoch: 333. Train Loss: 2.958408. Patience Count: 11.
Epoch: 334. Train Loss: 2.586838. Patience Count: 12.
Epoch: 335. Train Loss: 2.462515. Patience Count: 13.
Epoch: 336. Train Loss: 2.406661. best-save Patience Count: 0.
Epoch: 337. Train Loss: 2.881288. Patience Count: 1.
Epoch: 338. Train Loss: 2.757806. Patience Count: 2.
Epoch: 339. Train Loss: 2.325603. best-save Patience Count: 0.
Epoch: 340. Train Loss: 3.037696. Patience Count: 1.
Epoch: 341. Train Loss: 3.032006. Patience Count: 2.
Epoch: 342. Train Loss: 3.087442. Patience Count: 3.
Epoch: 343. Train Loss: 2.457087. Patience Count: 4.
Epoch: 344. Train Loss: 2.816620. Patience Count: 5.
Epoch: 345. Train Loss: 2.093403. best-save Patience Count: 0.
Epoch: 346. Train Loss: 2.714446. Patience Count: 1.
Epoch: 347. Train Loss: 2.524518. Patience Count: 2.
Epoch: 348. Train Loss: 3.344848. Patience Count: 3.
Epoch: 349. Train Loss: 2.416404. Patience Count: 4.
Epoch: 350. Train Loss: 2.370803. Patience Count: 5.
Epoch: 351. Train Loss: 2.845559. Patience Count: 6.
Epoch: 352. Train Loss: 3.028005. Patience Count: 7.
Epoch: 353. Train Loss: 2.346567. Patience Count: 8.
Epoch: 354. Train Loss: 2.539171. Patience Count: 9.
Epoch: 355. Train Loss: 2.748958. Patience Count: 10.
Epoch: 356. Train Loss: 2.542035. Patience Count: 11.
Epoch: 357. Train Loss: 2.660536. Patience Count: 12.
Epoch: 358. Train Loss: 2.928046. Patience Count: 13.
Epoch: 359. Train Loss: 2.725178. Patience Count: 14.
Epoch: 360. Train Loss: 2.243343. Patience Count: 15.
Epoch: 361. Train Loss: 2.475775. Patience Count: 16.
Epoch: 362. Train Loss: 2.656405. Patience Count: 17.
Epoch: 363. Train Loss: 2.307216. Patience Count: 18.
Epoch: 364. Train Loss: 1.991455. best-save Patience Count: 0.
Epoch: 365. Train Loss: 2.784497. Patience Count: 1.
Epoch: 366. Train Loss: 2.413338. Patience Count: 2.
Epoch: 367. Train Loss: 2.845310. Patience Count: 3.
Epoch: 368. Train Loss: 2.225205. Patience Count: 4.
Epoch: 369. Train Loss: 2.454912. Patience Count: 5.
Epoch: 370. Train Loss: 2.207538. Patience Count: 6.
Epoch: 371. Train Loss: 2.664862. Patience Count: 7.
Epoch: 372. Train Loss: 2.843903. Patience Count: 8.
Epoch: 373. Train Loss: 2.458019. Patience Count: 9.
Epoch: 374. Train Loss: 2.441190. Patience Count: 10.
Epoch: 375. Train Loss: 2.919438. Patience Count: 11.
Epoch: 376. Train Loss: 2.503383. Patience Count: 12.
Epoch: 377. Train Loss: 2.467337. Patience Count: 13.
Epoch: 378. Train Loss: 2.213298. Patience Count: 14.
Epoch: 379. Train Loss: 2.732518. Patience Count: 15.
Epoch: 380. Train Loss: 2.663850. Patience Count: 16.
Epoch: 381. Train Loss: 3.127947. Patience Count: 17.
Epoch: 382. Train Loss: 2.677922. Patience Count: 18.
Epoch: 383. Train Loss: 2.153835. Patience Count: 19.
Epoch: 384. Train Loss: 2.188307. Patience Count: 20.
Epoch: 385. Train Loss: 2.400026. Patience Count: 21.
Epoch: 386. Train Loss: 2.933023. Patience Count: 22.
Epoch: 387. Train Loss: 3.026652. Patience Count: 23.
Epoch: 388. Train Loss: 2.658445. Patience Count: 24.
Epoch: 389. Train Loss: 2.439314. Patience Count: 25.
Epoch: 390. Train Loss: 2.238044. Patience Count: 26.
Epoch: 391. Train Loss: 2.379519. Patience Count: 27.
Epoch: 392. Train Loss: 2.594646. Patience Count: 28.
Epoch: 393. Train Loss: 2.972838. Patience Count: 29.
Epoch: 394. Train Loss: 2.514411. Patience Count: 30.
Epoch: 395. Train Loss: 2.807340. Patience Count: 31.
Epoch: 396. Train Loss: 2.686157. Patience Count: 32.
Epoch: 397. Train Loss: 2.426661. Patience Count: 33.
Epoch: 398. Train Loss: 2.498186. Patience Count: 34.
Epoch: 399. Train Loss: 2.448796. Patience Count: 35.
Epoch: 400. Train Loss: 2.382075. Patience Count: 36.
Epoch: 401. Train Loss: 2.768672. Patience Count: 37.
Epoch: 402. Train Loss: 2.402518. Patience Count: 38.
Epoch: 403. Train Loss: 2.573645. Patience Count: 39.
Epoch: 404. Train Loss: 2.751985. Patience Count: 40.
Epoch: 405. Train Loss: 2.416825. Patience Count: 41.
Epoch: 406. Train Loss: 2.435183. Patience Count: 42.
Epoch: 407. Train Loss: 2.916201. Patience Count: 43.
Epoch: 408. Train Loss: 2.114700. Patience Count: 44.
Epoch: 409. Train Loss: 2.425458. Patience Count: 45.
Epoch: 410. Train Loss: 2.572392. Patience Count: 46.
Epoch: 411. Train Loss: 2.647535. Patience Count: 47.
Epoch: 412. Train Loss: 2.761265. Patience Count: 48.
Epoch: 413. Train Loss: 2.815810. Patience Count: 49.
Epoch: 414. Train Loss: 2.732943. Patience Count: 50.
dist.destroy_process_group()
Epoch: 415. Train Loss: 2.675473. Patience Count: 51.Stop Early, patience has been running out.
dist.destroy_process_group()
