| distributed init (rank 0): env://, gpu 0
| distributed init (rank 1): env://, gpu 1
world_size: 2, gpu: 0
Using 8 dataloader workers every process
Epoch: 1. Train Loss: 321.940747. best-save Patience Count: 0.
Epoch: 2. Train Loss: 271.967797. best-save Patience Count: 0.
Epoch: 3. Train Loss: 260.519484. best-save Patience Count: 0.
Epoch: 4. Train Loss: 249.607862. best-save Patience Count: 0.
Epoch: 5. Train Loss: 236.744526. best-save Patience Count: 0.
Epoch: 6. Train Loss: 228.223013. best-save Patience Count: 0.
Epoch: 7. Train Loss: 218.192064. best-save Patience Count: 0.
Epoch: 8. Train Loss: 209.300119. best-save Patience Count: 0.
Epoch: 9. Train Loss: 197.163282. best-save Patience Count: 0.
Epoch: 10. Train Loss: 184.779859. best-save Patience Count: 0.
Epoch: 11. Train Loss: 171.045708. best-save Patience Count: 0.
Epoch: 12. Train Loss: 159.418800. best-save Patience Count: 0.
Epoch: 13. Train Loss: 147.595969. best-save Patience Count: 0.
Epoch: 14. Train Loss: 135.301680. best-save Patience Count: 0.
Epoch: 15. Train Loss: 125.474111. best-save Patience Count: 0.
Epoch: 16. Train Loss: 113.244636. best-save Patience Count: 0.
Epoch: 17. Train Loss: 103.670887. best-save Patience Count: 0.
Epoch: 18. Train Loss: 96.604467. best-save Patience Count: 0.
Epoch: 19. Train Loss: 89.271842. best-save Patience Count: 0.
Epoch: 20. Train Loss: 83.513112. best-save Patience Count: 0.
Epoch: 21. Train Loss: 75.664339. best-save Patience Count: 0.
Epoch: 22. Train Loss: 71.064952. best-save Patience Count: 0.
Epoch: 23. Train Loss: 62.471884. best-save Patience Count: 0.
Epoch: 24. Train Loss: 59.063062. best-save Patience Count: 0.
Epoch: 25. Train Loss: 58.983805. best-save Patience Count: 0.
Epoch: 26. Train Loss: 51.861170. best-save Patience Count: 0.
Epoch: 27. Train Loss: 47.969505. best-save Patience Count: 0.
Epoch: 28. Train Loss: 47.415561. best-save Patience Count: 0.
Epoch: 29. Train Loss: 42.956608. best-save Patience Count: 0.
Epoch: 30. Train Loss: 41.848148. best-save Patience Count: 0.
Epoch: 31. Train Loss: 36.957309. best-save Patience Count: 0.
Epoch: 32. Train Loss: 36.453654. best-save Patience Count: 0.
Epoch: 33. Train Loss: 35.623681. best-save Patience Count: 0.
Epoch: 34. Train Loss: 33.678615. best-save Patience Count: 0.
Epoch: 35. Train Loss: 30.932231. best-save Patience Count: 0.
Epoch: 36. Train Loss: 32.894805. Patience Count: 1.
Epoch: 37. Train Loss: 28.937451. best-save Patience Count: 0.
Epoch: 38. Train Loss: 29.340485. Patience Count: 1.
Epoch: 39. Train Loss: 26.003597. best-save Patience Count: 0.
Epoch: 40. Train Loss: 27.503115. Patience Count: 1.
Epoch: 41. Train Loss: 24.662499. best-save Patience Count: 0.
Epoch: 42. Train Loss: 27.019879. Patience Count: 1.
Epoch: 43. Train Loss: 22.587323. best-save Patience Count: 0.
Epoch: 44. Train Loss: 20.454571. best-save Patience Count: 0.
Epoch: 45. Train Loss: 23.053893. Patience Count: 1.
Epoch: 46. Train Loss: 19.552672. best-save Patience Count: 0.
Epoch: 47. Train Loss: 20.910526. Patience Count: 1.
Epoch: 48. Train Loss: 18.217438. best-save Patience Count: 0.
Epoch: 49. Train Loss: 19.373663. Patience Count: 1.
Epoch: 50. Train Loss: 19.868282. Patience Count: 2.
Epoch: 51. Train Loss: 13.137154. best-save Patience Count: 0.
Epoch: 52. Train Loss: 11.524402. best-save Patience Count: 0.
Epoch: 53. Train Loss: 9.422776. best-save Patience Count: 0.
Epoch: 54. Train Loss: 11.214740. Patience Count: 1.
Epoch: 55. Train Loss: 8.792864. best-save Patience Count: 0.
Epoch: 56. Train Loss: 8.044550. best-save Patience Count: 0.
Epoch: 57. Train Loss: 9.684901. Patience Count: 1.
Epoch: 58. Train Loss: 9.388615. Patience Count: 2.
Epoch: 59. Train Loss: 9.052521. Patience Count: 3.
Epoch: 60. Train Loss: 8.696836. Patience Count: 4.
Epoch: 61. Train Loss: 9.229341. Patience Count: 5.
Epoch: 62. Train Loss: 9.480627. Patience Count: 6.
Epoch: 63. Train Loss: 8.205894. Patience Count: 7.
Epoch: 64. Train Loss: 7.355286. best-save Patience Count: 0.
Epoch: 65. Train Loss: 7.765526. Patience Count: 1.
Epoch: 66. Train Loss: 9.669026. Patience Count: 2.
Epoch: 67. Train Loss: 9.154961. Patience Count: 3.
Epoch: 68. Train Loss: 7.458660. Patience Count: 4.
Epoch: 69. Train Loss: 8.322088. Patience Count: 5.
Epoch: 70. Train Loss: 9.525774. Patience Count: 6.
Epoch: 71. Train Loss: 8.654632. Patience Count: 7.
Epoch: 72. Train Loss: 7.860513. Patience Count: 8.
Epoch: 73. Train Loss: 8.095294. Patience Count: 9.
Epoch: 74. Train Loss: 7.672549. Patience Count: 10.
Epoch: 75. Train Loss: 8.087600. Patience Count: 11.
Epoch: 76. Train Loss: 8.548672. Patience Count: 12.
Epoch: 77. Train Loss: 7.864805. Patience Count: 13.
Epoch: 78. Train Loss: 8.428415. Patience Count: 14.
Epoch: 79. Train Loss: 7.985411. Patience Count: 15.
Epoch: 80. Train Loss: 7.333111. best-save Patience Count: 0.
Epoch: 81. Train Loss: 8.341326. Patience Count: 1.
Epoch: 82. Train Loss: 8.187208. Patience Count: 2.
Epoch: 83. Train Loss: 7.501053. Patience Count: 3.
Epoch: 84. Train Loss: 6.971223. best-save Patience Count: 0.
Epoch: 85. Train Loss: 8.320173. Patience Count: 1.
Epoch: 86. Train Loss: 7.340180. Patience Count: 2.
Epoch: 87. Train Loss: 5.862240. best-save Patience Count: 0.
Epoch: 88. Train Loss: 7.473899. Patience Count: 1.
Epoch: 89. Train Loss: 8.837765. Patience Count: 2.
Epoch: 90. Train Loss: 6.756841. Patience Count: 3.
Epoch: 91. Train Loss: 8.788317. Patience Count: 4.
Epoch: 92. Train Loss: 8.006107. Patience Count: 5.
Epoch: 93. Train Loss: 7.005287. Patience Count: 6.
Epoch: 94. Train Loss: 7.528233. Patience Count: 7.
Epoch: 95. Train Loss: 7.085079. Patience Count: 8.
Epoch: 96. Train Loss: 6.155890. Patience Count: 9.
Epoch: 97. Train Loss: 7.081660. Patience Count: 10.
Epoch: 98. Train Loss: 6.450707. Patience Count: 11.
Epoch: 99. Train Loss: 7.089928. Patience Count: 12.
Epoch: 100. Train Loss: 7.414415. Patience Count: 13.
Epoch: 101. Train Loss: 5.593305. best-save Patience Count: 0.
Epoch: 102. Train Loss: 4.631589. best-save Patience Count: 0.
Epoch: 103. Train Loss: 4.497042. best-save Patience Count: 0.
Epoch: 104. Train Loss: 4.260520. best-save Patience Count: 0.
Epoch: 105. Train Loss: 4.077407. best-save Patience Count: 0.
Epoch: 106. Train Loss: 4.278629. Patience Count: 1.
Epoch: 107. Train Loss: 3.581346. best-save Patience Count: 0.
Epoch: 108. Train Loss: 3.731312. Patience Count: 1.
Epoch: 109. Train Loss: 3.202584. best-save Patience Count: 0.
Epoch: 110. Train Loss: 4.073543. Patience Count: 1.
Epoch: 111. Train Loss: 2.958670. best-save Patience Count: 0.
Epoch: 112. Train Loss: 3.589484. Patience Count: 1.
Epoch: 113. Train Loss: 3.365067. Patience Count: 2.
Epoch: 114. Train Loss: 3.512646. Patience Count: 3.
Epoch: 115. Train Loss: 3.416306. Patience Count: 4.
Epoch: 116. Train Loss: 3.842766. Patience Count: 5.
Epoch: 117. Train Loss: 3.131417. Patience Count: 6.
Epoch: 118. Train Loss: 3.796868. Patience Count: 7.
Epoch: 119. Train Loss: 3.406248. Patience Count: 8.
Epoch: 120. Train Loss: 3.763181. Patience Count: 9.
Epoch: 121. Train Loss: 3.335742. Patience Count: 10.
Epoch: 122. Train Loss: 3.228206. Patience Count: 11.
Epoch: 123. Train Loss: 3.798230. Patience Count: 12.
Epoch: 124. Train Loss: 3.043674. Patience Count: 13.
Epoch: 125. Train Loss: 3.392426. Patience Count: 14.
Epoch: 126. Train Loss: 3.094985. Patience Count: 15.
Epoch: 127. Train Loss: 3.255227. Patience Count: 16.
Epoch: 128. Train Loss: 3.190634. Patience Count: 17.
Epoch: 129. Train Loss: 3.200900. Patience Count: 18.
Epoch: 130. Train Loss: 2.920115. best-save Patience Count: 0.
Epoch: 131. Train Loss: 3.169802. Patience Count: 1.
Epoch: 132. Train Loss: 3.762387. Patience Count: 2.
Epoch: 133. Train Loss: 3.142873. Patience Count: 3.
Epoch: 134. Train Loss: 3.221221. Patience Count: 4.
Epoch: 135. Train Loss: 3.766110. Patience Count: 5.
Epoch: 136. Train Loss: 3.537316. Patience Count: 6.
Epoch: 137. Train Loss: 3.604756. Patience Count: 7.
Epoch: 138. Train Loss: 3.703710. Patience Count: 8.
Epoch: 139. Train Loss: 3.183983. Patience Count: 9.
Epoch: 140. Train Loss: 2.666750. best-save Patience Count: 0.
Epoch: 141. Train Loss: 2.841276. Patience Count: 1.
Epoch: 142. Train Loss: 3.674072. Patience Count: 2.
Epoch: 143. Train Loss: 2.470749. best-save Patience Count: 0.
Epoch: 144. Train Loss: 2.187621. best-save Patience Count: 0.
Epoch: 145. Train Loss: 3.360432. Patience Count: 1.
Epoch: 146. Train Loss: 2.989059. Patience Count: 2.
Epoch: 147. Train Loss: 2.921974. Patience Count: 3.
Epoch: 148. Train Loss: 2.563983. Patience Count: 4.
Epoch: 149. Train Loss: 3.245770. Patience Count: 5.
Epoch: 150. Train Loss: 3.196446. Patience Count: 6.
Epoch: 151. Train Loss: 2.640018. Patience Count: 7.
Epoch: 152. Train Loss: 2.247116. Patience Count: 8.
Epoch: 153. Train Loss: 2.078474. best-save Patience Count: 0.
Epoch: 154. Train Loss: 2.062013. best-save Patience Count: 0.
Epoch: 155. Train Loss: 1.826966. best-save Patience Count: 0.
Epoch: 156. Train Loss: 1.741876. best-save Patience Count: 0.
Epoch: 157. Train Loss: 2.271401. Patience Count: 1.
Epoch: 158. Train Loss: 1.654932. best-save Patience Count: 0.
Epoch: 159. Train Loss: 2.029222. Patience Count: 1.
Epoch: 160. Train Loss: 1.393303. best-save Patience Count: 0.
Epoch: 161. Train Loss: 1.623690. Patience Count: 1.
Epoch: 162. Train Loss: 1.714558. Patience Count: 2.
Epoch: 163. Train Loss: 1.842721. Patience Count: 3.
Epoch: 164. Train Loss: 2.236272. Patience Count: 4.
Epoch: 165. Train Loss: 2.150607. Patience Count: 5.
Epoch: 166. Train Loss: 1.476208. Patience Count: 6.
Epoch: 167. Train Loss: 1.723529. Patience Count: 7.
Epoch: 168. Train Loss: 1.927851. Patience Count: 8.
Epoch: 169. Train Loss: 1.558075. Patience Count: 9.
Epoch: 170. Train Loss: 1.639468. Patience Count: 10.
Epoch: 171. Train Loss: 1.494408. Patience Count: 11.
Epoch: 172. Train Loss: 1.723582. Patience Count: 12.
Epoch: 173. Train Loss: 2.370042. Patience Count: 13.
Epoch: 174. Train Loss: 1.659939. Patience Count: 14.
Epoch: 175. Train Loss: 1.796774. Patience Count: 15.
Epoch: 176. Train Loss: 2.185435. Patience Count: 16.
Epoch: 177. Train Loss: 1.867682. Patience Count: 17.
Epoch: 178. Train Loss: 2.091210. Patience Count: 18.
Epoch: 179. Train Loss: 1.778392. Patience Count: 19.
Epoch: 180. Train Loss: 1.585671. Patience Count: 20.
Epoch: 181. Train Loss: 1.879810. Patience Count: 21.
Epoch: 182. Train Loss: 1.437520. Patience Count: 22.
Epoch: 183. Train Loss: 1.780068. Patience Count: 23.
Epoch: 184. Train Loss: 1.646141. Patience Count: 24.
Epoch: 185. Train Loss: 2.009796. Patience Count: 25.
Epoch: 186. Train Loss: 1.447017. Patience Count: 26.
Epoch: 187. Train Loss: 2.057887. Patience Count: 27.
Epoch: 188. Train Loss: 1.534402. Patience Count: 28.
Epoch: 189. Train Loss: 1.308705. best-save Patience Count: 0.
Epoch: 190. Train Loss: 1.735179. Patience Count: 1.
Epoch: 191. Train Loss: 1.475586. Patience Count: 2.
Epoch: 192. Train Loss: 1.320061. Patience Count: 3.
Epoch: 193. Train Loss: 1.331382. Patience Count: 4.
Epoch: 194. Train Loss: 1.980297. Patience Count: 5.
Epoch: 195. Train Loss: 1.718377. Patience Count: 6.
Epoch: 196. Train Loss: 1.830201. Patience Count: 7.
Epoch: 197. Train Loss: 1.246610. best-save Patience Count: 0.
Epoch: 198. Train Loss: 1.375924. Patience Count: 1.
Epoch: 199. Train Loss: 1.329792. Patience Count: 2.
Epoch: 200. Train Loss: 1.298139. Patience Count: 3.
Epoch: 201. Train Loss: 1.266434. Patience Count: 4.
Epoch: 202. Train Loss: 1.593295. Patience Count: 5.
Epoch: 203. Train Loss: 1.828277. Patience Count: 6.
Epoch: 204. Train Loss: 1.655881. Patience Count: 7.
Epoch: 205. Train Loss: 1.136148. best-save Patience Count: 0.
Epoch: 206. Train Loss: 0.966958. best-save Patience Count: 0.
Epoch: 207. Train Loss: 0.994180. Patience Count: 1.
Epoch: 208. Train Loss: 1.354548. Patience Count: 2.
Epoch: 209. Train Loss: 0.948290. best-save Patience Count: 0.
Epoch: 210. Train Loss: 1.168199. Patience Count: 1.
Epoch: 211. Train Loss: 1.386634. Patience Count: 2.
Epoch: 212. Train Loss: 1.500941. Patience Count: 3.
Epoch: 213. Train Loss: 1.234244. Patience Count: 4.
Epoch: 214. Train Loss: 0.828917. best-save Patience Count: 0.
Epoch: 215. Train Loss: 1.448005. Patience Count: 1.
Epoch: 216. Train Loss: 0.960965. Patience Count: 2.
Epoch: 217. Train Loss: 1.023156. Patience Count: 3.
Epoch: 218. Train Loss: 1.069752. Patience Count: 4.
Epoch: 219. Train Loss: 1.116378. Patience Count: 5.
Epoch: 220. Train Loss: 1.628174. Patience Count: 6.
Epoch: 221. Train Loss: 0.885059. Patience Count: 7.
Epoch: 222. Train Loss: 0.964028. Patience Count: 8.
Epoch: 223. Train Loss: 1.131997. Patience Count: 9.
Epoch: 224. Train Loss: 1.032482. Patience Count: 10.
Epoch: 225. Train Loss: 1.131895. Patience Count: 11.
Epoch: 226. Train Loss: 0.858041. Patience Count: 12.
Epoch: 227. Train Loss: 1.074372. Patience Count: 13.
Epoch: 228. Train Loss: 1.293266. Patience Count: 14.
Epoch: 229. Train Loss: 1.511724. Patience Count: 15.
Epoch: 230. Train Loss: 0.732945. best-save Patience Count: 0.
Epoch: 231. Train Loss: 1.254881. Patience Count: 1.
Epoch: 232. Train Loss: 1.090483. Patience Count: 2.
Epoch: 233. Train Loss: 1.121488. Patience Count: 3.
Epoch: 234. Train Loss: 0.996607. Patience Count: 4.
Epoch: 235. Train Loss: 1.268623. Patience Count: 5.
Epoch: 236. Train Loss: 0.796639. Patience Count: 6.
Epoch: 237. Train Loss: 1.278090. Patience Count: 7.
Epoch: 238. Train Loss: 1.147206. Patience Count: 8.
Epoch: 239. Train Loss: 1.058072. Patience Count: 9.
Epoch: 240. Train Loss: 1.059218. Patience Count: 10.
Epoch: 241. Train Loss: 1.033041. Patience Count: 11.
Epoch: 242. Train Loss: 1.257985. Patience Count: 12.
Epoch: 243. Train Loss: 0.837215. Patience Count: 13.
Epoch: 244. Train Loss: 1.065654. Patience Count: 14.
Epoch: 245. Train Loss: 0.922430. Patience Count: 15.
Epoch: 246. Train Loss: 0.885842. Patience Count: 16.
Epoch: 247. Train Loss: 0.664472. best-save Patience Count: 0.
Epoch: 248. Train Loss: 1.264651. Patience Count: 1.
Epoch: 249. Train Loss: 1.196295. Patience Count: 2.
Epoch: 250. Train Loss: 0.994531. Patience Count: 3.
Epoch: 251. Train Loss: 1.065405. Patience Count: 4.
Epoch: 252. Train Loss: 1.181991. Patience Count: 5.
Epoch: 253. Train Loss: 0.751871. Patience Count: 6.
Epoch: 254. Train Loss: 0.839572. Patience Count: 7.
Epoch: 255. Train Loss: 0.796348. Patience Count: 8.
Epoch: 256. Train Loss: 1.103691. Patience Count: 9.
Epoch: 257. Train Loss: 0.859024. Patience Count: 10.
Epoch: 258. Train Loss: 0.975422. Patience Count: 11.
Epoch: 259. Train Loss: 1.067529. Patience Count: 12.
Epoch: 260. Train Loss: 0.687263. Patience Count: 13.
Epoch: 261. Train Loss: 0.866769. Patience Count: 14.
Epoch: 262. Train Loss: 0.740285. Patience Count: 15.
Epoch: 263. Train Loss: 0.722497. Patience Count: 16.
Epoch: 264. Train Loss: 0.787495. Patience Count: 17.
Epoch: 265. Train Loss: 0.575520. best-save Patience Count: 0.
Epoch: 266. Train Loss: 0.651706. Patience Count: 1.
Epoch: 267. Train Loss: 1.298643. Patience Count: 2.
Epoch: 268. Train Loss: 1.288175. Patience Count: 3.
Epoch: 269. Train Loss: 1.092314. Patience Count: 4.
Epoch: 270. Train Loss: 1.190784. Patience Count: 5.
Epoch: 271. Train Loss: 0.809042. Patience Count: 6.
Epoch: 272. Train Loss: 0.687800. Patience Count: 7.
Epoch: 273. Train Loss: 1.023832. Patience Count: 8.
Epoch: 274. Train Loss: 0.760156. Patience Count: 9.
Epoch: 275. Train Loss: 0.962176. Patience Count: 10.
Epoch: 276. Train Loss: 0.883190. Patience Count: 11.
Epoch: 277. Train Loss: 0.757998. Patience Count: 12.
Epoch: 278. Train Loss: 0.758733. Patience Count: 13.
Epoch: 279. Train Loss: 0.712384. Patience Count: 14.
Epoch: 280. Train Loss: 1.080241. Patience Count: 15.
Epoch: 281. Train Loss: 0.941075. Patience Count: 16.
Epoch: 282. Train Loss: 0.654958. Patience Count: 17.
Epoch: 283. Train Loss: 0.794010. Patience Count: 18.
Epoch: 284. Train Loss: 0.463393. best-save Patience Count: 0.
Epoch: 285. Train Loss: 0.940348. Patience Count: 1.
Epoch: 286. Train Loss: 0.910573. Patience Count: 2.
Epoch: 287. Train Loss: 0.634115. Patience Count: 3.
Epoch: 288. Train Loss: 0.972629. Patience Count: 4.
Epoch: 289. Train Loss: 0.705370. Patience Count: 5.
Epoch: 290. Train Loss: 0.791337. Patience Count: 6.
Epoch: 291. Train Loss: 0.788124. Patience Count: 7.
Epoch: 292. Train Loss: 0.626112. Patience Count: 8.
Epoch: 293. Train Loss: 1.298412. Patience Count: 9.
Epoch: 294. Train Loss: 1.018089. Patience Count: 10.
Epoch: 295. Train Loss: 0.653467. Patience Count: 11.
Epoch: 296. Train Loss: 1.133382. Patience Count: 12.
Epoch: 297. Train Loss: 0.677047. Patience Count: 13.
Epoch: 298. Train Loss: 0.583117. Patience Count: 14.
Epoch: 299. Train Loss: 0.626630. Patience Count: 15.
Epoch: 300. Train Loss: 0.497091. Patience Count: 16.
Epoch: 301. Train Loss: 0.708109. Patience Count: 17.
Epoch: 302. Train Loss: 0.789721. Patience Count: 18.
Epoch: 303. Train Loss: 0.602684. Patience Count: 19.
Epoch: 304. Train Loss: 0.934265. Patience Count: 20.
Epoch: 305. Train Loss: 0.527503. Patience Count: 21.
Epoch: 306. Train Loss: 0.646874. Patience Count: 22.
Epoch: 307. Train Loss: 0.841268. Patience Count: 23.
Epoch: 308. Train Loss: 0.725450. Patience Count: 24.
Epoch: 309. Train Loss: 0.618076. Patience Count: 25.
Epoch: 310. Train Loss: 0.671155. Patience Count: 26.
Epoch: 311. Train Loss: 0.657757. Patience Count: 27.
Epoch: 312. Train Loss: 0.730559. Patience Count: 28.
Epoch: 313. Train Loss: 0.767655. Patience Count: 29.
Epoch: 314. Train Loss: 0.768333. Patience Count: 30.
Epoch: 315. Train Loss: 0.675827. Patience Count: 31.
Epoch: 316. Train Loss: 0.952795. Patience Count: 32.
Epoch: 317. Train Loss: 0.952667. Patience Count: 33.
Epoch: 318. Train Loss: 0.883743. Patience Count: 34.
Epoch: 319. Train Loss: 0.830311. Patience Count: 35.
Epoch: 320. Train Loss: 0.879908. Patience Count: 36.
Epoch: 321. Train Loss: 0.686638. Patience Count: 37.
Epoch: 322. Train Loss: 0.794633. Patience Count: 38.
Epoch: 323. Train Loss: 0.702996. Patience Count: 39.
Epoch: 324. Train Loss: 0.662589. Patience Count: 40.
Epoch: 325. Train Loss: 0.736405. Patience Count: 41.
Epoch: 326. Train Loss: 0.573192. Patience Count: 42.
Epoch: 327. Train Loss: 0.568348. Patience Count: 43.
Epoch: 328. Train Loss: 0.676218. Patience Count: 44.
Epoch: 329. Train Loss: 0.600410. Patience Count: 45.
Epoch: 330. Train Loss: 0.447730. best-save Patience Count: 0.
Epoch: 331. Train Loss: 0.769166. Patience Count: 1.
Epoch: 332. Train Loss: 0.882074. Patience Count: 2.
Epoch: 333. Train Loss: 0.898458. Patience Count: 3.
Epoch: 334. Train Loss: 0.661035. Patience Count: 4.
Epoch: 335. Train Loss: 0.752728. Patience Count: 5.
Epoch: 336. Train Loss: 0.793966. Patience Count: 6.
Epoch: 337. Train Loss: 0.719121. Patience Count: 7.
Epoch: 338. Train Loss: 0.493673. Patience Count: 8.
Epoch: 339. Train Loss: 0.694143. Patience Count: 9.
Epoch: 340. Train Loss: 0.589759. Patience Count: 10.
Epoch: 341. Train Loss: 0.436443. best-save Patience Count: 0.
Epoch: 342. Train Loss: 0.634451. Patience Count: 1.
Epoch: 343. Train Loss: 0.594044. Patience Count: 2.
Epoch: 344. Train Loss: 0.801555. Patience Count: 3.
Epoch: 345. Train Loss: 0.788849. Patience Count: 4.
Epoch: 346. Train Loss: 0.747032. Patience Count: 5.
Epoch: 347. Train Loss: 0.657665. Patience Count: 6.
Epoch: 348. Train Loss: 0.695686. Patience Count: 7.
Epoch: 349. Train Loss: 0.925520. Patience Count: 8.
Epoch: 350. Train Loss: 0.800861. Patience Count: 9.
Epoch: 351. Train Loss: 0.590678. Patience Count: 10.
Epoch: 352. Train Loss: 0.690208. Patience Count: 11.
Epoch: 353. Train Loss: 0.481137. Patience Count: 12.
Epoch: 354. Train Loss: 0.647774. Patience Count: 13.
Epoch: 355. Train Loss: 0.578361. Patience Count: 14.
Epoch: 356. Train Loss: 0.529409. Patience Count: 15.
Epoch: 357. Train Loss: 0.684078. Patience Count: 16.
Epoch: 358. Train Loss: 0.658543. Patience Count: 17.
Epoch: 359. Train Loss: 0.634051. Patience Count: 18.
Epoch: 360. Train Loss: 0.765180. Patience Count: 19.
Epoch: 361. Train Loss: 0.779045. Patience Count: 20.
Epoch: 362. Train Loss: 1.058482. Patience Count: 21.
Epoch: 363. Train Loss: 0.419078. best-save Patience Count: 0.
Epoch: 364. Train Loss: 0.551411. Patience Count: 1.
Epoch: 365. Train Loss: 0.564314. Patience Count: 2.
Epoch: 366. Train Loss: 0.599441. Patience Count: 3.
Epoch: 367. Train Loss: 0.620399. Patience Count: 4.
Epoch: 368. Train Loss: 0.471130. Patience Count: 5.
Epoch: 369. Train Loss: 0.450561. Patience Count: 6.
Epoch: 370. Train Loss: 0.501124. Patience Count: 7.
Epoch: 371. Train Loss: 0.608344. Patience Count: 8.
Epoch: 372. Train Loss: 0.752390. Patience Count: 9.
Epoch: 373. Train Loss: 0.526796. Patience Count: 10.
Epoch: 374. Train Loss: 0.639614. Patience Count: 11.
Epoch: 375. Train Loss: 0.673599. Patience Count: 12.
Epoch: 376. Train Loss: 0.678149. Patience Count: 13.
Epoch: 377. Train Loss: 1.048007. Patience Count: 14.
Epoch: 378. Train Loss: 0.543360. Patience Count: 15.
Epoch: 379. Train Loss: 1.064659. Patience Count: 16.
Epoch: 380. Train Loss: 0.674490. Patience Count: 17.
Epoch: 381. Train Loss: 0.685263. Patience Count: 18.
Epoch: 382. Train Loss: 0.666574. Patience Count: 19.
Epoch: 383. Train Loss: 0.658745. Patience Count: 20.
Epoch: 384. Train Loss: 0.610603. Patience Count: 21.
Epoch: 385. Train Loss: 0.807252. Patience Count: 22.
Epoch: 386. Train Loss: 0.684807. Patience Count: 23.
Epoch: 387. Train Loss: 0.707812. Patience Count: 24.
Epoch: 388. Train Loss: 0.619631. Patience Count: 25.
Epoch: 389. Train Loss: 0.815358. Patience Count: 26.
Epoch: 390. Train Loss: 0.750271. Patience Count: 27.
Epoch: 391. Train Loss: 0.425371. Patience Count: 28.
Epoch: 392. Train Loss: 0.644420. Patience Count: 29.
Epoch: 393. Train Loss: 0.690157. Patience Count: 30.
Epoch: 394. Train Loss: 0.616267. Patience Count: 31.
Epoch: 395. Train Loss: 0.428787. Patience Count: 32.
Epoch: 396. Train Loss: 0.747403. Patience Count: 33.
Epoch: 397. Train Loss: 0.786103. Patience Count: 34.
Epoch: 398. Train Loss: 0.455041. Patience Count: 35.
Epoch: 399. Train Loss: 0.560289. Patience Count: 36.
Epoch: 400. Train Loss: 0.470997. Patience Count: 37.
Epoch: 401. Train Loss: 0.539825. Patience Count: 38.
Epoch: 402. Train Loss: 0.502211. Patience Count: 39.
Epoch: 403. Train Loss: 0.547638. Patience Count: 40.
Epoch: 404. Train Loss: 0.436690. Patience Count: 41.
Epoch: 405. Train Loss: 0.477227. Patience Count: 42.
Epoch: 406. Train Loss: 0.543193. Patience Count: 43.
Epoch: 407. Train Loss: 0.538375. Patience Count: 44.
Epoch: 408. Train Loss: 0.449647. Patience Count: 45.
Epoch: 409. Train Loss: 0.680451. Patience Count: 46.
Epoch: 410. Train Loss: 0.500408. Patience Count: 47.
Epoch: 411. Train Loss: 0.765194. Patience Count: 48.
Epoch: 412. Train Loss: 0.792084. Patience Count: 49.
Epoch: 413. Train Loss: 0.571708. Patience Count: 50.
Epoch: 414. Train Loss: 0.506001. Patience Count: 51.Stop Early, patience has been running out.
dist.destroy_process_group()
dist.destroy_process_group()
