| distributed init (rank 0): env://, gpu 0
| distributed init (rank 1): env://, gpu 1
world_size: 2, gpu: 0
Using 8 dataloader workers every process
Epoch: 1. Train Loss: 319.210616. best-save Patience Count: 0.
Epoch: 2. Train Loss: 278.113849. best-save Patience Count: 0.
Epoch: 3. Train Loss: 266.317173. best-save Patience Count: 0.
Epoch: 4. Train Loss: 261.768119. best-save Patience Count: 0.
Epoch: 5. Train Loss: 255.309848. best-save Patience Count: 0.
Epoch: 6. Train Loss: 249.236974. best-save Patience Count: 0.
Epoch: 7. Train Loss: 245.167808. best-save Patience Count: 0.
Epoch: 8. Train Loss: 242.397514. best-save Patience Count: 0.
Epoch: 9. Train Loss: 238.835432. best-save Patience Count: 0.
Epoch: 10. Train Loss: 235.035921. best-save Patience Count: 0.
Epoch: 11. Train Loss: 231.301466. best-save Patience Count: 0.
Epoch: 12. Train Loss: 228.180999. best-save Patience Count: 0.
Epoch: 13. Train Loss: 224.620771. best-save Patience Count: 0.
Epoch: 14. Train Loss: 220.881202. best-save Patience Count: 0.
Epoch: 15. Train Loss: 215.435201. best-save Patience Count: 0.
Epoch: 16. Train Loss: 212.019616. best-save Patience Count: 0.
Epoch: 17. Train Loss: 207.986791. best-save Patience Count: 0.
Epoch: 18. Train Loss: 205.979067. best-save Patience Count: 0.
Epoch: 19. Train Loss: 202.413334. best-save Patience Count: 0.
Epoch: 20. Train Loss: 195.417842. best-save Patience Count: 0.
Epoch: 21. Train Loss: 191.371279. best-save Patience Count: 0.
Epoch: 22. Train Loss: 189.326680. best-save Patience Count: 0.
Epoch: 23. Train Loss: 184.423670. best-save Patience Count: 0.
Epoch: 24. Train Loss: 180.852005. best-save Patience Count: 0.
Epoch: 25. Train Loss: 175.548300. best-save Patience Count: 0.
Epoch: 26. Train Loss: 171.626786. best-save Patience Count: 0.
Epoch: 27. Train Loss: 173.475751. Patience Count: 1.
Epoch: 28. Train Loss: 167.471949. best-save Patience Count: 0.
Epoch: 29. Train Loss: 162.206279. best-save Patience Count: 0.
Epoch: 30. Train Loss: 156.469347. best-save Patience Count: 0.
Epoch: 31. Train Loss: 153.892005. best-save Patience Count: 0.
Epoch: 32. Train Loss: 151.812600. best-save Patience Count: 0.
Epoch: 33. Train Loss: 147.433504. best-save Patience Count: 0.
Epoch: 34. Train Loss: 143.385965. best-save Patience Count: 0.
Epoch: 35. Train Loss: 141.779848. best-save Patience Count: 0.
Epoch: 36. Train Loss: 137.804453. best-save Patience Count: 0.
Epoch: 37. Train Loss: 132.083351. best-save Patience Count: 0.
Epoch: 38. Train Loss: 129.113010. best-save Patience Count: 0.
Epoch: 39. Train Loss: 128.570349. best-save Patience Count: 0.
Epoch: 40. Train Loss: 122.297173. best-save Patience Count: 0.
Epoch: 41. Train Loss: 120.537218. best-save Patience Count: 0.
Epoch: 42. Train Loss: 116.833602. best-save Patience Count: 0.
Epoch: 43. Train Loss: 115.670414. best-save Patience Count: 0.
Epoch: 44. Train Loss: 111.065644. best-save Patience Count: 0.
Epoch: 45. Train Loss: 108.923445. best-save Patience Count: 0.
Epoch: 46. Train Loss: 107.507873. best-save Patience Count: 0.
Epoch: 47. Train Loss: 107.809584. Patience Count: 1.
Epoch: 48. Train Loss: 103.912345. best-save Patience Count: 0.
Epoch: 49. Train Loss: 102.077287. best-save Patience Count: 0.
Epoch: 50. Train Loss: 95.652291. best-save Patience Count: 0.
Epoch: 51. Train Loss: 83.765230. best-save Patience Count: 0.
Epoch: 52. Train Loss: 77.304496. best-save Patience Count: 0.
Epoch: 53. Train Loss: 73.270433. best-save Patience Count: 0.
Epoch: 54. Train Loss: 71.651026. best-save Patience Count: 0.
Epoch: 55. Train Loss: 72.171126. Patience Count: 1.
Epoch: 56. Train Loss: 68.389320. best-save Patience Count: 0.
Epoch: 57. Train Loss: 66.472948. best-save Patience Count: 0.
Epoch: 58. Train Loss: 65.422063. best-save Patience Count: 0.
Epoch: 59. Train Loss: 63.729972. best-save Patience Count: 0.
Epoch: 60. Train Loss: 62.665270. best-save Patience Count: 0.
Epoch: 61. Train Loss: 63.371072. Patience Count: 1.
Epoch: 62. Train Loss: 60.102434. best-save Patience Count: 0.
Epoch: 63. Train Loss: 57.376456. best-save Patience Count: 0.
Epoch: 64. Train Loss: 60.456527. Patience Count: 1.
Epoch: 65. Train Loss: 57.153586. best-save Patience Count: 0.
Epoch: 66. Train Loss: 54.708689. best-save Patience Count: 0.
Epoch: 67. Train Loss: 55.334176. Patience Count: 1.
Epoch: 68. Train Loss: 54.362666. best-save Patience Count: 0.
Epoch: 69. Train Loss: 53.909068. best-save Patience Count: 0.
Epoch: 70. Train Loss: 53.661674. best-save Patience Count: 0.
Epoch: 71. Train Loss: 50.704431. best-save Patience Count: 0.
Epoch: 72. Train Loss: 51.009798. Patience Count: 1.
Epoch: 73. Train Loss: 50.402579. best-save Patience Count: 0.
Epoch: 74. Train Loss: 45.926054. best-save Patience Count: 0.
Epoch: 75. Train Loss: 47.691356. Patience Count: 1.
Epoch: 76. Train Loss: 47.152967. Patience Count: 2.
Epoch: 77. Train Loss: 45.984862. Patience Count: 3.
Epoch: 78. Train Loss: 47.076230. Patience Count: 4.
Epoch: 79. Train Loss: 45.639162. best-save Patience Count: 0.
Epoch: 80. Train Loss: 44.103238. best-save Patience Count: 0.
Epoch: 81. Train Loss: 45.018223. Patience Count: 1.
Epoch: 82. Train Loss: 42.379903. best-save Patience Count: 0.
Epoch: 83. Train Loss: 41.277083. best-save Patience Count: 0.
Epoch: 84. Train Loss: 41.490327. Patience Count: 1.
Epoch: 85. Train Loss: 41.348008. Patience Count: 2.
Epoch: 86. Train Loss: 41.624901. Patience Count: 3.
Epoch: 87. Train Loss: 40.006700. best-save Patience Count: 0.
Epoch: 88. Train Loss: 39.421435. best-save Patience Count: 0.
Epoch: 89. Train Loss: 37.980858. best-save Patience Count: 0.
Epoch: 90. Train Loss: 38.061443. Patience Count: 1.
Epoch: 91. Train Loss: 37.400613. best-save Patience Count: 0.
Epoch: 92. Train Loss: 37.877269. Patience Count: 1.
Epoch: 93. Train Loss: 36.755948. best-save Patience Count: 0.
Epoch: 94. Train Loss: 37.006082. Patience Count: 1.
Epoch: 95. Train Loss: 36.293630. best-save Patience Count: 0.
Epoch: 96. Train Loss: 36.018849. best-save Patience Count: 0.
Epoch: 97. Train Loss: 34.560485. best-save Patience Count: 0.
Epoch: 98. Train Loss: 35.801925. Patience Count: 1.
Epoch: 99. Train Loss: 34.288878. best-save Patience Count: 0.
Epoch: 100. Train Loss: 33.065855. best-save Patience Count: 0.
Epoch: 101. Train Loss: 27.080349. best-save Patience Count: 0.
Epoch: 102. Train Loss: 25.396298. best-save Patience Count: 0.
Epoch: 103. Train Loss: 24.002546. best-save Patience Count: 0.
Epoch: 104. Train Loss: 23.428529. best-save Patience Count: 0.
Epoch: 105. Train Loss: 22.247777. best-save Patience Count: 0.
Epoch: 106. Train Loss: 25.402345. Patience Count: 1.
Epoch: 107. Train Loss: 22.794600. Patience Count: 2.
Epoch: 108. Train Loss: 24.511817. Patience Count: 3.
Epoch: 109. Train Loss: 21.493536. best-save Patience Count: 0.
Epoch: 110. Train Loss: 20.998809. best-save Patience Count: 0.
Epoch: 111. Train Loss: 23.713926. Patience Count: 1.
Epoch: 112. Train Loss: 22.745241. Patience Count: 2.
Epoch: 113. Train Loss: 21.957756. Patience Count: 3.
Epoch: 114. Train Loss: 20.985991. best-save Patience Count: 0.
Epoch: 115. Train Loss: 20.957792. best-save Patience Count: 0.
Epoch: 116. Train Loss: 22.024258. Patience Count: 1.
Epoch: 117. Train Loss: 20.112056. best-save Patience Count: 0.
Epoch: 118. Train Loss: 21.578889. Patience Count: 1.
Epoch: 119. Train Loss: 21.033552. Patience Count: 2.
Epoch: 120. Train Loss: 22.411235. Patience Count: 3.
Epoch: 121. Train Loss: 19.522552. best-save Patience Count: 0.
Epoch: 122. Train Loss: 19.697743. Patience Count: 1.
Epoch: 123. Train Loss: 19.322793. best-save Patience Count: 0.
Epoch: 124. Train Loss: 21.067903. Patience Count: 1.
Epoch: 125. Train Loss: 20.271112. Patience Count: 2.
Epoch: 126. Train Loss: 19.619527. Patience Count: 3.
Epoch: 127. Train Loss: 17.829955. best-save Patience Count: 0.
Epoch: 128. Train Loss: 21.825470. Patience Count: 1.
Epoch: 129. Train Loss: 19.396419. Patience Count: 2.
Epoch: 130. Train Loss: 18.780344. Patience Count: 3.
Epoch: 131. Train Loss: 18.573389. Patience Count: 4.
Epoch: 132. Train Loss: 18.783346. Patience Count: 5.
Epoch: 133. Train Loss: 19.144603. Patience Count: 6.
Epoch: 134. Train Loss: 18.576742. Patience Count: 7.
Epoch: 135. Train Loss: 18.819750. Patience Count: 8.
Epoch: 136. Train Loss: 20.011191. Patience Count: 9.
Epoch: 137. Train Loss: 19.173746. Patience Count: 10.
Epoch: 138. Train Loss: 18.607072. Patience Count: 11.
Epoch: 139. Train Loss: 18.429970. Patience Count: 12.
Epoch: 140. Train Loss: 17.208675. best-save Patience Count: 0.
Epoch: 141. Train Loss: 17.068162. best-save Patience Count: 0.
Epoch: 142. Train Loss: 17.239135. Patience Count: 1.
Epoch: 143. Train Loss: 18.405245. Patience Count: 2.
Epoch: 144. Train Loss: 17.674985. Patience Count: 3.
Epoch: 145. Train Loss: 16.238189. best-save Patience Count: 0.
Epoch: 146. Train Loss: 16.528898. Patience Count: 1.
Epoch: 147. Train Loss: 18.398266. Patience Count: 2.
Epoch: 148. Train Loss: 17.180349. Patience Count: 3.
Epoch: 149. Train Loss: 16.829884. Patience Count: 4.
Epoch: 150. Train Loss: 18.003291. Patience Count: 5.
Epoch: 151. Train Loss: 14.815028. best-save Patience Count: 0.
Epoch: 152. Train Loss: 14.071031. best-save Patience Count: 0.
Epoch: 153. Train Loss: 15.008108. Patience Count: 1.
Epoch: 154. Train Loss: 13.652770. best-save Patience Count: 0.
Epoch: 155. Train Loss: 13.888445. Patience Count: 1.
Epoch: 156. Train Loss: 13.499526. best-save Patience Count: 0.
Epoch: 157. Train Loss: 12.183717. best-save Patience Count: 0.
Epoch: 158. Train Loss: 12.193619. Patience Count: 1.
Epoch: 159. Train Loss: 12.278503. Patience Count: 2.
Epoch: 160. Train Loss: 11.819976. best-save Patience Count: 0.
Epoch: 161. Train Loss: 13.250896. Patience Count: 1.
Epoch: 162. Train Loss: 12.244915. Patience Count: 2.
Epoch: 163. Train Loss: 12.892728. Patience Count: 3.
Epoch: 164. Train Loss: 12.368496. Patience Count: 4.
Epoch: 165. Train Loss: 13.049350. Patience Count: 5.
Epoch: 166. Train Loss: 12.715124. Patience Count: 6.
Epoch: 167. Train Loss: 13.540991. Patience Count: 7.
Epoch: 168. Train Loss: 12.395416. Patience Count: 8.
Epoch: 169. Train Loss: 12.984032. Patience Count: 9.
Epoch: 170. Train Loss: 12.254567. Patience Count: 10.
Epoch: 171. Train Loss: 11.674294. best-save Patience Count: 0.
Epoch: 172. Train Loss: 11.425894. best-save Patience Count: 0.
Epoch: 173. Train Loss: 11.631647. Patience Count: 1.
Epoch: 174. Train Loss: 11.376072. best-save Patience Count: 0.
Epoch: 175. Train Loss: 11.838905. Patience Count: 1.
Epoch: 176. Train Loss: 11.726000. Patience Count: 2.
Epoch: 177. Train Loss: 11.219622. best-save Patience Count: 0.
Epoch: 178. Train Loss: 11.510508. Patience Count: 1.
Epoch: 179. Train Loss: 11.795905. Patience Count: 2.
Epoch: 180. Train Loss: 10.609578. best-save Patience Count: 0.
Epoch: 181. Train Loss: 11.945843. Patience Count: 1.
Epoch: 182. Train Loss: 10.947831. Patience Count: 2.
Epoch: 183. Train Loss: 10.613190. Patience Count: 3.
Epoch: 184. Train Loss: 11.354348. Patience Count: 4.
Epoch: 185. Train Loss: 12.284711. Patience Count: 5.
Epoch: 186. Train Loss: 11.014865. Patience Count: 6.
Epoch: 187. Train Loss: 11.955333. Patience Count: 7.
Epoch: 188. Train Loss: 10.809980. Patience Count: 8.
Epoch: 189. Train Loss: 10.532194. best-save Patience Count: 0.
Epoch: 190. Train Loss: 11.257554. Patience Count: 1.
Epoch: 191. Train Loss: 11.428620. Patience Count: 2.
Epoch: 192. Train Loss: 11.626610. Patience Count: 3.
Epoch: 193. Train Loss: 9.594833. best-save Patience Count: 0.
Epoch: 194. Train Loss: 11.382410. Patience Count: 1.
Epoch: 195. Train Loss: 11.765168. Patience Count: 2.
Epoch: 196. Train Loss: 11.122712. Patience Count: 3.
Epoch: 197. Train Loss: 11.759153. Patience Count: 4.
Epoch: 198. Train Loss: 10.728452. Patience Count: 5.
Epoch: 199. Train Loss: 11.353364. Patience Count: 6.
Epoch: 200. Train Loss: 11.175570. Patience Count: 7.
Epoch: 201. Train Loss: 10.572539. Patience Count: 8.
Epoch: 202. Train Loss: 10.376417. Patience Count: 9.
Epoch: 203. Train Loss: 9.268854. best-save Patience Count: 0.
Epoch: 204. Train Loss: 8.878499. best-save Patience Count: 0.
Epoch: 205. Train Loss: 8.005157. best-save Patience Count: 0.
Epoch: 206. Train Loss: 8.090683. Patience Count: 1.
Epoch: 207. Train Loss: 9.751517. Patience Count: 2.
Epoch: 208. Train Loss: 8.869103. Patience Count: 3.
Epoch: 209. Train Loss: 9.302390. Patience Count: 4.
Epoch: 210. Train Loss: 8.567069. Patience Count: 5.
Epoch: 211. Train Loss: 9.189033. Patience Count: 6.
Epoch: 212. Train Loss: 8.584776. Patience Count: 7.
Epoch: 213. Train Loss: 8.444212. Patience Count: 8.
Epoch: 214. Train Loss: 9.255211. Patience Count: 9.
Epoch: 215. Train Loss: 8.282071. Patience Count: 10.
Epoch: 216. Train Loss: 8.291816. Patience Count: 11.
Epoch: 217. Train Loss: 9.404614. Patience Count: 12.
Epoch: 218. Train Loss: 9.025176. Patience Count: 13.
Epoch: 219. Train Loss: 8.842870. Patience Count: 14.
Epoch: 220. Train Loss: 8.883935. Patience Count: 15.
Epoch: 221. Train Loss: 8.707725. Patience Count: 16.
Epoch: 222. Train Loss: 8.062635. Patience Count: 17.
Epoch: 223. Train Loss: 8.103461. Patience Count: 18.
Epoch: 224. Train Loss: 7.900308. best-save Patience Count: 0.
Epoch: 225. Train Loss: 8.276086. Patience Count: 1.
Epoch: 226. Train Loss: 9.086418. Patience Count: 2.
Epoch: 227. Train Loss: 8.434544. Patience Count: 3.
Epoch: 228. Train Loss: 7.626596. best-save Patience Count: 0.
Epoch: 229. Train Loss: 8.528768. Patience Count: 1.
Epoch: 230. Train Loss: 7.630206. Patience Count: 2.
Epoch: 231. Train Loss: 9.148565. Patience Count: 3.
Epoch: 232. Train Loss: 8.837230. Patience Count: 4.
Epoch: 233. Train Loss: 8.808193. Patience Count: 5.
Epoch: 234. Train Loss: 8.242508. Patience Count: 6.
Epoch: 235. Train Loss: 8.975117. Patience Count: 7.
Epoch: 236. Train Loss: 8.355021. Patience Count: 8.
Epoch: 237. Train Loss: 8.001430. Patience Count: 9.
Epoch: 238. Train Loss: 8.131389. Patience Count: 10.
Epoch: 239. Train Loss: 7.456330. best-save Patience Count: 0.
Epoch: 240. Train Loss: 7.084366. best-save Patience Count: 0.
Epoch: 241. Train Loss: 8.067364. Patience Count: 1.
Epoch: 242. Train Loss: 8.351501. Patience Count: 2.
Epoch: 243. Train Loss: 7.747305. Patience Count: 3.
Epoch: 244. Train Loss: 8.771620. Patience Count: 4.
Epoch: 245. Train Loss: 8.181793. Patience Count: 5.
Epoch: 246. Train Loss: 7.988752. Patience Count: 6.
Epoch: 247. Train Loss: 7.867554. Patience Count: 7.
Epoch: 248. Train Loss: 7.285513. Patience Count: 8.
Epoch: 249. Train Loss: 7.757516. Patience Count: 9.
Epoch: 250. Train Loss: 8.437708. Patience Count: 10.
Epoch: 251. Train Loss: 7.628444. Patience Count: 11.
Epoch: 252. Train Loss: 7.196499. Patience Count: 12.
Epoch: 253. Train Loss: 6.597937. best-save Patience Count: 0.
Epoch: 254. Train Loss: 8.136051. Patience Count: 1.
Epoch: 255. Train Loss: 7.850799. Patience Count: 2.
Epoch: 256. Train Loss: 6.431401. best-save Patience Count: 0.
Epoch: 257. Train Loss: 7.934501. Patience Count: 1.
Epoch: 258. Train Loss: 7.164627. Patience Count: 2.
Epoch: 259. Train Loss: 7.136766. Patience Count: 3.
Epoch: 260. Train Loss: 7.041397. Patience Count: 4.
Epoch: 261. Train Loss: 6.575085. Patience Count: 5.
Epoch: 262. Train Loss: 7.378816. Patience Count: 6.
Epoch: 263. Train Loss: 6.874282. Patience Count: 7.
Epoch: 264. Train Loss: 6.576808. Patience Count: 8.
Epoch: 265. Train Loss: 6.539112. Patience Count: 9.
Epoch: 266. Train Loss: 6.133303. best-save Patience Count: 0.
Epoch: 267. Train Loss: 7.208425. Patience Count: 1.
Epoch: 268. Train Loss: 6.577167. Patience Count: 2.
Epoch: 269. Train Loss: 6.480478. Patience Count: 3.
Epoch: 270. Train Loss: 7.309680. Patience Count: 4.
Epoch: 271. Train Loss: 7.062205. Patience Count: 5.
Epoch: 272. Train Loss: 7.087148. Patience Count: 6.
Epoch: 273. Train Loss: 7.120301. Patience Count: 7.
Epoch: 274. Train Loss: 6.674931. Patience Count: 8.
Epoch: 275. Train Loss: 7.637510. Patience Count: 9.
Epoch: 276. Train Loss: 7.660383. Patience Count: 10.
Epoch: 277. Train Loss: 6.622405. Patience Count: 11.
Epoch: 278. Train Loss: 7.227596. Patience Count: 12.
Epoch: 279. Train Loss: 6.671139. Patience Count: 13.
Epoch: 280. Train Loss: 6.615724. Patience Count: 14.
Epoch: 281. Train Loss: 7.125676. Patience Count: 15.
Epoch: 282. Train Loss: 6.715186. Patience Count: 16.
Epoch: 283. Train Loss: 7.390866. Patience Count: 17.
Epoch: 284. Train Loss: 6.412376. Patience Count: 18.
Epoch: 285. Train Loss: 6.954181. Patience Count: 19.
Epoch: 286. Train Loss: 7.025219. Patience Count: 20.
Epoch: 287. Train Loss: 6.726835. Patience Count: 21.
Epoch: 288. Train Loss: 6.663852. Patience Count: 22.
Epoch: 289. Train Loss: 6.142793. Patience Count: 23.
Epoch: 290. Train Loss: 6.770133. Patience Count: 24.
Epoch: 291. Train Loss: 6.457454. Patience Count: 25.
Epoch: 292. Train Loss: 6.802841. Patience Count: 26.
Epoch: 293. Train Loss: 6.926082. Patience Count: 27.
Epoch: 294. Train Loss: 7.121973. Patience Count: 28.
Epoch: 295. Train Loss: 6.534643. Patience Count: 29.
Epoch: 296. Train Loss: 7.202936. Patience Count: 30.
Epoch: 297. Train Loss: 7.699034. Patience Count: 31.
Epoch: 298. Train Loss: 6.341153. Patience Count: 32.
Epoch: 299. Train Loss: 6.999659. Patience Count: 33.
Epoch: 300. Train Loss: 5.860592. best-save Patience Count: 0.
Epoch: 301. Train Loss: 6.247024. Patience Count: 1.
Epoch: 302. Train Loss: 6.441189. Patience Count: 2.
Epoch: 303. Train Loss: 5.746775. best-save Patience Count: 0.
Epoch: 304. Train Loss: 6.038185. Patience Count: 1.
Epoch: 305. Train Loss: 6.855368. Patience Count: 2.
Epoch: 306. Train Loss: 5.943503. Patience Count: 3.
Epoch: 307. Train Loss: 6.466093. Patience Count: 4.
Epoch: 308. Train Loss: 6.670864. Patience Count: 5.
Epoch: 309. Train Loss: 5.754826. Patience Count: 6.
Epoch: 310. Train Loss: 6.957353. Patience Count: 7.
Epoch: 311. Train Loss: 6.587644. Patience Count: 8.
Epoch: 312. Train Loss: 6.732479. Patience Count: 9.
Epoch: 313. Train Loss: 6.889797. Patience Count: 10.
Epoch: 314. Train Loss: 6.287693. Patience Count: 11.
Epoch: 315. Train Loss: 6.719572. Patience Count: 12.
Epoch: 316. Train Loss: 5.669313. best-save Patience Count: 0.
Epoch: 317. Train Loss: 6.795586. Patience Count: 1.
Epoch: 318. Train Loss: 6.286575. Patience Count: 2.
Epoch: 319. Train Loss: 6.320101. Patience Count: 3.
Epoch: 320. Train Loss: 5.951968. Patience Count: 4.
Epoch: 321. Train Loss: 6.596451. Patience Count: 5.
Epoch: 322. Train Loss: 5.691318. Patience Count: 6.
Epoch: 323. Train Loss: 6.370071. Patience Count: 7.
Epoch: 324. Train Loss: 6.505783. Patience Count: 8.
Epoch: 325. Train Loss: 5.477990. best-save Patience Count: 0.
Epoch: 326. Train Loss: 5.240522. best-save Patience Count: 0.
Epoch: 327. Train Loss: 6.560138. Patience Count: 1.
Epoch: 328. Train Loss: 6.402835. Patience Count: 2.
Epoch: 329. Train Loss: 5.619583. Patience Count: 3.
Epoch: 330. Train Loss: 6.409832. Patience Count: 4.
Epoch: 331. Train Loss: 6.448534. Patience Count: 5.
Epoch: 332. Train Loss: 5.713064. Patience Count: 6.
Epoch: 333. Train Loss: 5.709102. Patience Count: 7.
Epoch: 334. Train Loss: 5.690380. Patience Count: 8.
Epoch: 335. Train Loss: 6.562186. Patience Count: 9.
Epoch: 336. Train Loss: 5.603311. Patience Count: 10.
Epoch: 337. Train Loss: 5.454525. Patience Count: 11.
Epoch: 338. Train Loss: 4.854399. best-save Patience Count: 0.
Epoch: 339. Train Loss: 5.787763. Patience Count: 1.
Epoch: 340. Train Loss: 5.980642. Patience Count: 2.
Epoch: 341. Train Loss: 6.043122. Patience Count: 3.
Epoch: 342. Train Loss: 6.287821. Patience Count: 4.
Epoch: 343. Train Loss: 6.599517. Patience Count: 5.
Epoch: 344. Train Loss: 6.146337. Patience Count: 6.
Epoch: 345. Train Loss: 6.287653. Patience Count: 7.
Epoch: 346. Train Loss: 6.029232. Patience Count: 8.
Epoch: 347. Train Loss: 5.810581. Patience Count: 9.
Epoch: 348. Train Loss: 6.089977. Patience Count: 10.
Epoch: 349. Train Loss: 5.915754. Patience Count: 11.
Epoch: 350. Train Loss: 6.547686. Patience Count: 12.
Epoch: 351. Train Loss: 6.600339. Patience Count: 13.
Epoch: 352. Train Loss: 6.812751. Patience Count: 14.
Epoch: 353. Train Loss: 5.789605. Patience Count: 15.
Epoch: 354. Train Loss: 5.362263. Patience Count: 16.
Epoch: 355. Train Loss: 5.898703. Patience Count: 17.
Epoch: 356. Train Loss: 6.240602. Patience Count: 18.
Epoch: 357. Train Loss: 5.925599. Patience Count: 19.
Epoch: 358. Train Loss: 6.041889. Patience Count: 20.
Epoch: 359. Train Loss: 6.399610. Patience Count: 21.
Epoch: 360. Train Loss: 5.870049. Patience Count: 22.
Epoch: 361. Train Loss: 5.799935. Patience Count: 23.
Epoch: 362. Train Loss: 6.258142. Patience Count: 24.
Epoch: 363. Train Loss: 5.949858. Patience Count: 25.
Epoch: 364. Train Loss: 5.538658. Patience Count: 26.
Epoch: 365. Train Loss: 5.404000. Patience Count: 27.
Epoch: 366. Train Loss: 6.248947. Patience Count: 28.
Epoch: 367. Train Loss: 6.373920. Patience Count: 29.
Epoch: 368. Train Loss: 6.785141. Patience Count: 30.
Epoch: 369. Train Loss: 5.860780. Patience Count: 31.
Epoch: 370. Train Loss: 5.099146. Patience Count: 32.
Epoch: 371. Train Loss: 5.913982. Patience Count: 33.
Epoch: 372. Train Loss: 6.125540. Patience Count: 34.
Epoch: 373. Train Loss: 5.939248. Patience Count: 35.
Epoch: 374. Train Loss: 5.862453. Patience Count: 36.
Epoch: 375. Train Loss: 5.811145. Patience Count: 37.
Epoch: 376. Train Loss: 5.967044. Patience Count: 38.
Epoch: 377. Train Loss: 5.105558. Patience Count: 39.
Epoch: 378. Train Loss: 6.061594. Patience Count: 40.
Epoch: 379. Train Loss: 4.999706. Patience Count: 41.
Epoch: 380. Train Loss: 5.675529. Patience Count: 42.
Epoch: 381. Train Loss: 5.076831. Patience Count: 43.
Epoch: 382. Train Loss: 5.505761. Patience Count: 44.
Epoch: 383. Train Loss: 5.845097. Patience Count: 45.
Epoch: 384. Train Loss: 6.871336. Patience Count: 46.
Epoch: 385. Train Loss: 5.993630. Patience Count: 47.
Epoch: 386. Train Loss: 6.438817. Patience Count: 48.
Epoch: 387. Train Loss: 6.512484. Patience Count: 49.
Epoch: 388. Train Loss: 5.520246. Patience Count: 50.
Epoch: 389. Train Loss: 6.413280. Patience Count: 51.Stop Early, patience has been running out.
dist.destroy_process_group()
dist.destroy_process_group()
