| distributed init (rank 0): env://, gpu 0
| distributed init (rank 1): env://, gpu 1
world_size: 2, gpu: 0
Using 8 dataloader workers every process
Epoch: 1. Train Loss: 311.363180. best-save Patience Count: 0.
Epoch: 2. Train Loss: 275.491789. best-save Patience Count: 0.
Epoch: 3. Train Loss: 260.544530. best-save Patience Count: 0.
Epoch: 4. Train Loss: 255.313664. best-save Patience Count: 0.
Epoch: 5. Train Loss: 249.095427. best-save Patience Count: 0.
Epoch: 6. Train Loss: 239.359824. best-save Patience Count: 0.
Epoch: 7. Train Loss: 237.585536. best-save Patience Count: 0.
Epoch: 8. Train Loss: 231.557759. best-save Patience Count: 0.
Epoch: 9. Train Loss: 227.369014. best-save Patience Count: 0.
Epoch: 10. Train Loss: 221.235739. best-save Patience Count: 0.
Epoch: 11. Train Loss: 217.107531. best-save Patience Count: 0.
Epoch: 12. Train Loss: 213.013416. best-save Patience Count: 0.
Epoch: 13. Train Loss: 205.862408. best-save Patience Count: 0.
Epoch: 14. Train Loss: 200.356900. best-save Patience Count: 0.
Epoch: 15. Train Loss: 194.297889. best-save Patience Count: 0.
Epoch: 16. Train Loss: 188.387211. best-save Patience Count: 0.
Epoch: 17. Train Loss: 182.902686. best-save Patience Count: 0.
Epoch: 18. Train Loss: 179.448356. best-save Patience Count: 0.
Epoch: 19. Train Loss: 179.904532. Patience Count: 1.
Epoch: 20. Train Loss: 167.216777. best-save Patience Count: 0.
Epoch: 21. Train Loss: 160.499549. best-save Patience Count: 0.
Epoch: 22. Train Loss: 156.078491. best-save Patience Count: 0.
Epoch: 23. Train Loss: 153.126646. best-save Patience Count: 0.
Epoch: 24. Train Loss: 145.773362. best-save Patience Count: 0.
Epoch: 25. Train Loss: 140.445421. best-save Patience Count: 0.
Epoch: 26. Train Loss: 135.246889. best-save Patience Count: 0.
Epoch: 27. Train Loss: 131.004107. best-save Patience Count: 0.
Epoch: 28. Train Loss: 125.178027. best-save Patience Count: 0.
Epoch: 29. Train Loss: 121.828089. best-save Patience Count: 0.
Epoch: 30. Train Loss: 116.150569. best-save Patience Count: 0.
Epoch: 31. Train Loss: 113.493736. best-save Patience Count: 0.
Epoch: 32. Train Loss: 109.428767. best-save Patience Count: 0.
Epoch: 33. Train Loss: 107.458950. best-save Patience Count: 0.
Epoch: 34. Train Loss: 100.681332. best-save Patience Count: 0.
Epoch: 35. Train Loss: 98.624298. best-save Patience Count: 0.
Epoch: 36. Train Loss: 96.532953. best-save Patience Count: 0.
Epoch: 37. Train Loss: 91.031045. best-save Patience Count: 0.
Epoch: 38. Train Loss: 88.687861. best-save Patience Count: 0.
Epoch: 39. Train Loss: 85.188142. best-save Patience Count: 0.
Epoch: 40. Train Loss: 84.571172. best-save Patience Count: 0.
Epoch: 41. Train Loss: 78.675327. best-save Patience Count: 0.
Epoch: 42. Train Loss: 79.430466. Patience Count: 1.
Epoch: 43. Train Loss: 74.571805. best-save Patience Count: 0.
Epoch: 44. Train Loss: 75.549531. Patience Count: 1.
Epoch: 45. Train Loss: 76.353348. Patience Count: 2.
Epoch: 46. Train Loss: 69.504239. best-save Patience Count: 0.
Epoch: 47. Train Loss: 64.218425. best-save Patience Count: 0.
Epoch: 48. Train Loss: 64.808005. Patience Count: 1.
Epoch: 49. Train Loss: 65.156106. Patience Count: 2.
Epoch: 50. Train Loss: 61.420893. best-save Patience Count: 0.
Epoch: 51. Train Loss: 47.591505. best-save Patience Count: 0.
Epoch: 52. Train Loss: 41.971007. best-save Patience Count: 0.
Epoch: 53. Train Loss: 39.296166. best-save Patience Count: 0.
Epoch: 54. Train Loss: 37.391677. best-save Patience Count: 0.
Epoch: 55. Train Loss: 40.152818. Patience Count: 1.
Epoch: 56. Train Loss: 36.546296. best-save Patience Count: 0.
Epoch: 57. Train Loss: 35.672745. best-save Patience Count: 0.
Epoch: 58. Train Loss: 33.290873. best-save Patience Count: 0.
Epoch: 59. Train Loss: 32.962769. best-save Patience Count: 0.
Epoch: 60. Train Loss: 31.164631. best-save Patience Count: 0.
Epoch: 61. Train Loss: 31.497968. Patience Count: 1.
Epoch: 62. Train Loss: 32.304780. Patience Count: 2.
Epoch: 63. Train Loss: 27.987606. best-save Patience Count: 0.
Epoch: 64. Train Loss: 29.311435. Patience Count: 1.
Epoch: 65. Train Loss: 28.861593. Patience Count: 2.
Epoch: 66. Train Loss: 28.824740. Patience Count: 3.
Epoch: 67. Train Loss: 30.179438. Patience Count: 4.
Epoch: 68. Train Loss: 28.952364. Patience Count: 5.
Epoch: 69. Train Loss: 26.591845. best-save Patience Count: 0.
Epoch: 70. Train Loss: 26.247223. best-save Patience Count: 0.
Epoch: 71. Train Loss: 26.460330. Patience Count: 1.
Epoch: 72. Train Loss: 27.620062. Patience Count: 2.
Epoch: 73. Train Loss: 25.981032. best-save Patience Count: 0.
Epoch: 74. Train Loss: 24.546079. best-save Patience Count: 0.
Epoch: 75. Train Loss: 22.919334. best-save Patience Count: 0.
Epoch: 76. Train Loss: 26.620103. Patience Count: 1.
Epoch: 77. Train Loss: 24.864885. Patience Count: 2.
Epoch: 78. Train Loss: 25.070350. Patience Count: 3.
Epoch: 79. Train Loss: 22.727505. best-save Patience Count: 0.
Epoch: 80. Train Loss: 22.752665. Patience Count: 1.
Epoch: 81. Train Loss: 21.556242. best-save Patience Count: 0.
Epoch: 82. Train Loss: 23.528947. Patience Count: 1.
Epoch: 83. Train Loss: 22.033571. Patience Count: 2.
Epoch: 84. Train Loss: 21.837069. Patience Count: 3.
Epoch: 85. Train Loss: 21.617603. Patience Count: 4.
Epoch: 86. Train Loss: 20.821159. best-save Patience Count: 0.
Epoch: 87. Train Loss: 22.613060. Patience Count: 1.
Epoch: 88. Train Loss: 23.198281. Patience Count: 2.
Epoch: 89. Train Loss: 17.677427. best-save Patience Count: 0.
Epoch: 90. Train Loss: 20.463925. Patience Count: 1.
Epoch: 91. Train Loss: 20.671878. Patience Count: 2.
Epoch: 92. Train Loss: 20.721934. Patience Count: 3.
Epoch: 93. Train Loss: 20.272205. Patience Count: 4.
Epoch: 94. Train Loss: 18.920364. Patience Count: 5.
Epoch: 95. Train Loss: 18.993501. Patience Count: 6.
Epoch: 96. Train Loss: 19.925157. Patience Count: 7.
Epoch: 97. Train Loss: 17.766092. Patience Count: 8.
Epoch: 98. Train Loss: 18.819792. Patience Count: 9.
Epoch: 99. Train Loss: 16.702531. best-save Patience Count: 0.
Epoch: 100. Train Loss: 19.770159. Patience Count: 1.
Epoch: 101. Train Loss: 14.154332. best-save Patience Count: 0.
Epoch: 102. Train Loss: 11.879673. best-save Patience Count: 0.
Epoch: 103. Train Loss: 10.920183. best-save Patience Count: 0.
Epoch: 104. Train Loss: 11.437380. Patience Count: 1.
Epoch: 105. Train Loss: 11.401122. Patience Count: 2.
Epoch: 106. Train Loss: 10.324609. best-save Patience Count: 0.
Epoch: 107. Train Loss: 10.640457. Patience Count: 1.
Epoch: 108. Train Loss: 10.117283. best-save Patience Count: 0.
Epoch: 109. Train Loss: 11.399433. Patience Count: 1.
Epoch: 110. Train Loss: 9.503063. best-save Patience Count: 0.
Epoch: 111. Train Loss: 9.392208. best-save Patience Count: 0.
Epoch: 112. Train Loss: 11.496726. Patience Count: 1.
Epoch: 113. Train Loss: 9.699210. Patience Count: 2.
Epoch: 114. Train Loss: 10.096932. Patience Count: 3.
Epoch: 115. Train Loss: 9.597735. Patience Count: 4.
Epoch: 116. Train Loss: 10.588226. Patience Count: 5.
Epoch: 117. Train Loss: 9.982634. Patience Count: 6.
Epoch: 118. Train Loss: 10.233816. Patience Count: 7.
Epoch: 119. Train Loss: 9.401854. Patience Count: 8.
Epoch: 120. Train Loss: 8.939097. best-save Patience Count: 0.
Epoch: 121. Train Loss: 12.278336. Patience Count: 1.
Epoch: 122. Train Loss: 10.692745. Patience Count: 2.
Epoch: 123. Train Loss: 9.826967. Patience Count: 3.
Epoch: 124. Train Loss: 10.941878. Patience Count: 4.
Epoch: 125. Train Loss: 9.987483. Patience Count: 5.
Epoch: 126. Train Loss: 9.607257. Patience Count: 6.
Epoch: 127. Train Loss: 10.027607. Patience Count: 7.
Epoch: 128. Train Loss: 9.283480. Patience Count: 8.
Epoch: 129. Train Loss: 9.009755. Patience Count: 9.
Epoch: 130. Train Loss: 7.815465. best-save Patience Count: 0.
Epoch: 131. Train Loss: 8.315077. Patience Count: 1.
Epoch: 132. Train Loss: 10.756088. Patience Count: 2.
Epoch: 133. Train Loss: 10.352117. Patience Count: 3.
Epoch: 134. Train Loss: 8.670177. Patience Count: 4.
Epoch: 135. Train Loss: 9.254227. Patience Count: 5.
Epoch: 136. Train Loss: 9.808950. Patience Count: 6.
Epoch: 137. Train Loss: 9.664145. Patience Count: 7.
Epoch: 138. Train Loss: 9.309750. Patience Count: 8.
Epoch: 139. Train Loss: 9.353566. Patience Count: 9.
Epoch: 140. Train Loss: 9.935365. Patience Count: 10.
Epoch: 141. Train Loss: 10.381022. Patience Count: 11.
Epoch: 142. Train Loss: 9.138892. Patience Count: 12.
Epoch: 143. Train Loss: 8.841651. Patience Count: 13.
Epoch: 144. Train Loss: 8.446602. Patience Count: 14.
Epoch: 145. Train Loss: 8.757263. Patience Count: 15.
Epoch: 146. Train Loss: 8.932666. Patience Count: 16.
Epoch: 147. Train Loss: 9.947605. Patience Count: 17.
Epoch: 148. Train Loss: 9.012176. Patience Count: 18.
Epoch: 149. Train Loss: 9.069312. Patience Count: 19.
Epoch: 150. Train Loss: 7.742969. best-save Patience Count: 0.
Epoch: 151. Train Loss: 7.496390. best-save Patience Count: 0.
Epoch: 152. Train Loss: 6.808306. best-save Patience Count: 0.
Epoch: 153. Train Loss: 6.594799. best-save Patience Count: 0.
Epoch: 154. Train Loss: 6.157753. best-save Patience Count: 0.
Epoch: 155. Train Loss: 5.865340. best-save Patience Count: 0.
Epoch: 156. Train Loss: 5.951047. Patience Count: 1.
Epoch: 157. Train Loss: 6.466321. Patience Count: 2.
Epoch: 158. Train Loss: 5.685086. best-save Patience Count: 0.
Epoch: 159. Train Loss: 5.647037. best-save Patience Count: 0.
Epoch: 160. Train Loss: 5.765155. Patience Count: 1.
Epoch: 161. Train Loss: 6.209128. Patience Count: 2.
Epoch: 162. Train Loss: 5.485488. best-save Patience Count: 0.
Epoch: 163. Train Loss: 5.773565. Patience Count: 1.
Epoch: 164. Train Loss: 5.745862. Patience Count: 2.
Epoch: 165. Train Loss: 5.811513. Patience Count: 3.
Epoch: 166. Train Loss: 4.973079. best-save Patience Count: 0.
Epoch: 167. Train Loss: 5.721956. Patience Count: 1.
Epoch: 168. Train Loss: 5.485534. Patience Count: 2.
Epoch: 169. Train Loss: 6.315766. Patience Count: 3.
Epoch: 170. Train Loss: 5.890178. Patience Count: 4.
Epoch: 171. Train Loss: 5.694141. Patience Count: 5.
Epoch: 172. Train Loss: 5.194921. Patience Count: 6.
Epoch: 173. Train Loss: 4.879009. best-save Patience Count: 0.
Epoch: 174. Train Loss: 4.962259. Patience Count: 1.
Epoch: 175. Train Loss: 4.647416. best-save Patience Count: 0.
Epoch: 176. Train Loss: 5.460089. Patience Count: 1.
Epoch: 177. Train Loss: 5.511040. Patience Count: 2.
Epoch: 178. Train Loss: 6.439651. Patience Count: 3.
Epoch: 179. Train Loss: 4.812753. Patience Count: 4.
Epoch: 180. Train Loss: 4.874140. Patience Count: 5.
Epoch: 181. Train Loss: 4.931673. Patience Count: 6.
Epoch: 182. Train Loss: 5.314034. Patience Count: 7.
Epoch: 183. Train Loss: 5.930883. Patience Count: 8.
Epoch: 184. Train Loss: 5.961770. Patience Count: 9.
Epoch: 185. Train Loss: 4.834766. Patience Count: 10.
Epoch: 186. Train Loss: 4.951817. Patience Count: 11.
Epoch: 187. Train Loss: 5.951101. Patience Count: 12.
Epoch: 188. Train Loss: 5.208512. Patience Count: 13.
Epoch: 189. Train Loss: 5.608747. Patience Count: 14.
Epoch: 190. Train Loss: 5.094872. Patience Count: 15.
Epoch: 191. Train Loss: 4.454197. best-save Patience Count: 0.
Epoch: 192. Train Loss: 5.548165. Patience Count: 1.
Epoch: 193. Train Loss: 5.029410. Patience Count: 2.
Epoch: 194. Train Loss: 5.365811. Patience Count: 3.
Epoch: 195. Train Loss: 5.044419. Patience Count: 4.
Epoch: 196. Train Loss: 6.736723. Patience Count: 5.
Epoch: 197. Train Loss: 4.738529. Patience Count: 6.
Epoch: 198. Train Loss: 4.648340. Patience Count: 7.
Epoch: 199. Train Loss: 4.409732. best-save Patience Count: 0.
Epoch: 200. Train Loss: 5.057833. Patience Count: 1.
Epoch: 201. Train Loss: 5.411676. Patience Count: 2.
Epoch: 202. Train Loss: 4.363068. best-save Patience Count: 0.
Epoch: 203. Train Loss: 4.607973. Patience Count: 1.
Epoch: 204. Train Loss: 3.784188. best-save Patience Count: 0.
Epoch: 205. Train Loss: 4.386957. Patience Count: 1.
Epoch: 206. Train Loss: 3.871810. Patience Count: 2.
Epoch: 207. Train Loss: 3.848482. Patience Count: 3.
Epoch: 208. Train Loss: 4.049754. Patience Count: 4.
Epoch: 209. Train Loss: 3.267357. best-save Patience Count: 0.
Epoch: 210. Train Loss: 4.271506. Patience Count: 1.
Epoch: 211. Train Loss: 3.805207. Patience Count: 2.
Epoch: 212. Train Loss: 3.753070. Patience Count: 3.
Epoch: 213. Train Loss: 4.244555. Patience Count: 4.
Epoch: 214. Train Loss: 4.446133. Patience Count: 5.
Epoch: 215. Train Loss: 3.862112. Patience Count: 6.
Epoch: 216. Train Loss: 4.035867. Patience Count: 7.
Epoch: 217. Train Loss: 3.766644. Patience Count: 8.
Epoch: 218. Train Loss: 3.940451. Patience Count: 9.
Epoch: 219. Train Loss: 3.803733. Patience Count: 10.
Epoch: 220. Train Loss: 4.005855. Patience Count: 11.
Epoch: 221. Train Loss: 3.686332. Patience Count: 12.
Epoch: 222. Train Loss: 3.659385. Patience Count: 13.
Epoch: 223. Train Loss: 3.642027. Patience Count: 14.
Epoch: 224. Train Loss: 3.764623. Patience Count: 15.
Epoch: 225. Train Loss: 3.426321. Patience Count: 16.
Epoch: 226. Train Loss: 3.586227. Patience Count: 17.
Epoch: 227. Train Loss: 3.450048. Patience Count: 18.
Epoch: 228. Train Loss: 3.452559. Patience Count: 19.
Epoch: 229. Train Loss: 3.739312. Patience Count: 20.
Epoch: 230. Train Loss: 3.193438. best-save Patience Count: 0.
Epoch: 231. Train Loss: 3.853106. Patience Count: 1.
Epoch: 232. Train Loss: 3.490650. Patience Count: 2.
Epoch: 233. Train Loss: 4.700136. Patience Count: 3.
Epoch: 234. Train Loss: 3.532547. Patience Count: 4.
Epoch: 235. Train Loss: 3.590417. Patience Count: 5.
Epoch: 236. Train Loss: 3.215789. Patience Count: 6.
Epoch: 237. Train Loss: 3.942646. Patience Count: 7.
Epoch: 238. Train Loss: 3.463407. Patience Count: 8.
Epoch: 239. Train Loss: 3.828456. Patience Count: 9.
Epoch: 240. Train Loss: 3.414915. Patience Count: 10.
Epoch: 241. Train Loss: 3.960994. Patience Count: 11.
Epoch: 242. Train Loss: 3.677513. Patience Count: 12.
Epoch: 243. Train Loss: 3.513015. Patience Count: 13.
Epoch: 244. Train Loss: 3.149360. best-save Patience Count: 0.
Epoch: 245. Train Loss: 3.960104. Patience Count: 1.
Epoch: 246. Train Loss: 3.402576. Patience Count: 2.
Epoch: 247. Train Loss: 3.588749. Patience Count: 3.
Epoch: 248. Train Loss: 3.551945. Patience Count: 4.
Epoch: 249. Train Loss: 3.846129. Patience Count: 5.
Epoch: 250. Train Loss: 3.739373. Patience Count: 6.
Epoch: 251. Train Loss: 4.072202. Patience Count: 7.
Epoch: 252. Train Loss: 3.382828. Patience Count: 8.
Epoch: 253. Train Loss: 3.714129. Patience Count: 9.
Epoch: 254. Train Loss: 2.896374. best-save Patience Count: 0.
Epoch: 255. Train Loss: 2.781956. best-save Patience Count: 0.
Epoch: 256. Train Loss: 3.392367. Patience Count: 1.
Epoch: 257. Train Loss: 3.400010. Patience Count: 2.
Epoch: 258. Train Loss: 3.044312. Patience Count: 3.
Epoch: 259. Train Loss: 3.126003. Patience Count: 4.
Epoch: 260. Train Loss: 2.640194. best-save Patience Count: 0.
Epoch: 261. Train Loss: 3.271591. Patience Count: 1.
Epoch: 262. Train Loss: 3.044685. Patience Count: 2.
Epoch: 263. Train Loss: 3.424561. Patience Count: 3.
Epoch: 264. Train Loss: 3.472485. Patience Count: 4.
Epoch: 265. Train Loss: 2.910292. Patience Count: 5.
Epoch: 266. Train Loss: 3.286907. Patience Count: 6.
Epoch: 267. Train Loss: 2.641524. Patience Count: 7.
Epoch: 268. Train Loss: 3.007962. Patience Count: 8.
Epoch: 269. Train Loss: 3.088167. Patience Count: 9.
Epoch: 270. Train Loss: 3.401452. Patience Count: 10.
Epoch: 271. Train Loss: 2.509749. best-save Patience Count: 0.
Epoch: 272. Train Loss: 3.060872. Patience Count: 1.
Epoch: 273. Train Loss: 2.864914. Patience Count: 2.
Epoch: 274. Train Loss: 2.605141. Patience Count: 3.
Epoch: 275. Train Loss: 2.701635. Patience Count: 4.
Epoch: 276. Train Loss: 2.981648. Patience Count: 5.
Epoch: 277. Train Loss: 3.414845. Patience Count: 6.
Epoch: 278. Train Loss: 2.842560. Patience Count: 7.
Epoch: 279. Train Loss: 2.780167. Patience Count: 8.
Epoch: 280. Train Loss: 2.930076. Patience Count: 9.
Epoch: 281. Train Loss: 2.922161. Patience Count: 10.
Epoch: 282. Train Loss: 3.266093. Patience Count: 11.
Epoch: 283. Train Loss: 3.175725. Patience Count: 12.
Epoch: 284. Train Loss: 2.761316. Patience Count: 13.
Epoch: 285. Train Loss: 3.303634. Patience Count: 14.
Epoch: 286. Train Loss: 3.803094. Patience Count: 15.
Epoch: 287. Train Loss: 3.069233. Patience Count: 16.
Epoch: 288. Train Loss: 2.683300. Patience Count: 17.
Epoch: 289. Train Loss: 2.665249. Patience Count: 18.
Epoch: 290. Train Loss: 2.714316. Patience Count: 19.
Epoch: 291. Train Loss: 2.719310. Patience Count: 20.
Epoch: 292. Train Loss: 2.822509. Patience Count: 21.
Epoch: 293. Train Loss: 2.434341. best-save Patience Count: 0.
Epoch: 294. Train Loss: 2.718342. Patience Count: 1.
Epoch: 295. Train Loss: 2.239784. best-save Patience Count: 0.
Epoch: 296. Train Loss: 2.461039. Patience Count: 1.
Epoch: 297. Train Loss: 2.401911. Patience Count: 2.
Epoch: 298. Train Loss: 2.943905. Patience Count: 3.
Epoch: 299. Train Loss: 2.578790. Patience Count: 4.
Epoch: 300. Train Loss: 2.449208. Patience Count: 5.
Epoch: 301. Train Loss: 3.032962. Patience Count: 6.
Epoch: 302. Train Loss: 3.200188. Patience Count: 7.
Epoch: 303. Train Loss: 2.760051. Patience Count: 8.
Epoch: 304. Train Loss: 2.528349. Patience Count: 9.
Epoch: 305. Train Loss: 2.571963. Patience Count: 10.
Epoch: 306. Train Loss: 3.046949. Patience Count: 11.
Epoch: 307. Train Loss: 2.977432. Patience Count: 12.
Epoch: 308. Train Loss: 2.537898. Patience Count: 13.
Epoch: 309. Train Loss: 3.058732. Patience Count: 14.
Epoch: 310. Train Loss: 2.624562. Patience Count: 15.
Epoch: 311. Train Loss: 2.255004. Patience Count: 16.
Epoch: 312. Train Loss: 2.955480. Patience Count: 17.
Epoch: 313. Train Loss: 2.659515. Patience Count: 18.
Epoch: 314. Train Loss: 2.223504. best-save Patience Count: 0.
Epoch: 315. Train Loss: 3.010154. Patience Count: 1.
Epoch: 316. Train Loss: 2.439205. Patience Count: 2.
Epoch: 317. Train Loss: 2.404248. Patience Count: 3.
Epoch: 318. Train Loss: 2.819087. Patience Count: 4.
Epoch: 319. Train Loss: 2.593660. Patience Count: 5.
Epoch: 320. Train Loss: 2.587746. Patience Count: 6.
Epoch: 321. Train Loss: 2.913497. Patience Count: 7.
Epoch: 322. Train Loss: 2.287153. Patience Count: 8.
Epoch: 323. Train Loss: 2.323250. Patience Count: 9.
Epoch: 324. Train Loss: 2.206832. best-save Patience Count: 0.
Epoch: 325. Train Loss: 2.608828. Patience Count: 1.
Epoch: 326. Train Loss: 2.175003. best-save Patience Count: 0.
Epoch: 327. Train Loss: 2.627565. Patience Count: 1.
Epoch: 328. Train Loss: 2.270064. Patience Count: 2.
Epoch: 329. Train Loss: 2.328329. Patience Count: 3.
Epoch: 330. Train Loss: 2.358635. Patience Count: 4.
Epoch: 331. Train Loss: 2.662108. Patience Count: 5.
Epoch: 332. Train Loss: 2.451165. Patience Count: 6.
Epoch: 333. Train Loss: 3.067314. Patience Count: 7.
Epoch: 334. Train Loss: 2.641019. Patience Count: 8.
Epoch: 335. Train Loss: 2.480811. Patience Count: 9.
Epoch: 336. Train Loss: 2.218488. Patience Count: 10.
Epoch: 337. Train Loss: 2.166868. best-save Patience Count: 0.
Epoch: 338. Train Loss: 2.514612. Patience Count: 1.
Epoch: 339. Train Loss: 2.391827. Patience Count: 2.
Epoch: 340. Train Loss: 3.146296. Patience Count: 3.
Epoch: 341. Train Loss: 2.547019. Patience Count: 4.
Epoch: 342. Train Loss: 2.340615. Patience Count: 5.
Epoch: 343. Train Loss: 2.366942. Patience Count: 6.
Epoch: 344. Train Loss: 1.976225. best-save Patience Count: 0.
Epoch: 345. Train Loss: 2.305788. Patience Count: 1.
Epoch: 346. Train Loss: 2.522148. Patience Count: 2.
Epoch: 347. Train Loss: 3.070892. Patience Count: 3.
Epoch: 348. Train Loss: 2.242936. Patience Count: 4.
Epoch: 349. Train Loss: 3.016306. Patience Count: 5.
Epoch: 350. Train Loss: 2.386846. Patience Count: 6.
Epoch: 351. Train Loss: 2.800662. Patience Count: 7.
Epoch: 352. Train Loss: 2.585555. Patience Count: 8.
Epoch: 353. Train Loss: 2.582450. Patience Count: 9.
Epoch: 354. Train Loss: 1.957626. best-save Patience Count: 0.
Epoch: 355. Train Loss: 2.666688. Patience Count: 1.
Epoch: 356. Train Loss: 2.439684. Patience Count: 2.
Epoch: 357. Train Loss: 2.086369. Patience Count: 3.
Epoch: 358. Train Loss: 2.545303. Patience Count: 4.
Epoch: 359. Train Loss: 2.505088. Patience Count: 5.
Epoch: 360. Train Loss: 2.215473. Patience Count: 6.
Epoch: 361. Train Loss: 2.333615. Patience Count: 7.
Epoch: 362. Train Loss: 2.267908. Patience Count: 8.
Epoch: 363. Train Loss: 1.991035. Patience Count: 9.
Epoch: 364. Train Loss: 2.552508. Patience Count: 10.
Epoch: 365. Train Loss: 2.323256. Patience Count: 11.
Epoch: 366. Train Loss: 2.449425. Patience Count: 12.
Epoch: 367. Train Loss: 2.585913. Patience Count: 13.
Epoch: 368. Train Loss: 2.485535. Patience Count: 14.
Epoch: 369. Train Loss: 2.514939. Patience Count: 15.
Epoch: 370. Train Loss: 2.134284. Patience Count: 16.
Epoch: 371. Train Loss: 2.331428. Patience Count: 17.
Epoch: 372. Train Loss: 2.753928. Patience Count: 18.
Epoch: 373. Train Loss: 2.073193. Patience Count: 19.
Epoch: 374. Train Loss: 2.394175. Patience Count: 20.
Epoch: 375. Train Loss: 2.381109. Patience Count: 21.
Epoch: 376. Train Loss: 2.821719. Patience Count: 22.
Epoch: 377. Train Loss: 1.740941. best-save Patience Count: 0.
Epoch: 378. Train Loss: 2.379495. Patience Count: 1.
Epoch: 379. Train Loss: 2.137875. Patience Count: 2.
Epoch: 380. Train Loss: 2.446396. Patience Count: 3.
Epoch: 381. Train Loss: 2.403083. Patience Count: 4.
Epoch: 382. Train Loss: 2.272552. Patience Count: 5.
Epoch: 383. Train Loss: 2.319414. Patience Count: 6.
Epoch: 384. Train Loss: 2.295113. Patience Count: 7.
Epoch: 385. Train Loss: 1.929435. Patience Count: 8.
Epoch: 386. Train Loss: 2.658465. Patience Count: 9.
Epoch: 387. Train Loss: 2.033719. Patience Count: 10.
Epoch: 388. Train Loss: 2.736475. Patience Count: 11.
Epoch: 389. Train Loss: 2.540000. Patience Count: 12.
Epoch: 390. Train Loss: 2.432161. Patience Count: 13.
Epoch: 391. Train Loss: 2.371582. Patience Count: 14.
Epoch: 392. Train Loss: 2.147673. Patience Count: 15.
Epoch: 393. Train Loss: 2.412011. Patience Count: 16.
Epoch: 394. Train Loss: 2.320868. Patience Count: 17.
Epoch: 395. Train Loss: 1.779554. Patience Count: 18.
Epoch: 396. Train Loss: 2.097919. Patience Count: 19.
Epoch: 397. Train Loss: 1.969124. Patience Count: 20.
Epoch: 398. Train Loss: 2.041289. Patience Count: 21.
Epoch: 399. Train Loss: 2.982129. Patience Count: 22.
Epoch: 400. Train Loss: 2.787261. Patience Count: 23.
Epoch: 401. Train Loss: 2.584741. Patience Count: 24.
Epoch: 402. Train Loss: 2.104109. Patience Count: 25.
Epoch: 403. Train Loss: 2.365026. Patience Count: 26.
Epoch: 404. Train Loss: 2.628170. Patience Count: 27.
Epoch: 405. Train Loss: 2.381772. Patience Count: 28.
Epoch: 406. Train Loss: 2.332043. Patience Count: 29.
Epoch: 407. Train Loss: 2.361712. Patience Count: 30.
Epoch: 408. Train Loss: 2.507897. Patience Count: 31.
Epoch: 409. Train Loss: 2.637377. Patience Count: 32.
Epoch: 410. Train Loss: 2.549971. Patience Count: 33.
Epoch: 411. Train Loss: 1.897513. Patience Count: 34.
Epoch: 412. Train Loss: 2.028012. Patience Count: 35.
Epoch: 413. Train Loss: 2.578206. Patience Count: 36.
Epoch: 414. Train Loss: 2.691296. Patience Count: 37.
Epoch: 415. Train Loss: 1.946173. Patience Count: 38.
Epoch: 416. Train Loss: 2.348281. Patience Count: 39.
Epoch: 417. Train Loss: 2.542460. Patience Count: 40.
Epoch: 418. Train Loss: 2.285054. Patience Count: 41.
Epoch: 419. Train Loss: 2.099778. Patience Count: 42.
Epoch: 420. Train Loss: 2.205842. Patience Count: 43.
Epoch: 421. Train Loss: 1.943741. Patience Count: 44.
Epoch: 422. Train Loss: 2.453955. Patience Count: 45.
Epoch: 423. Train Loss: 2.300277. Patience Count: 46.
Epoch: 424. Train Loss: 2.154553. Patience Count: 47.
Epoch: 425. Train Loss: 2.106323. Patience Count: 48.
Epoch: 426. Train Loss: 2.342371. Patience Count: 49.
Epoch: 427. Train Loss: 1.757475. Patience Count: 50.
Epoch: 428. Train Loss: 2.188834. Patience Count: 51.Stop Early, patience has been running out.
dist.destroy_process_group()
dist.destroy_process_group()
