| distributed init (rank 1): env://, gpu 1
| distributed init (rank 0): env://, gpu 0
world_size: 2, gpu: 0
Using 8 dataloader workers every process
Epoch: 1. Train Loss: 317.898633. best-save Patience Count: 0.
Epoch: 2. Train Loss: 277.114835. best-save Patience Count: 0.
Epoch: 3. Train Loss: 262.721545. best-save Patience Count: 0.
Epoch: 4. Train Loss: 257.341167. best-save Patience Count: 0.
Epoch: 5. Train Loss: 249.408267. best-save Patience Count: 0.
Epoch: 6. Train Loss: 242.040887. best-save Patience Count: 0.
Epoch: 7. Train Loss: 237.340481. best-save Patience Count: 0.
Epoch: 8. Train Loss: 232.253212. best-save Patience Count: 0.
Epoch: 9. Train Loss: 228.173805. best-save Patience Count: 0.
Epoch: 10. Train Loss: 222.525468. best-save Patience Count: 0.
Epoch: 11. Train Loss: 217.706405. best-save Patience Count: 0.
Epoch: 12. Train Loss: 212.618538. best-save Patience Count: 0.
Epoch: 13. Train Loss: 206.907192. best-save Patience Count: 0.
Epoch: 14. Train Loss: 201.486725. best-save Patience Count: 0.
Epoch: 15. Train Loss: 194.609936. best-save Patience Count: 0.
Epoch: 16. Train Loss: 189.567888. best-save Patience Count: 0.
Epoch: 17. Train Loss: 183.214043. best-save Patience Count: 0.
Epoch: 18. Train Loss: 177.723394. best-save Patience Count: 0.
Epoch: 19. Train Loss: 175.545325. best-save Patience Count: 0.
Epoch: 20. Train Loss: 167.521498. best-save Patience Count: 0.
Epoch: 21. Train Loss: 162.261948. best-save Patience Count: 0.
Epoch: 22. Train Loss: 157.860701. best-save Patience Count: 0.
Epoch: 23. Train Loss: 151.680351. best-save Patience Count: 0.
Epoch: 24. Train Loss: 145.909498. best-save Patience Count: 0.
Epoch: 25. Train Loss: 139.920480. best-save Patience Count: 0.
Epoch: 26. Train Loss: 136.384341. best-save Patience Count: 0.
Epoch: 27. Train Loss: 131.329492. best-save Patience Count: 0.
Epoch: 28. Train Loss: 124.671135. best-save Patience Count: 0.
Epoch: 29. Train Loss: 121.152775. best-save Patience Count: 0.
Epoch: 30. Train Loss: 117.242612. best-save Patience Count: 0.
Epoch: 31. Train Loss: 117.650132. Patience Count: 1.
Epoch: 32. Train Loss: 109.992690. best-save Patience Count: 0.
Epoch: 33. Train Loss: 103.771732. best-save Patience Count: 0.
Epoch: 34. Train Loss: 99.812038. best-save Patience Count: 0.
Epoch: 35. Train Loss: 97.647188. best-save Patience Count: 0.
Epoch: 36. Train Loss: 97.674916. Patience Count: 1.
Epoch: 37. Train Loss: 91.222241. best-save Patience Count: 0.
Epoch: 38. Train Loss: 88.843598. best-save Patience Count: 0.
Epoch: 39. Train Loss: 86.031566. best-save Patience Count: 0.
Epoch: 40. Train Loss: 83.463086. best-save Patience Count: 0.
Epoch: 41. Train Loss: 79.067620. best-save Patience Count: 0.
Epoch: 42. Train Loss: 78.230889. best-save Patience Count: 0.
Epoch: 43. Train Loss: 73.559718. best-save Patience Count: 0.
Epoch: 44. Train Loss: 71.550458. best-save Patience Count: 0.
Epoch: 45. Train Loss: 67.911656. best-save Patience Count: 0.
Epoch: 46. Train Loss: 67.289792. best-save Patience Count: 0.
Epoch: 47. Train Loss: 69.767546. Patience Count: 1.
Epoch: 48. Train Loss: 67.492546. Patience Count: 2.
Epoch: 49. Train Loss: 61.567771. best-save Patience Count: 0.
Epoch: 50. Train Loss: 61.378408. best-save Patience Count: 0.
Epoch: 51. Train Loss: 46.860575. best-save Patience Count: 0.
Epoch: 52. Train Loss: 39.552007. best-save Patience Count: 0.
Epoch: 53. Train Loss: 39.697504. Patience Count: 1.
Epoch: 54. Train Loss: 35.977936. best-save Patience Count: 0.
Epoch: 55. Train Loss: 35.857416. best-save Patience Count: 0.
Epoch: 56. Train Loss: 38.219094. Patience Count: 1.
Epoch: 57. Train Loss: 34.011094. best-save Patience Count: 0.
Epoch: 58. Train Loss: 34.390473. Patience Count: 1.
Epoch: 59. Train Loss: 33.944434. best-save Patience Count: 0.
Epoch: 60. Train Loss: 33.491680. best-save Patience Count: 0.
Epoch: 61. Train Loss: 31.222748. best-save Patience Count: 0.
Epoch: 62. Train Loss: 30.298882. best-save Patience Count: 0.
Epoch: 63. Train Loss: 27.485840. best-save Patience Count: 0.
Epoch: 64. Train Loss: 29.639118. Patience Count: 1.
Epoch: 65. Train Loss: 29.398407. Patience Count: 2.
Epoch: 66. Train Loss: 30.180346. Patience Count: 3.
Epoch: 67. Train Loss: 29.122019. Patience Count: 4.
Epoch: 68. Train Loss: 26.632314. best-save Patience Count: 0.
Epoch: 69. Train Loss: 27.475365. Patience Count: 1.
Epoch: 70. Train Loss: 26.413404. best-save Patience Count: 0.
Epoch: 71. Train Loss: 26.869204. Patience Count: 1.
Epoch: 72. Train Loss: 24.071921. best-save Patience Count: 0.
Epoch: 73. Train Loss: 25.268122. Patience Count: 1.
Epoch: 74. Train Loss: 23.868428. best-save Patience Count: 0.
Epoch: 75. Train Loss: 27.550983. Patience Count: 1.
Epoch: 76. Train Loss: 25.736763. Patience Count: 2.
Epoch: 77. Train Loss: 23.718470. best-save Patience Count: 0.
Epoch: 78. Train Loss: 24.492965. Patience Count: 1.
Epoch: 79. Train Loss: 22.223218. best-save Patience Count: 0.
Epoch: 80. Train Loss: 21.360633. best-save Patience Count: 0.
Epoch: 81. Train Loss: 25.632487. Patience Count: 1.
Epoch: 82. Train Loss: 22.964653. Patience Count: 2.
Epoch: 83. Train Loss: 23.401724. Patience Count: 3.
Epoch: 84. Train Loss: 22.117318. Patience Count: 4.
Epoch: 85. Train Loss: 19.888409. best-save Patience Count: 0.
Epoch: 86. Train Loss: 19.413095. best-save Patience Count: 0.
Epoch: 87. Train Loss: 20.615369. Patience Count: 1.
Epoch: 88. Train Loss: 21.334787. Patience Count: 2.
Epoch: 89. Train Loss: 20.878073. Patience Count: 3.
Epoch: 90. Train Loss: 17.885467. best-save Patience Count: 0.
Epoch: 91. Train Loss: 20.247401. Patience Count: 1.
Epoch: 92. Train Loss: 19.460666. Patience Count: 2.
Epoch: 93. Train Loss: 19.917005. Patience Count: 3.
Epoch: 94. Train Loss: 19.568536. Patience Count: 4.
Epoch: 95. Train Loss: 19.297922. Patience Count: 5.
Epoch: 96. Train Loss: 17.828588. best-save Patience Count: 0.
Epoch: 97. Train Loss: 20.233971. Patience Count: 1.
Epoch: 98. Train Loss: 19.294386. Patience Count: 2.
Epoch: 99. Train Loss: 18.726379. Patience Count: 3.
Epoch: 100. Train Loss: 18.503709. Patience Count: 4.
Epoch: 101. Train Loss: 14.117461. best-save Patience Count: 0.
Epoch: 102. Train Loss: 11.255141. best-save Patience Count: 0.
Epoch: 103. Train Loss: 12.262188. Patience Count: 1.
Epoch: 104. Train Loss: 11.647820. Patience Count: 2.
Epoch: 105. Train Loss: 10.325574. best-save Patience Count: 0.
Epoch: 106. Train Loss: 11.090192. Patience Count: 1.
Epoch: 107. Train Loss: 10.781250. Patience Count: 2.
Epoch: 108. Train Loss: 11.721418. Patience Count: 3.
Epoch: 109. Train Loss: 10.871277. Patience Count: 4.
Epoch: 110. Train Loss: 10.587044. Patience Count: 5.
Epoch: 111. Train Loss: 9.975146. best-save Patience Count: 0.
Epoch: 112. Train Loss: 10.367245. Patience Count: 1.
Epoch: 113. Train Loss: 10.792840. Patience Count: 2.
Epoch: 114. Train Loss: 10.758205. Patience Count: 3.
Epoch: 115. Train Loss: 10.426511. Patience Count: 4.
Epoch: 116. Train Loss: 9.234589. best-save Patience Count: 0.
Epoch: 117. Train Loss: 10.809161. Patience Count: 1.
Epoch: 118. Train Loss: 10.139776. Patience Count: 2.
Epoch: 119. Train Loss: 9.904558. Patience Count: 3.
Epoch: 120. Train Loss: 9.247498. Patience Count: 4.
Epoch: 121. Train Loss: 10.603923. Patience Count: 5.
Epoch: 122. Train Loss: 10.027136. Patience Count: 6.
Epoch: 123. Train Loss: 9.270756. Patience Count: 7.
Epoch: 124. Train Loss: 9.586727. Patience Count: 8.
Epoch: 125. Train Loss: 9.764985. Patience Count: 9.
Epoch: 126. Train Loss: 10.192070. Patience Count: 10.
Epoch: 127. Train Loss: 9.588622. Patience Count: 11.
Epoch: 128. Train Loss: 10.699375. Patience Count: 12.
Epoch: 129. Train Loss: 10.863484. Patience Count: 13.
Epoch: 130. Train Loss: 10.080803. Patience Count: 14.
Epoch: 131. Train Loss: 9.550949. Patience Count: 15.
Epoch: 132. Train Loss: 10.207760. Patience Count: 16.
Epoch: 133. Train Loss: 9.859753. Patience Count: 17.
Epoch: 134. Train Loss: 10.230701. Patience Count: 18.
Epoch: 135. Train Loss: 9.292553. Patience Count: 19.
Epoch: 136. Train Loss: 7.912164. best-save Patience Count: 0.
Epoch: 137. Train Loss: 9.635955. Patience Count: 1.
Epoch: 138. Train Loss: 9.827449. Patience Count: 2.
Epoch: 139. Train Loss: 9.472904. Patience Count: 3.
Epoch: 140. Train Loss: 10.048509. Patience Count: 4.
Epoch: 141. Train Loss: 8.177734. Patience Count: 5.
Epoch: 142. Train Loss: 8.501231. Patience Count: 6.
Epoch: 143. Train Loss: 9.365387. Patience Count: 7.
Epoch: 144. Train Loss: 9.839900. Patience Count: 8.
Epoch: 145. Train Loss: 10.432252. Patience Count: 9.
Epoch: 146. Train Loss: 8.938076. Patience Count: 10.
Epoch: 147. Train Loss: 8.985852. Patience Count: 11.
Epoch: 148. Train Loss: 9.229033. Patience Count: 12.
Epoch: 149. Train Loss: 8.974803. Patience Count: 13.
Epoch: 150. Train Loss: 9.877415. Patience Count: 14.
Epoch: 151. Train Loss: 7.293948. best-save Patience Count: 0.
Epoch: 152. Train Loss: 7.486113. Patience Count: 1.
Epoch: 153. Train Loss: 6.558088. best-save Patience Count: 0.
Epoch: 154. Train Loss: 6.120465. best-save Patience Count: 0.
Epoch: 155. Train Loss: 5.486090. best-save Patience Count: 0.
Epoch: 156. Train Loss: 6.368046. Patience Count: 1.
Epoch: 157. Train Loss: 5.557453. Patience Count: 2.
Epoch: 158. Train Loss: 6.540246. Patience Count: 3.
Epoch: 159. Train Loss: 5.876961. Patience Count: 4.
Epoch: 160. Train Loss: 6.292593. Patience Count: 5.
Epoch: 161. Train Loss: 5.394348. best-save Patience Count: 0.
Epoch: 162. Train Loss: 6.234720. Patience Count: 1.
Epoch: 163. Train Loss: 6.174733. Patience Count: 2.
Epoch: 164. Train Loss: 5.848921. Patience Count: 3.
Epoch: 165. Train Loss: 5.939038. Patience Count: 4.
Epoch: 166. Train Loss: 6.035154. Patience Count: 5.
Epoch: 167. Train Loss: 4.772620. best-save Patience Count: 0.
Epoch: 168. Train Loss: 5.831433. Patience Count: 1.
Epoch: 169. Train Loss: 5.781297. Patience Count: 2.
Epoch: 170. Train Loss: 6.144053. Patience Count: 3.
Epoch: 171. Train Loss: 5.538213. Patience Count: 4.
Epoch: 172. Train Loss: 5.358608. Patience Count: 5.
Epoch: 173. Train Loss: 6.075971. Patience Count: 6.
Epoch: 174. Train Loss: 5.382669. Patience Count: 7.
Epoch: 175. Train Loss: 5.749814. Patience Count: 8.
Epoch: 176. Train Loss: 6.305991. Patience Count: 9.
Epoch: 177. Train Loss: 6.295148. Patience Count: 10.
Epoch: 178. Train Loss: 5.886219. Patience Count: 11.
Epoch: 179. Train Loss: 5.541550. Patience Count: 12.
Epoch: 180. Train Loss: 5.398952. Patience Count: 13.
Epoch: 181. Train Loss: 5.328087. Patience Count: 14.
Epoch: 182. Train Loss: 5.994090. Patience Count: 15.
Epoch: 183. Train Loss: 6.087621. Patience Count: 16.
Epoch: 184. Train Loss: 5.262270. Patience Count: 17.
Epoch: 185. Train Loss: 5.356396. Patience Count: 18.
Epoch: 186. Train Loss: 5.179518. Patience Count: 19.
Epoch: 187. Train Loss: 5.856684. Patience Count: 20.
Epoch: 188. Train Loss: 5.686156. Patience Count: 21.
Epoch: 189. Train Loss: 5.479167. Patience Count: 22.
Epoch: 190. Train Loss: 5.277771. Patience Count: 23.
Epoch: 191. Train Loss: 5.297920. Patience Count: 24.
Epoch: 192. Train Loss: 5.969438. Patience Count: 25.
Epoch: 193. Train Loss: 5.112411. Patience Count: 26.
Epoch: 194. Train Loss: 4.971330. Patience Count: 27.
Epoch: 195. Train Loss: 5.447493. Patience Count: 28.
Epoch: 196. Train Loss: 5.349869. Patience Count: 29.
Epoch: 197. Train Loss: 6.053781. Patience Count: 30.
Epoch: 198. Train Loss: 4.632175. best-save Patience Count: 0.
Epoch: 199. Train Loss: 6.067260. Patience Count: 1.
Epoch: 200. Train Loss: 5.359792. Patience Count: 2.
Epoch: 201. Train Loss: 5.233853. Patience Count: 3.
Epoch: 202. Train Loss: 4.669144. Patience Count: 4.
Epoch: 203. Train Loss: 5.340374. Patience Count: 5.
Epoch: 204. Train Loss: 4.490571. best-save Patience Count: 0.
Epoch: 205. Train Loss: 4.834961. Patience Count: 1.
Epoch: 206. Train Loss: 4.168062. best-save Patience Count: 0.
Epoch: 207. Train Loss: 4.067692. best-save Patience Count: 0.
Epoch: 208. Train Loss: 4.214238. Patience Count: 1.
Epoch: 209. Train Loss: 4.155567. Patience Count: 2.
Epoch: 210. Train Loss: 4.684531. Patience Count: 3.
Epoch: 211. Train Loss: 3.705498. best-save Patience Count: 0.
Epoch: 212. Train Loss: 3.888568. Patience Count: 1.
Epoch: 213. Train Loss: 3.332813. best-save Patience Count: 0.
Epoch: 214. Train Loss: 4.285244. Patience Count: 1.
Epoch: 215. Train Loss: 3.972347. Patience Count: 2.
Epoch: 216. Train Loss: 3.965810. Patience Count: 3.
Epoch: 217. Train Loss: 3.319709. best-save Patience Count: 0.
Epoch: 218. Train Loss: 4.296321. Patience Count: 1.
Epoch: 219. Train Loss: 3.823322. Patience Count: 2.
Epoch: 220. Train Loss: 4.199549. Patience Count: 3.
Epoch: 221. Train Loss: 4.070005. Patience Count: 4.
Epoch: 222. Train Loss: 4.071883. Patience Count: 5.
Epoch: 223. Train Loss: 3.715186. Patience Count: 6.
Epoch: 224. Train Loss: 3.742901. Patience Count: 7.
Epoch: 225. Train Loss: 4.379456. Patience Count: 8.
Epoch: 226. Train Loss: 4.275413. Patience Count: 9.
Epoch: 227. Train Loss: 3.337947. Patience Count: 10.
Epoch: 228. Train Loss: 3.845764. Patience Count: 11.
Epoch: 229. Train Loss: 3.777558. Patience Count: 12.
Epoch: 230. Train Loss: 3.736587. Patience Count: 13.
Epoch: 231. Train Loss: 4.164338. Patience Count: 14.
Epoch: 232. Train Loss: 4.028474. Patience Count: 15.
Epoch: 233. Train Loss: 3.609875. Patience Count: 16.
Epoch: 234. Train Loss: 3.755772. Patience Count: 17.
Epoch: 235. Train Loss: 4.145610. Patience Count: 18.
Epoch: 236. Train Loss: 4.376855. Patience Count: 19.
Epoch: 237. Train Loss: 3.669333. Patience Count: 20.
Epoch: 238. Train Loss: 3.759010. Patience Count: 21.
Epoch: 239. Train Loss: 3.491466. Patience Count: 22.
Epoch: 240. Train Loss: 3.767757. Patience Count: 23.
Epoch: 241. Train Loss: 3.401056. Patience Count: 24.
Epoch: 242. Train Loss: 3.401657. Patience Count: 25.
Epoch: 243. Train Loss: 4.243961. Patience Count: 26.
Epoch: 244. Train Loss: 3.267461. best-save Patience Count: 0.
Epoch: 245. Train Loss: 3.699969. Patience Count: 1.
Epoch: 246. Train Loss: 3.639675. Patience Count: 2.
Epoch: 247. Train Loss: 3.828329. Patience Count: 3.
Epoch: 248. Train Loss: 3.535528. Patience Count: 4.
Epoch: 249. Train Loss: 3.669400. Patience Count: 5.
Epoch: 250. Train Loss: 3.124140. best-save Patience Count: 0.
Epoch: 251. Train Loss: 3.230650. Patience Count: 1.
Epoch: 252. Train Loss: 2.995060. best-save Patience Count: 0.
Epoch: 253. Train Loss: 3.114977. Patience Count: 1.
Epoch: 254. Train Loss: 3.715193. Patience Count: 2.
Epoch: 255. Train Loss: 3.768171. Patience Count: 3.
Epoch: 256. Train Loss: 2.497164. best-save Patience Count: 0.
Epoch: 257. Train Loss: 3.244981. Patience Count: 1.
Epoch: 258. Train Loss: 2.909545. Patience Count: 2.
Epoch: 259. Train Loss: 3.124234. Patience Count: 3.
Epoch: 260. Train Loss: 2.993354. Patience Count: 4.
Epoch: 261. Train Loss: 3.376591. Patience Count: 5.
Epoch: 262. Train Loss: 3.514252. Patience Count: 6.
Epoch: 263. Train Loss: 3.501998. Patience Count: 7.
Epoch: 264. Train Loss: 3.327532. Patience Count: 8.
Epoch: 265. Train Loss: 3.407758. Patience Count: 9.
Epoch: 266. Train Loss: 3.121596. Patience Count: 10.
Epoch: 267. Train Loss: 2.205031. best-save Patience Count: 0.
Epoch: 268. Train Loss: 2.973325. Patience Count: 1.
Epoch: 269. Train Loss: 3.158880. Patience Count: 2.
Epoch: 270. Train Loss: 3.261832. Patience Count: 3.
Epoch: 271. Train Loss: 2.830747. Patience Count: 4.
Epoch: 272. Train Loss: 3.296879. Patience Count: 5.
Epoch: 273. Train Loss: 3.096217. Patience Count: 6.
Epoch: 274. Train Loss: 3.317363. Patience Count: 7.
Epoch: 275. Train Loss: 2.720382. Patience Count: 8.
Epoch: 276. Train Loss: 2.926067. Patience Count: 9.
Epoch: 277. Train Loss: 2.942685. Patience Count: 10.
Epoch: 278. Train Loss: 2.956936. Patience Count: 11.
Epoch: 279. Train Loss: 3.090090. Patience Count: 12.
Epoch: 280. Train Loss: 3.111671. Patience Count: 13.
Epoch: 281. Train Loss: 2.690409. Patience Count: 14.
Epoch: 282. Train Loss: 2.864212. Patience Count: 15.
Epoch: 283. Train Loss: 3.631909. Patience Count: 16.
Epoch: 284. Train Loss: 2.999147. Patience Count: 17.
Epoch: 285. Train Loss: 3.224993. Patience Count: 18.
Epoch: 286. Train Loss: 3.053762. Patience Count: 19.
Epoch: 287. Train Loss: 3.342994. Patience Count: 20.
Epoch: 288. Train Loss: 3.125762. Patience Count: 21.
Epoch: 289. Train Loss: 3.654452. Patience Count: 22.
Epoch: 290. Train Loss: 3.181058. Patience Count: 23.
Epoch: 291. Train Loss: 2.793405. Patience Count: 24.
Epoch: 292. Train Loss: 2.747752. Patience Count: 25.
Epoch: 293. Train Loss: 2.593463. Patience Count: 26.
Epoch: 294. Train Loss: 3.371492. Patience Count: 27.
Epoch: 295. Train Loss: 2.320735. Patience Count: 28.
Epoch: 296. Train Loss: 2.391863. Patience Count: 29.
Epoch: 297. Train Loss: 3.445211. Patience Count: 30.
Epoch: 298. Train Loss: 2.860944. Patience Count: 31.
Epoch: 299. Train Loss: 3.353890. Patience Count: 32.
Epoch: 300. Train Loss: 2.968536. Patience Count: 33.
Epoch: 301. Train Loss: 2.903858. Patience Count: 34.
Epoch: 302. Train Loss: 3.103273. Patience Count: 35.
Epoch: 303. Train Loss: 2.946665. Patience Count: 36.
Epoch: 304. Train Loss: 3.018368. Patience Count: 37.
Epoch: 305. Train Loss: 2.733488. Patience Count: 38.
Epoch: 306. Train Loss: 2.718232. Patience Count: 39.
Epoch: 307. Train Loss: 2.040273. best-save Patience Count: 0.
Epoch: 308. Train Loss: 2.747994. Patience Count: 1.
Epoch: 309. Train Loss: 3.257934. Patience Count: 2.
Epoch: 310. Train Loss: 2.736654. Patience Count: 3.
Epoch: 311. Train Loss: 2.572028. Patience Count: 4.
Epoch: 312. Train Loss: 2.336556. Patience Count: 5.
Epoch: 313. Train Loss: 2.793832. Patience Count: 6.
Epoch: 314. Train Loss: 3.326305. Patience Count: 7.
Epoch: 315. Train Loss: 2.522817. Patience Count: 8.
Epoch: 316. Train Loss: 2.892247. Patience Count: 9.
Epoch: 317. Train Loss: 2.880939. Patience Count: 10.
Epoch: 318. Train Loss: 2.304655. Patience Count: 11.
Epoch: 319. Train Loss: 2.919647. Patience Count: 12.
Epoch: 320. Train Loss: 2.369962. Patience Count: 13.
Epoch: 321. Train Loss: 3.013425. Patience Count: 14.
Epoch: 322. Train Loss: 2.312489. Patience Count: 15.
Epoch: 323. Train Loss: 2.398187. Patience Count: 16.
Epoch: 324. Train Loss: 2.898928. Patience Count: 17.
Epoch: 325. Train Loss: 2.803051. Patience Count: 18.
Epoch: 326. Train Loss: 3.128139. Patience Count: 19.
Epoch: 327. Train Loss: 2.647540. Patience Count: 20.
Epoch: 328. Train Loss: 2.574560. Patience Count: 21.
Epoch: 329. Train Loss: 2.448493. Patience Count: 22.
Epoch: 330. Train Loss: 2.253680. Patience Count: 23.
Epoch: 331. Train Loss: 2.910517. Patience Count: 24.
Epoch: 332. Train Loss: 2.503812. Patience Count: 25.
Epoch: 333. Train Loss: 2.299757. Patience Count: 26.
Epoch: 334. Train Loss: 1.887667. best-save Patience Count: 0.
Epoch: 335. Train Loss: 2.205417. Patience Count: 1.
Epoch: 336. Train Loss: 2.577061. Patience Count: 2.
Epoch: 337. Train Loss: 2.597875. Patience Count: 3.
Epoch: 338. Train Loss: 2.336220. Patience Count: 4.
Epoch: 339. Train Loss: 2.460997. Patience Count: 5.
Epoch: 340. Train Loss: 2.799195. Patience Count: 6.
Epoch: 341. Train Loss: 2.364481. Patience Count: 7.
Epoch: 342. Train Loss: 2.563434. Patience Count: 8.
Epoch: 343. Train Loss: 2.082036. Patience Count: 9.
Epoch: 344. Train Loss: 2.347505. Patience Count: 10.
Epoch: 345. Train Loss: 2.434164. Patience Count: 11.
Epoch: 346. Train Loss: 2.150382. Patience Count: 12.
Epoch: 347. Train Loss: 2.332950. Patience Count: 13.
Epoch: 348. Train Loss: 2.305244. Patience Count: 14.
Epoch: 349. Train Loss: 2.369684. Patience Count: 15.
Epoch: 350. Train Loss: 2.820860. Patience Count: 16.
Epoch: 351. Train Loss: 2.355099. Patience Count: 17.
Epoch: 352. Train Loss: 2.661755. Patience Count: 18.
Epoch: 353. Train Loss: 2.392922. Patience Count: 19.
Epoch: 354. Train Loss: 2.516878. Patience Count: 20.
Epoch: 355. Train Loss: 2.618747. Patience Count: 21.
Epoch: 356. Train Loss: 2.101616. Patience Count: 22.
Epoch: 357. Train Loss: 2.364281. Patience Count: 23.
Epoch: 358. Train Loss: 2.099824. Patience Count: 24.
Epoch: 359. Train Loss: 2.308007. Patience Count: 25.
Epoch: 360. Train Loss: 2.548895. Patience Count: 26.
Epoch: 361. Train Loss: 2.394553. Patience Count: 27.
Epoch: 362. Train Loss: 2.325694. Patience Count: 28.
Epoch: 363. Train Loss: 3.019152. Patience Count: 29.
Epoch: 364. Train Loss: 2.236828. Patience Count: 30.
Epoch: 365. Train Loss: 2.669160. Patience Count: 31.
Epoch: 366. Train Loss: 2.318223. Patience Count: 32.
Epoch: 367. Train Loss: 2.585759. Patience Count: 33.
Epoch: 368. Train Loss: 2.815460. Patience Count: 34.
Epoch: 369. Train Loss: 2.402065. Patience Count: 35.
Epoch: 370. Train Loss: 3.301422. Patience Count: 36.
Epoch: 371. Train Loss: 2.440883. Patience Count: 37.
Epoch: 372. Train Loss: 2.215694. Patience Count: 38.
Epoch: 373. Train Loss: 2.950552. Patience Count: 39.
Epoch: 374. Train Loss: 2.354824. Patience Count: 40.
Epoch: 375. Train Loss: 2.180443. Patience Count: 41.
Epoch: 376. Train Loss: 2.058553. Patience Count: 42.
Epoch: 377. Train Loss: 2.365590. Patience Count: 43.
Epoch: 378. Train Loss: 2.077562. Patience Count: 44.
Epoch: 379. Train Loss: 2.069909. Patience Count: 45.
Epoch: 380. Train Loss: 2.365290. Patience Count: 46.
Epoch: 381. Train Loss: 2.601056. Patience Count: 47.
Epoch: 382. Train Loss: 2.803079. Patience Count: 48.
Epoch: 383. Train Loss: 2.290713. Patience Count: 49.
Epoch: 384. Train Loss: 2.722619. Patience Count: 50.
Epoch: 385. Train Loss: 2.319979. Patience Count: 51.Stop Early, patience has been running out.
dist.destroy_process_group()
dist.destroy_process_group()
