| distributed init (rank 0): env://, gpu 0
| distributed init (rank 1): env://, gpu 1
world_size: 2, gpu: 0
Using 8 dataloader workers every process
Epoch: 1. Train Loss: 321.943125. best-save Patience Count: 0.
Epoch: 2. Train Loss: 272.848098. best-save Patience Count: 0.
Epoch: 3. Train Loss: 257.345220. best-save Patience Count: 0.
Epoch: 4. Train Loss: 248.851433. best-save Patience Count: 0.
Epoch: 5. Train Loss: 237.504193. best-save Patience Count: 0.
Epoch: 6. Train Loss: 230.786688. best-save Patience Count: 0.
Epoch: 7. Train Loss: 223.998132. best-save Patience Count: 0.
Epoch: 8. Train Loss: 213.694015. best-save Patience Count: 0.
Epoch: 9. Train Loss: 201.062820. best-save Patience Count: 0.
Epoch: 10. Train Loss: 186.982244. best-save Patience Count: 0.
Epoch: 11. Train Loss: 176.702027. best-save Patience Count: 0.
Epoch: 12. Train Loss: 168.983443. best-save Patience Count: 0.
Epoch: 13. Train Loss: 153.225123. best-save Patience Count: 0.
Epoch: 14. Train Loss: 141.299157. best-save Patience Count: 0.
Epoch: 15. Train Loss: 131.272251. best-save Patience Count: 0.
Epoch: 16. Train Loss: 122.082258. best-save Patience Count: 0.
Epoch: 17. Train Loss: 113.462321. best-save Patience Count: 0.
Epoch: 18. Train Loss: 107.393940. best-save Patience Count: 0.
Epoch: 19. Train Loss: 98.291609. best-save Patience Count: 0.
Epoch: 20. Train Loss: 87.693569. best-save Patience Count: 0.
Epoch: 21. Train Loss: 80.770401. best-save Patience Count: 0.
Epoch: 22. Train Loss: 76.909948. best-save Patience Count: 0.
Epoch: 23. Train Loss: 72.249272. best-save Patience Count: 0.
Epoch: 24. Train Loss: 63.598460. best-save Patience Count: 0.
Epoch: 25. Train Loss: 60.922231. best-save Patience Count: 0.
Epoch: 26. Train Loss: 58.919084. best-save Patience Count: 0.
Epoch: 27. Train Loss: 56.386330. best-save Patience Count: 0.
Epoch: 28. Train Loss: 53.266358. best-save Patience Count: 0.
Epoch: 29. Train Loss: 44.692080. best-save Patience Count: 0.
Epoch: 30. Train Loss: 45.710686. Patience Count: 1.
Epoch: 31. Train Loss: 42.094399. best-save Patience Count: 0.
Epoch: 32. Train Loss: 41.024120. best-save Patience Count: 0.
Epoch: 33. Train Loss: 39.606160. best-save Patience Count: 0.
Epoch: 34. Train Loss: 39.678477. Patience Count: 1.
Epoch: 35. Train Loss: 36.124975. best-save Patience Count: 0.
Epoch: 36. Train Loss: 33.660568. best-save Patience Count: 0.
Epoch: 37. Train Loss: 32.330019. best-save Patience Count: 0.
Epoch: 38. Train Loss: 31.853453. best-save Patience Count: 0.
Epoch: 39. Train Loss: 29.769427. best-save Patience Count: 0.
Epoch: 40. Train Loss: 28.439813. best-save Patience Count: 0.
Epoch: 41. Train Loss: 30.154634. Patience Count: 1.
Epoch: 42. Train Loss: 28.784787. Patience Count: 2.
Epoch: 43. Train Loss: 25.367499. best-save Patience Count: 0.
Epoch: 44. Train Loss: 26.366545. Patience Count: 1.
Epoch: 45. Train Loss: 27.259593. Patience Count: 2.
Epoch: 46. Train Loss: 24.508787. best-save Patience Count: 0.
Epoch: 47. Train Loss: 23.505103. best-save Patience Count: 0.
Epoch: 48. Train Loss: 21.532490. best-save Patience Count: 0.
Epoch: 49. Train Loss: 21.963684. Patience Count: 1.
Epoch: 50. Train Loss: 22.767769. Patience Count: 2.
Epoch: 51. Train Loss: 18.646548. best-save Patience Count: 0.
Epoch: 52. Train Loss: 13.360323. best-save Patience Count: 0.
Epoch: 53. Train Loss: 14.605356. Patience Count: 1.
Epoch: 54. Train Loss: 13.439039. Patience Count: 2.
Epoch: 55. Train Loss: 11.677992. best-save Patience Count: 0.
Epoch: 56. Train Loss: 11.445128. best-save Patience Count: 0.
Epoch: 57. Train Loss: 10.752417. best-save Patience Count: 0.
Epoch: 58. Train Loss: 13.668710. Patience Count: 1.
Epoch: 59. Train Loss: 11.007181. Patience Count: 2.
Epoch: 60. Train Loss: 11.643483. Patience Count: 3.
Epoch: 61. Train Loss: 10.917278. Patience Count: 4.
Epoch: 62. Train Loss: 11.396808. Patience Count: 5.
Epoch: 63. Train Loss: 10.973126. Patience Count: 6.
Epoch: 64. Train Loss: 12.075695. Patience Count: 7.
Epoch: 65. Train Loss: 12.196986. Patience Count: 8.
Epoch: 66. Train Loss: 11.569181. Patience Count: 9.
Epoch: 67. Train Loss: 10.570297. best-save Patience Count: 0.
Epoch: 68. Train Loss: 10.267189. best-save Patience Count: 0.
Epoch: 69. Train Loss: 10.221323. best-save Patience Count: 0.
Epoch: 70. Train Loss: 10.698527. Patience Count: 1.
Epoch: 71. Train Loss: 10.633846. Patience Count: 2.
Epoch: 72. Train Loss: 9.704974. best-save Patience Count: 0.
Epoch: 73. Train Loss: 10.638634. Patience Count: 1.
Epoch: 74. Train Loss: 9.487089. best-save Patience Count: 0.
Epoch: 75. Train Loss: 11.908278. Patience Count: 1.
Epoch: 76. Train Loss: 9.891831. Patience Count: 2.
Epoch: 77. Train Loss: 10.258000. Patience Count: 3.
Epoch: 78. Train Loss: 10.404845. Patience Count: 4.
Epoch: 79. Train Loss: 9.875028. Patience Count: 5.
Epoch: 80. Train Loss: 10.987340. Patience Count: 6.
Epoch: 81. Train Loss: 11.740765. Patience Count: 7.
Epoch: 82. Train Loss: 9.712610. Patience Count: 8.
Epoch: 83. Train Loss: 9.982562. Patience Count: 9.
Epoch: 84. Train Loss: 10.558028. Patience Count: 10.
Epoch: 85. Train Loss: 11.678312. Patience Count: 11.
Epoch: 86. Train Loss: 11.264457. Patience Count: 12.
Epoch: 87. Train Loss: 9.335451. best-save Patience Count: 0.
Epoch: 88. Train Loss: 9.723603. Patience Count: 1.
Epoch: 89. Train Loss: 10.769482. Patience Count: 2.
Epoch: 90. Train Loss: 9.630355. Patience Count: 3.
Epoch: 91. Train Loss: 9.822459. Patience Count: 4.
Epoch: 92. Train Loss: 9.611553. Patience Count: 5.
Epoch: 93. Train Loss: 9.673991. Patience Count: 6.
Epoch: 94. Train Loss: 8.862952. best-save Patience Count: 0.
Epoch: 95. Train Loss: 8.689880. best-save Patience Count: 0.
Epoch: 96. Train Loss: 9.167916. Patience Count: 1.
Epoch: 97. Train Loss: 10.206068. Patience Count: 2.
Epoch: 98. Train Loss: 9.075365. Patience Count: 3.
Epoch: 99. Train Loss: 8.587026. best-save Patience Count: 0.
Epoch: 100. Train Loss: 9.681937. Patience Count: 1.
Epoch: 101. Train Loss: 7.470081. best-save Patience Count: 0.
Epoch: 102. Train Loss: 6.748449. best-save Patience Count: 0.
Epoch: 103. Train Loss: 5.427987. best-save Patience Count: 0.
Epoch: 104. Train Loss: 5.464805. Patience Count: 1.
Epoch: 105. Train Loss: 5.560989. Patience Count: 2.
Epoch: 106. Train Loss: 5.357920. best-save Patience Count: 0.
Epoch: 107. Train Loss: 6.117181. Patience Count: 1.
Epoch: 108. Train Loss: 5.607901. Patience Count: 2.
Epoch: 109. Train Loss: 5.064285. best-save Patience Count: 0.
Epoch: 110. Train Loss: 5.501918. Patience Count: 1.
Epoch: 111. Train Loss: 6.047788. Patience Count: 2.
Epoch: 112. Train Loss: 5.359283. Patience Count: 3.
Epoch: 113. Train Loss: 4.600443. best-save Patience Count: 0.
Epoch: 114. Train Loss: 5.154772. Patience Count: 1.
Epoch: 115. Train Loss: 5.506000. Patience Count: 2.
Epoch: 116. Train Loss: 5.162251. Patience Count: 3.
Epoch: 117. Train Loss: 5.760890. Patience Count: 4.
Epoch: 118. Train Loss: 5.834461. Patience Count: 5.
Epoch: 119. Train Loss: 5.378726. Patience Count: 6.
Epoch: 120. Train Loss: 5.157159. Patience Count: 7.
Epoch: 121. Train Loss: 4.828096. Patience Count: 8.
Epoch: 122. Train Loss: 5.272572. Patience Count: 9.
Epoch: 123. Train Loss: 5.402039. Patience Count: 10.
Epoch: 124. Train Loss: 5.416922. Patience Count: 11.
Epoch: 125. Train Loss: 4.972498. Patience Count: 12.
Epoch: 126. Train Loss: 4.784573. Patience Count: 13.
Epoch: 127. Train Loss: 5.171914. Patience Count: 14.
Epoch: 128. Train Loss: 3.884966. best-save Patience Count: 0.
Epoch: 129. Train Loss: 5.245789. Patience Count: 1.
Epoch: 130. Train Loss: 4.760388. Patience Count: 2.
Epoch: 131. Train Loss: 4.354181. Patience Count: 3.
Epoch: 132. Train Loss: 4.301608. Patience Count: 4.
Epoch: 133. Train Loss: 5.662538. Patience Count: 5.
Epoch: 134. Train Loss: 4.736330. Patience Count: 6.
Epoch: 135. Train Loss: 5.551587. Patience Count: 7.
Epoch: 136. Train Loss: 5.089194. Patience Count: 8.
Epoch: 137. Train Loss: 3.964606. Patience Count: 9.
Epoch: 138. Train Loss: 4.158403. Patience Count: 10.
Epoch: 139. Train Loss: 4.526633. Patience Count: 11.
Epoch: 140. Train Loss: 4.834676. Patience Count: 12.
Epoch: 141. Train Loss: 4.336831. Patience Count: 13.
Epoch: 142. Train Loss: 5.132509. Patience Count: 14.
Epoch: 143. Train Loss: 3.841412. best-save Patience Count: 0.
Epoch: 144. Train Loss: 3.884099. Patience Count: 1.
Epoch: 145. Train Loss: 4.787745. Patience Count: 2.
Epoch: 146. Train Loss: 4.973581. Patience Count: 3.
Epoch: 147. Train Loss: 4.016847. Patience Count: 4.
Epoch: 148. Train Loss: 4.270960. Patience Count: 5.
Epoch: 149. Train Loss: 4.347774. Patience Count: 6.
Epoch: 150. Train Loss: 4.364913. Patience Count: 7.
Epoch: 151. Train Loss: 4.070289. Patience Count: 8.
Epoch: 152. Train Loss: 4.215466. Patience Count: 9.
Epoch: 153. Train Loss: 4.160328. Patience Count: 10.
Epoch: 154. Train Loss: 3.784319. best-save Patience Count: 0.
Epoch: 155. Train Loss: 3.059985. best-save Patience Count: 0.
Epoch: 156. Train Loss: 3.881936. Patience Count: 1.
Epoch: 157. Train Loss: 3.178719. Patience Count: 2.
Epoch: 158. Train Loss: 3.133996. Patience Count: 3.
Epoch: 159. Train Loss: 3.547435. Patience Count: 4.
Epoch: 160. Train Loss: 3.399266. Patience Count: 5.
Epoch: 161. Train Loss: 3.760751. Patience Count: 6.
Epoch: 162. Train Loss: 3.029288. best-save Patience Count: 0.
Epoch: 163. Train Loss: 3.663161. Patience Count: 1.
Epoch: 164. Train Loss: 3.544271. Patience Count: 2.
Epoch: 165. Train Loss: 2.865548. best-save Patience Count: 0.
Epoch: 166. Train Loss: 2.996516. Patience Count: 1.
Epoch: 167. Train Loss: 2.988070. Patience Count: 2.
Epoch: 168. Train Loss: 2.996737. Patience Count: 3.
Epoch: 169. Train Loss: 3.142440. Patience Count: 4.
Epoch: 170. Train Loss: 2.963304. Patience Count: 5.
Epoch: 171. Train Loss: 2.784597. best-save Patience Count: 0.
Epoch: 172. Train Loss: 2.404712. best-save Patience Count: 0.
Epoch: 173. Train Loss: 3.124367. Patience Count: 1.
Epoch: 174. Train Loss: 3.090287. Patience Count: 2.
Epoch: 175. Train Loss: 3.084695. Patience Count: 3.
Epoch: 176. Train Loss: 3.035973. Patience Count: 4.
Epoch: 177. Train Loss: 2.961203. Patience Count: 5.
Epoch: 178. Train Loss: 3.242857. Patience Count: 6.
Epoch: 179. Train Loss: 2.869408. Patience Count: 7.
Epoch: 180. Train Loss: 3.018744. Patience Count: 8.
Epoch: 181. Train Loss: 2.818585. Patience Count: 9.
Epoch: 182. Train Loss: 2.483410. Patience Count: 10.
Epoch: 183. Train Loss: 2.780390. Patience Count: 11.
Epoch: 184. Train Loss: 2.798277. Patience Count: 12.
Epoch: 185. Train Loss: 2.852318. Patience Count: 13.
Epoch: 186. Train Loss: 3.667226. Patience Count: 14.
Epoch: 187. Train Loss: 2.918050. Patience Count: 15.
Epoch: 188. Train Loss: 2.660054. Patience Count: 16.
Epoch: 189. Train Loss: 2.391635. best-save Patience Count: 0.
Epoch: 190. Train Loss: 2.329683. best-save Patience Count: 0.
Epoch: 191. Train Loss: 2.749623. Patience Count: 1.
Epoch: 192. Train Loss: 2.941170. Patience Count: 2.
Epoch: 193. Train Loss: 3.122629. Patience Count: 3.
Epoch: 194. Train Loss: 3.029904. Patience Count: 4.
Epoch: 195. Train Loss: 3.134612. Patience Count: 5.
Epoch: 196. Train Loss: 3.260278. Patience Count: 6.
Epoch: 197. Train Loss: 2.976344. Patience Count: 7.
Epoch: 198. Train Loss: 2.632568. Patience Count: 8.
Epoch: 199. Train Loss: 2.983347. Patience Count: 9.
Epoch: 200. Train Loss: 2.719987. Patience Count: 10.
Epoch: 201. Train Loss: 2.983207. Patience Count: 11.
Epoch: 202. Train Loss: 2.772788. Patience Count: 12.
Epoch: 203. Train Loss: 2.079754. best-save Patience Count: 0.
Epoch: 204. Train Loss: 1.790504. best-save Patience Count: 0.
Epoch: 205. Train Loss: 2.414602. Patience Count: 1.
Epoch: 206. Train Loss: 2.104457. Patience Count: 2.
Epoch: 207. Train Loss: 2.234340. Patience Count: 3.
Epoch: 208. Train Loss: 2.214371. Patience Count: 4.
Epoch: 209. Train Loss: 2.063325. Patience Count: 5.
Epoch: 210. Train Loss: 2.257446. Patience Count: 6.
Epoch: 211. Train Loss: 2.082676. Patience Count: 7.
Epoch: 212. Train Loss: 2.177552. Patience Count: 8.
Epoch: 213. Train Loss: 2.518048. Patience Count: 9.
Epoch: 214. Train Loss: 2.694356. Patience Count: 10.
Epoch: 215. Train Loss: 2.283602. Patience Count: 11.
Epoch: 216. Train Loss: 2.072881. Patience Count: 12.
Epoch: 217. Train Loss: 2.440733. Patience Count: 13.
Epoch: 218. Train Loss: 1.765631. best-save Patience Count: 0.
Epoch: 219. Train Loss: 2.084179. Patience Count: 1.
Epoch: 220. Train Loss: 1.877127. Patience Count: 2.
Epoch: 221. Train Loss: 2.372629. Patience Count: 3.
Epoch: 222. Train Loss: 2.202153. Patience Count: 4.
Epoch: 223. Train Loss: 1.434559. best-save Patience Count: 0.
Epoch: 224. Train Loss: 1.859561. Patience Count: 1.
Epoch: 225. Train Loss: 2.339910. Patience Count: 2.
Epoch: 226. Train Loss: 1.496034. Patience Count: 3.
Epoch: 227. Train Loss: 1.969367. Patience Count: 4.
Epoch: 228. Train Loss: 1.820666. Patience Count: 5.
Epoch: 229. Train Loss: 2.121441. Patience Count: 6.
Epoch: 230. Train Loss: 2.384479. Patience Count: 7.
Epoch: 231. Train Loss: 2.575650. Patience Count: 8.
Epoch: 232. Train Loss: 2.080457. Patience Count: 9.
Epoch: 233. Train Loss: 1.936951. Patience Count: 10.
Epoch: 234. Train Loss: 2.445233. Patience Count: 11.
Epoch: 235. Train Loss: 2.099046. Patience Count: 12.
Epoch: 236. Train Loss: 1.847984. Patience Count: 13.
Epoch: 237. Train Loss: 2.257917. Patience Count: 14.
Epoch: 238. Train Loss: 1.757444. Patience Count: 15.
Epoch: 239. Train Loss: 2.063569. Patience Count: 16.
Epoch: 240. Train Loss: 2.377543. Patience Count: 17.
Epoch: 241. Train Loss: 1.851855. Patience Count: 18.
Epoch: 242. Train Loss: 1.853495. Patience Count: 19.
Epoch: 243. Train Loss: 2.154856. Patience Count: 20.
Epoch: 244. Train Loss: 1.687280. Patience Count: 21.
Epoch: 245. Train Loss: 2.261932. Patience Count: 22.
Epoch: 246. Train Loss: 2.255092. Patience Count: 23.
Epoch: 247. Train Loss: 2.083030. Patience Count: 24.
Epoch: 248. Train Loss: 1.805540. Patience Count: 25.
Epoch: 249. Train Loss: 1.786346. Patience Count: 26.
Epoch: 250. Train Loss: 2.002888. Patience Count: 27.
Epoch: 251. Train Loss: 2.490396. Patience Count: 28.
Epoch: 252. Train Loss: 1.839401. Patience Count: 29.
Epoch: 253. Train Loss: 2.074147. Patience Count: 30.
Epoch: 254. Train Loss: 1.719812. Patience Count: 31.
Epoch: 255. Train Loss: 1.827483. Patience Count: 32.
Epoch: 256. Train Loss: 2.065117. Patience Count: 33.
Epoch: 257. Train Loss: 1.843665. Patience Count: 34.
Epoch: 258. Train Loss: 1.944942. Patience Count: 35.
Epoch: 259. Train Loss: 1.731121. Patience Count: 36.
Epoch: 260. Train Loss: 1.766713. Patience Count: 37.
Epoch: 261. Train Loss: 1.680772. Patience Count: 38.
Epoch: 262. Train Loss: 2.263655. Patience Count: 39.
Epoch: 263. Train Loss: 2.096354. Patience Count: 40.
Epoch: 264. Train Loss: 1.500780. Patience Count: 41.
Epoch: 265. Train Loss: 1.573727. Patience Count: 42.
Epoch: 266. Train Loss: 1.922884. Patience Count: 43.
Epoch: 267. Train Loss: 1.581117. Patience Count: 44.
Epoch: 268. Train Loss: 2.001971. Patience Count: 45.
Epoch: 269. Train Loss: 1.945586. Patience Count: 46.
Epoch: 270. Train Loss: 1.791545. Patience Count: 47.
Epoch: 271. Train Loss: 1.464908. Patience Count: 48.
Epoch: 272. Train Loss: 1.710969. Patience Count: 49.
Epoch: 273. Train Loss: 1.094840. best-save Patience Count: 0.
Epoch: 274. Train Loss: 1.222061. Patience Count: 1.
Epoch: 275. Train Loss: 1.841402. Patience Count: 2.
Epoch: 276. Train Loss: 1.607559. Patience Count: 3.
Epoch: 277. Train Loss: 1.407689. Patience Count: 4.
Epoch: 278. Train Loss: 1.833521. Patience Count: 5.
Epoch: 279. Train Loss: 1.640510. Patience Count: 6.
Epoch: 280. Train Loss: 2.108962. Patience Count: 7.
Epoch: 281. Train Loss: 1.357944. Patience Count: 8.
Epoch: 282. Train Loss: 1.628141. Patience Count: 9.
Epoch: 283. Train Loss: 1.270887. Patience Count: 10.
Epoch: 284. Train Loss: 1.655542. Patience Count: 11.
Epoch: 285. Train Loss: 1.483333. Patience Count: 12.
Epoch: 286. Train Loss: 1.692354. Patience Count: 13.
Epoch: 287. Train Loss: 1.445033. Patience Count: 14.
Epoch: 288. Train Loss: 1.460391. Patience Count: 15.
Epoch: 289. Train Loss: 1.460046. Patience Count: 16.
Epoch: 290. Train Loss: 1.791863. Patience Count: 17.
Epoch: 291. Train Loss: 1.108158. Patience Count: 18.
Epoch: 292. Train Loss: 1.934176. Patience Count: 19.
Epoch: 293. Train Loss: 1.691356. Patience Count: 20.
Epoch: 294. Train Loss: 1.553577. Patience Count: 21.
Epoch: 295. Train Loss: 1.458858. Patience Count: 22.
Epoch: 296. Train Loss: 1.253638. Patience Count: 23.
Epoch: 297. Train Loss: 1.450493. Patience Count: 24.
Epoch: 298. Train Loss: 1.489893. Patience Count: 25.
Epoch: 299. Train Loss: 1.311488. Patience Count: 26.
Epoch: 300. Train Loss: 1.407860. Patience Count: 27.
Epoch: 301. Train Loss: 1.511941. Patience Count: 28.
Epoch: 302. Train Loss: 1.703710. Patience Count: 29.
Epoch: 303. Train Loss: 1.444765. Patience Count: 30.
Epoch: 304. Train Loss: 1.761202. Patience Count: 31.
Epoch: 305. Train Loss: 1.715097. Patience Count: 32.
Epoch: 306. Train Loss: 1.302492. Patience Count: 33.
Epoch: 307. Train Loss: 1.359711. Patience Count: 34.
Epoch: 308. Train Loss: 1.235930. Patience Count: 35.
Epoch: 309. Train Loss: 1.566514. Patience Count: 36.
Epoch: 310. Train Loss: 1.251061. Patience Count: 37.
Epoch: 311. Train Loss: 1.535734. Patience Count: 38.
Epoch: 312. Train Loss: 1.980750. Patience Count: 39.
Epoch: 313. Train Loss: 1.337005. Patience Count: 40.
Epoch: 314. Train Loss: 1.378130. Patience Count: 41.
Epoch: 315. Train Loss: 1.577730. Patience Count: 42.
Epoch: 316. Train Loss: 1.529580. Patience Count: 43.
Epoch: 317. Train Loss: 1.253882. Patience Count: 44.
Epoch: 318. Train Loss: 1.485267. Patience Count: 45.
Epoch: 319. Train Loss: 1.437388. Patience Count: 46.
Epoch: 320. Train Loss: 1.205875. Patience Count: 47.
Epoch: 321. Train Loss: 1.359600. Patience Count: 48.
Epoch: 322. Train Loss: 1.120738. Patience Count: 49.
Epoch: 323. Train Loss: 1.462066. Patience Count: 50.
Epoch: 324. Train Loss: 1.057383. best-save Patience Count: 0.
Epoch: 325. Train Loss: 1.446732. Patience Count: 1.
Epoch: 326. Train Loss: 1.694597. Patience Count: 2.
Epoch: 327. Train Loss: 1.211230. Patience Count: 3.
Epoch: 328. Train Loss: 1.304692. Patience Count: 4.
Epoch: 329. Train Loss: 1.262610. Patience Count: 5.
Epoch: 330. Train Loss: 1.474943. Patience Count: 6.
Epoch: 331. Train Loss: 1.476637. Patience Count: 7.
Epoch: 332. Train Loss: 1.473642. Patience Count: 8.
Epoch: 333. Train Loss: 1.498021. Patience Count: 9.
Epoch: 334. Train Loss: 1.555204. Patience Count: 10.
Epoch: 335. Train Loss: 1.429667. Patience Count: 11.
Epoch: 336. Train Loss: 1.247647. Patience Count: 12.
Epoch: 337. Train Loss: 1.235859. Patience Count: 13.
Epoch: 338. Train Loss: 1.154454. Patience Count: 14.
Epoch: 339. Train Loss: 1.220458. Patience Count: 15.
Epoch: 340. Train Loss: 1.514240. Patience Count: 16.
Epoch: 341. Train Loss: 1.623583. Patience Count: 17.
Epoch: 342. Train Loss: 1.374051. Patience Count: 18.
Epoch: 343. Train Loss: 1.151466. Patience Count: 19.
Epoch: 344. Train Loss: 1.660381. Patience Count: 20.
Epoch: 345. Train Loss: 1.719087. Patience Count: 21.
Epoch: 346. Train Loss: 1.471916. Patience Count: 22.
Epoch: 347. Train Loss: 1.678473. Patience Count: 23.
Epoch: 348. Train Loss: 1.254913. Patience Count: 24.
Epoch: 349. Train Loss: 1.585613. Patience Count: 25.
Epoch: 350. Train Loss: 1.720750. Patience Count: 26.
Epoch: 351. Train Loss: 1.388030. Patience Count: 27.
Epoch: 352. Train Loss: 1.535849. Patience Count: 28.
Epoch: 353. Train Loss: 1.510213. Patience Count: 29.
Epoch: 354. Train Loss: 1.163346. Patience Count: 30.
Epoch: 355. Train Loss: 1.473008. Patience Count: 31.
Epoch: 356. Train Loss: 1.337040. Patience Count: 32.
Epoch: 357. Train Loss: 1.320554. Patience Count: 33.
Epoch: 358. Train Loss: 1.600839. Patience Count: 34.
Epoch: 359. Train Loss: 1.338208. Patience Count: 35.
Epoch: 360. Train Loss: 1.584397. Patience Count: 36.
Epoch: 361. Train Loss: 1.321770. Patience Count: 37.
Epoch: 362. Train Loss: 1.474708. Patience Count: 38.
Epoch: 363. Train Loss: 1.801353. Patience Count: 39.
Epoch: 364. Train Loss: 1.328834. Patience Count: 40.
Epoch: 365. Train Loss: 1.275440. Patience Count: 41.
Epoch: 366. Train Loss: 1.456364. Patience Count: 42.
Epoch: 367. Train Loss: 1.262085. Patience Count: 43.
Epoch: 368. Train Loss: 1.565770. Patience Count: 44.
Epoch: 369. Train Loss: 1.230589. Patience Count: 45.
Epoch: 370. Train Loss: 0.998785. best-save Patience Count: 0.
Epoch: 371. Train Loss: 1.427865. Patience Count: 1.
Epoch: 372. Train Loss: 1.435924. Patience Count: 2.
Epoch: 373. Train Loss: 1.496698. Patience Count: 3.
Epoch: 374. Train Loss: 1.351578. Patience Count: 4.
Epoch: 375. Train Loss: 1.704040. Patience Count: 5.
Epoch: 376. Train Loss: 1.378162. Patience Count: 6.
Epoch: 377. Train Loss: 1.554208. Patience Count: 7.
Epoch: 378. Train Loss: 1.211345. Patience Count: 8.
Epoch: 379. Train Loss: 1.580334. Patience Count: 9.
Epoch: 380. Train Loss: 1.079901. Patience Count: 10.
Epoch: 381. Train Loss: 1.266970. Patience Count: 11.
Epoch: 382. Train Loss: 1.351312. Patience Count: 12.
Epoch: 383. Train Loss: 1.369522. Patience Count: 13.
Epoch: 384. Train Loss: 1.332332. Patience Count: 14.
Epoch: 385. Train Loss: 1.110876. Patience Count: 15.
Epoch: 386. Train Loss: 1.547321. Patience Count: 16.
Epoch: 387. Train Loss: 1.342596. Patience Count: 17.
Epoch: 388. Train Loss: 1.353206. Patience Count: 18.
Epoch: 389. Train Loss: 1.304080. Patience Count: 19.
Epoch: 390. Train Loss: 1.129159. Patience Count: 20.
Epoch: 391. Train Loss: 1.368262. Patience Count: 21.
Epoch: 392. Train Loss: 1.064836. Patience Count: 22.
Epoch: 393. Train Loss: 1.279047. Patience Count: 23.
Epoch: 394. Train Loss: 1.235774. Patience Count: 24.
Epoch: 395. Train Loss: 1.007786. Patience Count: 25.
Epoch: 396. Train Loss: 1.134022. Patience Count: 26.
Epoch: 397. Train Loss: 1.755794. Patience Count: 27.
Epoch: 398. Train Loss: 1.752355. Patience Count: 28.
Epoch: 399. Train Loss: 1.116523. Patience Count: 29.
Epoch: 400. Train Loss: 1.954067. Patience Count: 30.
Epoch: 401. Train Loss: 1.466154. Patience Count: 31.
Epoch: 402. Train Loss: 1.352946. Patience Count: 32.
Epoch: 403. Train Loss: 1.016679. Patience Count: 33.
Epoch: 404. Train Loss: 1.348080. Patience Count: 34.
Epoch: 405. Train Loss: 1.728180. Patience Count: 35.
Epoch: 406. Train Loss: 1.080872. Patience Count: 36.
Epoch: 407. Train Loss: 1.156653. Patience Count: 37.
Epoch: 408. Train Loss: 1.380328. Patience Count: 38.
Epoch: 409. Train Loss: 0.842664. best-save Patience Count: 0.
Epoch: 410. Train Loss: 1.471152. Patience Count: 1.
Epoch: 411. Train Loss: 1.539884. Patience Count: 2.
Epoch: 412. Train Loss: 1.240627. Patience Count: 3.
Epoch: 413. Train Loss: 1.340225. Patience Count: 4.
Epoch: 414. Train Loss: 1.174928. Patience Count: 5.
Epoch: 415. Train Loss: 1.450997. Patience Count: 6.
Epoch: 416. Train Loss: 1.552172. Patience Count: 7.
Epoch: 417. Train Loss: 1.280339. Patience Count: 8.
Epoch: 418. Train Loss: 1.223670. Patience Count: 9.
Epoch: 419. Train Loss: 1.667906. Patience Count: 10.
Epoch: 420. Train Loss: 1.269708. Patience Count: 11.
Epoch: 421. Train Loss: 1.164114. Patience Count: 12.
Epoch: 422. Train Loss: 1.049290. Patience Count: 13.
Epoch: 423. Train Loss: 1.038111. Patience Count: 14.
Epoch: 424. Train Loss: 1.752484. Patience Count: 15.
Epoch: 425. Train Loss: 1.065044. Patience Count: 16.
Epoch: 426. Train Loss: 1.469395. Patience Count: 17.
Epoch: 427. Train Loss: 1.074533. Patience Count: 18.
Epoch: 428. Train Loss: 1.088280. Patience Count: 19.
Epoch: 429. Train Loss: 1.673120. Patience Count: 20.
Epoch: 430. Train Loss: 1.029303. Patience Count: 21.
Epoch: 431. Train Loss: 1.238123. Patience Count: 22.
Epoch: 432. Train Loss: 1.212539. Patience Count: 23.
Epoch: 433. Train Loss: 1.803928. Patience Count: 24.
Epoch: 434. Train Loss: 1.409115. Patience Count: 25.
Epoch: 435. Train Loss: 1.648654. Patience Count: 26.
Epoch: 436. Train Loss: 1.285868. Patience Count: 27.
Epoch: 437. Train Loss: 1.111210. Patience Count: 28.
Epoch: 438. Train Loss: 1.364793. Patience Count: 29.
Epoch: 439. Train Loss: 1.605748. Patience Count: 30.
Epoch: 440. Train Loss: 1.495358. Patience Count: 31.
Epoch: 441. Train Loss: 1.248960. Patience Count: 32.
Epoch: 442. Train Loss: 1.493677. Patience Count: 33.
Epoch: 443. Train Loss: 1.225385. Patience Count: 34.
Epoch: 444. Train Loss: 1.557675. Patience Count: 35.
Epoch: 445. Train Loss: 1.303401. Patience Count: 36.
Epoch: 446. Train Loss: 1.469236. Patience Count: 37.
Epoch: 447. Train Loss: 1.239261. Patience Count: 38.
Epoch: 448. Train Loss: 0.953434. Patience Count: 39.
Epoch: 449. Train Loss: 0.940351. Patience Count: 40.
Epoch: 450. Train Loss: 1.193479. Patience Count: 41.
Epoch: 451. Train Loss: 1.313167. Patience Count: 42.
Epoch: 452. Train Loss: 1.137080. Patience Count: 43.
Epoch: 453. Train Loss: 1.324731. Patience Count: 44.
Epoch: 454. Train Loss: 1.238397. Patience Count: 45.
Epoch: 455. Train Loss: 1.262228. Patience Count: 46.
Epoch: 456. Train Loss: 1.002241. Patience Count: 47.
Epoch: 457. Train Loss: 1.126277. Patience Count: 48.
Epoch: 458. Train Loss: 1.562778. Patience Count: 49.
Epoch: 459. Train Loss: 1.088063. Patience Count: 50.
Epoch: 460. Train Loss: 1.243500. Patience Count: 51.Stop Early, patience has been running out.
dist.destroy_process_group()
dist.destroy_process_group()
