| distributed init (rank 0): env://, gpu 0
| distributed init (rank 1): env://, gpu 1
world_size: 2, gpu: 0
Using 8 dataloader workers every process
Epoch: 1. Train Loss: 311.126762. best-save Patience Count: 0.
Epoch: 2. Train Loss: 270.315676. best-save Patience Count: 0.
Epoch: 3. Train Loss: 255.382038. best-save Patience Count: 0.
Epoch: 4. Train Loss: 251.893483. best-save Patience Count: 0.
Epoch: 5. Train Loss: 239.934373. best-save Patience Count: 0.
Epoch: 6. Train Loss: 233.931398. best-save Patience Count: 0.
Epoch: 7. Train Loss: 228.866019. best-save Patience Count: 0.
Epoch: 8. Train Loss: 222.876392. best-save Patience Count: 0.
Epoch: 9. Train Loss: 215.532451. best-save Patience Count: 0.
Epoch: 10. Train Loss: 205.511121. best-save Patience Count: 0.
Epoch: 11. Train Loss: 198.237293. best-save Patience Count: 0.
Epoch: 12. Train Loss: 195.461588. best-save Patience Count: 0.
Epoch: 13. Train Loss: 187.425885. best-save Patience Count: 0.
Epoch: 14. Train Loss: 174.918342. best-save Patience Count: 0.
Epoch: 15. Train Loss: 171.323461. best-save Patience Count: 0.
Epoch: 16. Train Loss: 161.495288. best-save Patience Count: 0.
Epoch: 17. Train Loss: 150.497357. best-save Patience Count: 0.
Epoch: 18. Train Loss: 146.068715. best-save Patience Count: 0.
Epoch: 19. Train Loss: 141.443059. best-save Patience Count: 0.
Epoch: 20. Train Loss: 128.247396. best-save Patience Count: 0.
Epoch: 21. Train Loss: 125.707787. best-save Patience Count: 0.
Epoch: 22. Train Loss: 119.237635. best-save Patience Count: 0.
Epoch: 23. Train Loss: 110.358064. best-save Patience Count: 0.
Epoch: 24. Train Loss: 108.398464. best-save Patience Count: 0.
Epoch: 25. Train Loss: 99.940669. best-save Patience Count: 0.
Epoch: 26. Train Loss: 97.946332. best-save Patience Count: 0.
Epoch: 27. Train Loss: 90.945161. best-save Patience Count: 0.
Epoch: 28. Train Loss: 87.673645. best-save Patience Count: 0.
Epoch: 29. Train Loss: 83.017510. best-save Patience Count: 0.
Epoch: 30. Train Loss: 79.420910. best-save Patience Count: 0.
Epoch: 31. Train Loss: 72.883020. best-save Patience Count: 0.
Epoch: 32. Train Loss: 70.151343. best-save Patience Count: 0.
Epoch: 33. Train Loss: 69.152046. best-save Patience Count: 0.
Epoch: 34. Train Loss: 64.394571. best-save Patience Count: 0.
Epoch: 35. Train Loss: 60.274151. best-save Patience Count: 0.
Epoch: 36. Train Loss: 60.946484. Patience Count: 1.
Epoch: 37. Train Loss: 56.840403. best-save Patience Count: 0.
Epoch: 38. Train Loss: 58.135591. Patience Count: 1.
Epoch: 39. Train Loss: 50.609370. best-save Patience Count: 0.
Epoch: 40. Train Loss: 47.630277. best-save Patience Count: 0.
Epoch: 41. Train Loss: 47.478548. best-save Patience Count: 0.
Epoch: 42. Train Loss: 48.081492. Patience Count: 1.
Epoch: 43. Train Loss: 40.765794. best-save Patience Count: 0.
Epoch: 44. Train Loss: 45.328112. Patience Count: 1.
Epoch: 45. Train Loss: 38.423683. best-save Patience Count: 0.
Epoch: 46. Train Loss: 39.488090. Patience Count: 1.
Epoch: 47. Train Loss: 39.928457. Patience Count: 2.
Epoch: 48. Train Loss: 35.693892. best-save Patience Count: 0.
Epoch: 49. Train Loss: 34.525778. best-save Patience Count: 0.
Epoch: 50. Train Loss: 34.035443. best-save Patience Count: 0.
Epoch: 51. Train Loss: 20.430402. best-save Patience Count: 0.
Epoch: 52. Train Loss: 13.518321. best-save Patience Count: 0.
Epoch: 53. Train Loss: 11.866703. best-save Patience Count: 0.
Epoch: 54. Train Loss: 12.485676. Patience Count: 1.
Epoch: 55. Train Loss: 13.045701. Patience Count: 2.
Epoch: 56. Train Loss: 13.274785. Patience Count: 3.
Epoch: 57. Train Loss: 11.811352. best-save Patience Count: 0.
Epoch: 58. Train Loss: 10.634520. best-save Patience Count: 0.
Epoch: 59. Train Loss: 10.757899. Patience Count: 1.
Epoch: 60. Train Loss: 11.052975. Patience Count: 2.
Epoch: 61. Train Loss: 10.976740. Patience Count: 3.
Epoch: 62. Train Loss: 10.280941. best-save Patience Count: 0.
Epoch: 63. Train Loss: 10.605554. Patience Count: 1.
Epoch: 64. Train Loss: 9.800061. best-save Patience Count: 0.
Epoch: 65. Train Loss: 11.422523. Patience Count: 1.
Epoch: 66. Train Loss: 11.217778. Patience Count: 2.
Epoch: 67. Train Loss: 11.704080. Patience Count: 3.
Epoch: 68. Train Loss: 8.755360. best-save Patience Count: 0.
Epoch: 69. Train Loss: 8.213364. best-save Patience Count: 0.
Epoch: 70. Train Loss: 9.743007. Patience Count: 1.
Epoch: 71. Train Loss: 8.854177. Patience Count: 2.
Epoch: 72. Train Loss: 9.864024. Patience Count: 3.
Epoch: 73. Train Loss: 8.863271. Patience Count: 4.
Epoch: 74. Train Loss: 7.377542. best-save Patience Count: 0.
Epoch: 75. Train Loss: 9.286021. Patience Count: 1.
Epoch: 76. Train Loss: 9.199338. Patience Count: 2.
Epoch: 77. Train Loss: 9.208114. Patience Count: 3.
Epoch: 78. Train Loss: 9.285204. Patience Count: 4.
Epoch: 79. Train Loss: 6.354484. best-save Patience Count: 0.
Epoch: 80. Train Loss: 9.773877. Patience Count: 1.
Epoch: 81. Train Loss: 8.564340. Patience Count: 2.
Epoch: 82. Train Loss: 10.094739. Patience Count: 3.
Epoch: 83. Train Loss: 6.657922. Patience Count: 4.
Epoch: 84. Train Loss: 8.115745. Patience Count: 5.
Epoch: 85. Train Loss: 8.800400. Patience Count: 6.
Epoch: 86. Train Loss: 8.414055. Patience Count: 7.
Epoch: 87. Train Loss: 7.460797. Patience Count: 8.
Epoch: 88. Train Loss: 6.994740. Patience Count: 9.
Epoch: 89. Train Loss: 7.753356. Patience Count: 10.
Epoch: 90. Train Loss: 8.149514. Patience Count: 11.
Epoch: 91. Train Loss: 5.548540. best-save Patience Count: 0.
Epoch: 92. Train Loss: 4.610894. best-save Patience Count: 0.
Epoch: 93. Train Loss: 8.507381. Patience Count: 1.
Epoch: 94. Train Loss: 9.136432. Patience Count: 2.
Epoch: 95. Train Loss: 7.236810. Patience Count: 3.
Epoch: 96. Train Loss: 8.009879. Patience Count: 4.
Epoch: 97. Train Loss: 7.663983. Patience Count: 5.
Epoch: 98. Train Loss: 7.541855. Patience Count: 6.
Epoch: 99. Train Loss: 4.641627. Patience Count: 7.
Epoch: 100. Train Loss: 5.809602. Patience Count: 8.
Epoch: 101. Train Loss: 3.020017. best-save Patience Count: 0.
Epoch: 102. Train Loss: 1.429233. best-save Patience Count: 0.
Epoch: 103. Train Loss: 1.138787. best-save Patience Count: 0.
Epoch: 104. Train Loss: 1.258464. Patience Count: 1.
Epoch: 105. Train Loss: 1.399626. Patience Count: 2.
Epoch: 106. Train Loss: 1.235850. Patience Count: 3.
Epoch: 107. Train Loss: 1.030836. best-save Patience Count: 0.
Epoch: 108. Train Loss: 0.790008. best-save Patience Count: 0.
Epoch: 109. Train Loss: 0.984008. Patience Count: 1.
Epoch: 110. Train Loss: 1.805845. Patience Count: 2.
Epoch: 111. Train Loss: 1.227330. Patience Count: 3.
Epoch: 112. Train Loss: 1.248412. Patience Count: 4.
Epoch: 113. Train Loss: 2.149314. Patience Count: 5.
Epoch: 114. Train Loss: 2.218953. Patience Count: 6.
Epoch: 115. Train Loss: 1.827598. Patience Count: 7.
Epoch: 116. Train Loss: 1.803061. Patience Count: 8.
Epoch: 117. Train Loss: 1.612449. Patience Count: 9.
Epoch: 118. Train Loss: 1.481019. Patience Count: 10.
Epoch: 119. Train Loss: 1.898698. Patience Count: 11.
Epoch: 120. Train Loss: 1.067189. Patience Count: 12.
Epoch: 121. Train Loss: 1.171093. Patience Count: 13.
Epoch: 122. Train Loss: 2.070897. Patience Count: 14.
Epoch: 123. Train Loss: 2.100274. Patience Count: 15.
Epoch: 124. Train Loss: 2.373842. Patience Count: 16.
Epoch: 125. Train Loss: 4.014786. Patience Count: 17.
Epoch: 126. Train Loss: 2.599685. Patience Count: 18.
Epoch: 127. Train Loss: 2.111226. Patience Count: 19.
Epoch: 128. Train Loss: 1.559275. Patience Count: 20.
Epoch: 129. Train Loss: 1.929510. Patience Count: 21.
Epoch: 130. Train Loss: 1.488607. Patience Count: 22.
Epoch: 131. Train Loss: 1.354008. Patience Count: 23.
Epoch: 132. Train Loss: 1.846090. Patience Count: 24.
Epoch: 133. Train Loss: 2.061211. Patience Count: 25.
Epoch: 134. Train Loss: 1.788939. Patience Count: 26.
Epoch: 135. Train Loss: 2.300062. Patience Count: 27.
Epoch: 136. Train Loss: 2.141938. Patience Count: 28.
Epoch: 137. Train Loss: 2.299713. Patience Count: 29.
Epoch: 138. Train Loss: 1.906198. Patience Count: 30.
Epoch: 139. Train Loss: 1.737029. Patience Count: 31.
Epoch: 140. Train Loss: 2.254027. Patience Count: 32.
Epoch: 141. Train Loss: 2.567760. Patience Count: 33.
Epoch: 142. Train Loss: 2.219189. Patience Count: 34.
Epoch: 143. Train Loss: 3.232255. Patience Count: 35.
Epoch: 144. Train Loss: 1.929597. Patience Count: 36.
Epoch: 145. Train Loss: 1.678271. Patience Count: 37.
Epoch: 146. Train Loss: 1.294084. Patience Count: 38.
Epoch: 147. Train Loss: 0.957466. Patience Count: 39.
Epoch: 148. Train Loss: 1.432973. Patience Count: 40.
Epoch: 149. Train Loss: 1.832999. Patience Count: 41.
Epoch: 150. Train Loss: 1.320952. Patience Count: 42.
Epoch: 151. Train Loss: 0.374700. best-save Patience Count: 0.
Epoch: 152. Train Loss: 0.406952. Patience Count: 1.
Epoch: 153. Train Loss: 0.264685. best-save Patience Count: 0.
Epoch: 154. Train Loss: 0.429610. Patience Count: 1.
Epoch: 155. Train Loss: 0.502055. Patience Count: 2.
Epoch: 156. Train Loss: 0.379857. Patience Count: 3.
Epoch: 157. Train Loss: 0.311198. Patience Count: 4.
Epoch: 158. Train Loss: 0.163985. best-save Patience Count: 0.
Epoch: 159. Train Loss: 0.204605. Patience Count: 1.
Epoch: 160. Train Loss: 0.415194. Patience Count: 2.
Epoch: 161. Train Loss: 0.299665. Patience Count: 3.
Epoch: 162. Train Loss: 0.188272. Patience Count: 4.
Epoch: 163. Train Loss: 0.306288. Patience Count: 5.
Epoch: 164. Train Loss: 0.791452. Patience Count: 6.
Epoch: 165. Train Loss: 0.787706. Patience Count: 7.
Epoch: 166. Train Loss: 0.535877. Patience Count: 8.
Epoch: 167. Train Loss: 1.004530. Patience Count: 9.
Epoch: 168. Train Loss: 0.711959. Patience Count: 10.
Epoch: 169. Train Loss: 0.574701. Patience Count: 11.
Epoch: 170. Train Loss: 0.418494. Patience Count: 12.
Epoch: 171. Train Loss: 0.391657. Patience Count: 13.
Epoch: 172. Train Loss: 0.375375. Patience Count: 14.
Epoch: 173. Train Loss: 0.456057. Patience Count: 15.
Epoch: 174. Train Loss: 0.503695. Patience Count: 16.
Epoch: 175. Train Loss: 0.392907. Patience Count: 17.
Epoch: 176. Train Loss: 0.235564. Patience Count: 18.
Epoch: 177. Train Loss: 0.255781. Patience Count: 19.
Epoch: 178. Train Loss: 0.651062. Patience Count: 20.
Epoch: 179. Train Loss: 0.223191. Patience Count: 21.
Epoch: 180. Train Loss: 0.248850. Patience Count: 22.
Epoch: 181. Train Loss: 0.698774. Patience Count: 23.
Epoch: 182. Train Loss: 0.582484. Patience Count: 24.
Epoch: 183. Train Loss: 0.961113. Patience Count: 25.
Epoch: 184. Train Loss: 0.471632. Patience Count: 26.
Epoch: 185. Train Loss: 0.825374. Patience Count: 27.
Epoch: 186. Train Loss: 0.727960. Patience Count: 28.
Epoch: 187. Train Loss: 1.097725. Patience Count: 29.
Epoch: 188. Train Loss: 0.635833. Patience Count: 30.
Epoch: 189. Train Loss: 0.575391. Patience Count: 31.
Epoch: 190. Train Loss: 0.948178. Patience Count: 32.
Epoch: 191. Train Loss: 0.807466. Patience Count: 33.
Epoch: 192. Train Loss: 0.432745. Patience Count: 34.
Epoch: 193. Train Loss: 0.393224. Patience Count: 35.
Epoch: 194. Train Loss: 0.834755. Patience Count: 36.
Epoch: 195. Train Loss: 1.185063. Patience Count: 37.
Epoch: 196. Train Loss: 0.704675. Patience Count: 38.
Epoch: 197. Train Loss: 0.554432. Patience Count: 39.
Epoch: 198. Train Loss: 0.493284. Patience Count: 40.
Epoch: 199. Train Loss: 0.952354. Patience Count: 41.
Epoch: 200. Train Loss: 0.456379. Patience Count: 42.
Epoch: 201. Train Loss: 0.406502. Patience Count: 43.
Epoch: 202. Train Loss: 0.221169. Patience Count: 44.
Epoch: 203. Train Loss: 0.159852. best-save Patience Count: 0.
Epoch: 204. Train Loss: 0.220882. Patience Count: 1.
Epoch: 205. Train Loss: 0.240169. Patience Count: 2.
Epoch: 206. Train Loss: 0.078770. best-save Patience Count: 0.
Epoch: 207. Train Loss: 0.115223. Patience Count: 1.
Epoch: 208. Train Loss: 0.164603. Patience Count: 2.
Epoch: 209. Train Loss: 0.134952. Patience Count: 3.
Epoch: 210. Train Loss: 0.055878. best-save Patience Count: 0.
Epoch: 211. Train Loss: 0.052269. best-save Patience Count: 0.
Epoch: 212. Train Loss: 0.089473. Patience Count: 1.
Epoch: 213. Train Loss: 0.038947. best-save Patience Count: 0.
Epoch: 214. Train Loss: 0.040366. Patience Count: 1.
Epoch: 215. Train Loss: 0.026309. best-save Patience Count: 0.
Epoch: 216. Train Loss: 0.036482. Patience Count: 1.
Epoch: 217. Train Loss: 0.058024. Patience Count: 2.
Epoch: 218. Train Loss: 0.058582. Patience Count: 3.
Epoch: 219. Train Loss: 0.035073. Patience Count: 4.
Epoch: 220. Train Loss: 0.030434. Patience Count: 5.
Epoch: 221. Train Loss: 0.104591. Patience Count: 6.
Epoch: 222. Train Loss: 0.033667. Patience Count: 7.
Epoch: 223. Train Loss: 0.181290. Patience Count: 8.
Epoch: 224. Train Loss: 0.059123. Patience Count: 9.
Epoch: 225. Train Loss: 0.285152. Patience Count: 10.
Epoch: 226. Train Loss: 0.168201. Patience Count: 11.
Epoch: 227. Train Loss: 0.242280. Patience Count: 12.
Epoch: 228. Train Loss: 0.178220. Patience Count: 13.
Epoch: 229. Train Loss: 0.169650. Patience Count: 14.
Epoch: 230. Train Loss: 0.121516. Patience Count: 15.
Epoch: 231. Train Loss: 0.140926. Patience Count: 16.
Epoch: 232. Train Loss: 0.074923. Patience Count: 17.
Epoch: 233. Train Loss: 0.058434. Patience Count: 18.
Epoch: 234. Train Loss: 0.098814. Patience Count: 19.
Epoch: 235. Train Loss: 0.078734. Patience Count: 20.
Epoch: 236. Train Loss: 0.140079. Patience Count: 21.
Epoch: 237. Train Loss: 0.147034. Patience Count: 22.
Epoch: 238. Train Loss: 0.097590. Patience Count: 23.
Epoch: 239. Train Loss: 0.187578. Patience Count: 24.
Epoch: 240. Train Loss: 0.236178. Patience Count: 25.
Epoch: 241. Train Loss: 0.026229. best-save Patience Count: 0.
Epoch: 242. Train Loss: 0.208342. Patience Count: 1.
Epoch: 243. Train Loss: 0.048149. Patience Count: 2.
Epoch: 244. Train Loss: 0.079101. Patience Count: 3.
Epoch: 245. Train Loss: 0.207087. Patience Count: 4.
Epoch: 246. Train Loss: 0.472791. Patience Count: 5.
Epoch: 247. Train Loss: 0.207383. Patience Count: 6.
Epoch: 248. Train Loss: 0.086634. Patience Count: 7.
Epoch: 249. Train Loss: 0.117900. Patience Count: 8.
Epoch: 250. Train Loss: 0.191004. Patience Count: 9.
Epoch: 251. Train Loss: 0.049301. Patience Count: 10.
Epoch: 252. Train Loss: 0.067703. Patience Count: 11.
Epoch: 253. Train Loss: 0.098154. Patience Count: 12.
Epoch: 254. Train Loss: 0.079000. Patience Count: 13.
Epoch: 255. Train Loss: 0.058107. Patience Count: 14.
Epoch: 256. Train Loss: 0.023096. best-save Patience Count: 0.
Epoch: 257. Train Loss: 0.102088. Patience Count: 1.
Epoch: 258. Train Loss: 0.084642. Patience Count: 2.
Epoch: 259. Train Loss: 0.150809. Patience Count: 3.
Epoch: 260. Train Loss: 0.128310. Patience Count: 4.
Epoch: 261. Train Loss: 0.076153. Patience Count: 5.
Epoch: 262. Train Loss: 0.036740. Patience Count: 6.
Epoch: 263. Train Loss: 0.101684. Patience Count: 7.
Epoch: 264. Train Loss: 0.161841. Patience Count: 8.
Epoch: 265. Train Loss: 0.109116. Patience Count: 9.
Epoch: 266. Train Loss: 0.161241. Patience Count: 10.
Epoch: 267. Train Loss: 0.059903. Patience Count: 11.
Epoch: 268. Train Loss: 0.108267. Patience Count: 12.
Epoch: 269. Train Loss: 0.022316. best-save Patience Count: 0.
Epoch: 270. Train Loss: 0.050152. Patience Count: 1.
Epoch: 271. Train Loss: 0.035857. Patience Count: 2.
Epoch: 272. Train Loss: 0.086351. Patience Count: 3.
Epoch: 273. Train Loss: 0.048412. Patience Count: 4.
Epoch: 274. Train Loss: 0.024864. Patience Count: 5.
Epoch: 275. Train Loss: 0.211184. Patience Count: 6.
Epoch: 276. Train Loss: 0.039918. Patience Count: 7.
Epoch: 277. Train Loss: 0.065271. Patience Count: 8.
Epoch: 278. Train Loss: 0.118656. Patience Count: 9.
Epoch: 279. Train Loss: 0.041986. Patience Count: 10.
Epoch: 280. Train Loss: 0.016925. best-save Patience Count: 0.
Epoch: 281. Train Loss: 0.019205. Patience Count: 1.
Epoch: 282. Train Loss: 0.028959. Patience Count: 2.
Epoch: 283. Train Loss: 0.023255. Patience Count: 3.
Epoch: 284. Train Loss: 0.012350. best-save Patience Count: 0.
Epoch: 285. Train Loss: 0.045076. Patience Count: 1.
Epoch: 286. Train Loss: 0.236391. Patience Count: 2.
Epoch: 287. Train Loss: 0.059902. Patience Count: 3.
Epoch: 288. Train Loss: 0.055811. Patience Count: 4.
Epoch: 289. Train Loss: 0.017580. Patience Count: 5.
Epoch: 290. Train Loss: 0.023783. Patience Count: 6.
Epoch: 291. Train Loss: 0.016005. Patience Count: 7.
Epoch: 292. Train Loss: 0.007630. best-save Patience Count: 0.
Epoch: 293. Train Loss: 0.031264. Patience Count: 1.
Epoch: 294. Train Loss: 0.019254. Patience Count: 2.
Epoch: 295. Train Loss: 0.163737. Patience Count: 3.
Epoch: 296. Train Loss: 0.110379. Patience Count: 4.
Epoch: 297. Train Loss: 0.094018. Patience Count: 5.
Epoch: 298. Train Loss: 0.020753. Patience Count: 6.
Epoch: 299. Train Loss: 0.019956. Patience Count: 7.
Epoch: 300. Train Loss: 0.016443. Patience Count: 8.
Epoch: 301. Train Loss: 0.051317. Patience Count: 9.
Epoch: 302. Train Loss: 0.011882. Patience Count: 10.
Epoch: 303. Train Loss: 0.012729. Patience Count: 11.
Epoch: 304. Train Loss: 0.014789. Patience Count: 12.
Epoch: 305. Train Loss: 0.021226. Patience Count: 13.
Epoch: 306. Train Loss: 0.024355. Patience Count: 14.
Epoch: 307. Train Loss: 0.068341. Patience Count: 15.
Epoch: 308. Train Loss: 0.009840. Patience Count: 16.
Epoch: 309. Train Loss: 0.035611. Patience Count: 17.
Epoch: 310. Train Loss: 0.119594. Patience Count: 18.
Epoch: 311. Train Loss: 0.084257. Patience Count: 19.
Epoch: 312. Train Loss: 0.009836. Patience Count: 20.
Epoch: 313. Train Loss: 0.016858. Patience Count: 21.
Epoch: 314. Train Loss: 0.063374. Patience Count: 22.
Epoch: 315. Train Loss: 0.011802. Patience Count: 23.
Epoch: 316. Train Loss: 0.021201. Patience Count: 24.
Epoch: 317. Train Loss: 0.070949. Patience Count: 25.
Epoch: 318. Train Loss: 0.014084. Patience Count: 26.
Epoch: 319. Train Loss: 0.015881. Patience Count: 27.
Epoch: 320. Train Loss: 0.051968. Patience Count: 28.
Epoch: 321. Train Loss: 0.030900. Patience Count: 29.
Epoch: 322. Train Loss: 0.035145. Patience Count: 30.
Epoch: 323. Train Loss: 0.006632. best-save Patience Count: 0.
Epoch: 324. Train Loss: 0.007687. Patience Count: 1.
Epoch: 325. Train Loss: 0.058081. Patience Count: 2.
Epoch: 326. Train Loss: 0.012458. Patience Count: 3.
Epoch: 327. Train Loss: 0.021915. Patience Count: 4.
Epoch: 328. Train Loss: 0.007072. Patience Count: 5.
Epoch: 329. Train Loss: 0.011631. Patience Count: 6.
Epoch: 330. Train Loss: 0.037241. Patience Count: 7.
Epoch: 331. Train Loss: 0.005299. best-save Patience Count: 0.
Epoch: 332. Train Loss: 0.015713. Patience Count: 1.
Epoch: 333. Train Loss: 0.004334. best-save Patience Count: 0.
Epoch: 334. Train Loss: 0.052356. Patience Count: 1.
Epoch: 335. Train Loss: 0.026648. Patience Count: 2.
Epoch: 336. Train Loss: 0.009130. Patience Count: 3.
Epoch: 337. Train Loss: 0.016423. Patience Count: 4.
Epoch: 338. Train Loss: 0.014667. Patience Count: 5.
Epoch: 339. Train Loss: 0.023239. Patience Count: 6.
Epoch: 340. Train Loss: 0.011895. Patience Count: 7.
Epoch: 341. Train Loss: 0.062672. Patience Count: 8.
Epoch: 342. Train Loss: 0.026792. Patience Count: 9.
Epoch: 343. Train Loss: 0.029276. Patience Count: 10.
Epoch: 344. Train Loss: 0.038664. Patience Count: 11.
Epoch: 345. Train Loss: 0.045291. Patience Count: 12.
Epoch: 346. Train Loss: 0.072365. Patience Count: 13.
Epoch: 347. Train Loss: 0.033264. Patience Count: 14.
Epoch: 348. Train Loss: 0.059402. Patience Count: 15.
Epoch: 349. Train Loss: 0.028706. Patience Count: 16.
Epoch: 350. Train Loss: 0.013944. Patience Count: 17.
Epoch: 351. Train Loss: 0.008453. Patience Count: 18.
Epoch: 352. Train Loss: 0.007195. Patience Count: 19.
Epoch: 353. Train Loss: 0.016650. Patience Count: 20.
Epoch: 354. Train Loss: 0.022752. Patience Count: 21.
Epoch: 355. Train Loss: 0.005122. Patience Count: 22.
Epoch: 356. Train Loss: 0.007508. Patience Count: 23.
Epoch: 357. Train Loss: 0.036724. Patience Count: 24.
Epoch: 358. Train Loss: 0.044077. Patience Count: 25.
Epoch: 359. Train Loss: 0.014452. Patience Count: 26.
Epoch: 360. Train Loss: 0.025443. Patience Count: 27.
Epoch: 361. Train Loss: 0.031252. Patience Count: 28.
Epoch: 362. Train Loss: 0.014395. Patience Count: 29.
Epoch: 363. Train Loss: 0.075024. Patience Count: 30.
Epoch: 364. Train Loss: 0.023491. Patience Count: 31.
Epoch: 365. Train Loss: 0.014370. Patience Count: 32.
Epoch: 366. Train Loss: 0.018598. Patience Count: 33.
Epoch: 367. Train Loss: 0.016028. Patience Count: 34.
Epoch: 368. Train Loss: 0.007530. Patience Count: 35.
Epoch: 369. Train Loss: 0.009741. Patience Count: 36.
Epoch: 370. Train Loss: 0.010272. Patience Count: 37.
Epoch: 371. Train Loss: 0.024277. Patience Count: 38.
Epoch: 372. Train Loss: 0.012627. Patience Count: 39.
Epoch: 373. Train Loss: 0.019019. Patience Count: 40.
Epoch: 374. Train Loss: 0.009209. Patience Count: 41.
Epoch: 375. Train Loss: 0.011196. Patience Count: 42.
Epoch: 376. Train Loss: 0.035111. Patience Count: 43.
Epoch: 377. Train Loss: 0.142224. Patience Count: 44.
Epoch: 378. Train Loss: 0.006610. Patience Count: 45.
Epoch: 379. Train Loss: 0.021001. Patience Count: 46.
Epoch: 380. Train Loss: 0.004911. Patience Count: 47.
Epoch: 381. Train Loss: 0.099300. Patience Count: 48.
Epoch: 382. Train Loss: 0.013398. Patience Count: 49.
Epoch: 383. Train Loss: 0.004849. Patience Count: 50.
Epoch: 384. Train Loss: 0.039785. Patience Count: 51.Stop Early, patience has been running out.dist.destroy_process_group()

dist.destroy_process_group()
