| distributed init (rank 0): env://, gpu 0
| distributed init (rank 1): env://, gpu 1
world_size: 2, gpu: 0
Using 8 dataloader workers every process
Epoch: 1. Train Loss: 402.157324. best-save Patience Count: 0.
Epoch: 2. Train Loss: 144.937725. best-save Patience Count: 0.
Epoch: 3. Train Loss: 140.687030. best-save Patience Count: 0.
Epoch: 4. Train Loss: 138.793550. best-save Patience Count: 0.
Epoch: 5. Train Loss: 139.141186. Patience Count: 1.
Epoch: 6. Train Loss: 136.451611. best-save Patience Count: 0.
Epoch: 7. Train Loss: 134.507301. best-save Patience Count: 0.
Epoch: 8. Train Loss: 131.007721. best-save Patience Count: 0.
Epoch: 9. Train Loss: 126.828155. best-save Patience Count: 0.
Epoch: 10. Train Loss: 123.465513. best-save Patience Count: 0.
Epoch: 11. Train Loss: 119.922739. best-save Patience Count: 0.
Epoch: 12. Train Loss: 116.573205. best-save Patience Count: 0.
Epoch: 13. Train Loss: 116.716920. Patience Count: 1.
Epoch: 14. Train Loss: 113.242152. best-save Patience Count: 0.
Epoch: 15. Train Loss: 113.820288. Patience Count: 1.
Epoch: 16. Train Loss: 109.938462. best-save Patience Count: 0.
Epoch: 17. Train Loss: 107.326730. best-save Patience Count: 0.
Epoch: 18. Train Loss: 104.953395. best-save Patience Count: 0.
Epoch: 19. Train Loss: 100.856425. best-save Patience Count: 0.
Epoch: 20. Train Loss: 96.684535. best-save Patience Count: 0.
Epoch: 21. Train Loss: 91.675706. best-save Patience Count: 0.
Epoch: 22. Train Loss: 90.289421. best-save Patience Count: 0.
Epoch: 23. Train Loss: 92.322281. Patience Count: 1.
Epoch: 24. Train Loss: 86.198233. best-save Patience Count: 0.
Epoch: 25. Train Loss: 80.106960. best-save Patience Count: 0.
Epoch: 26. Train Loss: 76.602086. best-save Patience Count: 0.
Epoch: 27. Train Loss: 83.806973. Patience Count: 1.
Epoch: 28. Train Loss: 78.940499. Patience Count: 2.
Epoch: 29. Train Loss: 72.470460. best-save Patience Count: 0.
Epoch: 30. Train Loss: 68.910479. best-save Patience Count: 0.
Epoch: 31. Train Loss: 65.386908. best-save Patience Count: 0.
Epoch: 32. Train Loss: 62.752577. best-save Patience Count: 0.
Epoch: 33. Train Loss: 57.193832. best-save Patience Count: 0.
Epoch: 34. Train Loss: 54.236641. best-save Patience Count: 0.
Epoch: 35. Train Loss: 52.031226. best-save Patience Count: 0.
Epoch: 36. Train Loss: 47.954499. best-save Patience Count: 0.
Epoch: 37. Train Loss: 45.532309. best-save Patience Count: 0.
Epoch: 38. Train Loss: 42.972772. best-save Patience Count: 0.
Epoch: 39. Train Loss: 42.302373. best-save Patience Count: 0.
Epoch: 40. Train Loss: 38.895222. best-save Patience Count: 0.
Epoch: 41. Train Loss: 37.040375. best-save Patience Count: 0.
Epoch: 42. Train Loss: 36.821933. best-save Patience Count: 0.
Epoch: 43. Train Loss: 32.856158. best-save Patience Count: 0.
Epoch: 44. Train Loss: 31.786821. best-save Patience Count: 0.
Epoch: 45. Train Loss: 33.442451. Patience Count: 1.
Epoch: 46. Train Loss: 29.687697. best-save Patience Count: 0.
Epoch: 47. Train Loss: 27.691912. best-save Patience Count: 0.
Epoch: 48. Train Loss: 28.697024. Patience Count: 1.
Epoch: 49. Train Loss: 25.573291. best-save Patience Count: 0.
Epoch: 50. Train Loss: 24.936570. best-save Patience Count: 0.
Epoch: 51. Train Loss: 15.241872. best-save Patience Count: 0.
Epoch: 52. Train Loss: 7.397179. best-save Patience Count: 0.
Epoch: 53. Train Loss: 7.501812. Patience Count: 1.
Epoch: 54. Train Loss: 6.845407. best-save Patience Count: 0.
Epoch: 55. Train Loss: 6.754658. best-save Patience Count: 0.
Epoch: 56. Train Loss: 7.016454. Patience Count: 1.
Epoch: 57. Train Loss: 8.132684. Patience Count: 2.
Epoch: 58. Train Loss: 7.382453. Patience Count: 3.
Epoch: 59. Train Loss: 6.164519. best-save Patience Count: 0.
Epoch: 60. Train Loss: 6.657014. Patience Count: 1.
Epoch: 61. Train Loss: 6.911346. Patience Count: 2.
Epoch: 62. Train Loss: 7.449421. Patience Count: 3.
Epoch: 63. Train Loss: 6.858557. Patience Count: 4.
Epoch: 64. Train Loss: 6.970866. Patience Count: 5.
Epoch: 65. Train Loss: 6.900702. Patience Count: 6.
Epoch: 66. Train Loss: 5.177849. best-save Patience Count: 0.
Epoch: 67. Train Loss: 6.215048. Patience Count: 1.
Epoch: 68. Train Loss: 5.458523. Patience Count: 2.
Epoch: 69. Train Loss: 5.941001. Patience Count: 3.
Epoch: 70. Train Loss: 6.030273. Patience Count: 4.
Epoch: 71. Train Loss: 6.132536. Patience Count: 5.
Epoch: 72. Train Loss: 5.939121. Patience Count: 6.
Epoch: 73. Train Loss: 6.069366. Patience Count: 7.
Epoch: 74. Train Loss: 4.926495. best-save Patience Count: 0.
Epoch: 75. Train Loss: 4.789480. best-save Patience Count: 0.
Epoch: 76. Train Loss: 6.452062. Patience Count: 1.
Epoch: 77. Train Loss: 7.397060. Patience Count: 2.
Epoch: 78. Train Loss: 5.691850. Patience Count: 3.
Epoch: 79. Train Loss: 5.387773. Patience Count: 4.
Epoch: 80. Train Loss: 5.230667. Patience Count: 5.
Epoch: 81. Train Loss: 8.171642. Patience Count: 6.
Epoch: 82. Train Loss: 6.958738. Patience Count: 7.
Epoch: 83. Train Loss: 4.782551. best-save Patience Count: 0.
Epoch: 84. Train Loss: 4.511230. best-save Patience Count: 0.
Epoch: 85. Train Loss: 4.336174. best-save Patience Count: 0.
Epoch: 86. Train Loss: 4.895882. Patience Count: 1.
Epoch: 87. Train Loss: 4.668729. Patience Count: 2.
Epoch: 88. Train Loss: 6.159155. Patience Count: 3.
Epoch: 89. Train Loss: 5.817489. Patience Count: 4.
Epoch: 90. Train Loss: 4.986487. Patience Count: 5.
Epoch: 91. Train Loss: 4.549072. Patience Count: 6.
Epoch: 92. Train Loss: 6.512077. Patience Count: 7.
Epoch: 93. Train Loss: 6.739111. Patience Count: 8.
Epoch: 94. Train Loss: 4.827691. Patience Count: 9.
Epoch: 95. Train Loss: 3.795664. best-save Patience Count: 0.
Epoch: 96. Train Loss: 4.242291. Patience Count: 1.
Epoch: 97. Train Loss: 5.478905. Patience Count: 2.
Epoch: 98. Train Loss: 5.920986. Patience Count: 3.
Epoch: 99. Train Loss: 7.051932. Patience Count: 4.
Epoch: 100. Train Loss: 4.762105. Patience Count: 5.
Epoch: 101. Train Loss: 2.333822. best-save Patience Count: 0.
Epoch: 102. Train Loss: 1.013775. best-save Patience Count: 0.
Epoch: 103. Train Loss: 0.763734. best-save Patience Count: 0.
Epoch: 104. Train Loss: 0.608606. best-save Patience Count: 0.
Epoch: 105. Train Loss: 0.539370. best-save Patience Count: 0.
Epoch: 106. Train Loss: 0.615770. Patience Count: 1.
Epoch: 107. Train Loss: 0.527644. best-save Patience Count: 0.
Epoch: 108. Train Loss: 0.745858. Patience Count: 1.
Epoch: 109. Train Loss: 0.608364. Patience Count: 2.
Epoch: 110. Train Loss: 0.743536. Patience Count: 3.
Epoch: 111. Train Loss: 0.654632. Patience Count: 4.
Epoch: 112. Train Loss: 0.556472. Patience Count: 5.
Epoch: 113. Train Loss: 0.642296. Patience Count: 6.
Epoch: 114. Train Loss: 0.856858. Patience Count: 7.
Epoch: 115. Train Loss: 0.811769. Patience Count: 8.
Epoch: 116. Train Loss: 0.621799. Patience Count: 9.
Epoch: 117. Train Loss: 0.798706. Patience Count: 10.
Epoch: 118. Train Loss: 0.843250. Patience Count: 11.
Epoch: 119. Train Loss: 0.678781. Patience Count: 12.
Epoch: 120. Train Loss: 0.784698. Patience Count: 13.
Epoch: 121. Train Loss: 0.955002. Patience Count: 14.
Epoch: 122. Train Loss: 1.147457. Patience Count: 15.
Epoch: 123. Train Loss: 1.250988. Patience Count: 16.
Epoch: 124. Train Loss: 1.132960. Patience Count: 17.
Epoch: 125. Train Loss: 1.388432. Patience Count: 18.
Epoch: 126. Train Loss: 1.267736. Patience Count: 19.
Epoch: 127. Train Loss: 1.516635. Patience Count: 20.
Epoch: 128. Train Loss: 0.786516. Patience Count: 21.
Epoch: 129. Train Loss: 1.048720. Patience Count: 22.
Epoch: 130. Train Loss: 1.701300. Patience Count: 23.
Epoch: 131. Train Loss: 2.048320. Patience Count: 24.
Epoch: 132. Train Loss: 3.107618. Patience Count: 25.
Epoch: 133. Train Loss: 2.481288. Patience Count: 26.
Epoch: 134. Train Loss: 1.913059. Patience Count: 27.
Epoch: 135. Train Loss: 1.516510. Patience Count: 28.
Epoch: 136. Train Loss: 1.260713. Patience Count: 29.
Epoch: 137. Train Loss: 1.455739. Patience Count: 30.
Epoch: 138. Train Loss: 1.544575. Patience Count: 31.
Epoch: 139. Train Loss: 1.133995. Patience Count: 32.
Epoch: 140. Train Loss: 1.577670. Patience Count: 33.
Epoch: 141. Train Loss: 1.893863. Patience Count: 34.
Epoch: 142. Train Loss: 0.946947. Patience Count: 35.
Epoch: 143. Train Loss: 0.993768. Patience Count: 36.
Epoch: 144. Train Loss: 1.665631. Patience Count: 37.
Epoch: 145. Train Loss: 1.490402. Patience Count: 38.
Epoch: 146. Train Loss: 1.215640. Patience Count: 39.
Epoch: 147. Train Loss: 1.413634. Patience Count: 40.
Epoch: 148. Train Loss: 1.858895. Patience Count: 41.
Epoch: 149. Train Loss: 1.588124. Patience Count: 42.
Epoch: 150. Train Loss: 2.134350. Patience Count: 43.
Epoch: 151. Train Loss: 1.355279. Patience Count: 44.
Epoch: 152. Train Loss: 0.339051. best-save Patience Count: 0.
Epoch: 153. Train Loss: 0.368637. Patience Count: 1.
Epoch: 154. Train Loss: 0.230123. best-save Patience Count: 0.
Epoch: 155. Train Loss: 0.237901. Patience Count: 1.
Epoch: 156. Train Loss: 0.411456. Patience Count: 2.
Epoch: 157. Train Loss: 0.226426. best-save Patience Count: 0.
Epoch: 158. Train Loss: 0.169573. best-save Patience Count: 0.
Epoch: 159. Train Loss: 0.212809. Patience Count: 1.
Epoch: 160. Train Loss: 0.156723. best-save Patience Count: 0.
Epoch: 161. Train Loss: 0.185184. Patience Count: 1.
Epoch: 162. Train Loss: 0.202393. Patience Count: 2.
Epoch: 163. Train Loss: 0.177623. Patience Count: 3.
Epoch: 164. Train Loss: 0.163336. Patience Count: 4.
Epoch: 165. Train Loss: 0.124084. best-save Patience Count: 0.
Epoch: 166. Train Loss: 0.122423. best-save Patience Count: 0.
Epoch: 167. Train Loss: 0.184431. Patience Count: 1.
Epoch: 168. Train Loss: 0.132940. Patience Count: 2.
Epoch: 169. Train Loss: 0.119600. best-save Patience Count: 0.
Epoch: 170. Train Loss: 0.333009. Patience Count: 1.
Epoch: 171. Train Loss: 0.632654. Patience Count: 2.
Epoch: 172. Train Loss: 0.234129. Patience Count: 3.
Epoch: 173. Train Loss: 0.161761. Patience Count: 4.
Epoch: 174. Train Loss: 0.320982. Patience Count: 5.
Epoch: 175. Train Loss: 0.339887. Patience Count: 6.
Epoch: 176. Train Loss: 0.390839. Patience Count: 7.
Epoch: 177. Train Loss: 0.447272. Patience Count: 8.
Epoch: 178. Train Loss: 0.424212. Patience Count: 9.
Epoch: 179. Train Loss: 0.497378. Patience Count: 10.
Epoch: 180. Train Loss: 0.451524. Patience Count: 11.
Epoch: 181. Train Loss: 0.437203. Patience Count: 12.
Epoch: 182. Train Loss: 0.325397. Patience Count: 13.
Epoch: 183. Train Loss: 0.412660. Patience Count: 14.
Epoch: 184. Train Loss: 0.309523. Patience Count: 15.
Epoch: 185. Train Loss: 0.222654. Patience Count: 16.
Epoch: 186. Train Loss: 0.302439. Patience Count: 17.
Epoch: 187. Train Loss: 0.141384. Patience Count: 18.
Epoch: 188. Train Loss: 0.318474. Patience Count: 19.
Epoch: 189. Train Loss: 0.392692. Patience Count: 20.
Epoch: 190. Train Loss: 0.269103. Patience Count: 21.
Epoch: 191. Train Loss: 0.318410. Patience Count: 22.
Epoch: 192. Train Loss: 0.236107. Patience Count: 23.
Epoch: 193. Train Loss: 0.313914. Patience Count: 24.
Epoch: 194. Train Loss: 0.446068. Patience Count: 25.
Epoch: 195. Train Loss: 0.775390. Patience Count: 26.
Epoch: 196. Train Loss: 1.159638. Patience Count: 27.
Epoch: 197. Train Loss: 1.335422. Patience Count: 28.
Epoch: 198. Train Loss: 1.220927. Patience Count: 29.
Epoch: 199. Train Loss: 0.550071. Patience Count: 30.
Epoch: 200. Train Loss: 0.426777. Patience Count: 31.
Epoch: 201. Train Loss: 0.529079. Patience Count: 32.
Epoch: 202. Train Loss: 0.257813. Patience Count: 33.
Epoch: 203. Train Loss: 0.264070. Patience Count: 34.
Epoch: 204. Train Loss: 0.149562. Patience Count: 35.
Epoch: 205. Train Loss: 0.100474. best-save Patience Count: 0.
Epoch: 206. Train Loss: 0.167239. Patience Count: 1.
Epoch: 207. Train Loss: 0.161325. Patience Count: 2.
Epoch: 208. Train Loss: 0.096345. best-save Patience Count: 0.
Epoch: 209. Train Loss: 0.171522. Patience Count: 1.
Epoch: 210. Train Loss: 0.372594. Patience Count: 2.
Epoch: 211. Train Loss: 0.146754. Patience Count: 3.
Epoch: 212. Train Loss: 0.160908. Patience Count: 4.
Epoch: 213. Train Loss: 0.069704. best-save Patience Count: 0.
Epoch: 214. Train Loss: 0.161497. Patience Count: 1.
Epoch: 215. Train Loss: 0.130921. Patience Count: 2.
Epoch: 216. Train Loss: 0.138398. Patience Count: 3.
Epoch: 217. Train Loss: 0.127444. Patience Count: 4.
Epoch: 218. Train Loss: 0.108827. Patience Count: 5.
Epoch: 219. Train Loss: 0.047880. best-save Patience Count: 0.
Epoch: 220. Train Loss: 0.083004. Patience Count: 1.
Epoch: 221. Train Loss: 0.088470. Patience Count: 2.
Epoch: 222. Train Loss: 0.107968. Patience Count: 3.
Epoch: 223. Train Loss: 0.087375. Patience Count: 4.
Epoch: 224. Train Loss: 0.159808. Patience Count: 5.
Epoch: 225. Train Loss: 0.094758. Patience Count: 6.
Epoch: 226. Train Loss: 0.096632. Patience Count: 7.
Epoch: 227. Train Loss: 0.041766. best-save Patience Count: 0.
Epoch: 228. Train Loss: 0.042360. Patience Count: 1.
Epoch: 229. Train Loss: 0.081948. Patience Count: 2.
Epoch: 230. Train Loss: 0.249249. Patience Count: 3.
Epoch: 231. Train Loss: 0.125188. Patience Count: 4.
Epoch: 232. Train Loss: 0.057490. Patience Count: 5.
Epoch: 233. Train Loss: 0.168609. Patience Count: 6.
Epoch: 234. Train Loss: 0.157597. Patience Count: 7.
Epoch: 235. Train Loss: 0.194858. Patience Count: 8.
Epoch: 236. Train Loss: 0.067110. Patience Count: 9.
Epoch: 237. Train Loss: 0.124575. Patience Count: 10.
Epoch: 238. Train Loss: 0.259199. Patience Count: 11.
Epoch: 239. Train Loss: 0.110211. Patience Count: 12.
Epoch: 240. Train Loss: 0.153129. Patience Count: 13.
Epoch: 241. Train Loss: 0.203557. Patience Count: 14.
Epoch: 242. Train Loss: 0.173461. Patience Count: 15.
Epoch: 243. Train Loss: 0.143633. Patience Count: 16.
Epoch: 244. Train Loss: 0.356983. Patience Count: 17.
Epoch: 245. Train Loss: 0.247384. Patience Count: 18.
Epoch: 246. Train Loss: 0.302971. Patience Count: 19.
Epoch: 247. Train Loss: 0.482088. Patience Count: 20.
Epoch: 248. Train Loss: 0.478773. Patience Count: 21.
Epoch: 249. Train Loss: 0.182741. Patience Count: 22.
Epoch: 250. Train Loss: 0.368884. Patience Count: 23.
Epoch: 251. Train Loss: 0.369163. Patience Count: 24.
Epoch: 252. Train Loss: 0.137835. Patience Count: 25.
Epoch: 253. Train Loss: 0.161258. Patience Count: 26.
Epoch: 254. Train Loss: 0.230811. Patience Count: 27.
Epoch: 255. Train Loss: 0.097208. Patience Count: 28.
Epoch: 256. Train Loss: 0.023550. best-save Patience Count: 0.
Epoch: 257. Train Loss: 0.062998. Patience Count: 1.
Epoch: 258. Train Loss: 0.111852. Patience Count: 2.
Epoch: 259. Train Loss: 0.038696. Patience Count: 3.
Epoch: 260. Train Loss: 0.052240. Patience Count: 4.
Epoch: 261. Train Loss: 0.089609. Patience Count: 5.
Epoch: 262. Train Loss: 0.053800. Patience Count: 6.
Epoch: 263. Train Loss: 0.066437. Patience Count: 7.
Epoch: 264. Train Loss: 0.103950. Patience Count: 8.
Epoch: 265. Train Loss: 0.040952. Patience Count: 9.
Epoch: 266. Train Loss: 0.022164. best-save Patience Count: 0.
Epoch: 267. Train Loss: 0.067958. Patience Count: 1.
Epoch: 268. Train Loss: 0.065576. Patience Count: 2.
Epoch: 269. Train Loss: 0.034819. Patience Count: 3.
Epoch: 270. Train Loss: 0.033095. Patience Count: 4.
Epoch: 271. Train Loss: 0.067757. Patience Count: 5.
Epoch: 272. Train Loss: 0.028604. Patience Count: 6.
Epoch: 273. Train Loss: 0.058637. Patience Count: 7.
Epoch: 274. Train Loss: 0.019608. best-save Patience Count: 0.
Epoch: 275. Train Loss: 0.131671. Patience Count: 1.
Epoch: 276. Train Loss: 0.045882. Patience Count: 2.
Epoch: 277. Train Loss: 0.064401. Patience Count: 3.
Epoch: 278. Train Loss: 0.026823. Patience Count: 4.
Epoch: 279. Train Loss: 0.021502. Patience Count: 5.
Epoch: 280. Train Loss: 0.020840. Patience Count: 6.
Epoch: 281. Train Loss: 0.010867. best-save Patience Count: 0.
Epoch: 282. Train Loss: 0.022008. Patience Count: 1.
Epoch: 283. Train Loss: 0.044837. Patience Count: 2.
Epoch: 284. Train Loss: 0.102215. Patience Count: 3.
Epoch: 285. Train Loss: 0.045117. Patience Count: 4.
Epoch: 286. Train Loss: 0.123803. Patience Count: 5.
Epoch: 287. Train Loss: 0.110768. Patience Count: 6.
Epoch: 288. Train Loss: 0.085637. Patience Count: 7.
Epoch: 289. Train Loss: 0.015305. Patience Count: 8.
Epoch: 290. Train Loss: 0.129563. Patience Count: 9.
Epoch: 291. Train Loss: 0.083733. Patience Count: 10.
Epoch: 292. Train Loss: 0.035696. Patience Count: 11.
Epoch: 293. Train Loss: 0.110338. Patience Count: 12.
Epoch: 294. Train Loss: 0.109746. Patience Count: 13.
Epoch: 295. Train Loss: 0.027425. Patience Count: 14.
Epoch: 296. Train Loss: 0.025755. Patience Count: 15.
Epoch: 297. Train Loss: 0.031234. Patience Count: 16.
Epoch: 298. Train Loss: 0.079687. Patience Count: 17.
Epoch: 299. Train Loss: 0.079826. Patience Count: 18.
Epoch: 300. Train Loss: 0.029583. Patience Count: 19.
Epoch: 301. Train Loss: 0.046980. Patience Count: 20.
Epoch: 302. Train Loss: 0.111097. Patience Count: 21.
Epoch: 303. Train Loss: 0.063179. Patience Count: 22.
Epoch: 304. Train Loss: 0.057213. Patience Count: 23.
Epoch: 305. Train Loss: 0.019009. Patience Count: 24.
Epoch: 306. Train Loss: 0.040001. Patience Count: 25.
Epoch: 307. Train Loss: 0.191870. Patience Count: 26.
Epoch: 308. Train Loss: 0.020859. Patience Count: 27.
Epoch: 309. Train Loss: 0.033951. Patience Count: 28.
Epoch: 310. Train Loss: 0.045961. Patience Count: 29.
Epoch: 311. Train Loss: 0.015787. Patience Count: 30.
Epoch: 312. Train Loss: 0.018582. Patience Count: 31.
Epoch: 313. Train Loss: 0.053713. Patience Count: 32.
Epoch: 314. Train Loss: 0.007692. best-save Patience Count: 0.
Epoch: 315. Train Loss: 0.017282. Patience Count: 1.
Epoch: 316. Train Loss: 0.016336. Patience Count: 2.
Epoch: 317. Train Loss: 0.044848. Patience Count: 3.
Epoch: 318. Train Loss: 0.013856. Patience Count: 4.
Epoch: 319. Train Loss: 0.022639. Patience Count: 5.
Epoch: 320. Train Loss: 0.007711. Patience Count: 6.
Epoch: 321. Train Loss: 0.007611. best-save Patience Count: 0.
Epoch: 322. Train Loss: 0.014318. Patience Count: 1.
Epoch: 323. Train Loss: 0.034577. Patience Count: 2.
Epoch: 324. Train Loss: 0.022192. Patience Count: 3.
Epoch: 325. Train Loss: 0.018653. Patience Count: 4.
Epoch: 326. Train Loss: 0.027199. Patience Count: 5.
Epoch: 327. Train Loss: 0.025149. Patience Count: 6.
Epoch: 328. Train Loss: 0.009937. Patience Count: 7.
Epoch: 329. Train Loss: 0.007707. Patience Count: 8.
Epoch: 330. Train Loss: 0.130093. Patience Count: 9.
Epoch: 331. Train Loss: 0.018717. Patience Count: 10.
Epoch: 332. Train Loss: 0.030165. Patience Count: 11.
Epoch: 333. Train Loss: 0.054214. Patience Count: 12.
Epoch: 334. Train Loss: 0.055509. Patience Count: 13.
Epoch: 335. Train Loss: 0.030696. Patience Count: 14.
Epoch: 336. Train Loss: 0.028089. Patience Count: 15.
Epoch: 337. Train Loss: 0.011390. Patience Count: 16.
Epoch: 338. Train Loss: 0.010360. Patience Count: 17.
Epoch: 339. Train Loss: 0.079066. Patience Count: 18.
Epoch: 340. Train Loss: 0.032162. Patience Count: 19.
Epoch: 341. Train Loss: 0.048906. Patience Count: 20.
Epoch: 342. Train Loss: 0.071373. Patience Count: 21.
Epoch: 343. Train Loss: 0.012587. Patience Count: 22.
Epoch: 344. Train Loss: 0.011930. Patience Count: 23.
Epoch: 345. Train Loss: 0.044649. Patience Count: 24.
Epoch: 346. Train Loss: 0.029343. Patience Count: 25.
Epoch: 347. Train Loss: 0.017143. Patience Count: 26.
Epoch: 348. Train Loss: 0.021295. Patience Count: 27.
Epoch: 349. Train Loss: 0.016931. Patience Count: 28.
Epoch: 350. Train Loss: 0.051008. Patience Count: 29.
Epoch: 351. Train Loss: 0.004857. best-save Patience Count: 0.
Epoch: 352. Train Loss: 0.008821. Patience Count: 1.
Epoch: 353. Train Loss: 0.011223. Patience Count: 2.
Epoch: 354. Train Loss: 0.004727. best-save Patience Count: 0.
Epoch: 355. Train Loss: 0.026684. Patience Count: 1.
Epoch: 356. Train Loss: 0.017637. Patience Count: 2.
Epoch: 357. Train Loss: 0.014109. Patience Count: 3.
Epoch: 358. Train Loss: 0.021547. Patience Count: 4.
Epoch: 359. Train Loss: 0.042846. Patience Count: 5.
Epoch: 360. Train Loss: 0.025842. Patience Count: 6.
Epoch: 361. Train Loss: 0.008629. Patience Count: 7.
Epoch: 362. Train Loss: 0.034602. Patience Count: 8.
Epoch: 363. Train Loss: 0.007872. Patience Count: 9.
Epoch: 364. Train Loss: 0.067155. Patience Count: 10.
Epoch: 365. Train Loss: 0.008396. Patience Count: 11.
Epoch: 366. Train Loss: 0.009312. Patience Count: 12.
Epoch: 367. Train Loss: 0.005990. Patience Count: 13.
Epoch: 368. Train Loss: 0.009069. Patience Count: 14.
Epoch: 369. Train Loss: 0.004044. best-save Patience Count: 0.
Epoch: 370. Train Loss: 0.003505. best-save Patience Count: 0.
Epoch: 371. Train Loss: 0.003075. best-save Patience Count: 0.
Epoch: 372. Train Loss: 0.003653. Patience Count: 1.
Epoch: 373. Train Loss: 0.005962. Patience Count: 2.
Epoch: 374. Train Loss: 0.038196. Patience Count: 3.
Epoch: 375. Train Loss: 0.011031. Patience Count: 4.
Epoch: 376. Train Loss: 0.006707. Patience Count: 5.
Epoch: 377. Train Loss: 0.013999. Patience Count: 6.
Epoch: 378. Train Loss: 0.006452. Patience Count: 7.
Epoch: 379. Train Loss: 0.003394. Patience Count: 8.
Epoch: 380. Train Loss: 0.003342. Patience Count: 9.
Epoch: 381. Train Loss: 0.002867. best-save Patience Count: 0.
Epoch: 382. Train Loss: 0.047195. Patience Count: 1.
Epoch: 383. Train Loss: 0.007539. Patience Count: 2.
Epoch: 384. Train Loss: 0.029397. Patience Count: 3.
Epoch: 385. Train Loss: 0.005693. Patience Count: 4.
Epoch: 386. Train Loss: 0.046916. Patience Count: 5.
Epoch: 387. Train Loss: 0.012251. Patience Count: 6.
Epoch: 388. Train Loss: 0.008432. Patience Count: 7.
Epoch: 389. Train Loss: 0.003536. Patience Count: 8.
Epoch: 390. Train Loss: 0.012032. Patience Count: 9.
Epoch: 391. Train Loss: 0.011093. Patience Count: 10.
Epoch: 392. Train Loss: 0.004440. Patience Count: 11.
Epoch: 393. Train Loss: 0.003184. Patience Count: 12.
Epoch: 394. Train Loss: 0.011428. Patience Count: 13.
Epoch: 395. Train Loss: 0.022125. Patience Count: 14.
Epoch: 396. Train Loss: 0.031015. Patience Count: 15.
Epoch: 397. Train Loss: 0.013092. Patience Count: 16.
Epoch: 398. Train Loss: 0.001178. best-save Patience Count: 0.
Epoch: 399. Train Loss: 0.007642. Patience Count: 1.
Epoch: 400. Train Loss: 0.006206. Patience Count: 2.
Epoch: 401. Train Loss: 0.004968. Patience Count: 3.
Epoch: 402. Train Loss: 0.014181. Patience Count: 4.
Epoch: 403. Train Loss: 0.027842. Patience Count: 5.
Epoch: 404. Train Loss: 0.005427. Patience Count: 6.
Epoch: 405. Train Loss: 0.017397. Patience Count: 7.
Epoch: 406. Train Loss: 0.003008. Patience Count: 8.
Epoch: 407. Train Loss: 0.002340. Patience Count: 9.
Epoch: 408. Train Loss: 0.034371. Patience Count: 10.
Epoch: 409. Train Loss: 0.013126. Patience Count: 11.
Epoch: 410. Train Loss: 0.006853. Patience Count: 12.
Epoch: 411. Train Loss: 0.006167. Patience Count: 13.
Epoch: 412. Train Loss: 0.005491. Patience Count: 14.
Epoch: 413. Train Loss: 0.004701. Patience Count: 15.
Epoch: 414. Train Loss: 0.014587. Patience Count: 16.
Epoch: 415. Train Loss: 0.060568. Patience Count: 17.
Epoch: 416. Train Loss: 0.004018. Patience Count: 18.
Epoch: 417. Train Loss: 0.003230. Patience Count: 19.
Epoch: 418. Train Loss: 0.005107. Patience Count: 20.
Epoch: 419. Train Loss: 0.007008. Patience Count: 21.
Epoch: 420. Train Loss: 0.007179. Patience Count: 22.
Epoch: 421. Train Loss: 0.013030. Patience Count: 23.
Epoch: 422. Train Loss: 0.009514. Patience Count: 24.
Epoch: 423. Train Loss: 0.014526. Patience Count: 25.
Epoch: 424. Train Loss: 0.005019. Patience Count: 26.
Epoch: 425. Train Loss: 0.019034. Patience Count: 27.
Epoch: 426. Train Loss: 0.002136. Patience Count: 28.
Epoch: 427. Train Loss: 0.003282. Patience Count: 29.
Epoch: 428. Train Loss: 0.001572. Patience Count: 30.
Epoch: 429. Train Loss: 0.005018. Patience Count: 31.
Epoch: 430. Train Loss: 0.001565. Patience Count: 32.
Epoch: 431. Train Loss: 0.005965. Patience Count: 33.
Epoch: 432. Train Loss: 0.023326. Patience Count: 34.
Epoch: 433. Train Loss: 0.002922. Patience Count: 35.
Epoch: 434. Train Loss: 0.007253. Patience Count: 36.
Epoch: 435. Train Loss: 0.026072. Patience Count: 37.
Epoch: 436. Train Loss: 0.006106. Patience Count: 38.
Epoch: 437. Train Loss: 0.003010. Patience Count: 39.
Epoch: 438. Train Loss: 0.013322. Patience Count: 40.
Epoch: 439. Train Loss: 0.007722. Patience Count: 41.
Epoch: 440. Train Loss: 0.002061. Patience Count: 42.
Epoch: 441. Train Loss: 0.006808. Patience Count: 43.
Epoch: 442. Train Loss: 0.001621. Patience Count: 44.
Epoch: 443. Train Loss: 0.002662. Patience Count: 45.
Epoch: 444. Train Loss: 0.010741. Patience Count: 46.
Epoch: 445. Train Loss: 0.002473. Patience Count: 47.
Epoch: 446. Train Loss: 0.011100. Patience Count: 48.
Epoch: 447. Train Loss: 0.004405. Patience Count: 49.
Epoch: 448. Train Loss: 0.018036. Patience Count: 50.
Epoch: 449. Train Loss: 0.011364. Patience Count: 51.Stop Early, patience has been running out.
dist.destroy_process_group()
dist.destroy_process_group()
