| distributed init (rank 0): env://, gpu 0
| distributed init (rank 1): env://, gpu 1
world_size: 2, gpu: 0
Using 8 dataloader workers every process
Epoch: 1. Train Loss: 164.523094. best-save Patience Count: 0.
Epoch: 2. Train Loss: 126.467759. best-save Patience Count: 0.
Epoch: 3. Train Loss: 123.359663. best-save Patience Count: 0.
Epoch: 4. Train Loss: 117.116899. best-save Patience Count: 0.
Epoch: 5. Train Loss: 110.581439. best-save Patience Count: 0.
Epoch: 6. Train Loss: 105.472695. best-save Patience Count: 0.
Epoch: 7. Train Loss: 99.523455. best-save Patience Count: 0.
Epoch: 8. Train Loss: 94.208784. best-save Patience Count: 0.
Epoch: 9. Train Loss: 89.899376. best-save Patience Count: 0.
Epoch: 10. Train Loss: 82.074992. best-save Patience Count: 0.
Epoch: 11. Train Loss: 76.299843. best-save Patience Count: 0.
Epoch: 12. Train Loss: 72.125056. best-save Patience Count: 0.
Epoch: 13. Train Loss: 71.922489. best-save Patience Count: 0.
Epoch: 14. Train Loss: 63.893323. best-save Patience Count: 0.
Epoch: 15. Train Loss: 58.294524. best-save Patience Count: 0.
Epoch: 16. Train Loss: 52.582124. best-save Patience Count: 0.
Epoch: 17. Train Loss: 49.554050. best-save Patience Count: 0.
Epoch: 18. Train Loss: 49.293672. best-save Patience Count: 0.
Epoch: 19. Train Loss: 44.020253. best-save Patience Count: 0.
Epoch: 20. Train Loss: 35.686626. best-save Patience Count: 0.
Epoch: 21. Train Loss: 33.184469. best-save Patience Count: 0.
Epoch: 22. Train Loss: 35.025546. Patience Count: 1.
Epoch: 23. Train Loss: 30.072055. best-save Patience Count: 0.
Epoch: 24. Train Loss: 27.340142. best-save Patience Count: 0.
Epoch: 25. Train Loss: 25.005793. best-save Patience Count: 0.
Epoch: 26. Train Loss: 23.123885. best-save Patience Count: 0.
Epoch: 27. Train Loss: 20.016641. best-save Patience Count: 0.
Epoch: 28. Train Loss: 19.173464. best-save Patience Count: 0.
Epoch: 29. Train Loss: 16.124752. best-save Patience Count: 0.
Epoch: 30. Train Loss: 17.411598. Patience Count: 1.
Epoch: 31. Train Loss: 16.144368. Patience Count: 2.
Epoch: 32. Train Loss: 15.023190. best-save Patience Count: 0.
Epoch: 33. Train Loss: 15.083305. Patience Count: 1.
Epoch: 34. Train Loss: 12.788477. best-save Patience Count: 0.
Epoch: 35. Train Loss: 10.004084. best-save Patience Count: 0.
Epoch: 36. Train Loss: 13.213141. Patience Count: 1.
Epoch: 37. Train Loss: 9.994586. best-save Patience Count: 0.
Epoch: 38. Train Loss: 8.939666. best-save Patience Count: 0.
Epoch: 39. Train Loss: 10.389200. Patience Count: 1.
Epoch: 40. Train Loss: 8.822485. best-save Patience Count: 0.
Epoch: 41. Train Loss: 9.995075. Patience Count: 1.
Epoch: 42. Train Loss: 8.419155. best-save Patience Count: 0.
Epoch: 43. Train Loss: 8.822131. Patience Count: 1.
Epoch: 44. Train Loss: 8.507012. Patience Count: 2.
Epoch: 45. Train Loss: 6.613626. best-save Patience Count: 0.
Epoch: 46. Train Loss: 6.669535. Patience Count: 1.
Epoch: 47. Train Loss: 6.803193. Patience Count: 2.
Epoch: 48. Train Loss: 5.777816. best-save Patience Count: 0.
Epoch: 49. Train Loss: 4.937821. best-save Patience Count: 0.
Epoch: 50. Train Loss: 4.859625. best-save Patience Count: 0.
Epoch: 51. Train Loss: 2.802353. best-save Patience Count: 0.
Epoch: 52. Train Loss: 1.272902. best-save Patience Count: 0.
Epoch: 53. Train Loss: 0.731570. best-save Patience Count: 0.
Epoch: 54. Train Loss: 0.392207. best-save Patience Count: 0.
Epoch: 55. Train Loss: 0.351799. best-save Patience Count: 0.
Epoch: 56. Train Loss: 0.257682. best-save Patience Count: 0.
Epoch: 57. Train Loss: 0.218551. best-save Patience Count: 0.
Epoch: 58. Train Loss: 0.257163. Patience Count: 1.
Epoch: 59. Train Loss: 0.363651. Patience Count: 2.
Epoch: 60. Train Loss: 0.293885. Patience Count: 3.
Epoch: 61. Train Loss: 0.265903. Patience Count: 4.
Epoch: 62. Train Loss: 0.333136. Patience Count: 5.
Epoch: 63. Train Loss: 0.345120. Patience Count: 6.
Epoch: 64. Train Loss: 0.326226. Patience Count: 7.
Epoch: 65. Train Loss: 0.180329. best-save Patience Count: 0.
Epoch: 66. Train Loss: 0.141163. best-save Patience Count: 0.
Epoch: 67. Train Loss: 0.288579. Patience Count: 1.
Epoch: 68. Train Loss: 0.122979. best-save Patience Count: 0.
Epoch: 69. Train Loss: 0.183095. Patience Count: 1.
Epoch: 70. Train Loss: 0.574782. Patience Count: 2.
Epoch: 71. Train Loss: 0.417499. Patience Count: 3.
Epoch: 72. Train Loss: 0.265253. Patience Count: 4.
Epoch: 73. Train Loss: 0.273471. Patience Count: 5.
Epoch: 74. Train Loss: 0.523988. Patience Count: 6.
Epoch: 75. Train Loss: 0.781353. Patience Count: 7.
Epoch: 76. Train Loss: 1.633848. Patience Count: 8.
Epoch: 77. Train Loss: 2.265020. Patience Count: 9.
Epoch: 78. Train Loss: 5.046311. Patience Count: 10.
Epoch: 79. Train Loss: 4.391948. Patience Count: 11.
Epoch: 80. Train Loss: 2.166690. Patience Count: 12.
Epoch: 81. Train Loss: 1.248621. Patience Count: 13.
Epoch: 82. Train Loss: 0.984689. Patience Count: 14.
Epoch: 83. Train Loss: 1.487119. Patience Count: 15.
Epoch: 84. Train Loss: 0.787180. Patience Count: 16.
Epoch: 85. Train Loss: 0.771921. Patience Count: 17.
Epoch: 86. Train Loss: 0.542571. Patience Count: 18.
Epoch: 87. Train Loss: 0.742104. Patience Count: 19.
Epoch: 88. Train Loss: 1.085172. Patience Count: 20.
Epoch: 89. Train Loss: 1.126405. Patience Count: 21.
Epoch: 90. Train Loss: 1.109709. Patience Count: 22.
Epoch: 91. Train Loss: 1.461935. Patience Count: 23.
Epoch: 92. Train Loss: 1.886097. Patience Count: 24.
Epoch: 93. Train Loss: 2.630288. Patience Count: 25.
Epoch: 94. Train Loss: 2.727635. Patience Count: 26.
Epoch: 95. Train Loss: 2.038511. Patience Count: 27.
Epoch: 96. Train Loss: 2.916312. Patience Count: 28.
Epoch: 97. Train Loss: 1.957948. Patience Count: 29.
Epoch: 98. Train Loss: 1.717157. Patience Count: 30.
Epoch: 99. Train Loss: 1.907225. Patience Count: 31.
Epoch: 100. Train Loss: 1.662706. Patience Count: 32.
Epoch: 101. Train Loss: 0.811306. Patience Count: 33.
Epoch: 102. Train Loss: 0.450486. Patience Count: 34.
Epoch: 103. Train Loss: 0.264300. Patience Count: 35.
Epoch: 104. Train Loss: 0.162278. Patience Count: 36.
Epoch: 105. Train Loss: 0.125696. Patience Count: 37.
Epoch: 106. Train Loss: 0.093122. best-save Patience Count: 0.
Epoch: 107. Train Loss: 0.112670. Patience Count: 1.
Epoch: 108. Train Loss: 0.130806. Patience Count: 2.
Epoch: 109. Train Loss: 0.058709. best-save Patience Count: 0.
Epoch: 110. Train Loss: 0.097970. Patience Count: 1.
Epoch: 111. Train Loss: 0.052762. best-save Patience Count: 0.
Epoch: 112. Train Loss: 0.040344. best-save Patience Count: 0.
Epoch: 113. Train Loss: 0.046235. Patience Count: 1.
Epoch: 114. Train Loss: 0.054906. Patience Count: 2.
Epoch: 115. Train Loss: 0.037540. best-save Patience Count: 0.
Epoch: 116. Train Loss: 0.045923. Patience Count: 1.
Epoch: 117. Train Loss: 0.030978. best-save Patience Count: 0.
Epoch: 118. Train Loss: 0.057295. Patience Count: 1.
Epoch: 119. Train Loss: 0.038014. Patience Count: 2.
Epoch: 120. Train Loss: 0.028827. best-save Patience Count: 0.
Epoch: 121. Train Loss: 0.053645. Patience Count: 1.
Epoch: 122. Train Loss: 0.025941. best-save Patience Count: 0.
Epoch: 123. Train Loss: 0.061446. Patience Count: 1.
Epoch: 124. Train Loss: 0.058900. Patience Count: 2.
Epoch: 125. Train Loss: 0.080725. Patience Count: 3.
Epoch: 126. Train Loss: 0.032045. Patience Count: 4.
Epoch: 127. Train Loss: 0.012570. best-save Patience Count: 0.
Epoch: 128. Train Loss: 0.033972. Patience Count: 1.
Epoch: 129. Train Loss: 0.093231. Patience Count: 2.
Epoch: 130. Train Loss: 0.133515. Patience Count: 3.
Epoch: 131. Train Loss: 0.093511. Patience Count: 4.
Epoch: 132. Train Loss: 0.096593. Patience Count: 5.
Epoch: 133. Train Loss: 0.066569. Patience Count: 6.
Epoch: 134. Train Loss: 0.053301. Patience Count: 7.
Epoch: 135. Train Loss: 0.074866. Patience Count: 8.
Epoch: 136. Train Loss: 0.039406. Patience Count: 9.
Epoch: 137. Train Loss: 0.038576. Patience Count: 10.
Epoch: 138. Train Loss: 0.046695. Patience Count: 11.
Epoch: 139. Train Loss: 0.051005. Patience Count: 12.
Epoch: 140. Train Loss: 0.035082. Patience Count: 13.
Epoch: 141. Train Loss: 0.086510. Patience Count: 14.
Epoch: 142. Train Loss: 0.131306. Patience Count: 15.
Epoch: 143. Train Loss: 0.073039. Patience Count: 16.
Epoch: 144. Train Loss: 0.298639. Patience Count: 17.
Epoch: 145. Train Loss: 0.316935. Patience Count: 18.
Epoch: 146. Train Loss: 0.170150. Patience Count: 19.
Epoch: 147. Train Loss: 0.586938. Patience Count: 20.
Epoch: 148. Train Loss: 0.493982. Patience Count: 21.
Epoch: 149. Train Loss: 0.552500. Patience Count: 22.
Epoch: 150. Train Loss: 0.623410. Patience Count: 23.
Epoch: 151. Train Loss: 0.444351. Patience Count: 24.
Epoch: 152. Train Loss: 0.260791. Patience Count: 25.
Epoch: 153. Train Loss: 0.146211. Patience Count: 26.
Epoch: 154. Train Loss: 0.122313. Patience Count: 27.
Epoch: 155. Train Loss: 0.150354. Patience Count: 28.
Epoch: 156. Train Loss: 0.051471. Patience Count: 29.
Epoch: 157. Train Loss: 0.029965. Patience Count: 30.
Epoch: 158. Train Loss: 0.065409. Patience Count: 31.
Epoch: 159. Train Loss: 0.069782. Patience Count: 32.
Epoch: 160. Train Loss: 0.078510. Patience Count: 33.
Epoch: 161. Train Loss: 0.070443. Patience Count: 34.
Epoch: 162. Train Loss: 0.046066. Patience Count: 35.
Epoch: 163. Train Loss: 0.094560. Patience Count: 36.
Epoch: 164. Train Loss: 0.019750. Patience Count: 37.
Epoch: 165. Train Loss: 0.035858. Patience Count: 38.
Epoch: 166. Train Loss: 0.037483. Patience Count: 39.
Epoch: 167. Train Loss: 0.067916. Patience Count: 40.
Epoch: 168. Train Loss: 0.080108. Patience Count: 41.
Epoch: 169. Train Loss: 0.064175. Patience Count: 42.
Epoch: 170. Train Loss: 0.112571. Patience Count: 43.
Epoch: 171. Train Loss: 0.122295. Patience Count: 44.
Epoch: 172. Train Loss: 0.100880. Patience Count: 45.
Epoch: 173. Train Loss: 0.043038. Patience Count: 46.
Epoch: 174. Train Loss: 0.076286. Patience Count: 47.
Epoch: 175. Train Loss: 0.047190. Patience Count: 48.
Epoch: 176. Train Loss: 0.128612. Patience Count: 49.
Epoch: 177. Train Loss: 0.049605. Patience Count: 50.
Epoch: 178. Train Loss: 0.071399. Patience Count: 51.Stop Early, patience has been running out.
dist.destroy_process_group()
dist.destroy_process_group()
