| distributed init (rank 0): env://, gpu 0
| distributed init (rank 1): env://, gpu 1
world_size: 2, gpu: 0
Using 8 dataloader workers every process
Epoch: 1. Train Loss: 594.411164. best-save Patience Count: 0.
Epoch: 2. Train Loss: 523.647581. best-save Patience Count: 0.
Epoch: 3. Train Loss: 498.578154. best-save Patience Count: 0.
Epoch: 4. Train Loss: 485.799577. best-save Patience Count: 0.
Epoch: 5. Train Loss: 470.619446. best-save Patience Count: 0.
Epoch: 6. Train Loss: 459.939410. best-save Patience Count: 0.
Epoch: 7. Train Loss: 447.828346. best-save Patience Count: 0.
Epoch: 8. Train Loss: 434.816143. best-save Patience Count: 0.
Epoch: 9. Train Loss: 423.528784. best-save Patience Count: 0.
Epoch: 10. Train Loss: 407.757313. best-save Patience Count: 0.
Epoch: 11. Train Loss: 392.807981. best-save Patience Count: 0.
Epoch: 12. Train Loss: 382.676343. best-save Patience Count: 0.
Epoch: 13. Train Loss: 367.794557. best-save Patience Count: 0.
Epoch: 14. Train Loss: 351.717785. best-save Patience Count: 0.
Epoch: 15. Train Loss: 339.679601. best-save Patience Count: 0.
Epoch: 16. Train Loss: 323.318534. best-save Patience Count: 0.
Epoch: 17. Train Loss: 306.556662. best-save Patience Count: 0.
Epoch: 18. Train Loss: 293.206977. best-save Patience Count: 0.
Epoch: 19. Train Loss: 278.301041. best-save Patience Count: 0.
Epoch: 20. Train Loss: 261.883595. best-save Patience Count: 0.
Epoch: 21. Train Loss: 252.038959. best-save Patience Count: 0.
Epoch: 22. Train Loss: 244.095301. best-save Patience Count: 0.
Epoch: 23. Train Loss: 229.940055. best-save Patience Count: 0.
Epoch: 24. Train Loss: 219.034876. best-save Patience Count: 0.
Epoch: 25. Train Loss: 204.794110. best-save Patience Count: 0.
Epoch: 26. Train Loss: 195.270749. best-save Patience Count: 0.
Epoch: 27. Train Loss: 188.542725. best-save Patience Count: 0.
Epoch: 28. Train Loss: 174.520109. best-save Patience Count: 0.
Epoch: 29. Train Loss: 164.951515. best-save Patience Count: 0.
Epoch: 30. Train Loss: 158.203708. best-save Patience Count: 0.
Epoch: 31. Train Loss: 148.438536. best-save Patience Count: 0.
Epoch: 32. Train Loss: 138.187991. best-save Patience Count: 0.
Epoch: 33. Train Loss: 133.946329. best-save Patience Count: 0.
Epoch: 34. Train Loss: 125.846481. best-save Patience Count: 0.
Epoch: 35. Train Loss: 124.861137. best-save Patience Count: 0.
Epoch: 36. Train Loss: 117.708723. best-save Patience Count: 0.
Epoch: 37. Train Loss: 110.755115. best-save Patience Count: 0.
Epoch: 38. Train Loss: 108.478292. best-save Patience Count: 0.
Epoch: 39. Train Loss: 102.865822. best-save Patience Count: 0.
Epoch: 40. Train Loss: 96.492804. best-save Patience Count: 0.
Epoch: 41. Train Loss: 92.445005. best-save Patience Count: 0.
Epoch: 42. Train Loss: 89.527829. best-save Patience Count: 0.
Epoch: 43. Train Loss: 83.028833. best-save Patience Count: 0.
Epoch: 44. Train Loss: 82.952510. best-save Patience Count: 0.
Epoch: 45. Train Loss: 81.403753. best-save Patience Count: 0.
Epoch: 46. Train Loss: 76.027675. best-save Patience Count: 0.
Epoch: 47. Train Loss: 76.774426. Patience Count: 1.
Epoch: 48. Train Loss: 71.299715. best-save Patience Count: 0.
Epoch: 49. Train Loss: 68.378407. best-save Patience Count: 0.
Epoch: 50. Train Loss: 65.205861. best-save Patience Count: 0.
Epoch: 51. Train Loss: 45.503579. best-save Patience Count: 0.
Epoch: 52. Train Loss: 36.959896. best-save Patience Count: 0.
Epoch: 53. Train Loss: 34.690341. best-save Patience Count: 0.
Epoch: 54. Train Loss: 33.220667. best-save Patience Count: 0.
Epoch: 55. Train Loss: 31.603498. best-save Patience Count: 0.
Epoch: 56. Train Loss: 33.049466. Patience Count: 1.
Epoch: 57. Train Loss: 30.654259. best-save Patience Count: 0.
Epoch: 58. Train Loss: 30.864176. Patience Count: 1.
Epoch: 59. Train Loss: 28.391435. best-save Patience Count: 0.
Epoch: 60. Train Loss: 31.898371. Patience Count: 1.
Epoch: 61. Train Loss: 29.632079. Patience Count: 2.
Epoch: 62. Train Loss: 27.795268. best-save Patience Count: 0.
Epoch: 63. Train Loss: 25.313355. best-save Patience Count: 0.
Epoch: 64. Train Loss: 26.255511. Patience Count: 1.
Epoch: 65. Train Loss: 26.109682. Patience Count: 2.
Epoch: 66. Train Loss: 24.600194. best-save Patience Count: 0.
Epoch: 67. Train Loss: 22.892195. best-save Patience Count: 0.
Epoch: 68. Train Loss: 26.326275. Patience Count: 1.
Epoch: 69. Train Loss: 23.479092. Patience Count: 2.
Epoch: 70. Train Loss: 24.872812. Patience Count: 3.
Epoch: 71. Train Loss: 21.496762. best-save Patience Count: 0.
Epoch: 72. Train Loss: 21.312399. best-save Patience Count: 0.
Epoch: 73. Train Loss: 23.361433. Patience Count: 1.
Epoch: 74. Train Loss: 21.773396. Patience Count: 2.
Epoch: 75. Train Loss: 21.566458. Patience Count: 3.
Epoch: 76. Train Loss: 20.522413. best-save Patience Count: 0.
Epoch: 77. Train Loss: 21.152055. Patience Count: 1.
Epoch: 78. Train Loss: 18.094350. best-save Patience Count: 0.
Epoch: 79. Train Loss: 20.135909. Patience Count: 1.
Epoch: 80. Train Loss: 19.174378. Patience Count: 2.
Epoch: 81. Train Loss: 21.235705. Patience Count: 3.
Epoch: 82. Train Loss: 21.188731. Patience Count: 4.
Epoch: 83. Train Loss: 19.682305. Patience Count: 5.
Epoch: 84. Train Loss: 17.631353. best-save Patience Count: 0.
Epoch: 85. Train Loss: 17.380159. best-save Patience Count: 0.
Epoch: 86. Train Loss: 20.221481. Patience Count: 1.
Epoch: 87. Train Loss: 18.927328. Patience Count: 2.
Epoch: 88. Train Loss: 18.608607. Patience Count: 3.
Epoch: 89. Train Loss: 17.843123. Patience Count: 4.
Epoch: 90. Train Loss: 18.063564. Patience Count: 5.
Epoch: 91. Train Loss: 16.240335. best-save Patience Count: 0.
Epoch: 92. Train Loss: 15.352333. best-save Patience Count: 0.
Epoch: 93. Train Loss: 17.931696. Patience Count: 1.
Epoch: 94. Train Loss: 15.550108. Patience Count: 2.
Epoch: 95. Train Loss: 15.420860. Patience Count: 3.
Epoch: 96. Train Loss: 15.545710. Patience Count: 4.
Epoch: 97. Train Loss: 17.158903. Patience Count: 5.
Epoch: 98. Train Loss: 16.575250. Patience Count: 6.
Epoch: 99. Train Loss: 13.210275. best-save Patience Count: 0.
Epoch: 100. Train Loss: 16.478267. Patience Count: 1.
Epoch: 101. Train Loss: 10.602983. best-save Patience Count: 0.
Epoch: 102. Train Loss: 8.835084. best-save Patience Count: 0.
Epoch: 103. Train Loss: 7.688365. best-save Patience Count: 0.
Epoch: 104. Train Loss: 7.649367. best-save Patience Count: 0.
Epoch: 105. Train Loss: 7.412364. best-save Patience Count: 0.
Epoch: 106. Train Loss: 7.434418. Patience Count: 1.
Epoch: 107. Train Loss: 8.494687. Patience Count: 2.
Epoch: 108. Train Loss: 7.612652. Patience Count: 3.
Epoch: 109. Train Loss: 7.389381. best-save Patience Count: 0.
Epoch: 110. Train Loss: 7.881615. Patience Count: 1.
Epoch: 111. Train Loss: 7.950774. Patience Count: 2.
Epoch: 112. Train Loss: 7.524806. Patience Count: 3.
Epoch: 113. Train Loss: 6.817287. best-save Patience Count: 0.
Epoch: 114. Train Loss: 7.493089. Patience Count: 1.
Epoch: 115. Train Loss: 6.590090. best-save Patience Count: 0.
Epoch: 116. Train Loss: 7.614215. Patience Count: 1.
Epoch: 117. Train Loss: 7.856450. Patience Count: 2.
Epoch: 118. Train Loss: 6.903431. Patience Count: 3.
Epoch: 119. Train Loss: 6.785447. Patience Count: 4.
Epoch: 120. Train Loss: 6.592795. Patience Count: 5.
Epoch: 121. Train Loss: 7.826447. Patience Count: 6.
Epoch: 122. Train Loss: 7.240460. Patience Count: 7.
Epoch: 123. Train Loss: 7.500946. Patience Count: 8.
Epoch: 124. Train Loss: 7.266541. Patience Count: 9.
Epoch: 125. Train Loss: 6.738191. Patience Count: 10.
Epoch: 126. Train Loss: 7.609951. Patience Count: 11.
Epoch: 127. Train Loss: 7.344865. Patience Count: 12.
Epoch: 128. Train Loss: 5.890254. best-save Patience Count: 0.
Epoch: 129. Train Loss: 5.546892. best-save Patience Count: 0.
Epoch: 130. Train Loss: 7.090574. Patience Count: 1.
Epoch: 131. Train Loss: 6.716114. Patience Count: 2.
Epoch: 132. Train Loss: 6.077242. Patience Count: 3.
Epoch: 133. Train Loss: 5.881003. Patience Count: 4.
Epoch: 134. Train Loss: 6.309739. Patience Count: 5.
Epoch: 135. Train Loss: 8.020702. Patience Count: 6.
Epoch: 136. Train Loss: 5.835196. Patience Count: 7.
Epoch: 137. Train Loss: 6.393873. Patience Count: 8.
Epoch: 138. Train Loss: 6.016683. Patience Count: 9.
Epoch: 139. Train Loss: 7.063278. Patience Count: 10.
Epoch: 140. Train Loss: 6.244360. Patience Count: 11.
Epoch: 141. Train Loss: 6.451584. Patience Count: 12.
Epoch: 142. Train Loss: 6.368462. Patience Count: 13.
Epoch: 143. Train Loss: 5.945753. Patience Count: 14.
Epoch: 144. Train Loss: 6.410733. Patience Count: 15.
Epoch: 145. Train Loss: 5.707218. Patience Count: 16.
Epoch: 146. Train Loss: 5.343990. best-save Patience Count: 0.
Epoch: 147. Train Loss: 6.036400. Patience Count: 1.
Epoch: 148. Train Loss: 5.685836. Patience Count: 2.
Epoch: 149. Train Loss: 5.870993. Patience Count: 3.
Epoch: 150. Train Loss: 6.291900. Patience Count: 4.
Epoch: 151. Train Loss: 4.248159. best-save Patience Count: 0.
Epoch: 152. Train Loss: 4.433664. Patience Count: 1.
Epoch: 153. Train Loss: 3.518818. best-save Patience Count: 0.
Epoch: 154. Train Loss: 3.865118. Patience Count: 1.
Epoch: 155. Train Loss: 3.461948. best-save Patience Count: 0.
Epoch: 156. Train Loss: 4.225182. Patience Count: 1.
Epoch: 157. Train Loss: 3.497028. Patience Count: 2.
Epoch: 158. Train Loss: 2.781804. best-save Patience Count: 0.
Epoch: 159. Train Loss: 2.259311. best-save Patience Count: 0.
Epoch: 160. Train Loss: 3.224170. Patience Count: 1.
Epoch: 161. Train Loss: 2.857472. Patience Count: 2.
Epoch: 162. Train Loss: 3.522469. Patience Count: 3.
Epoch: 163. Train Loss: 3.648105. Patience Count: 4.
Epoch: 164. Train Loss: 3.192858. Patience Count: 5.
Epoch: 165. Train Loss: 3.574149. Patience Count: 6.
Epoch: 166. Train Loss: 3.214555. Patience Count: 7.
Epoch: 167. Train Loss: 3.920300. Patience Count: 8.
Epoch: 168. Train Loss: 3.351688. Patience Count: 9.
Epoch: 169. Train Loss: 2.796841. Patience Count: 10.
Epoch: 170. Train Loss: 4.113016. Patience Count: 11.
Epoch: 171. Train Loss: 3.295287. Patience Count: 12.
Epoch: 172. Train Loss: 3.613223. Patience Count: 13.
Epoch: 173. Train Loss: 3.302689. Patience Count: 14.
Epoch: 174. Train Loss: 2.627383. Patience Count: 15.
Epoch: 175. Train Loss: 2.887435. Patience Count: 16.
Epoch: 176. Train Loss: 2.699673. Patience Count: 17.
Epoch: 177. Train Loss: 3.376405. Patience Count: 18.
Epoch: 178. Train Loss: 2.233099. best-save Patience Count: 0.
Epoch: 179. Train Loss: 3.718335. Patience Count: 1.
Epoch: 180. Train Loss: 4.244847. Patience Count: 2.
Epoch: 181. Train Loss: 3.096567. Patience Count: 3.
Epoch: 182. Train Loss: 3.375867. Patience Count: 4.
Epoch: 183. Train Loss: 2.963737. Patience Count: 5.
Epoch: 184. Train Loss: 2.798373. Patience Count: 6.
Epoch: 185. Train Loss: 3.362953. Patience Count: 7.
Epoch: 186. Train Loss: 3.077325. Patience Count: 8.
Epoch: 187. Train Loss: 3.274827. Patience Count: 9.
Epoch: 188. Train Loss: 3.125393. Patience Count: 10.
Epoch: 189. Train Loss: 2.791472. Patience Count: 11.
Epoch: 190. Train Loss: 2.784624. Patience Count: 12.
Epoch: 191. Train Loss: 3.214895. Patience Count: 13.
Epoch: 192. Train Loss: 2.448814. Patience Count: 14.
Epoch: 193. Train Loss: 3.500131. Patience Count: 15.
Epoch: 194. Train Loss: 2.966521. Patience Count: 16.
Epoch: 195. Train Loss: 3.081438. Patience Count: 17.
Epoch: 196. Train Loss: 2.976379. Patience Count: 18.
Epoch: 197. Train Loss: 2.812595. Patience Count: 19.
Epoch: 198. Train Loss: 2.305950. Patience Count: 20.
Epoch: 199. Train Loss: 2.713767. Patience Count: 21.
Epoch: 200. Train Loss: 3.212339. Patience Count: 22.
Epoch: 201. Train Loss: 2.637294. Patience Count: 23.
Epoch: 202. Train Loss: 2.830628. Patience Count: 24.
Epoch: 203. Train Loss: 2.463422. Patience Count: 25.
Epoch: 204. Train Loss: 2.330453. Patience Count: 26.
Epoch: 205. Train Loss: 2.320279. Patience Count: 27.
Epoch: 206. Train Loss: 2.622848. Patience Count: 28.
Epoch: 207. Train Loss: 1.867573. best-save Patience Count: 0.
Epoch: 208. Train Loss: 2.613804. Patience Count: 1.
Epoch: 209. Train Loss: 2.362989. Patience Count: 2.
Epoch: 210. Train Loss: 2.045922. Patience Count: 3.
Epoch: 211. Train Loss: 2.198589. Patience Count: 4.
Epoch: 212. Train Loss: 2.324678. Patience Count: 5.
Epoch: 213. Train Loss: 2.274632. Patience Count: 6.
Epoch: 214. Train Loss: 1.737071. best-save Patience Count: 0.
Epoch: 215. Train Loss: 1.634979. best-save Patience Count: 0.
Epoch: 216. Train Loss: 1.613671. best-save Patience Count: 0.
Epoch: 217. Train Loss: 2.832230. Patience Count: 1.
Epoch: 218. Train Loss: 1.930637. Patience Count: 2.
Epoch: 219. Train Loss: 1.637793. Patience Count: 3.
Epoch: 220. Train Loss: 1.706075. Patience Count: 4.
Epoch: 221. Train Loss: 1.473267. best-save Patience Count: 0.
Epoch: 222. Train Loss: 1.745505. Patience Count: 1.
Epoch: 223. Train Loss: 1.861636. Patience Count: 2.
Epoch: 224. Train Loss: 2.037208. Patience Count: 3.
Epoch: 225. Train Loss: 1.581040. Patience Count: 4.
Epoch: 226. Train Loss: 1.929252. Patience Count: 5.
Epoch: 227. Train Loss: 1.391597. best-save Patience Count: 0.
Epoch: 228. Train Loss: 1.827661. Patience Count: 1.
Epoch: 229. Train Loss: 2.015870. Patience Count: 2.
Epoch: 230. Train Loss: 1.819225. Patience Count: 3.
Epoch: 231. Train Loss: 2.490302. Patience Count: 4.
Epoch: 232. Train Loss: 1.915687. Patience Count: 5.
Epoch: 233. Train Loss: 2.119976. Patience Count: 6.
Epoch: 234. Train Loss: 1.728773. Patience Count: 7.
Epoch: 235. Train Loss: 2.098215. Patience Count: 8.
Epoch: 236. Train Loss: 1.926315. Patience Count: 9.
Epoch: 237. Train Loss: 2.000031. Patience Count: 10.
Epoch: 238. Train Loss: 2.042972. Patience Count: 11.
Epoch: 239. Train Loss: 2.104571. Patience Count: 12.
Epoch: 240. Train Loss: 1.351453. best-save Patience Count: 0.
Epoch: 241. Train Loss: 1.465796. Patience Count: 1.
Epoch: 242. Train Loss: 1.915051. Patience Count: 2.
Epoch: 243. Train Loss: 1.678046. Patience Count: 3.
Epoch: 244. Train Loss: 2.218788. Patience Count: 4.
Epoch: 245. Train Loss: 1.929237. Patience Count: 5.
Epoch: 246. Train Loss: 2.080040. Patience Count: 6.
Epoch: 247. Train Loss: 2.230979. Patience Count: 7.
Epoch: 248. Train Loss: 1.993745. Patience Count: 8.
Epoch: 249. Train Loss: 1.414312. Patience Count: 9.
Epoch: 250. Train Loss: 1.846843. Patience Count: 10.
Epoch: 251. Train Loss: 1.899864. Patience Count: 11.
Epoch: 252. Train Loss: 1.841100. Patience Count: 12.
Epoch: 253. Train Loss: 1.755725. Patience Count: 13.
Epoch: 254. Train Loss: 1.265349. best-save Patience Count: 0.
Epoch: 255. Train Loss: 1.679353. Patience Count: 1.
Epoch: 256. Train Loss: 1.772998. Patience Count: 2.
Epoch: 257. Train Loss: 1.451472. Patience Count: 3.
Epoch: 258. Train Loss: 1.302002. Patience Count: 4.
Epoch: 259. Train Loss: 1.235665. best-save Patience Count: 0.
Epoch: 260. Train Loss: 1.553639. Patience Count: 1.
Epoch: 261. Train Loss: 1.128206. best-save Patience Count: 0.
Epoch: 262. Train Loss: 1.466940. Patience Count: 1.
Epoch: 263. Train Loss: 1.487234. Patience Count: 2.
Epoch: 264. Train Loss: 1.834430. Patience Count: 3.
Epoch: 265. Train Loss: 2.244244. Patience Count: 4.
Epoch: 266. Train Loss: 1.302910. Patience Count: 5.
Epoch: 267. Train Loss: 1.516816. Patience Count: 6.
Epoch: 268. Train Loss: 1.490375. Patience Count: 7.
Epoch: 269. Train Loss: 1.682865. Patience Count: 8.
Epoch: 270. Train Loss: 1.420968. Patience Count: 9.
Epoch: 271. Train Loss: 1.115667. best-save Patience Count: 0.
Epoch: 272. Train Loss: 1.409556. Patience Count: 1.
Epoch: 273. Train Loss: 1.357843. Patience Count: 2.
Epoch: 274. Train Loss: 1.164503. Patience Count: 3.
Epoch: 275. Train Loss: 1.207535. Patience Count: 4.
Epoch: 276. Train Loss: 1.054104. best-save Patience Count: 0.
Epoch: 277. Train Loss: 1.482470. Patience Count: 1.
Epoch: 278. Train Loss: 1.760792. Patience Count: 2.
Epoch: 279. Train Loss: 1.459046. Patience Count: 3.
Epoch: 280. Train Loss: 1.322085. Patience Count: 4.
Epoch: 281. Train Loss: 1.493795. Patience Count: 5.
Epoch: 282. Train Loss: 1.207691. Patience Count: 6.
Epoch: 283. Train Loss: 1.320316. Patience Count: 7.
Epoch: 284. Train Loss: 0.870345. best-save Patience Count: 0.
Epoch: 285. Train Loss: 1.306024. Patience Count: 1.
Epoch: 286. Train Loss: 1.398329. Patience Count: 2.
Epoch: 287. Train Loss: 1.519109. Patience Count: 3.
Epoch: 288. Train Loss: 1.807723. Patience Count: 4.
Epoch: 289. Train Loss: 1.485282. Patience Count: 5.
Epoch: 290. Train Loss: 1.039347. Patience Count: 6.
Epoch: 291. Train Loss: 1.660173. Patience Count: 7.
Epoch: 292. Train Loss: 1.415455. Patience Count: 8.
Epoch: 293. Train Loss: 1.140313. Patience Count: 9.
Epoch: 294. Train Loss: 1.139105. Patience Count: 10.
Epoch: 295. Train Loss: 1.226496. Patience Count: 11.
Epoch: 296. Train Loss: 1.151490. Patience Count: 12.
Epoch: 297. Train Loss: 1.463513. Patience Count: 13.
Epoch: 298. Train Loss: 1.002972. Patience Count: 14.
Epoch: 299. Train Loss: 0.958278. Patience Count: 15.
Epoch: 300. Train Loss: 1.223692. Patience Count: 16.
Epoch: 301. Train Loss: 0.994577. Patience Count: 17.
Epoch: 302. Train Loss: 1.831926. Patience Count: 18.
Epoch: 303. Train Loss: 1.420936. Patience Count: 19.
Epoch: 304. Train Loss: 1.010157. Patience Count: 20.
Epoch: 305. Train Loss: 1.103364. Patience Count: 21.
Epoch: 306. Train Loss: 1.304110. Patience Count: 22.
Epoch: 307. Train Loss: 1.471048. Patience Count: 23.
Epoch: 308. Train Loss: 1.251151. Patience Count: 24.
Epoch: 309. Train Loss: 1.194771. Patience Count: 25.
Epoch: 310. Train Loss: 0.950779. Patience Count: 26.
Epoch: 311. Train Loss: 1.201318. Patience Count: 27.
Epoch: 312. Train Loss: 1.239359. Patience Count: 28.
Epoch: 313. Train Loss: 1.007647. Patience Count: 29.
Epoch: 314. Train Loss: 1.401302. Patience Count: 30.
Epoch: 315. Train Loss: 1.321156. Patience Count: 31.
Epoch: 316. Train Loss: 1.165186. Patience Count: 32.
Epoch: 317. Train Loss: 0.856100. best-save Patience Count: 0.
Epoch: 318. Train Loss: 1.054496. Patience Count: 1.
Epoch: 319. Train Loss: 0.958722. Patience Count: 2.
Epoch: 320. Train Loss: 1.157767. Patience Count: 3.
Epoch: 321. Train Loss: 0.967056. Patience Count: 4.
Epoch: 322. Train Loss: 1.626725. Patience Count: 5.
Epoch: 323. Train Loss: 1.508559. Patience Count: 6.
Epoch: 324. Train Loss: 1.058125. Patience Count: 7.
Epoch: 325. Train Loss: 0.555739. best-save Patience Count: 0.
Epoch: 326. Train Loss: 0.799927. Patience Count: 1.
Epoch: 327. Train Loss: 1.208671. Patience Count: 2.
Epoch: 328. Train Loss: 1.239855. Patience Count: 3.
Epoch: 329. Train Loss: 1.309787. Patience Count: 4.
Epoch: 330. Train Loss: 1.106236. Patience Count: 5.
Epoch: 331. Train Loss: 0.526703. best-save Patience Count: 0.
Epoch: 332. Train Loss: 1.224961. Patience Count: 1.
Epoch: 333. Train Loss: 1.351536. Patience Count: 2.
Epoch: 334. Train Loss: 1.183495. Patience Count: 3.
Epoch: 335. Train Loss: 1.279426. Patience Count: 4.
Epoch: 336. Train Loss: 1.273144. Patience Count: 5.
Epoch: 337. Train Loss: 1.291433. Patience Count: 6.
Epoch: 338. Train Loss: 0.997614. Patience Count: 7.
Epoch: 339. Train Loss: 1.367381. Patience Count: 8.
Epoch: 340. Train Loss: 0.826015. Patience Count: 9.
Epoch: 341. Train Loss: 1.133202. Patience Count: 10.
Epoch: 342. Train Loss: 1.119553. Patience Count: 11.
Epoch: 343. Train Loss: 1.441643. Patience Count: 12.
Epoch: 344. Train Loss: 0.916493. Patience Count: 13.
Epoch: 345. Train Loss: 0.942148. Patience Count: 14.
Epoch: 346. Train Loss: 0.822899. Patience Count: 15.
Epoch: 347. Train Loss: 1.508448. Patience Count: 16.
Epoch: 348. Train Loss: 1.330332. Patience Count: 17.
Epoch: 349. Train Loss: 1.024543. Patience Count: 18.
Epoch: 350. Train Loss: 1.247107. Patience Count: 19.
Epoch: 351. Train Loss: 1.140949. Patience Count: 20.
Epoch: 352. Train Loss: 1.117385. Patience Count: 21.
Epoch: 353. Train Loss: 0.874065. Patience Count: 22.
Epoch: 354. Train Loss: 1.354595. Patience Count: 23.
Epoch: 355. Train Loss: 0.809383. Patience Count: 24.
Epoch: 356. Train Loss: 0.992669. Patience Count: 25.
Epoch: 357. Train Loss: 1.379893. Patience Count: 26.
Epoch: 358. Train Loss: 1.152462. Patience Count: 27.
Epoch: 359. Train Loss: 1.176701. Patience Count: 28.
Epoch: 360. Train Loss: 0.934066. Patience Count: 29.
Epoch: 361. Train Loss: 0.984114. Patience Count: 30.
Epoch: 362. Train Loss: 1.004033. Patience Count: 31.
Epoch: 363. Train Loss: 1.033584. Patience Count: 32.
Epoch: 364. Train Loss: 1.490092. Patience Count: 33.
Epoch: 365. Train Loss: 1.073184. Patience Count: 34.
Epoch: 366. Train Loss: 1.065542. Patience Count: 35.
Epoch: 367. Train Loss: 1.262767. Patience Count: 36.
Epoch: 368. Train Loss: 0.887968. Patience Count: 37.
Epoch: 369. Train Loss: 1.078749. Patience Count: 38.
Epoch: 370. Train Loss: 1.346201. Patience Count: 39.
Epoch: 371. Train Loss: 0.927434. Patience Count: 40.
Epoch: 372. Train Loss: 1.032134. Patience Count: 41.
Epoch: 373. Train Loss: 0.816196. Patience Count: 42.
Epoch: 374. Train Loss: 0.721311. Patience Count: 43.
Epoch: 375. Train Loss: 0.861842. Patience Count: 44.
Epoch: 376. Train Loss: 0.854044. Patience Count: 45.
Epoch: 377. Train Loss: 1.158728. Patience Count: 46.
Epoch: 378. Train Loss: 0.885861. Patience Count: 47.
Epoch: 379. Train Loss: 0.884985. Patience Count: 48.
Epoch: 380. Train Loss: 0.748234. Patience Count: 49.
Epoch: 381. Train Loss: 1.181892. Patience Count: 50.
Epoch: 382. Train Loss: 0.721852. Patience Count: 51.
Epoch: 383. Train Loss: 0.920722. Patience Count: 52.
Epoch: 384. Train Loss: 1.223435. Patience Count: 53.
Epoch: 385. Train Loss: 1.115546. Patience Count: 54.
Epoch: 386. Train Loss: 0.936381. Patience Count: 55.
Epoch: 387. Train Loss: 1.457298. Patience Count: 56.
Epoch: 388. Train Loss: 1.306896. Patience Count: 57.
Epoch: 389. Train Loss: 1.027226. Patience Count: 58.
Epoch: 390. Train Loss: 1.518682. Patience Count: 59.
Epoch: 391. Train Loss: 0.925765. Patience Count: 60.
Epoch: 392. Train Loss: 0.995646. Patience Count: 61.
Epoch: 393. Train Loss: 1.258171. Patience Count: 62.
Epoch: 394. Train Loss: 1.629260. Patience Count: 63.
Epoch: 395. Train Loss: 0.884445. Patience Count: 64.
Epoch: 396. Train Loss: 1.183169. Patience Count: 65.
Epoch: 397. Train Loss: 1.401184. Patience Count: 66.
Epoch: 398. Train Loss: 1.475364. Patience Count: 67.
Epoch: 399. Train Loss: 1.037885. Patience Count: 68.
Epoch: 400. Train Loss: 0.849301. Patience Count: 69.
Epoch: 401. Train Loss: 1.091866. Patience Count: 70.
Epoch: 402. Train Loss: 0.993840. Patience Count: 71.
Epoch: 403. Train Loss: 1.159544. Patience Count: 72.
Epoch: 404. Train Loss: 0.723993. Patience Count: 73.
Epoch: 405. Train Loss: 0.930364. Patience Count: 74.
Epoch: 406. Train Loss: 0.694871. Patience Count: 75.
Epoch: 407. Train Loss: 1.203430. Patience Count: 76.
Epoch: 408. Train Loss: 0.805124. Patience Count: 77.
Epoch: 409. Train Loss: 0.551683. Patience Count: 78.
Epoch: 410. Train Loss: 0.972405. Patience Count: 79.
Epoch: 411. Train Loss: 1.029039. Patience Count: 80.
dist.destroy_process_group()
Epoch: 412. Train Loss: 1.114202. Patience Count: 81.Stop Early, patience has been running out.
dist.destroy_process_group()
