| distributed init (rank 1): env://, gpu 1
| distributed init (rank 0): env://, gpu 0
world_size: 2, gpu: 0
Using 8 dataloader workers every process
Epoch: 1. Train Loss: 315.588741. best-save Patience Count: 0.
Epoch: 2. Train Loss: 274.771364. best-save Patience Count: 0.
Epoch: 3. Train Loss: 258.428347. best-save Patience Count: 0.
Epoch: 4. Train Loss: 253.028722. best-save Patience Count: 0.
Epoch: 5. Train Loss: 241.519287. best-save Patience Count: 0.
Epoch: 6. Train Loss: 236.122246. best-save Patience Count: 0.
Epoch: 7. Train Loss: 231.653026. best-save Patience Count: 0.
Epoch: 8. Train Loss: 228.330124. best-save Patience Count: 0.
Epoch: 9. Train Loss: 221.725649. best-save Patience Count: 0.
Epoch: 10. Train Loss: 214.248125. best-save Patience Count: 0.
Epoch: 11. Train Loss: 207.254852. best-save Patience Count: 0.
Epoch: 12. Train Loss: 201.488832. best-save Patience Count: 0.
Epoch: 13. Train Loss: 194.213660. best-save Patience Count: 0.
Epoch: 14. Train Loss: 188.462446. best-save Patience Count: 0.
Epoch: 15. Train Loss: 180.132165. best-save Patience Count: 0.
Epoch: 16. Train Loss: 170.552259. best-save Patience Count: 0.
Epoch: 17. Train Loss: 161.700588. best-save Patience Count: 0.
Epoch: 18. Train Loss: 157.223774. best-save Patience Count: 0.
Epoch: 19. Train Loss: 150.590576. best-save Patience Count: 0.
Epoch: 20. Train Loss: 141.080658. best-save Patience Count: 0.
Epoch: 21. Train Loss: 134.496273. best-save Patience Count: 0.
Epoch: 22. Train Loss: 124.859608. best-save Patience Count: 0.
Epoch: 23. Train Loss: 120.220265. best-save Patience Count: 0.
Epoch: 24. Train Loss: 115.338773. best-save Patience Count: 0.
Epoch: 25. Train Loss: 108.681881. best-save Patience Count: 0.
Epoch: 26. Train Loss: 100.104235. best-save Patience Count: 0.
Epoch: 27. Train Loss: 98.024952. best-save Patience Count: 0.
Epoch: 28. Train Loss: 90.836120. best-save Patience Count: 0.
Epoch: 29. Train Loss: 84.124997. best-save Patience Count: 0.
Epoch: 30. Train Loss: 81.587619. best-save Patience Count: 0.
Epoch: 31. Train Loss: 76.669099. best-save Patience Count: 0.
Epoch: 32. Train Loss: 74.308706. best-save Patience Count: 0.
Epoch: 33. Train Loss: 68.147780. best-save Patience Count: 0.
Epoch: 34. Train Loss: 67.613699. best-save Patience Count: 0.
Epoch: 35. Train Loss: 61.199593. best-save Patience Count: 0.
Epoch: 36. Train Loss: 64.200885. Patience Count: 1.
Epoch: 37. Train Loss: 56.028889. best-save Patience Count: 0.
Epoch: 38. Train Loss: 54.178099. best-save Patience Count: 0.
Epoch: 39. Train Loss: 54.043197. best-save Patience Count: 0.
Epoch: 40. Train Loss: 51.143796. best-save Patience Count: 0.
Epoch: 41. Train Loss: 46.993193. best-save Patience Count: 0.
Epoch: 42. Train Loss: 46.446233. best-save Patience Count: 0.
Epoch: 43. Train Loss: 43.128981. best-save Patience Count: 0.
Epoch: 44. Train Loss: 45.843568. Patience Count: 1.
Epoch: 45. Train Loss: 39.100003. best-save Patience Count: 0.
Epoch: 46. Train Loss: 37.733161. best-save Patience Count: 0.
Epoch: 47. Train Loss: 39.089395. Patience Count: 1.
Epoch: 48. Train Loss: 34.052467. best-save Patience Count: 0.
Epoch: 49. Train Loss: 36.500455. Patience Count: 1.
Epoch: 50. Train Loss: 30.985469. best-save Patience Count: 0.
Epoch: 51. Train Loss: 21.323439. best-save Patience Count: 0.
Epoch: 52. Train Loss: 14.545814. best-save Patience Count: 0.
Epoch: 53. Train Loss: 13.480697. best-save Patience Count: 0.
Epoch: 54. Train Loss: 12.958955. best-save Patience Count: 0.
Epoch: 55. Train Loss: 12.144233. best-save Patience Count: 0.
Epoch: 56. Train Loss: 12.101822. best-save Patience Count: 0.
Epoch: 57. Train Loss: 13.196565. Patience Count: 1.
Epoch: 58. Train Loss: 11.907349. best-save Patience Count: 0.
Epoch: 59. Train Loss: 11.373211. best-save Patience Count: 0.
Epoch: 60. Train Loss: 12.122116. Patience Count: 1.
Epoch: 61. Train Loss: 12.302129. Patience Count: 2.
Epoch: 62. Train Loss: 10.485428. best-save Patience Count: 0.
Epoch: 63. Train Loss: 12.110334. Patience Count: 1.
Epoch: 64. Train Loss: 10.684168. Patience Count: 2.
Epoch: 65. Train Loss: 9.845615. best-save Patience Count: 0.
Epoch: 66. Train Loss: 9.887706. Patience Count: 1.
Epoch: 67. Train Loss: 9.487781. best-save Patience Count: 0.
Epoch: 68. Train Loss: 10.012028. Patience Count: 1.
Epoch: 69. Train Loss: 12.017199. Patience Count: 2.
Epoch: 70. Train Loss: 10.182918. Patience Count: 3.
Epoch: 71. Train Loss: 9.636246. Patience Count: 4.
Epoch: 72. Train Loss: 8.665557. best-save Patience Count: 0.
Epoch: 73. Train Loss: 9.881217. Patience Count: 1.
Epoch: 74. Train Loss: 7.277002. best-save Patience Count: 0.
Epoch: 75. Train Loss: 9.153607. Patience Count: 1.
Epoch: 76. Train Loss: 9.840085. Patience Count: 2.
Epoch: 77. Train Loss: 11.196416. Patience Count: 3.
Epoch: 78. Train Loss: 7.893074. Patience Count: 4.
Epoch: 79. Train Loss: 9.662488. Patience Count: 5.
Epoch: 80. Train Loss: 9.155757. Patience Count: 6.
Epoch: 81. Train Loss: 6.658079. best-save Patience Count: 0.
Epoch: 82. Train Loss: 8.172815. Patience Count: 1.
Epoch: 83. Train Loss: 6.804785. Patience Count: 2.
Epoch: 84. Train Loss: 9.084048. Patience Count: 3.
Epoch: 85. Train Loss: 8.486175. Patience Count: 4.
Epoch: 86. Train Loss: 8.478147. Patience Count: 5.
Epoch: 87. Train Loss: 8.535226. Patience Count: 6.
Epoch: 88. Train Loss: 7.662587. Patience Count: 7.
Epoch: 89. Train Loss: 7.238360. Patience Count: 8.
Epoch: 90. Train Loss: 5.985530. best-save Patience Count: 0.
Epoch: 91. Train Loss: 4.938104. best-save Patience Count: 0.
Epoch: 92. Train Loss: 8.195875. Patience Count: 1.
Epoch: 93. Train Loss: 8.292756. Patience Count: 2.
Epoch: 94. Train Loss: 7.571149. Patience Count: 3.
Epoch: 95. Train Loss: 7.421408. Patience Count: 4.
Epoch: 96. Train Loss: 7.352145. Patience Count: 5.
Epoch: 97. Train Loss: 7.920515. Patience Count: 6.
Epoch: 98. Train Loss: 7.690492. Patience Count: 7.
Epoch: 99. Train Loss: 9.522190. Patience Count: 8.
Epoch: 100. Train Loss: 8.089027. Patience Count: 9.
Epoch: 101. Train Loss: 3.505401. best-save Patience Count: 0.
Epoch: 102. Train Loss: 1.677663. best-save Patience Count: 0.
Epoch: 103. Train Loss: 1.742550. Patience Count: 1.
Epoch: 104. Train Loss: 1.335658. best-save Patience Count: 0.
Epoch: 105. Train Loss: 1.394287. Patience Count: 1.
Epoch: 106. Train Loss: 1.184709. best-save Patience Count: 0.
Epoch: 107. Train Loss: 0.991212. best-save Patience Count: 0.
Epoch: 108. Train Loss: 1.571541. Patience Count: 1.
Epoch: 109. Train Loss: 1.349050. Patience Count: 2.
Epoch: 110. Train Loss: 1.040134. Patience Count: 3.
Epoch: 111. Train Loss: 0.958317. best-save Patience Count: 0.
Epoch: 112. Train Loss: 0.891986. best-save Patience Count: 0.
Epoch: 113. Train Loss: 1.640056. Patience Count: 1.
Epoch: 114. Train Loss: 2.426917. Patience Count: 2.
Epoch: 115. Train Loss: 2.242058. Patience Count: 3.
Epoch: 116. Train Loss: 1.939544. Patience Count: 4.
Epoch: 117. Train Loss: 1.708951. Patience Count: 5.
Epoch: 118. Train Loss: 1.852698. Patience Count: 6.
Epoch: 119. Train Loss: 1.267160. Patience Count: 7.
Epoch: 120. Train Loss: 2.365617. Patience Count: 8.
Epoch: 121. Train Loss: 2.934909. Patience Count: 9.
Epoch: 122. Train Loss: 2.895939. Patience Count: 10.
Epoch: 123. Train Loss: 2.268399. Patience Count: 11.
Epoch: 124. Train Loss: 1.799074. Patience Count: 12.
Epoch: 125. Train Loss: 1.677504. Patience Count: 13.
Epoch: 126. Train Loss: 1.501368. Patience Count: 14.
Epoch: 127. Train Loss: 2.342408. Patience Count: 15.
Epoch: 128. Train Loss: 2.250973. Patience Count: 16.
Epoch: 129. Train Loss: 1.555179. Patience Count: 17.
Epoch: 130. Train Loss: 1.964031. Patience Count: 18.
Epoch: 131. Train Loss: 1.482910. Patience Count: 19.
Epoch: 132. Train Loss: 1.763257. Patience Count: 20.
Epoch: 133. Train Loss: 0.951602. Patience Count: 21.
Epoch: 134. Train Loss: 1.918565. Patience Count: 22.
Epoch: 135. Train Loss: 2.797569. Patience Count: 23.
Epoch: 136. Train Loss: 2.997577. Patience Count: 24.
Epoch: 137. Train Loss: 3.171669. Patience Count: 25.
Epoch: 138. Train Loss: 2.436510. Patience Count: 26.
Epoch: 139. Train Loss: 2.480828. Patience Count: 27.
Epoch: 140. Train Loss: 2.257367. Patience Count: 28.
Epoch: 141. Train Loss: 3.134829. Patience Count: 29.
Epoch: 142. Train Loss: 2.365407. Patience Count: 30.
Epoch: 143. Train Loss: 2.106255. Patience Count: 31.
Epoch: 144. Train Loss: 2.203034. Patience Count: 32.
Epoch: 145. Train Loss: 2.492794. Patience Count: 33.
Epoch: 146. Train Loss: 2.147686. Patience Count: 34.
Epoch: 147. Train Loss: 1.398611. Patience Count: 35.
Epoch: 148. Train Loss: 2.590777. Patience Count: 36.
Epoch: 149. Train Loss: 1.911673. Patience Count: 37.
Epoch: 150. Train Loss: 2.032565. Patience Count: 38.
Epoch: 151. Train Loss: 1.041350. Patience Count: 39.
Epoch: 152. Train Loss: 0.534639. best-save Patience Count: 0.
Epoch: 153. Train Loss: 0.510131. best-save Patience Count: 0.
Epoch: 154. Train Loss: 0.273637. best-save Patience Count: 0.
Epoch: 155. Train Loss: 0.354408. Patience Count: 1.
Epoch: 156. Train Loss: 0.379965. Patience Count: 2.
Epoch: 157. Train Loss: 0.471680. Patience Count: 3.
Epoch: 158. Train Loss: 0.240446. best-save Patience Count: 0.
Epoch: 159. Train Loss: 0.239765. best-save Patience Count: 0.
Epoch: 160. Train Loss: 0.199120. best-save Patience Count: 0.
Epoch: 161. Train Loss: 0.251564. Patience Count: 1.
Epoch: 162. Train Loss: 0.170012. best-save Patience Count: 0.
Epoch: 163. Train Loss: 0.477690. Patience Count: 1.
Epoch: 164. Train Loss: 0.270793. Patience Count: 2.
Epoch: 165. Train Loss: 0.194270. Patience Count: 3.
Epoch: 166. Train Loss: 0.410228. Patience Count: 4.
Epoch: 167. Train Loss: 0.705072. Patience Count: 5.
Epoch: 168. Train Loss: 0.489413. Patience Count: 6.
Epoch: 169. Train Loss: 0.293826. Patience Count: 7.
Epoch: 170. Train Loss: 0.383879. Patience Count: 8.
Epoch: 171. Train Loss: 0.150312. best-save Patience Count: 0.
Epoch: 172. Train Loss: 0.160818. Patience Count: 1.
Epoch: 173. Train Loss: 0.385649. Patience Count: 2.
Epoch: 174. Train Loss: 0.393179. Patience Count: 3.
Epoch: 175. Train Loss: 0.458049. Patience Count: 4.
Epoch: 176. Train Loss: 0.712987. Patience Count: 5.
Epoch: 177. Train Loss: 0.760797. Patience Count: 6.
Epoch: 178. Train Loss: 0.914883. Patience Count: 7.
Epoch: 179. Train Loss: 1.394174. Patience Count: 8.
Epoch: 180. Train Loss: 1.483732. Patience Count: 9.
Epoch: 181. Train Loss: 0.526442. Patience Count: 10.
Epoch: 182. Train Loss: 0.292545. Patience Count: 11.
Epoch: 183. Train Loss: 0.665698. Patience Count: 12.
Epoch: 184. Train Loss: 0.515276. Patience Count: 13.
Epoch: 185. Train Loss: 0.723150. Patience Count: 14.
Epoch: 186. Train Loss: 0.809594. Patience Count: 15.
Epoch: 187. Train Loss: 0.577003. Patience Count: 16.
Epoch: 188. Train Loss: 0.835144. Patience Count: 17.
Epoch: 189. Train Loss: 1.368324. Patience Count: 18.
Epoch: 190. Train Loss: 1.238203. Patience Count: 19.
Epoch: 191. Train Loss: 0.697016. Patience Count: 20.
Epoch: 192. Train Loss: 1.364241. Patience Count: 21.
Epoch: 193. Train Loss: 1.000367. Patience Count: 22.
Epoch: 194. Train Loss: 0.626397. Patience Count: 23.
Epoch: 195. Train Loss: 0.352136. Patience Count: 24.
Epoch: 196. Train Loss: 0.618605. Patience Count: 25.
Epoch: 197. Train Loss: 1.219360. Patience Count: 26.
Epoch: 198. Train Loss: 0.805899. Patience Count: 27.
Epoch: 199. Train Loss: 0.898224. Patience Count: 28.
Epoch: 200. Train Loss: 0.381636. Patience Count: 29.
Epoch: 201. Train Loss: 0.383018. Patience Count: 30.
Epoch: 202. Train Loss: 0.249204. Patience Count: 31.
Epoch: 203. Train Loss: 0.121939. best-save Patience Count: 0.
Epoch: 204. Train Loss: 0.129864. Patience Count: 1.
Epoch: 205. Train Loss: 0.175633. Patience Count: 2.
Epoch: 206. Train Loss: 0.206439. Patience Count: 3.
Epoch: 207. Train Loss: 0.156936. Patience Count: 4.
Epoch: 208. Train Loss: 0.201046. Patience Count: 5.
Epoch: 209. Train Loss: 0.152374. Patience Count: 6.
Epoch: 210. Train Loss: 0.228327. Patience Count: 7.
Epoch: 211. Train Loss: 0.210223. Patience Count: 8.
Epoch: 212. Train Loss: 0.228032. Patience Count: 9.
Epoch: 213. Train Loss: 0.118826. best-save Patience Count: 0.
Epoch: 214. Train Loss: 0.171158. Patience Count: 1.
Epoch: 215. Train Loss: 0.350066. Patience Count: 2.
Epoch: 216. Train Loss: 0.174399. Patience Count: 3.
Epoch: 217. Train Loss: 0.224392. Patience Count: 4.
Epoch: 218. Train Loss: 0.197577. Patience Count: 5.
Epoch: 219. Train Loss: 0.156154. Patience Count: 6.
Epoch: 220. Train Loss: 0.144604. Patience Count: 7.
Epoch: 221. Train Loss: 0.128368. Patience Count: 8.
Epoch: 222. Train Loss: 0.281739. Patience Count: 9.
Epoch: 223. Train Loss: 0.094465. best-save Patience Count: 0.
Epoch: 224. Train Loss: 0.074031. best-save Patience Count: 0.
Epoch: 225. Train Loss: 0.110450. Patience Count: 1.
Epoch: 226. Train Loss: 0.165026. Patience Count: 2.
Epoch: 227. Train Loss: 0.099821. Patience Count: 3.
Epoch: 228. Train Loss: 0.088427. Patience Count: 4.
Epoch: 229. Train Loss: 0.348049. Patience Count: 5.
Epoch: 230. Train Loss: 0.452362. Patience Count: 6.
Epoch: 231. Train Loss: 0.264032. Patience Count: 7.
Epoch: 232. Train Loss: 0.277637. Patience Count: 8.
Epoch: 233. Train Loss: 0.252553. Patience Count: 9.
Epoch: 234. Train Loss: 0.080442. Patience Count: 10.
Epoch: 235. Train Loss: 0.101149. Patience Count: 11.
Epoch: 236. Train Loss: 0.133703. Patience Count: 12.
Epoch: 237. Train Loss: 0.123745. Patience Count: 13.
Epoch: 238. Train Loss: 0.135206. Patience Count: 14.
Epoch: 239. Train Loss: 0.084946. Patience Count: 15.
Epoch: 240. Train Loss: 0.330237. Patience Count: 16.
Epoch: 241. Train Loss: 0.406809. Patience Count: 17.
Epoch: 242. Train Loss: 0.593252. Patience Count: 18.
Epoch: 243. Train Loss: 0.228428. Patience Count: 19.
Epoch: 244. Train Loss: 0.117677. Patience Count: 20.
Epoch: 245. Train Loss: 0.101530. Patience Count: 21.
Epoch: 246. Train Loss: 0.114305. Patience Count: 22.
Epoch: 247. Train Loss: 0.289869. Patience Count: 23.
Epoch: 248. Train Loss: 0.318656. Patience Count: 24.
Epoch: 249. Train Loss: 0.763624. Patience Count: 25.
Epoch: 250. Train Loss: 0.458509. Patience Count: 26.
Epoch: 251. Train Loss: 0.205403. Patience Count: 27.
Epoch: 252. Train Loss: 0.291421. Patience Count: 28.
Epoch: 253. Train Loss: 0.229933. Patience Count: 29.
Epoch: 254. Train Loss: 0.076012. Patience Count: 30.
Epoch: 255. Train Loss: 0.074640. Patience Count: 31.
Epoch: 256. Train Loss: 0.068914. best-save Patience Count: 0.
Epoch: 257. Train Loss: 0.084159. Patience Count: 1.
Epoch: 258. Train Loss: 0.086874. Patience Count: 2.
Epoch: 259. Train Loss: 0.060597. best-save Patience Count: 0.
Epoch: 260. Train Loss: 0.111132. Patience Count: 1.
Epoch: 261. Train Loss: 0.072164. Patience Count: 2.
Epoch: 262. Train Loss: 0.049962. best-save Patience Count: 0.
Epoch: 263. Train Loss: 0.044156. best-save Patience Count: 0.
Epoch: 264. Train Loss: 0.072964. Patience Count: 1.
Epoch: 265. Train Loss: 0.048811. Patience Count: 2.
Epoch: 266. Train Loss: 0.068368. Patience Count: 3.
Epoch: 267. Train Loss: 0.050544. Patience Count: 4.
Epoch: 268. Train Loss: 0.076359. Patience Count: 5.
Epoch: 269. Train Loss: 0.044998. Patience Count: 6.
Epoch: 270. Train Loss: 0.134237. Patience Count: 7.
Epoch: 271. Train Loss: 0.059506. Patience Count: 8.
Epoch: 272. Train Loss: 0.030391. best-save Patience Count: 0.
Epoch: 273. Train Loss: 0.103032. Patience Count: 1.
Epoch: 274. Train Loss: 0.132518. Patience Count: 2.
Epoch: 275. Train Loss: 0.045697. Patience Count: 3.
Epoch: 276. Train Loss: 0.243755. Patience Count: 4.
Epoch: 277. Train Loss: 0.140110. Patience Count: 5.
Epoch: 278. Train Loss: 0.055477. Patience Count: 6.
Epoch: 279. Train Loss: 0.058971. Patience Count: 7.
Epoch: 280. Train Loss: 0.038727. Patience Count: 8.
Epoch: 281. Train Loss: 0.062953. Patience Count: 9.
Epoch: 282. Train Loss: 0.134663. Patience Count: 10.
Epoch: 283. Train Loss: 0.028672. best-save Patience Count: 0.
Epoch: 284. Train Loss: 0.076459. Patience Count: 1.
Epoch: 285. Train Loss: 0.041750. Patience Count: 2.
Epoch: 286. Train Loss: 0.066455. Patience Count: 3.
Epoch: 287. Train Loss: 0.090793. Patience Count: 4.
Epoch: 288. Train Loss: 0.034008. Patience Count: 5.
Epoch: 289. Train Loss: 0.169983. Patience Count: 6.
Epoch: 290. Train Loss: 0.047020. Patience Count: 7.
Epoch: 291. Train Loss: 0.061643. Patience Count: 8.
Epoch: 292. Train Loss: 0.188094. Patience Count: 9.
Epoch: 293. Train Loss: 0.066917. Patience Count: 10.
Epoch: 294. Train Loss: 0.106015. Patience Count: 11.
Epoch: 295. Train Loss: 0.061368. Patience Count: 12.
Epoch: 296. Train Loss: 0.060717. Patience Count: 13.
Epoch: 297. Train Loss: 0.218057. Patience Count: 14.
Epoch: 298. Train Loss: 0.064815. Patience Count: 15.
Epoch: 299. Train Loss: 0.102772. Patience Count: 16.
Epoch: 300. Train Loss: 0.056746. Patience Count: 17.
Epoch: 301. Train Loss: 0.052293. Patience Count: 18.
Epoch: 302. Train Loss: 0.030991. Patience Count: 19.
Epoch: 303. Train Loss: 0.035565. Patience Count: 20.
Epoch: 304. Train Loss: 0.099653. Patience Count: 21.
Epoch: 305. Train Loss: 0.054452. Patience Count: 22.
Epoch: 306. Train Loss: 0.018802. best-save Patience Count: 0.
Epoch: 307. Train Loss: 0.063879. Patience Count: 1.
Epoch: 308. Train Loss: 0.048189. Patience Count: 2.
Epoch: 309. Train Loss: 0.029732. Patience Count: 3.
Epoch: 310. Train Loss: 0.048482. Patience Count: 4.
Epoch: 311. Train Loss: 0.057509. Patience Count: 5.
Epoch: 312. Train Loss: 0.043179. Patience Count: 6.
Epoch: 313. Train Loss: 0.075521. Patience Count: 7.
Epoch: 314. Train Loss: 0.035275. Patience Count: 8.
Epoch: 315. Train Loss: 0.029651. Patience Count: 9.
Epoch: 316. Train Loss: 0.077173. Patience Count: 10.
Epoch: 317. Train Loss: 0.026318. Patience Count: 11.
Epoch: 318. Train Loss: 0.081662. Patience Count: 12.
Epoch: 319. Train Loss: 0.117489. Patience Count: 13.
Epoch: 320. Train Loss: 0.123988. Patience Count: 14.
Epoch: 321. Train Loss: 0.133040. Patience Count: 15.
Epoch: 322. Train Loss: 0.107308. Patience Count: 16.
Epoch: 323. Train Loss: 0.059526. Patience Count: 17.
Epoch: 324. Train Loss: 0.083158. Patience Count: 18.
Epoch: 325. Train Loss: 0.049026. Patience Count: 19.
Epoch: 326. Train Loss: 0.081050. Patience Count: 20.
Epoch: 327. Train Loss: 0.075246. Patience Count: 21.
Epoch: 328. Train Loss: 0.098779. Patience Count: 22.
Epoch: 329. Train Loss: 0.039449. Patience Count: 23.
Epoch: 330. Train Loss: 0.035451. Patience Count: 24.
Epoch: 331. Train Loss: 0.016734. best-save Patience Count: 0.
Epoch: 332. Train Loss: 0.025669. Patience Count: 1.
Epoch: 333. Train Loss: 0.018066. Patience Count: 2.
Epoch: 334. Train Loss: 0.016341. best-save Patience Count: 0.
Epoch: 335. Train Loss: 0.053641. Patience Count: 1.
Epoch: 336. Train Loss: 0.028045. Patience Count: 2.
Epoch: 337. Train Loss: 0.027584. Patience Count: 3.
Epoch: 338. Train Loss: 0.030619. Patience Count: 4.
Epoch: 339. Train Loss: 0.051951. Patience Count: 5.
Epoch: 340. Train Loss: 0.146809. Patience Count: 6.
Epoch: 341. Train Loss: 0.031916. Patience Count: 7.
Epoch: 342. Train Loss: 0.059143. Patience Count: 8.
Epoch: 343. Train Loss: 0.069749. Patience Count: 9.
Epoch: 344. Train Loss: 0.028479. Patience Count: 10.
Epoch: 345. Train Loss: 0.075954. Patience Count: 11.
Epoch: 346. Train Loss: 0.031789. Patience Count: 12.
Epoch: 347. Train Loss: 0.053839. Patience Count: 13.
Epoch: 348. Train Loss: 0.038727. Patience Count: 14.
Epoch: 349. Train Loss: 0.034854. Patience Count: 15.
Epoch: 350. Train Loss: 0.059937. Patience Count: 16.
Epoch: 351. Train Loss: 0.018939. Patience Count: 17.
Epoch: 352. Train Loss: 0.094900. Patience Count: 18.
Epoch: 353. Train Loss: 0.022976. Patience Count: 19.
Epoch: 354. Train Loss: 0.051542. Patience Count: 20.
Epoch: 355. Train Loss: 0.063773. Patience Count: 21.
Epoch: 356. Train Loss: 0.031139. Patience Count: 22.
Epoch: 357. Train Loss: 0.013173. best-save Patience Count: 0.
Epoch: 358. Train Loss: 0.119397. Patience Count: 1.
Epoch: 359. Train Loss: 0.021744. Patience Count: 2.
Epoch: 360. Train Loss: 0.016140. Patience Count: 3.
Epoch: 361. Train Loss: 0.011835. best-save Patience Count: 0.
Epoch: 362. Train Loss: 0.015028. Patience Count: 1.
Epoch: 363. Train Loss: 0.014209. Patience Count: 2.
Epoch: 364. Train Loss: 0.042069. Patience Count: 3.
Epoch: 365. Train Loss: 0.011366. best-save Patience Count: 0.
Epoch: 366. Train Loss: 0.032048. Patience Count: 1.
Epoch: 367. Train Loss: 0.008772. best-save Patience Count: 0.
Epoch: 368. Train Loss: 0.042958. Patience Count: 1.
Epoch: 369. Train Loss: 0.026198. Patience Count: 2.
Epoch: 370. Train Loss: 0.019738. Patience Count: 3.
Epoch: 371. Train Loss: 0.016678. Patience Count: 4.
Epoch: 372. Train Loss: 0.014627. Patience Count: 5.
Epoch: 373. Train Loss: 0.016795. Patience Count: 6.
Epoch: 374. Train Loss: 0.009746. Patience Count: 7.
Epoch: 375. Train Loss: 0.017211. Patience Count: 8.
Epoch: 376. Train Loss: 0.029949. Patience Count: 9.
Epoch: 377. Train Loss: 0.019895. Patience Count: 10.
Epoch: 378. Train Loss: 0.037765. Patience Count: 11.
Epoch: 379. Train Loss: 0.056288. Patience Count: 12.
Epoch: 380. Train Loss: 0.025073. Patience Count: 13.
Epoch: 381. Train Loss: 0.022771. Patience Count: 14.
Epoch: 382. Train Loss: 0.026768. Patience Count: 15.
Epoch: 383. Train Loss: 0.061805. Patience Count: 16.
Epoch: 384. Train Loss: 0.031748. Patience Count: 17.
Epoch: 385. Train Loss: 0.033164. Patience Count: 18.
Epoch: 386. Train Loss: 0.020938. Patience Count: 19.
Epoch: 387. Train Loss: 0.013029. Patience Count: 20.
Epoch: 388. Train Loss: 0.017645. Patience Count: 21.
Epoch: 389. Train Loss: 0.091515. Patience Count: 22.
Epoch: 390. Train Loss: 0.010081. Patience Count: 23.
Epoch: 391. Train Loss: 0.018255. Patience Count: 24.
Epoch: 392. Train Loss: 0.024897. Patience Count: 25.
Epoch: 393. Train Loss: 0.005582. best-save Patience Count: 0.
Epoch: 394. Train Loss: 0.058357. Patience Count: 1.
Epoch: 395. Train Loss: 0.008190. Patience Count: 2.
Epoch: 396. Train Loss: 0.058936. Patience Count: 3.
Epoch: 397. Train Loss: 0.027988. Patience Count: 4.
Epoch: 398. Train Loss: 0.011541. Patience Count: 5.
Epoch: 399. Train Loss: 0.011719. Patience Count: 6.
Epoch: 400. Train Loss: 0.042278. Patience Count: 7.
Epoch: 401. Train Loss: 0.009513. Patience Count: 8.
Epoch: 402. Train Loss: 0.013726. Patience Count: 9.
Epoch: 403. Train Loss: 0.020789. Patience Count: 10.
Epoch: 404. Train Loss: 0.017444. Patience Count: 11.
Epoch: 405. Train Loss: 0.017693. Patience Count: 12.
Epoch: 406. Train Loss: 0.024783. Patience Count: 13.
Epoch: 407. Train Loss: 0.096244. Patience Count: 14.
Epoch: 408. Train Loss: 0.033580. Patience Count: 15.
Epoch: 409. Train Loss: 0.028026. Patience Count: 16.
Epoch: 410. Train Loss: 0.010433. Patience Count: 17.
Epoch: 411. Train Loss: 0.009937. Patience Count: 18.
Epoch: 412. Train Loss: 0.020432. Patience Count: 19.
Epoch: 413. Train Loss: 0.009429. Patience Count: 20.
Epoch: 414. Train Loss: 0.012569. Patience Count: 21.
Epoch: 415. Train Loss: 0.047480. Patience Count: 22.
Epoch: 416. Train Loss: 0.039229. Patience Count: 23.
Epoch: 417. Train Loss: 0.134862. Patience Count: 24.
Epoch: 418. Train Loss: 0.016814. Patience Count: 25.
Epoch: 419. Train Loss: 0.018135. Patience Count: 26.
Epoch: 420. Train Loss: 0.008654. Patience Count: 27.
Epoch: 421. Train Loss: 0.028498. Patience Count: 28.
Epoch: 422. Train Loss: 0.017075. Patience Count: 29.
Epoch: 423. Train Loss: 0.018638. Patience Count: 30.
Epoch: 424. Train Loss: 0.025992. Patience Count: 31.
Epoch: 425. Train Loss: 0.017811. Patience Count: 32.
Epoch: 426. Train Loss: 0.038258. Patience Count: 33.
Epoch: 427. Train Loss: 0.005565. best-save Patience Count: 0.
Epoch: 428. Train Loss: 0.010489. Patience Count: 1.
Epoch: 429. Train Loss: 0.013251. Patience Count: 2.
Epoch: 430. Train Loss: 0.007430. Patience Count: 3.
Epoch: 431. Train Loss: 0.012360. Patience Count: 4.
Epoch: 432. Train Loss: 0.015706. Patience Count: 5.
Epoch: 433. Train Loss: 0.043449. Patience Count: 6.
Epoch: 434. Train Loss: 0.012684. Patience Count: 7.
Epoch: 435. Train Loss: 0.052997. Patience Count: 8.
Epoch: 436. Train Loss: 0.046363. Patience Count: 9.
Epoch: 437. Train Loss: 0.015182. Patience Count: 10.
Epoch: 438. Train Loss: 0.014404. Patience Count: 11.
Epoch: 439. Train Loss: 0.010453. Patience Count: 12.
Epoch: 440. Train Loss: 0.008041. Patience Count: 13.
Epoch: 441. Train Loss: 0.018642. Patience Count: 14.
Epoch: 442. Train Loss: 0.011970. Patience Count: 15.
Epoch: 443. Train Loss: 0.065910. Patience Count: 16.
Epoch: 444. Train Loss: 0.024046. Patience Count: 17.
Epoch: 445. Train Loss: 0.021670. Patience Count: 18.
Epoch: 446. Train Loss: 0.017649. Patience Count: 19.
Epoch: 447. Train Loss: 0.022049. Patience Count: 20.
Epoch: 448. Train Loss: 0.005033. best-save Patience Count: 0.
Epoch: 449. Train Loss: 0.007258. Patience Count: 1.
Epoch: 450. Train Loss: 0.031491. Patience Count: 2.
Epoch: 451. Train Loss: 0.026821. Patience Count: 3.
Epoch: 452. Train Loss: 0.017351. Patience Count: 4.
Epoch: 453. Train Loss: 0.038418. Patience Count: 5.
Epoch: 454. Train Loss: 0.017502. Patience Count: 6.
Epoch: 455. Train Loss: 0.005329. Patience Count: 7.
Epoch: 456. Train Loss: 0.025089. Patience Count: 8.
Epoch: 457. Train Loss: 0.006655. Patience Count: 9.
Epoch: 458. Train Loss: 0.026604. Patience Count: 10.
Epoch: 459. Train Loss: 0.045177. Patience Count: 11.
Epoch: 460. Train Loss: 0.004555. best-save Patience Count: 0.
Epoch: 461. Train Loss: 0.009312. Patience Count: 1.
Epoch: 462. Train Loss: 0.052413. Patience Count: 2.
Epoch: 463. Train Loss: 0.014842. Patience Count: 3.
Epoch: 464. Train Loss: 0.061414. Patience Count: 4.
Epoch: 465. Train Loss: 0.011723. Patience Count: 5.
Epoch: 466. Train Loss: 0.022454. Patience Count: 6.
Epoch: 467. Train Loss: 0.006578. Patience Count: 7.
Epoch: 468. Train Loss: 0.060916. Patience Count: 8.
Epoch: 469. Train Loss: 0.025078. Patience Count: 9.
Epoch: 470. Train Loss: 0.030884. Patience Count: 10.
Epoch: 471. Train Loss: 0.018959. Patience Count: 11.
Epoch: 472. Train Loss: 0.020713. Patience Count: 12.
Epoch: 473. Train Loss: 0.008494. Patience Count: 13.
Epoch: 474. Train Loss: 0.007834. Patience Count: 14.
Epoch: 475. Train Loss: 0.005367. Patience Count: 15.
Epoch: 476. Train Loss: 0.098583. Patience Count: 16.
Epoch: 477. Train Loss: 0.014059. Patience Count: 17.
Epoch: 478. Train Loss: 0.007238. Patience Count: 18.
Epoch: 479. Train Loss: 0.011013. Patience Count: 19.
Epoch: 480. Train Loss: 0.007203. Patience Count: 20.
Epoch: 481. Train Loss: 0.006443. Patience Count: 21.
Epoch: 482. Train Loss: 0.021568. Patience Count: 22.
Epoch: 483. Train Loss: 0.006778. Patience Count: 23.
Epoch: 484. Train Loss: 0.022991. Patience Count: 24.
Epoch: 485. Train Loss: 0.008163. Patience Count: 25.
Epoch: 486. Train Loss: 0.015405. Patience Count: 26.
Epoch: 487. Train Loss: 0.006818. Patience Count: 27.
Epoch: 488. Train Loss: 0.024961. Patience Count: 28.
Epoch: 489. Train Loss: 0.015862. Patience Count: 29.
Epoch: 490. Train Loss: 0.012959. Patience Count: 30.
Epoch: 491. Train Loss: 0.029872. Patience Count: 31.
Epoch: 492. Train Loss: 0.012987. Patience Count: 32.
Epoch: 493. Train Loss: 0.021716. Patience Count: 33.
Epoch: 494. Train Loss: 0.053787. Patience Count: 34.
Epoch: 495. Train Loss: 0.021758. Patience Count: 35.
Epoch: 496. Train Loss: 0.010699. Patience Count: 36.
Epoch: 497. Train Loss: 0.005773. Patience Count: 37.
Epoch: 498. Train Loss: 0.034482. Patience Count: 38.
Epoch: 499. Train Loss: 0.060396. Patience Count: 39.
Epoch: 500. Train Loss: 0.017414. Patience Count: 40.
dist.destroy_process_group()
dist.destroy_process_group()
