| distributed init (rank 2): env://, gpu 2
| distributed init (rank 3): env://, gpu 3
| distributed init (rank 1): env://, gpu 1
| distributed init (rank 0): env://, gpu 0
world_size: 4, gpu: 0
Using 8 dataloader workers every process
Epoch: 1. Train Loss: 350.313844. best-save Patience Count: 0.
Epoch: 2. Train Loss: 273.527814. best-save Patience Count: 0.
Epoch: 3. Train Loss: 260.665901. best-save Patience Count: 0.
Epoch: 4. Train Loss: 255.143169. best-save Patience Count: 0.
Epoch: 5. Train Loss: 246.009677. best-save Patience Count: 0.
Epoch: 6. Train Loss: 241.547553. best-save Patience Count: 0.
Epoch: 7. Train Loss: 233.741838. best-save Patience Count: 0.
Epoch: 8. Train Loss: 232.520933. best-save Patience Count: 0.
Epoch: 9. Train Loss: 226.757597. best-save Patience Count: 0.
Epoch: 10. Train Loss: 218.497144. best-save Patience Count: 0.
Epoch: 11. Train Loss: 214.903511. best-save Patience Count: 0.
Epoch: 12. Train Loss: 209.870521. best-save Patience Count: 0.
Epoch: 13. Train Loss: 207.645582. best-save Patience Count: 0.
Epoch: 14. Train Loss: 202.561265. best-save Patience Count: 0.
Epoch: 15. Train Loss: 196.236436. best-save Patience Count: 0.
Epoch: 16. Train Loss: 190.874228. best-save Patience Count: 0.
Epoch: 17. Train Loss: 182.690685. best-save Patience Count: 0.
Epoch: 18. Train Loss: 177.471296. best-save Patience Count: 0.
Epoch: 19. Train Loss: 172.902407. best-save Patience Count: 0.
Epoch: 20. Train Loss: 167.450338. best-save Patience Count: 0.
Epoch: 21. Train Loss: 158.561386. best-save Patience Count: 0.
Epoch: 22. Train Loss: 152.286238. best-save Patience Count: 0.
Epoch: 23. Train Loss: 146.880455. best-save Patience Count: 0.
Epoch: 24. Train Loss: 147.401743. Patience Count: 1.
Epoch: 25. Train Loss: 139.204785. best-save Patience Count: 0.
Epoch: 26. Train Loss: 134.806868. best-save Patience Count: 0.
Epoch: 27. Train Loss: 125.507365. best-save Patience Count: 0.
Epoch: 28. Train Loss: 120.621995. best-save Patience Count: 0.
Epoch: 29. Train Loss: 117.656759. best-save Patience Count: 0.
Epoch: 30. Train Loss: 113.223278. best-save Patience Count: 0.
Epoch: 31. Train Loss: 105.700045. best-save Patience Count: 0.
Epoch: 32. Train Loss: 102.581975. best-save Patience Count: 0.
Epoch: 33. Train Loss: 98.381182. best-save Patience Count: 0.
Epoch: 34. Train Loss: 90.529144. best-save Patience Count: 0.
Epoch: 35. Train Loss: 86.371082. best-save Patience Count: 0.
Epoch: 36. Train Loss: 88.593761. Patience Count: 1.
Epoch: 37. Train Loss: 82.416666. best-save Patience Count: 0.
Epoch: 38. Train Loss: 78.059743. best-save Patience Count: 0.
Epoch: 39. Train Loss: 75.770405. best-save Patience Count: 0.
Epoch: 40. Train Loss: 72.896963. best-save Patience Count: 0.
Epoch: 41. Train Loss: 73.927149. Patience Count: 1.
Epoch: 42. Train Loss: 66.690474. best-save Patience Count: 0.
Epoch: 43. Train Loss: 64.030475. best-save Patience Count: 0.
Epoch: 44. Train Loss: 56.559872. best-save Patience Count: 0.
Epoch: 45. Train Loss: 59.870144. Patience Count: 1.
Epoch: 46. Train Loss: 53.038771. best-save Patience Count: 0.
Epoch: 47. Train Loss: 49.956228. best-save Patience Count: 0.
Epoch: 48. Train Loss: 50.751880. Patience Count: 1.
Epoch: 49. Train Loss: 46.772845. best-save Patience Count: 0.
Epoch: 50. Train Loss: 48.510779. Patience Count: 1.
Epoch: 51. Train Loss: 47.529411. Patience Count: 2.
Epoch: 52. Train Loss: 46.130998. best-save Patience Count: 0.
Epoch: 53. Train Loss: 48.949268. Patience Count: 1.
Epoch: 54. Train Loss: 40.493056. best-save Patience Count: 0.
Epoch: 55. Train Loss: 46.908564. Patience Count: 1.
Epoch: 56. Train Loss: 41.687682. Patience Count: 2.
Epoch: 57. Train Loss: 40.978061. Patience Count: 3.
Epoch: 58. Train Loss: 37.147595. best-save Patience Count: 0.
Epoch: 59. Train Loss: 36.821863. best-save Patience Count: 0.
Epoch: 60. Train Loss: 35.490007. best-save Patience Count: 0.
Epoch: 61. Train Loss: 34.581582. best-save Patience Count: 0.
Epoch: 62. Train Loss: 31.482802. best-save Patience Count: 0.
Epoch: 63. Train Loss: 28.391933. best-save Patience Count: 0.
Epoch: 64. Train Loss: 33.401741. Patience Count: 1.
Epoch: 65. Train Loss: 28.686237. Patience Count: 2.
Epoch: 66. Train Loss: 28.751241. Patience Count: 3.
Epoch: 67. Train Loss: 28.540561. Patience Count: 4.
Epoch: 68. Train Loss: 30.033996. Patience Count: 5.
Epoch: 69. Train Loss: 28.571466. Patience Count: 6.
Epoch: 70. Train Loss: 28.799266. Patience Count: 7.
Epoch: 71. Train Loss: 25.795036. best-save Patience Count: 0.
Epoch: 72. Train Loss: 26.548336. Patience Count: 1.
Epoch: 73. Train Loss: 26.485343. Patience Count: 2.
Epoch: 74. Train Loss: 21.252570. best-save Patience Count: 0.
Epoch: 75. Train Loss: 19.689176. best-save Patience Count: 0.
Epoch: 76. Train Loss: 23.381145. Patience Count: 1.
Epoch: 77. Train Loss: 23.563267. Patience Count: 2.
Epoch: 78. Train Loss: 25.129586. Patience Count: 3.
Epoch: 79. Train Loss: 26.468544. Patience Count: 4.
Epoch: 80. Train Loss: 20.619408. Patience Count: 5.
Epoch: 81. Train Loss: 19.760493. Patience Count: 6.
Epoch: 82. Train Loss: 20.139965. Patience Count: 7.
Epoch: 83. Train Loss: 17.468694. best-save Patience Count: 0.
Epoch: 84. Train Loss: 19.289757. Patience Count: 1.
Epoch: 85. Train Loss: 20.144163. Patience Count: 2.
Epoch: 86. Train Loss: 20.666624. Patience Count: 3.
Epoch: 87. Train Loss: 17.513104. Patience Count: 4.
Epoch: 88. Train Loss: 17.623540. Patience Count: 5.
Epoch: 89. Train Loss: 17.883120. Patience Count: 6.
Epoch: 90. Train Loss: 15.466394. best-save Patience Count: 0.
Epoch: 91. Train Loss: 14.727354. best-save Patience Count: 0.
Epoch: 92. Train Loss: 15.522216. Patience Count: 1.
Epoch: 93. Train Loss: 21.174564. Patience Count: 2.
Epoch: 94. Train Loss: 15.425799. Patience Count: 3.
Epoch: 95. Train Loss: 15.651064. Patience Count: 4.
Epoch: 96. Train Loss: 15.417894. Patience Count: 5.
Epoch: 97. Train Loss: 18.832396. Patience Count: 6.
Epoch: 98. Train Loss: 15.344407. Patience Count: 7.
Epoch: 99. Train Loss: 16.365606. Patience Count: 8.
Epoch: 100. Train Loss: 18.645154. Patience Count: 9.
Epoch: 101. Train Loss: 8.916242. best-save Patience Count: 0.
Epoch: 102. Train Loss: 3.216959. best-save Patience Count: 0.
Epoch: 103. Train Loss: 2.333357. best-save Patience Count: 0.
Epoch: 104. Train Loss: 1.754934. best-save Patience Count: 0.
Epoch: 105. Train Loss: 1.536121. best-save Patience Count: 0.
Epoch: 106. Train Loss: 1.640885. Patience Count: 1.
Epoch: 107. Train Loss: 1.444895. best-save Patience Count: 0.
Epoch: 108. Train Loss: 1.011839. best-save Patience Count: 0.
Epoch: 109. Train Loss: 1.259508. Patience Count: 1.
Epoch: 110. Train Loss: 0.878289. best-save Patience Count: 0.
Epoch: 111. Train Loss: 1.239801. Patience Count: 1.
Epoch: 112. Train Loss: 0.909164. Patience Count: 2.
Epoch: 113. Train Loss: 0.702685. best-save Patience Count: 0.
Epoch: 114. Train Loss: 0.775845. Patience Count: 1.
Epoch: 115. Train Loss: 0.570912. best-save Patience Count: 0.
Epoch: 116. Train Loss: 0.714601. Patience Count: 1.
Epoch: 117. Train Loss: 0.723496. Patience Count: 2.
Epoch: 118. Train Loss: 0.850625. Patience Count: 3.
Epoch: 119. Train Loss: 0.983325. Patience Count: 4.
Epoch: 120. Train Loss: 0.980580. Patience Count: 5.
Epoch: 121. Train Loss: 1.089967. Patience Count: 6.
Epoch: 122. Train Loss: 0.887419. Patience Count: 7.
Epoch: 123. Train Loss: 0.683361. Patience Count: 8.
Epoch: 124. Train Loss: 0.668417. Patience Count: 9.
Epoch: 125. Train Loss: 0.498072. best-save Patience Count: 0.
Epoch: 126. Train Loss: 0.909981. Patience Count: 1.
Epoch: 127. Train Loss: 1.059706. Patience Count: 2.
Epoch: 128. Train Loss: 0.757711. Patience Count: 3.
Epoch: 129. Train Loss: 0.731589. Patience Count: 4.
Epoch: 130. Train Loss: 0.837964. Patience Count: 5.
Epoch: 131. Train Loss: 0.660243. Patience Count: 6.
Epoch: 132. Train Loss: 0.604051. Patience Count: 7.
Epoch: 133. Train Loss: 0.637544. Patience Count: 8.
Epoch: 134. Train Loss: 0.470394. best-save Patience Count: 0.
Epoch: 135. Train Loss: 0.693904. Patience Count: 1.
Epoch: 136. Train Loss: 0.493727. Patience Count: 2.
Epoch: 137. Train Loss: 0.425482. best-save Patience Count: 0.
Epoch: 138. Train Loss: 0.568922. Patience Count: 1.
Epoch: 139. Train Loss: 0.911342. Patience Count: 2.
Epoch: 140. Train Loss: 0.723769. Patience Count: 3.
Epoch: 141. Train Loss: 1.023553. Patience Count: 4.
Epoch: 142. Train Loss: 0.834653. Patience Count: 5.
Epoch: 143. Train Loss: 0.838569. Patience Count: 6.
Epoch: 144. Train Loss: 0.920505. Patience Count: 7.
Epoch: 145. Train Loss: 0.980958. Patience Count: 8.
Epoch: 146. Train Loss: 1.518610. Patience Count: 9.
Epoch: 147. Train Loss: 1.696475. Patience Count: 10.
Epoch: 148. Train Loss: 0.660262. Patience Count: 11.
Epoch: 149. Train Loss: 0.637167. Patience Count: 12.
Epoch: 150. Train Loss: 0.377062. best-save Patience Count: 0.
Epoch: 151. Train Loss: 0.376405. best-save Patience Count: 0.
Epoch: 152. Train Loss: 0.648325. Patience Count: 1.
Epoch: 153. Train Loss: 0.747532. Patience Count: 2.
Epoch: 154. Train Loss: 0.516868. Patience Count: 3.
Epoch: 155. Train Loss: 0.920998. Patience Count: 4.
Epoch: 156. Train Loss: 0.941806. Patience Count: 5.
Epoch: 157. Train Loss: 1.553299. Patience Count: 6.
Epoch: 158. Train Loss: 1.451378. Patience Count: 7.
Epoch: 159. Train Loss: 1.169927. Patience Count: 8.
Epoch: 160. Train Loss: 1.132173. Patience Count: 9.
Epoch: 161. Train Loss: 1.211505. Patience Count: 10.
Epoch: 162. Train Loss: 0.953058. Patience Count: 11.
Epoch: 163. Train Loss: 1.067935. Patience Count: 12.
Epoch: 164. Train Loss: 1.037196. Patience Count: 13.
Epoch: 165. Train Loss: 1.084219. Patience Count: 14.
Epoch: 166. Train Loss: 1.101301. Patience Count: 15.
Epoch: 167. Train Loss: 1.340070. Patience Count: 16.
Epoch: 168. Train Loss: 1.471781. Patience Count: 17.
Epoch: 169. Train Loss: 1.641661. Patience Count: 18.
Epoch: 170. Train Loss: 1.702542. Patience Count: 19.
Epoch: 171. Train Loss: 1.119773. Patience Count: 20.
Epoch: 172. Train Loss: 1.031833. Patience Count: 21.
Epoch: 173. Train Loss: 1.331629. Patience Count: 22.
Epoch: 174. Train Loss: 1.430861. Patience Count: 23.
Epoch: 175. Train Loss: 0.988803. Patience Count: 24.
Epoch: 176. Train Loss: 0.699151. Patience Count: 25.
Epoch: 177. Train Loss: 1.049542. Patience Count: 26.
Epoch: 178. Train Loss: 1.094319. Patience Count: 27.
Epoch: 179. Train Loss: 0.833934. Patience Count: 28.
Epoch: 180. Train Loss: 1.014617. Patience Count: 29.
Epoch: 181. Train Loss: 1.201170. Patience Count: 30.
Epoch: 182. Train Loss: 1.437987. Patience Count: 31.
Epoch: 183. Train Loss: 1.724437. Patience Count: 32.
Epoch: 184. Train Loss: 0.917292. Patience Count: 33.
Epoch: 185. Train Loss: 0.793788. Patience Count: 34.
Epoch: 186. Train Loss: 0.937001. Patience Count: 35.
Epoch: 187. Train Loss: 0.912590. Patience Count: 36.
Epoch: 188. Train Loss: 1.638318. Patience Count: 37.
Epoch: 189. Train Loss: 2.217152. Patience Count: 38.
Epoch: 190. Train Loss: 2.777416. Patience Count: 39.
Epoch: 191. Train Loss: 1.900055. Patience Count: 40.
Epoch: 192. Train Loss: 1.542736. Patience Count: 41.
Epoch: 193. Train Loss: 1.422685. Patience Count: 42.
Epoch: 194. Train Loss: 0.804185. Patience Count: 43.
Epoch: 195. Train Loss: 0.908043. Patience Count: 44.
Epoch: 196. Train Loss: 0.794719. Patience Count: 45.
Epoch: 197. Train Loss: 0.401810. Patience Count: 46.
Epoch: 198. Train Loss: 0.814471. Patience Count: 47.
Epoch: 199. Train Loss: 0.996080. Patience Count: 48.
Epoch: 200. Train Loss: 0.842937. Patience Count: 49.
Epoch: 201. Train Loss: 0.740351. Patience Count: 50.
Epoch: 202. Train Loss: 0.339807. best-save Patience Count: 0.
Epoch: 203. Train Loss: 0.236205. best-save Patience Count: 0.
Epoch: 204. Train Loss: 0.216353. best-save Patience Count: 0.
Epoch: 205. Train Loss: 0.281032. Patience Count: 1.
Epoch: 206. Train Loss: 0.131062. best-save Patience Count: 0.
Epoch: 207. Train Loss: 0.154736. Patience Count: 1.
Epoch: 208. Train Loss: 0.190172. Patience Count: 2.
Epoch: 209. Train Loss: 0.207845. Patience Count: 3.
Epoch: 210. Train Loss: 0.123093. best-save Patience Count: 0.
Epoch: 211. Train Loss: 0.172123. Patience Count: 1.
Epoch: 212. Train Loss: 0.156966. Patience Count: 2.
Epoch: 213. Train Loss: 0.071230. best-save Patience Count: 0.
Epoch: 214. Train Loss: 0.089206. Patience Count: 1.
Epoch: 215. Train Loss: 0.169228. Patience Count: 2.
Epoch: 216. Train Loss: 0.189763. Patience Count: 3.
Epoch: 217. Train Loss: 0.075350. Patience Count: 4.
Epoch: 218. Train Loss: 0.115393. Patience Count: 5.
Epoch: 219. Train Loss: 0.147573. Patience Count: 6.
Epoch: 220. Train Loss: 0.094797. Patience Count: 7.
Epoch: 221. Train Loss: 0.091569. Patience Count: 8.
Epoch: 222. Train Loss: 0.093061. Patience Count: 9.
Epoch: 223. Train Loss: 0.104391. Patience Count: 10.
Epoch: 224. Train Loss: 0.093648. Patience Count: 11.
Epoch: 225. Train Loss: 0.085470. Patience Count: 12.
Epoch: 226. Train Loss: 0.064868. best-save Patience Count: 0.
Epoch: 227. Train Loss: 0.059950. best-save Patience Count: 0.
Epoch: 228. Train Loss: 0.135644. Patience Count: 1.
Epoch: 229. Train Loss: 0.125834. Patience Count: 2.
Epoch: 230. Train Loss: 0.103086. Patience Count: 3.
Epoch: 231. Train Loss: 0.063566. Patience Count: 4.
Epoch: 232. Train Loss: 0.054055. best-save Patience Count: 0.
Epoch: 233. Train Loss: 0.067842. Patience Count: 1.
Epoch: 234. Train Loss: 0.100806. Patience Count: 2.
Epoch: 235. Train Loss: 0.125336. Patience Count: 3.
Epoch: 236. Train Loss: 0.102193. Patience Count: 4.
Epoch: 237. Train Loss: 0.076950. Patience Count: 5.
Epoch: 238. Train Loss: 0.088902. Patience Count: 6.
Epoch: 239. Train Loss: 0.089282. Patience Count: 7.
Epoch: 240. Train Loss: 0.089846. Patience Count: 8.
Epoch: 241. Train Loss: 0.102417. Patience Count: 9.
Epoch: 242. Train Loss: 0.054659. Patience Count: 10.
Epoch: 243. Train Loss: 0.058299. Patience Count: 11.
Epoch: 244. Train Loss: 0.057142. Patience Count: 12.
Epoch: 245. Train Loss: 0.076652. Patience Count: 13.
Epoch: 246. Train Loss: 0.076017. Patience Count: 14.
Epoch: 247. Train Loss: 0.086811. Patience Count: 15.
Epoch: 248. Train Loss: 0.062404. Patience Count: 16.
Epoch: 249. Train Loss: 0.041559. best-save Patience Count: 0.
Epoch: 250. Train Loss: 0.050510. Patience Count: 1.
Epoch: 251. Train Loss: 0.053671. Patience Count: 2.
Epoch: 252. Train Loss: 0.054979. Patience Count: 3.
Epoch: 253. Train Loss: 0.203821. Patience Count: 4.
Epoch: 254. Train Loss: 0.088360. Patience Count: 5.
Epoch: 255. Train Loss: 0.081395. Patience Count: 6.
Epoch: 256. Train Loss: 0.071763. Patience Count: 7.
Epoch: 257. Train Loss: 0.044088. Patience Count: 8.
Epoch: 258. Train Loss: 0.061224. Patience Count: 9.
Epoch: 259. Train Loss: 0.017856. best-save Patience Count: 0.
Epoch: 260. Train Loss: 0.049560. Patience Count: 1.
Epoch: 261. Train Loss: 0.075994. Patience Count: 2.
Epoch: 262. Train Loss: 0.075531. Patience Count: 3.
Epoch: 263. Train Loss: 0.072124. Patience Count: 4.
Epoch: 264. Train Loss: 0.134238. Patience Count: 5.
Epoch: 265. Train Loss: 0.064820. Patience Count: 6.
Epoch: 266. Train Loss: 0.048771. Patience Count: 7.
Epoch: 267. Train Loss: 0.116421. Patience Count: 8.
Epoch: 268. Train Loss: 0.050128. Patience Count: 9.
Epoch: 269. Train Loss: 0.073116. Patience Count: 10.
Epoch: 270. Train Loss: 0.046633. Patience Count: 11.
Epoch: 271. Train Loss: 0.346174. Patience Count: 12.
Epoch: 272. Train Loss: 0.160525. Patience Count: 13.
Epoch: 273. Train Loss: 0.177024. Patience Count: 14.
Epoch: 274. Train Loss: 0.073992. Patience Count: 15.
Epoch: 275. Train Loss: 0.060143. Patience Count: 16.
Epoch: 276. Train Loss: 0.136482. Patience Count: 17.
Epoch: 277. Train Loss: 0.110321. Patience Count: 18.
Epoch: 278. Train Loss: 0.060647. Patience Count: 19.
Epoch: 279. Train Loss: 0.135701. Patience Count: 20.
Epoch: 280. Train Loss: 0.101539. Patience Count: 21.
Epoch: 281. Train Loss: 0.099634. Patience Count: 22.
Epoch: 282. Train Loss: 0.075092. Patience Count: 23.
Epoch: 283. Train Loss: 0.203456. Patience Count: 24.
Epoch: 284. Train Loss: 0.103804. Patience Count: 25.
Epoch: 285. Train Loss: 0.029412. Patience Count: 26.
Epoch: 286. Train Loss: 0.093012. Patience Count: 27.
Epoch: 287. Train Loss: 0.067041. Patience Count: 28.
Epoch: 288. Train Loss: 0.049982. Patience Count: 29.
Epoch: 289. Train Loss: 0.030710. Patience Count: 30.
Epoch: 290. Train Loss: 0.104019. Patience Count: 31.
Epoch: 291. Train Loss: 0.031284. Patience Count: 32.
Epoch: 292. Train Loss: 0.144079. Patience Count: 33.
Epoch: 293. Train Loss: 0.142750. Patience Count: 34.
Epoch: 294. Train Loss: 0.186452. Patience Count: 35.
Epoch: 295. Train Loss: 0.204015. Patience Count: 36.
Epoch: 296. Train Loss: 0.139782. Patience Count: 37.
Epoch: 297. Train Loss: 0.093356. Patience Count: 38.
Epoch: 298. Train Loss: 0.068825. Patience Count: 39.
Epoch: 299. Train Loss: 0.078700. Patience Count: 40.
Epoch: 300. Train Loss: 0.121857. Patience Count: 41.
Epoch: 301. Train Loss: 0.086416. Patience Count: 42.
Epoch: 302. Train Loss: 0.072523. Patience Count: 43.
Epoch: 303. Train Loss: 0.039880. Patience Count: 44.
Epoch: 304. Train Loss: 0.035195. Patience Count: 45.
Epoch: 305. Train Loss: 0.032596. Patience Count: 46.
Epoch: 306. Train Loss: 0.024210. Patience Count: 47.
Epoch: 307. Train Loss: 0.056574. Patience Count: 48.
Epoch: 308. Train Loss: 0.060365. Patience Count: 49.
Epoch: 309. Train Loss: 0.030384. Patience Count: 50.
dist.destroy_process_group()
dist.destroy_process_group()
Epoch: 310. Train Loss: 0.029968. Patience Count: 51.Stop Early, patience has been running out.
dist.destroy_process_group()
dist.destroy_process_group()
