| distributed init (rank 1): env://, gpu 1
| distributed init (rank 3): env://, gpu 3
| distributed init (rank 2): env://, gpu 2
| distributed init (rank 0): env://, gpu 0
world_size: 4, gpu: 0
Using 8 dataloader workers every process
Epoch: 1. Train Loss: 417.528231. best-save Patience Count: 0.
Epoch: 2. Train Loss: 268.258907. best-save Patience Count: 0.
Epoch: 3. Train Loss: 262.105525. best-save Patience Count: 0.
Epoch: 4. Train Loss: 258.074715. best-save Patience Count: 0.
Epoch: 5. Train Loss: 255.883506. best-save Patience Count: 0.
Epoch: 6. Train Loss: 244.767401. best-save Patience Count: 0.
Epoch: 7. Train Loss: 239.781611. best-save Patience Count: 0.
Epoch: 8. Train Loss: 240.531079. Patience Count: 1.
Epoch: 9. Train Loss: 233.296168. best-save Patience Count: 0.
Epoch: 10. Train Loss: 228.750870. best-save Patience Count: 0.
Epoch: 11. Train Loss: 227.154420. best-save Patience Count: 0.
Epoch: 12. Train Loss: 224.490029. best-save Patience Count: 0.
Epoch: 13. Train Loss: 224.252705. best-save Patience Count: 0.
Epoch: 14. Train Loss: 219.010536. best-save Patience Count: 0.
Epoch: 15. Train Loss: 220.406850. Patience Count: 1.
Epoch: 16. Train Loss: 216.285375. best-save Patience Count: 0.
Epoch: 17. Train Loss: 205.496427. best-save Patience Count: 0.
Epoch: 18. Train Loss: 209.261631. Patience Count: 1.
Epoch: 19. Train Loss: 231.153027. Patience Count: 2.
Epoch: 20. Train Loss: 242.241479. Patience Count: 3.
Epoch: 21. Train Loss: 267.287061. Patience Count: 4.
Epoch: 22. Train Loss: 266.104196. Patience Count: 5.
Epoch: 23. Train Loss: 260.389843. Patience Count: 6.
Epoch: 24. Train Loss: 258.203626. Patience Count: 7.
Epoch: 25. Train Loss: 251.732258. Patience Count: 8.
Epoch: 26. Train Loss: 250.032920. Patience Count: 9.
Epoch: 27. Train Loss: 245.568723. Patience Count: 10.
Epoch: 28. Train Loss: 244.867923. Patience Count: 11.
Epoch: 29. Train Loss: 241.445257. Patience Count: 12.
Epoch: 30. Train Loss: 239.464972. Patience Count: 13.
Epoch: 31. Train Loss: 238.241721. Patience Count: 14.
Epoch: 32. Train Loss: 232.066263. Patience Count: 15.
Epoch: 33. Train Loss: 227.483748. Patience Count: 16.
Epoch: 34. Train Loss: 223.819259. Patience Count: 17.
Epoch: 35. Train Loss: 220.047844. Patience Count: 18.
Epoch: 36. Train Loss: 218.227715. Patience Count: 19.
Epoch: 37. Train Loss: 215.421324. Patience Count: 20.
Epoch: 38. Train Loss: 211.993814. Patience Count: 21.
Epoch: 39. Train Loss: 210.348597. Patience Count: 22.
Epoch: 40. Train Loss: 205.038209. best-save Patience Count: 0.
Epoch: 41. Train Loss: 199.964464. best-save Patience Count: 0.
Epoch: 42. Train Loss: 193.548508. best-save Patience Count: 0.
Epoch: 43. Train Loss: 187.899711. best-save Patience Count: 0.
Epoch: 44. Train Loss: 184.032637. best-save Patience Count: 0.
Epoch: 45. Train Loss: 180.453247. best-save Patience Count: 0.
Epoch: 46. Train Loss: 172.195465. best-save Patience Count: 0.
Epoch: 47. Train Loss: 164.778362. best-save Patience Count: 0.
Epoch: 48. Train Loss: 159.522841. best-save Patience Count: 0.
Epoch: 49. Train Loss: 149.420141. best-save Patience Count: 0.
Epoch: 50. Train Loss: 148.125841. best-save Patience Count: 0.
Epoch: 51. Train Loss: 143.801098. best-save Patience Count: 0.
Epoch: 52. Train Loss: 138.129358. best-save Patience Count: 0.
Epoch: 53. Train Loss: 131.960309. best-save Patience Count: 0.
Epoch: 54. Train Loss: 125.765309. best-save Patience Count: 0.
Epoch: 55. Train Loss: 117.795106. best-save Patience Count: 0.
Epoch: 56. Train Loss: 112.124820. best-save Patience Count: 0.
Epoch: 57. Train Loss: 105.398448. best-save Patience Count: 0.
Epoch: 58. Train Loss: 102.858951. best-save Patience Count: 0.
Epoch: 59. Train Loss: 96.329334. best-save Patience Count: 0.
Epoch: 60. Train Loss: 93.053941. best-save Patience Count: 0.
Epoch: 61. Train Loss: 86.962699. best-save Patience Count: 0.
Epoch: 62. Train Loss: 83.554708. best-save Patience Count: 0.
Epoch: 63. Train Loss: 76.444440. best-save Patience Count: 0.
Epoch: 64. Train Loss: 76.801036. Patience Count: 1.
Epoch: 65. Train Loss: 70.061503. best-save Patience Count: 0.
Epoch: 66. Train Loss: 65.601471. best-save Patience Count: 0.
Epoch: 67. Train Loss: 62.136407. best-save Patience Count: 0.
Epoch: 68. Train Loss: 62.492848. Patience Count: 1.
Epoch: 69. Train Loss: 59.266417. best-save Patience Count: 0.
Epoch: 70. Train Loss: 51.055953. best-save Patience Count: 0.
Epoch: 71. Train Loss: 56.489749. Patience Count: 1.
Epoch: 72. Train Loss: 55.604148. Patience Count: 2.
Epoch: 73. Train Loss: 45.997758. best-save Patience Count: 0.
Epoch: 74. Train Loss: 48.519926. Patience Count: 1.
Epoch: 75. Train Loss: 42.694633. best-save Patience Count: 0.
Epoch: 76. Train Loss: 41.120367. best-save Patience Count: 0.
Epoch: 77. Train Loss: 39.927795. best-save Patience Count: 0.
Epoch: 78. Train Loss: 38.227102. best-save Patience Count: 0.
Epoch: 79. Train Loss: 35.707127. best-save Patience Count: 0.
Epoch: 80. Train Loss: 35.799671. Patience Count: 1.
Epoch: 81. Train Loss: 35.110096. best-save Patience Count: 0.
Epoch: 82. Train Loss: 37.236213. Patience Count: 1.
Epoch: 83. Train Loss: 32.571449. best-save Patience Count: 0.
Epoch: 84. Train Loss: 28.920540. best-save Patience Count: 0.
Epoch: 85. Train Loss: 30.042240. Patience Count: 1.
Epoch: 86. Train Loss: 26.986625. best-save Patience Count: 0.
Epoch: 87. Train Loss: 28.853080. Patience Count: 1.
Epoch: 88. Train Loss: 28.392624. Patience Count: 2.
Epoch: 89. Train Loss: 21.373827. best-save Patience Count: 0.
Epoch: 90. Train Loss: 25.542906. Patience Count: 1.
Epoch: 91. Train Loss: 23.064550. Patience Count: 2.
Epoch: 92. Train Loss: 25.380746. Patience Count: 3.
Epoch: 93. Train Loss: 22.697476. Patience Count: 4.
Epoch: 94. Train Loss: 22.900803. Patience Count: 5.
Epoch: 95. Train Loss: 21.217328. best-save Patience Count: 0.
Epoch: 96. Train Loss: 23.948578. Patience Count: 1.
Epoch: 97. Train Loss: 24.717105. Patience Count: 2.
Epoch: 98. Train Loss: 18.167400. best-save Patience Count: 0.
Epoch: 99. Train Loss: 18.483225. Patience Count: 1.
Epoch: 100. Train Loss: 22.065544. Patience Count: 2.
Epoch: 101. Train Loss: 11.245791. best-save Patience Count: 0.
Epoch: 102. Train Loss: 5.944199. best-save Patience Count: 0.
Epoch: 103. Train Loss: 4.115048. best-save Patience Count: 0.
Epoch: 104. Train Loss: 3.837730. best-save Patience Count: 0.
Epoch: 105. Train Loss: 2.993764. best-save Patience Count: 0.
Epoch: 106. Train Loss: 2.593034. best-save Patience Count: 0.
Epoch: 107. Train Loss: 2.527615. best-save Patience Count: 0.
Epoch: 108. Train Loss: 2.616637. Patience Count: 1.
Epoch: 109. Train Loss: 1.998745. best-save Patience Count: 0.
Epoch: 110. Train Loss: 1.932699. best-save Patience Count: 0.
Epoch: 111. Train Loss: 2.218662. Patience Count: 1.
Epoch: 112. Train Loss: 1.726722. best-save Patience Count: 0.
Epoch: 113. Train Loss: 1.362030. best-save Patience Count: 0.
Epoch: 114. Train Loss: 1.581040. Patience Count: 1.
Epoch: 115. Train Loss: 1.794360. Patience Count: 2.
Epoch: 116. Train Loss: 1.355287. best-save Patience Count: 0.
Epoch: 117. Train Loss: 1.471209. Patience Count: 1.
Epoch: 118. Train Loss: 1.263764. best-save Patience Count: 0.
Epoch: 119. Train Loss: 1.619352. Patience Count: 1.
Epoch: 120. Train Loss: 1.467293. Patience Count: 2.
Epoch: 121. Train Loss: 1.368881. Patience Count: 3.
Epoch: 122. Train Loss: 1.126970. best-save Patience Count: 0.
Epoch: 123. Train Loss: 1.009095. best-save Patience Count: 0.
Epoch: 124. Train Loss: 1.779843. Patience Count: 1.
Epoch: 125. Train Loss: 1.589509. Patience Count: 2.
Epoch: 126. Train Loss: 1.617727. Patience Count: 3.
Epoch: 127. Train Loss: 1.174708. Patience Count: 4.
Epoch: 128. Train Loss: 1.044801. Patience Count: 5.
Epoch: 129. Train Loss: 1.660043. Patience Count: 6.
Epoch: 130. Train Loss: 1.608669. Patience Count: 7.
Epoch: 131. Train Loss: 1.440040. Patience Count: 8.
Epoch: 132. Train Loss: 1.018836. Patience Count: 9.
Epoch: 133. Train Loss: 1.264365. Patience Count: 10.
Epoch: 134. Train Loss: 1.054650. Patience Count: 11.
Epoch: 135. Train Loss: 0.693411. best-save Patience Count: 0.
Epoch: 136. Train Loss: 0.796143. Patience Count: 1.
Epoch: 137. Train Loss: 1.073472. Patience Count: 2.
Epoch: 138. Train Loss: 1.014657. Patience Count: 3.
Epoch: 139. Train Loss: 0.821851. Patience Count: 4.
Epoch: 140. Train Loss: 1.266844. Patience Count: 5.
Epoch: 141. Train Loss: 1.625256. Patience Count: 6.
Epoch: 142. Train Loss: 0.923043. Patience Count: 7.
Epoch: 143. Train Loss: 1.019743. Patience Count: 8.
Epoch: 144. Train Loss: 0.842101. Patience Count: 9.
Epoch: 145. Train Loss: 1.007074. Patience Count: 10.
Epoch: 146. Train Loss: 0.897867. Patience Count: 11.
Epoch: 147. Train Loss: 1.652976. Patience Count: 12.
Epoch: 148. Train Loss: 1.587243. Patience Count: 13.
Epoch: 149. Train Loss: 2.037504. Patience Count: 14.
Epoch: 150. Train Loss: 1.220961. Patience Count: 15.
Epoch: 151. Train Loss: 1.372963. Patience Count: 16.
Epoch: 152. Train Loss: 1.349969. Patience Count: 17.
Epoch: 153. Train Loss: 0.886746. Patience Count: 18.
Epoch: 154. Train Loss: 1.025696. Patience Count: 19.
Epoch: 155. Train Loss: 1.205643. Patience Count: 20.
Epoch: 156. Train Loss: 1.385565. Patience Count: 21.
Epoch: 157. Train Loss: 1.166072. Patience Count: 22.
Epoch: 158. Train Loss: 1.138426. Patience Count: 23.
Epoch: 159. Train Loss: 1.243141. Patience Count: 24.
Epoch: 160. Train Loss: 1.155038. Patience Count: 25.
Epoch: 161. Train Loss: 1.124788. Patience Count: 26.
Epoch: 162. Train Loss: 0.877346. Patience Count: 27.
Epoch: 163. Train Loss: 0.879230. Patience Count: 28.
Epoch: 164. Train Loss: 1.462933. Patience Count: 29.
Epoch: 165. Train Loss: 1.131623. Patience Count: 30.
Epoch: 166. Train Loss: 0.973125. Patience Count: 31.
Epoch: 167. Train Loss: 1.261743. Patience Count: 32.
Epoch: 168. Train Loss: 0.923290. Patience Count: 33.
Epoch: 169. Train Loss: 1.174416. Patience Count: 34.
Epoch: 170. Train Loss: 0.766560. Patience Count: 35.
Epoch: 171. Train Loss: 1.032013. Patience Count: 36.
Epoch: 172. Train Loss: 0.796694. Patience Count: 37.
Epoch: 173. Train Loss: 1.296777. Patience Count: 38.
Epoch: 174. Train Loss: 1.808159. Patience Count: 39.
Epoch: 175. Train Loss: 1.927491. Patience Count: 40.
Epoch: 176. Train Loss: 1.480832. Patience Count: 41.
Epoch: 177. Train Loss: 1.504039. Patience Count: 42.
Epoch: 178. Train Loss: 1.927469. Patience Count: 43.
Epoch: 179. Train Loss: 1.202290. Patience Count: 44.
Epoch: 180. Train Loss: 1.399042. Patience Count: 45.
Epoch: 181. Train Loss: 1.123581. Patience Count: 46.
Epoch: 182. Train Loss: 1.336767. Patience Count: 47.
Epoch: 183. Train Loss: 1.143127. Patience Count: 48.
Epoch: 184. Train Loss: 1.479691. Patience Count: 49.
Epoch: 185. Train Loss: 1.617641. Patience Count: 50.
dist.destroy_process_group()
dist.destroy_process_group()
Epoch: 186. Train Loss: 1.220505. Patience Count: 51.Stop Early, patience has been running out.
dist.destroy_process_group()
dist.destroy_process_group()
