| distributed init (rank 1): env://, gpu 1
| distributed init (rank 0): env://, gpu 0
| distributed init (rank 3): env://, gpu 3
| distributed init (rank 2): env://, gpu 2
world_size: 4, gpu: 0
Using 8 dataloader workers every process
Epoch: 1. Train Loss: 328.439818. best-save Patience Count: 0.
Epoch: 2. Train Loss: 289.093937. best-save Patience Count: 0.
Epoch: 3. Train Loss: 272.456456. best-save Patience Count: 0.
Epoch: 4. Train Loss: 264.292437. best-save Patience Count: 0.
Epoch: 5. Train Loss: 257.562109. best-save Patience Count: 0.
Epoch: 6. Train Loss: 251.946475. best-save Patience Count: 0.
Epoch: 7. Train Loss: 248.135559. best-save Patience Count: 0.
Epoch: 8. Train Loss: 243.471092. best-save Patience Count: 0.
Epoch: 9. Train Loss: 241.168965. best-save Patience Count: 0.
Epoch: 10. Train Loss: 236.223868. best-save Patience Count: 0.
Epoch: 11. Train Loss: 233.410272. best-save Patience Count: 0.
Epoch: 12. Train Loss: 230.939919. best-save Patience Count: 0.
Epoch: 13. Train Loss: 228.782283. best-save Patience Count: 0.
Epoch: 14. Train Loss: 225.048814. best-save Patience Count: 0.
Epoch: 15. Train Loss: 221.614396. best-save Patience Count: 0.
Epoch: 16. Train Loss: 219.258144. best-save Patience Count: 0.
Epoch: 17. Train Loss: 217.053589. best-save Patience Count: 0.
Epoch: 18. Train Loss: 214.077571. best-save Patience Count: 0.
Epoch: 19. Train Loss: 210.282167. best-save Patience Count: 0.
Epoch: 20. Train Loss: 207.799146. best-save Patience Count: 0.
Epoch: 21. Train Loss: 204.978853. best-save Patience Count: 0.
Epoch: 22. Train Loss: 202.582160. best-save Patience Count: 0.
Epoch: 23. Train Loss: 197.416268. best-save Patience Count: 0.
Epoch: 24. Train Loss: 197.593452. Patience Count: 1.
Epoch: 25. Train Loss: 192.383722. best-save Patience Count: 0.
Epoch: 26. Train Loss: 191.477895. best-save Patience Count: 0.
Epoch: 27. Train Loss: 188.617508. best-save Patience Count: 0.
Epoch: 28. Train Loss: 184.011297. best-save Patience Count: 0.
Epoch: 29. Train Loss: 181.027504. best-save Patience Count: 0.
Epoch: 30. Train Loss: 179.194807. best-save Patience Count: 0.
Epoch: 31. Train Loss: 175.039009. best-save Patience Count: 0.
Epoch: 32. Train Loss: 171.713628. best-save Patience Count: 0.
Epoch: 33. Train Loss: 166.100519. best-save Patience Count: 0.
Epoch: 34. Train Loss: 167.566137. Patience Count: 1.
Epoch: 35. Train Loss: 162.314965. best-save Patience Count: 0.
Epoch: 36. Train Loss: 159.201570. best-save Patience Count: 0.
Epoch: 37. Train Loss: 154.156012. best-save Patience Count: 0.
Epoch: 38. Train Loss: 157.243823. Patience Count: 1.
Epoch: 39. Train Loss: 150.001527. best-save Patience Count: 0.
Epoch: 40. Train Loss: 145.748695. best-save Patience Count: 0.
Epoch: 41. Train Loss: 147.037855. Patience Count: 1.
Epoch: 42. Train Loss: 139.255619. best-save Patience Count: 0.
Epoch: 43. Train Loss: 136.519814. best-save Patience Count: 0.
Epoch: 44. Train Loss: 134.543324. best-save Patience Count: 0.
Epoch: 45. Train Loss: 129.269998. best-save Patience Count: 0.
Epoch: 46. Train Loss: 126.132656. best-save Patience Count: 0.
Epoch: 47. Train Loss: 122.942788. best-save Patience Count: 0.
Epoch: 48. Train Loss: 122.894120. best-save Patience Count: 0.
Epoch: 49. Train Loss: 117.725605. best-save Patience Count: 0.
Epoch: 50. Train Loss: 114.650670. best-save Patience Count: 0.
Epoch: 51. Train Loss: 108.925598. best-save Patience Count: 0.
Epoch: 52. Train Loss: 112.235229. Patience Count: 1.
Epoch: 53. Train Loss: 107.704888. best-save Patience Count: 0.
Epoch: 54. Train Loss: 102.354757. best-save Patience Count: 0.
Epoch: 55. Train Loss: 100.664152. best-save Patience Count: 0.
Epoch: 56. Train Loss: 99.804119. best-save Patience Count: 0.
Epoch: 57. Train Loss: 97.650722. best-save Patience Count: 0.
Epoch: 58. Train Loss: 92.947001. best-save Patience Count: 0.
Epoch: 59. Train Loss: 89.775016. best-save Patience Count: 0.
Epoch: 60. Train Loss: 85.392677. best-save Patience Count: 0.
Epoch: 61. Train Loss: 86.068332. Patience Count: 1.
Epoch: 62. Train Loss: 81.295861. best-save Patience Count: 0.
Epoch: 63. Train Loss: 80.727662. best-save Patience Count: 0.
Epoch: 64. Train Loss: 81.295023. Patience Count: 1.
Epoch: 65. Train Loss: 77.874105. best-save Patience Count: 0.
Epoch: 66. Train Loss: 75.068588. best-save Patience Count: 0.
Epoch: 67. Train Loss: 73.752917. best-save Patience Count: 0.
Epoch: 68. Train Loss: 69.016088. best-save Patience Count: 0.
Epoch: 69. Train Loss: 68.947397. best-save Patience Count: 0.
Epoch: 70. Train Loss: 69.970922. Patience Count: 1.
Epoch: 71. Train Loss: 64.023185. best-save Patience Count: 0.
Epoch: 72. Train Loss: 63.621409. best-save Patience Count: 0.
Epoch: 73. Train Loss: 62.968698. best-save Patience Count: 0.
Epoch: 74. Train Loss: 62.527658. best-save Patience Count: 0.
Epoch: 75. Train Loss: 59.033621. best-save Patience Count: 0.
Epoch: 76. Train Loss: 60.399560. Patience Count: 1.
Epoch: 77. Train Loss: 56.197523. best-save Patience Count: 0.
Epoch: 78. Train Loss: 54.348870. best-save Patience Count: 0.
Epoch: 79. Train Loss: 56.230494. Patience Count: 1.
Epoch: 80. Train Loss: 52.878401. best-save Patience Count: 0.
Epoch: 81. Train Loss: 52.112529. best-save Patience Count: 0.
Epoch: 82. Train Loss: 47.233480. best-save Patience Count: 0.
Epoch: 83. Train Loss: 49.079577. Patience Count: 1.
Epoch: 84. Train Loss: 47.148963. best-save Patience Count: 0.
Epoch: 85. Train Loss: 46.300846. best-save Patience Count: 0.
Epoch: 86. Train Loss: 48.078751. Patience Count: 1.
Epoch: 87. Train Loss: 45.551008. best-save Patience Count: 0.
Epoch: 88. Train Loss: 45.086991. best-save Patience Count: 0.
Epoch: 89. Train Loss: 41.662629. best-save Patience Count: 0.
Epoch: 90. Train Loss: 41.994415. Patience Count: 1.
Epoch: 91. Train Loss: 40.791078. best-save Patience Count: 0.
Epoch: 92. Train Loss: 39.566442. best-save Patience Count: 0.
Epoch: 93. Train Loss: 40.446968. Patience Count: 1.
Epoch: 94. Train Loss: 36.948089. best-save Patience Count: 0.
Epoch: 95. Train Loss: 34.797036. best-save Patience Count: 0.
Epoch: 96. Train Loss: 33.953569. best-save Patience Count: 0.
Epoch: 97. Train Loss: 35.157260. Patience Count: 1.
Epoch: 98. Train Loss: 34.743338. Patience Count: 2.
Epoch: 99. Train Loss: 35.200290. Patience Count: 3.
Epoch: 100. Train Loss: 32.654394. best-save Patience Count: 0.
Epoch: 101. Train Loss: 23.241703. best-save Patience Count: 0.
Epoch: 102. Train Loss: 18.431370. best-save Patience Count: 0.
Epoch: 103. Train Loss: 17.189790. best-save Patience Count: 0.
Epoch: 104. Train Loss: 16.573294. best-save Patience Count: 0.
Epoch: 105. Train Loss: 16.132226. best-save Patience Count: 0.
Epoch: 106. Train Loss: 15.672740. best-save Patience Count: 0.
Epoch: 107. Train Loss: 15.029177. best-save Patience Count: 0.
Epoch: 108. Train Loss: 14.846471. best-save Patience Count: 0.
Epoch: 109. Train Loss: 15.136270. Patience Count: 1.
Epoch: 110. Train Loss: 13.892521. best-save Patience Count: 0.
Epoch: 111. Train Loss: 14.119910. Patience Count: 1.
Epoch: 112. Train Loss: 13.353080. best-save Patience Count: 0.
Epoch: 113. Train Loss: 13.528727. Patience Count: 1.
Epoch: 114. Train Loss: 13.296109. best-save Patience Count: 0.
Epoch: 115. Train Loss: 13.159035. best-save Patience Count: 0.
Epoch: 116. Train Loss: 12.539660. best-save Patience Count: 0.
Epoch: 117. Train Loss: 12.262482. best-save Patience Count: 0.
Epoch: 118. Train Loss: 12.347242. Patience Count: 1.
Epoch: 119. Train Loss: 12.748107. Patience Count: 2.
Epoch: 120. Train Loss: 12.574689. Patience Count: 3.
Epoch: 121. Train Loss: 11.833528. best-save Patience Count: 0.
Epoch: 122. Train Loss: 11.396813. best-save Patience Count: 0.
Epoch: 123. Train Loss: 11.343082. best-save Patience Count: 0.
Epoch: 124. Train Loss: 11.875194. Patience Count: 1.
Epoch: 125. Train Loss: 12.077807. Patience Count: 2.
Epoch: 126. Train Loss: 12.049666. Patience Count: 3.
Epoch: 127. Train Loss: 11.908683. Patience Count: 4.
Epoch: 128. Train Loss: 11.586677. Patience Count: 5.
Epoch: 129. Train Loss: 11.709600. Patience Count: 6.
Epoch: 130. Train Loss: 11.255645. best-save Patience Count: 0.
Epoch: 131. Train Loss: 11.173108. best-save Patience Count: 0.
Epoch: 132. Train Loss: 10.061902. best-save Patience Count: 0.
Epoch: 133. Train Loss: 10.889961. Patience Count: 1.
Epoch: 134. Train Loss: 10.924834. Patience Count: 2.
Epoch: 135. Train Loss: 10.057745. best-save Patience Count: 0.
Epoch: 136. Train Loss: 10.381841. Patience Count: 1.
Epoch: 137. Train Loss: 10.170957. Patience Count: 2.
Epoch: 138. Train Loss: 10.144646. Patience Count: 3.
Epoch: 139. Train Loss: 9.868851. best-save Patience Count: 0.
Epoch: 140. Train Loss: 9.979274. Patience Count: 1.
Epoch: 141. Train Loss: 9.509236. best-save Patience Count: 0.
Epoch: 142. Train Loss: 9.552357. Patience Count: 1.
Epoch: 143. Train Loss: 9.134185. best-save Patience Count: 0.
Epoch: 144. Train Loss: 8.979928. best-save Patience Count: 0.
Epoch: 145. Train Loss: 9.086001. Patience Count: 1.
Epoch: 146. Train Loss: 8.762833. best-save Patience Count: 0.
Epoch: 147. Train Loss: 8.560120. best-save Patience Count: 0.
Epoch: 148. Train Loss: 8.505291. best-save Patience Count: 0.
Epoch: 149. Train Loss: 9.490761. Patience Count: 1.
Epoch: 150. Train Loss: 7.834346. best-save Patience Count: 0.
Epoch: 151. Train Loss: 9.365180. Patience Count: 1.
Epoch: 152. Train Loss: 8.700742. Patience Count: 2.
Epoch: 153. Train Loss: 8.036701. Patience Count: 3.
Epoch: 154. Train Loss: 8.361488. Patience Count: 4.
Epoch: 155. Train Loss: 7.457137. best-save Patience Count: 0.
Epoch: 156. Train Loss: 7.179426. best-save Patience Count: 0.
Epoch: 157. Train Loss: 8.241110. Patience Count: 1.
Epoch: 158. Train Loss: 8.814800. Patience Count: 2.
Epoch: 159. Train Loss: 7.621326. Patience Count: 3.
Epoch: 160. Train Loss: 7.810011. Patience Count: 4.
Epoch: 161. Train Loss: 7.054494. best-save Patience Count: 0.
Epoch: 162. Train Loss: 7.594037. Patience Count: 1.
Epoch: 163. Train Loss: 7.180762. Patience Count: 2.
Epoch: 164. Train Loss: 6.949142. best-save Patience Count: 0.
Epoch: 165. Train Loss: 6.771380. best-save Patience Count: 0.
Epoch: 166. Train Loss: 7.436295. Patience Count: 1.
Epoch: 167. Train Loss: 7.776992. Patience Count: 2.
Epoch: 168. Train Loss: 7.602140. Patience Count: 3.
Epoch: 169. Train Loss: 6.711645. best-save Patience Count: 0.
Epoch: 170. Train Loss: 7.193852. Patience Count: 1.
Epoch: 171. Train Loss: 6.168314. best-save Patience Count: 0.
Epoch: 172. Train Loss: 6.337718. Patience Count: 1.
Epoch: 173. Train Loss: 6.107381. best-save Patience Count: 0.
Epoch: 174. Train Loss: 6.593906. Patience Count: 1.
Epoch: 175. Train Loss: 6.392117. Patience Count: 2.
Epoch: 176. Train Loss: 6.197518. Patience Count: 3.
Epoch: 177. Train Loss: 6.294165. Patience Count: 4.
Epoch: 178. Train Loss: 7.451486. Patience Count: 5.
Epoch: 179. Train Loss: 6.344154. Patience Count: 6.
Epoch: 180. Train Loss: 6.158105. Patience Count: 7.
Epoch: 181. Train Loss: 5.659706. best-save Patience Count: 0.
Epoch: 182. Train Loss: 7.117454. Patience Count: 1.
Epoch: 183. Train Loss: 7.057695. Patience Count: 2.
Epoch: 184. Train Loss: 5.638678. best-save Patience Count: 0.
Epoch: 185. Train Loss: 6.617776. Patience Count: 1.
Epoch: 186. Train Loss: 5.678984. Patience Count: 2.
Epoch: 187. Train Loss: 5.416737. best-save Patience Count: 0.
Epoch: 188. Train Loss: 5.928008. Patience Count: 1.
Epoch: 189. Train Loss: 6.295764. Patience Count: 2.
Epoch: 190. Train Loss: 6.450649. Patience Count: 3.
Epoch: 191. Train Loss: 6.828943. Patience Count: 4.
Epoch: 192. Train Loss: 7.107685. Patience Count: 5.
Epoch: 193. Train Loss: 6.907710. Patience Count: 6.
Epoch: 194. Train Loss: 5.249680. best-save Patience Count: 0.
Epoch: 195. Train Loss: 5.195555. best-save Patience Count: 0.
Epoch: 196. Train Loss: 6.108424. Patience Count: 1.
Epoch: 197. Train Loss: 6.375994. Patience Count: 2.
Epoch: 198. Train Loss: 4.785236. best-save Patience Count: 0.
Epoch: 199. Train Loss: 5.694629. Patience Count: 1.
Epoch: 200. Train Loss: 5.882561. Patience Count: 2.
Epoch: 201. Train Loss: 4.024373. best-save Patience Count: 0.
Epoch: 202. Train Loss: 3.694569. best-save Patience Count: 0.
Epoch: 203. Train Loss: 3.657115. best-save Patience Count: 0.
Epoch: 204. Train Loss: 3.511350. best-save Patience Count: 0.
Epoch: 205. Train Loss: 3.442304. best-save Patience Count: 0.
Epoch: 206. Train Loss: 3.003680. best-save Patience Count: 0.
Epoch: 207. Train Loss: 3.053442. Patience Count: 1.
Epoch: 208. Train Loss: 3.123746. Patience Count: 2.
Epoch: 209. Train Loss: 2.718498. best-save Patience Count: 0.
Epoch: 210. Train Loss: 2.896691. Patience Count: 1.
Epoch: 211. Train Loss: 2.991034. Patience Count: 2.
Epoch: 212. Train Loss: 2.929911. Patience Count: 3.
Epoch: 213. Train Loss: 2.709830. best-save Patience Count: 0.
Epoch: 214. Train Loss: 2.457547. best-save Patience Count: 0.
Epoch: 215. Train Loss: 2.891383. Patience Count: 1.
Epoch: 216. Train Loss: 2.542484. Patience Count: 2.
Epoch: 217. Train Loss: 2.724450. Patience Count: 3.
Epoch: 218. Train Loss: 2.484223. Patience Count: 4.
Epoch: 219. Train Loss: 3.073707. Patience Count: 5.
Epoch: 220. Train Loss: 3.007738. Patience Count: 6.
Epoch: 221. Train Loss: 2.971239. Patience Count: 7.
Epoch: 222. Train Loss: 3.028354. Patience Count: 8.
Epoch: 223. Train Loss: 3.109774. Patience Count: 9.
Epoch: 224. Train Loss: 2.678705. Patience Count: 10.
Epoch: 225. Train Loss: 2.803322. Patience Count: 11.
Epoch: 226. Train Loss: 3.199325. Patience Count: 12.
Epoch: 227. Train Loss: 2.615304. Patience Count: 13.
Epoch: 228. Train Loss: 2.423296. best-save Patience Count: 0.
Epoch: 229. Train Loss: 2.529765. Patience Count: 1.
Epoch: 230. Train Loss: 2.439104. Patience Count: 2.
Epoch: 231. Train Loss: 2.883039. Patience Count: 3.
Epoch: 232. Train Loss: 2.888215. Patience Count: 4.
Epoch: 233. Train Loss: 3.036540. Patience Count: 5.
Epoch: 234. Train Loss: 2.791572. Patience Count: 6.
Epoch: 235. Train Loss: 2.557071. Patience Count: 7.
Epoch: 236. Train Loss: 3.173741. Patience Count: 8.
Epoch: 237. Train Loss: 2.670227. Patience Count: 9.
Epoch: 238. Train Loss: 2.815803. Patience Count: 10.
Epoch: 239. Train Loss: 2.232869. best-save Patience Count: 0.
Epoch: 240. Train Loss: 2.349424. Patience Count: 1.
Epoch: 241. Train Loss: 2.619385. Patience Count: 2.
Epoch: 242. Train Loss: 2.333373. Patience Count: 3.
Epoch: 243. Train Loss: 2.400377. Patience Count: 4.
Epoch: 244. Train Loss: 2.904774. Patience Count: 5.
Epoch: 245. Train Loss: 2.621598. Patience Count: 6.
Epoch: 246. Train Loss: 2.841431. Patience Count: 7.
Epoch: 247. Train Loss: 2.807229. Patience Count: 8.
Epoch: 248. Train Loss: 2.771652. Patience Count: 9.
Epoch: 249. Train Loss: 2.687955. Patience Count: 10.
Epoch: 250. Train Loss: 2.535007. Patience Count: 11.
Epoch: 251. Train Loss: 2.676326. Patience Count: 12.
Epoch: 252. Train Loss: 2.787777. Patience Count: 13.
Epoch: 253. Train Loss: 2.874542. Patience Count: 14.
Epoch: 254. Train Loss: 2.680450. Patience Count: 15.
Epoch: 255. Train Loss: 2.720821. Patience Count: 16.
Epoch: 256. Train Loss: 2.449938. Patience Count: 17.
Epoch: 257. Train Loss: 2.694805. Patience Count: 18.
Epoch: 258. Train Loss: 1.763455. best-save Patience Count: 0.
Epoch: 259. Train Loss: 2.304602. Patience Count: 1.
Epoch: 260. Train Loss: 2.779581. Patience Count: 2.
Epoch: 261. Train Loss: 2.516090. Patience Count: 3.
Epoch: 262. Train Loss: 2.421355. Patience Count: 4.
Epoch: 263. Train Loss: 2.239705. Patience Count: 5.
Epoch: 264. Train Loss: 2.253152. Patience Count: 6.
Epoch: 265. Train Loss: 2.230269. Patience Count: 7.
Epoch: 266. Train Loss: 2.655238. Patience Count: 8.
Epoch: 267. Train Loss: 2.164930. Patience Count: 9.
Epoch: 268. Train Loss: 2.158472. Patience Count: 10.
Epoch: 269. Train Loss: 2.890679. Patience Count: 11.
Epoch: 270. Train Loss: 2.140110. Patience Count: 12.
Epoch: 271. Train Loss: 2.384567. Patience Count: 13.
Epoch: 272. Train Loss: 2.304272. Patience Count: 14.
Epoch: 273. Train Loss: 2.426902. Patience Count: 15.
Epoch: 274. Train Loss: 2.344513. Patience Count: 16.
Epoch: 275. Train Loss: 2.277546. Patience Count: 17.
Epoch: 276. Train Loss: 2.356280. Patience Count: 18.
Epoch: 277. Train Loss: 2.279854. Patience Count: 19.
Epoch: 278. Train Loss: 2.207853. Patience Count: 20.
Epoch: 279. Train Loss: 2.286704. Patience Count: 21.
Epoch: 280. Train Loss: 2.191373. Patience Count: 22.
Epoch: 281. Train Loss: 1.881770. Patience Count: 23.
Epoch: 282. Train Loss: 2.258617. Patience Count: 24.
Epoch: 283. Train Loss: 1.964521. Patience Count: 25.
Epoch: 284. Train Loss: 2.162229. Patience Count: 26.
Epoch: 285. Train Loss: 2.411635. Patience Count: 27.
Epoch: 286. Train Loss: 1.986575. Patience Count: 28.
Epoch: 287. Train Loss: 2.383456. Patience Count: 29.
Epoch: 288. Train Loss: 2.140346. Patience Count: 30.
Epoch: 289. Train Loss: 2.146379. Patience Count: 31.
Epoch: 290. Train Loss: 2.121511. Patience Count: 32.
Epoch: 291. Train Loss: 2.463376. Patience Count: 33.
Epoch: 292. Train Loss: 1.893226. Patience Count: 34.
Epoch: 293. Train Loss: 2.167333. Patience Count: 35.
Epoch: 294. Train Loss: 1.955130. Patience Count: 36.
Epoch: 295. Train Loss: 2.174884. Patience Count: 37.
Epoch: 296. Train Loss: 2.403725. Patience Count: 38.
Epoch: 297. Train Loss: 2.007471. Patience Count: 39.
Epoch: 298. Train Loss: 2.086628. Patience Count: 40.
Epoch: 299. Train Loss: 2.426760. Patience Count: 41.
Epoch: 300. Train Loss: 2.177150. Patience Count: 42.
Epoch: 301. Train Loss: 2.216791. Patience Count: 43.
Epoch: 302. Train Loss: 1.673965. best-save Patience Count: 0.
Epoch: 303. Train Loss: 2.218618. Patience Count: 1.
Epoch: 304. Train Loss: 1.887416. Patience Count: 2.
Epoch: 305. Train Loss: 1.791972. Patience Count: 3.
Epoch: 306. Train Loss: 1.955907. Patience Count: 4.
Epoch: 307. Train Loss: 1.830380. Patience Count: 5.
Epoch: 308. Train Loss: 2.153495. Patience Count: 6.
Epoch: 309. Train Loss: 1.312304. best-save Patience Count: 0.
Epoch: 310. Train Loss: 1.689090. Patience Count: 1.
Epoch: 311. Train Loss: 1.583095. Patience Count: 2.
Epoch: 312. Train Loss: 1.851669. Patience Count: 3.
Epoch: 313. Train Loss: 1.733580. Patience Count: 4.
Epoch: 314. Train Loss: 1.610477. Patience Count: 5.
Epoch: 315. Train Loss: 1.855314. Patience Count: 6.
Epoch: 316. Train Loss: 1.644186. Patience Count: 7.
Epoch: 317. Train Loss: 1.591855. Patience Count: 8.
Epoch: 318. Train Loss: 1.481369. Patience Count: 9.
Epoch: 319. Train Loss: 1.760083. Patience Count: 10.
Epoch: 320. Train Loss: 1.678775. Patience Count: 11.
Epoch: 321. Train Loss: 1.902129. Patience Count: 12.
Epoch: 322. Train Loss: 1.845696. Patience Count: 13.
Epoch: 323. Train Loss: 1.820419. Patience Count: 14.
Epoch: 324. Train Loss: 2.174522. Patience Count: 15.
Epoch: 325. Train Loss: 1.650539. Patience Count: 16.
Epoch: 326. Train Loss: 1.726577. Patience Count: 17.
Epoch: 327. Train Loss: 1.862718. Patience Count: 18.
Epoch: 328. Train Loss: 1.666191. Patience Count: 19.
Epoch: 329. Train Loss: 1.460523. Patience Count: 20.
Epoch: 330. Train Loss: 1.689591. Patience Count: 21.
Epoch: 331. Train Loss: 1.905274. Patience Count: 22.
Epoch: 332. Train Loss: 2.061689. Patience Count: 23.
Epoch: 333. Train Loss: 1.534031. Patience Count: 24.
Epoch: 334. Train Loss: 1.753171. Patience Count: 25.
Epoch: 335. Train Loss: 1.941018. Patience Count: 26.
Epoch: 336. Train Loss: 1.455469. Patience Count: 27.
Epoch: 337. Train Loss: 1.800390. Patience Count: 28.
Epoch: 338. Train Loss: 1.991076. Patience Count: 29.
Epoch: 339. Train Loss: 1.598263. Patience Count: 30.
Epoch: 340. Train Loss: 1.449604. Patience Count: 31.
Epoch: 341. Train Loss: 1.654217. Patience Count: 32.
Epoch: 342. Train Loss: 1.579697. Patience Count: 33.
Epoch: 343. Train Loss: 1.644403. Patience Count: 34.
Epoch: 344. Train Loss: 1.751303. Patience Count: 35.
Epoch: 345. Train Loss: 1.933956. Patience Count: 36.
Epoch: 346. Train Loss: 1.643428. Patience Count: 37.
Epoch: 347. Train Loss: 1.584505. Patience Count: 38.
Epoch: 348. Train Loss: 1.684495. Patience Count: 39.
Epoch: 349. Train Loss: 1.664738. Patience Count: 40.
Epoch: 350. Train Loss: 1.490271. Patience Count: 41.
Epoch: 351. Train Loss: 1.516711. Patience Count: 42.
Epoch: 352. Train Loss: 1.725240. Patience Count: 43.
Epoch: 353. Train Loss: 1.776939. Patience Count: 44.
Epoch: 354. Train Loss: 1.748101. Patience Count: 45.
Epoch: 355. Train Loss: 1.778984. Patience Count: 46.
Epoch: 356. Train Loss: 1.763867. Patience Count: 47.
Epoch: 357. Train Loss: 1.461552. Patience Count: 48.
Epoch: 358. Train Loss: 1.504755. Patience Count: 49.
Epoch: 359. Train Loss: 1.662397. Patience Count: 50.
dist.destroy_process_group()
Epoch: 360. Train Loss: 1.477741. Patience Count: 51.Stop Early, patience has been running out.
dist.destroy_process_group()
dist.destroy_process_group()
dist.destroy_process_group()
