| distributed init (rank 0): env://, gpu 0
| distributed init (rank 1): env://, gpu 1
| distributed init (rank 2): env://, gpu 2
| distributed init (rank 3): env://, gpu 3
world_size: 4, gpu: 0
Using 8 dataloader workers every process
Epoch: 1. Train Loss: 337.578756. best-save Patience Count: 0.
Epoch: 2. Train Loss: 283.997025. best-save Patience Count: 0.
Epoch: 3. Train Loss: 269.081027. best-save Patience Count: 0.
Epoch: 4. Train Loss: 259.765289. best-save Patience Count: 0.
Epoch: 5. Train Loss: 251.591992. best-save Patience Count: 0.
Epoch: 6. Train Loss: 247.533387. best-save Patience Count: 0.
Epoch: 7. Train Loss: 240.786088. best-save Patience Count: 0.
Epoch: 8. Train Loss: 234.446950. best-save Patience Count: 0.
Epoch: 9. Train Loss: 229.639215. best-save Patience Count: 0.
Epoch: 10. Train Loss: 222.470243. best-save Patience Count: 0.
Epoch: 11. Train Loss: 220.139060. best-save Patience Count: 0.
Epoch: 12. Train Loss: 215.056407. best-save Patience Count: 0.
Epoch: 13. Train Loss: 209.755974. best-save Patience Count: 0.
Epoch: 14. Train Loss: 203.767072. best-save Patience Count: 0.
Epoch: 15. Train Loss: 199.311616. best-save Patience Count: 0.
Epoch: 16. Train Loss: 193.925514. best-save Patience Count: 0.
Epoch: 17. Train Loss: 188.327786. best-save Patience Count: 0.
Epoch: 18. Train Loss: 185.125858. best-save Patience Count: 0.
Epoch: 19. Train Loss: 179.481785. best-save Patience Count: 0.
Epoch: 20. Train Loss: 175.513853. best-save Patience Count: 0.
Epoch: 21. Train Loss: 167.935858. best-save Patience Count: 0.
Epoch: 22. Train Loss: 161.809749. best-save Patience Count: 0.
Epoch: 23. Train Loss: 157.522536. best-save Patience Count: 0.
Epoch: 24. Train Loss: 157.672738. Patience Count: 1.
Epoch: 25. Train Loss: 149.875944. best-save Patience Count: 0.
Epoch: 26. Train Loss: 142.037369. best-save Patience Count: 0.
Epoch: 27. Train Loss: 135.581720. best-save Patience Count: 0.
Epoch: 28. Train Loss: 132.980289. best-save Patience Count: 0.
Epoch: 29. Train Loss: 130.016531. best-save Patience Count: 0.
Epoch: 30. Train Loss: 120.231764. best-save Patience Count: 0.
Epoch: 31. Train Loss: 116.825909. best-save Patience Count: 0.
Epoch: 32. Train Loss: 116.696408. best-save Patience Count: 0.
Epoch: 33. Train Loss: 105.921210. best-save Patience Count: 0.
Epoch: 34. Train Loss: 105.356418. best-save Patience Count: 0.
Epoch: 35. Train Loss: 102.570484. best-save Patience Count: 0.
Epoch: 36. Train Loss: 95.426522. best-save Patience Count: 0.
Epoch: 37. Train Loss: 92.832780. best-save Patience Count: 0.
Epoch: 38. Train Loss: 84.277051. best-save Patience Count: 0.
Epoch: 39. Train Loss: 83.678120. best-save Patience Count: 0.
Epoch: 40. Train Loss: 83.641569. best-save Patience Count: 0.
Epoch: 41. Train Loss: 81.783743. best-save Patience Count: 0.
Epoch: 42. Train Loss: 76.561870. best-save Patience Count: 0.
Epoch: 43. Train Loss: 70.424013. best-save Patience Count: 0.
Epoch: 44. Train Loss: 68.207409. best-save Patience Count: 0.
Epoch: 45. Train Loss: 65.402512. best-save Patience Count: 0.
Epoch: 46. Train Loss: 65.998896. Patience Count: 1.
Epoch: 47. Train Loss: 59.998142. best-save Patience Count: 0.
Epoch: 48. Train Loss: 63.825340. Patience Count: 1.
Epoch: 49. Train Loss: 55.780646. best-save Patience Count: 0.
Epoch: 50. Train Loss: 57.190381. Patience Count: 1.
Epoch: 51. Train Loss: 52.155269. best-save Patience Count: 0.
Epoch: 52. Train Loss: 48.326982. best-save Patience Count: 0.
Epoch: 53. Train Loss: 50.658089. Patience Count: 1.
Epoch: 54. Train Loss: 47.936399. best-save Patience Count: 0.
Epoch: 55. Train Loss: 46.287369. best-save Patience Count: 0.
Epoch: 56. Train Loss: 40.502754. best-save Patience Count: 0.
Epoch: 57. Train Loss: 40.136870. best-save Patience Count: 0.
Epoch: 58. Train Loss: 41.621821. Patience Count: 1.
Epoch: 59. Train Loss: 41.285580. Patience Count: 2.
Epoch: 60. Train Loss: 36.829932. best-save Patience Count: 0.
Epoch: 61. Train Loss: 37.229631. Patience Count: 1.
Epoch: 62. Train Loss: 36.609150. best-save Patience Count: 0.
Epoch: 63. Train Loss: 35.015774. best-save Patience Count: 0.
Epoch: 64. Train Loss: 34.998032. best-save Patience Count: 0.
Epoch: 65. Train Loss: 31.675779. best-save Patience Count: 0.
Epoch: 66. Train Loss: 29.481350. best-save Patience Count: 0.
Epoch: 67. Train Loss: 32.216498. Patience Count: 1.
Epoch: 68. Train Loss: 31.811454. Patience Count: 2.
Epoch: 69. Train Loss: 28.280952. best-save Patience Count: 0.
Epoch: 70. Train Loss: 28.985579. Patience Count: 1.
Epoch: 71. Train Loss: 29.865551. Patience Count: 2.
Epoch: 72. Train Loss: 26.862145. best-save Patience Count: 0.
Epoch: 73. Train Loss: 21.549081. best-save Patience Count: 0.
Epoch: 74. Train Loss: 26.318133. Patience Count: 1.
Epoch: 75. Train Loss: 26.525433. Patience Count: 2.
Epoch: 76. Train Loss: 25.036956. Patience Count: 3.
Epoch: 77. Train Loss: 21.723607. Patience Count: 4.
Epoch: 78. Train Loss: 23.254741. Patience Count: 5.
Epoch: 79. Train Loss: 24.128779. Patience Count: 6.
Epoch: 80. Train Loss: 22.504781. Patience Count: 7.
Epoch: 81. Train Loss: 22.445404. Patience Count: 8.
Epoch: 82. Train Loss: 20.510531. best-save Patience Count: 0.
Epoch: 83. Train Loss: 20.020410. best-save Patience Count: 0.
Epoch: 84. Train Loss: 23.210573. Patience Count: 1.
Epoch: 85. Train Loss: 22.403950. Patience Count: 2.
Epoch: 86. Train Loss: 17.251736. best-save Patience Count: 0.
Epoch: 87. Train Loss: 16.544008. best-save Patience Count: 0.
Epoch: 88. Train Loss: 21.943165. Patience Count: 1.
Epoch: 89. Train Loss: 20.183973. Patience Count: 2.
Epoch: 90. Train Loss: 18.777312. Patience Count: 3.
Epoch: 91. Train Loss: 19.545375. Patience Count: 4.
Epoch: 92. Train Loss: 17.092265. Patience Count: 5.
Epoch: 93. Train Loss: 15.391464. best-save Patience Count: 0.
Epoch: 94. Train Loss: 18.312562. Patience Count: 1.
Epoch: 95. Train Loss: 15.519563. Patience Count: 2.
Epoch: 96. Train Loss: 15.370738. best-save Patience Count: 0.
Epoch: 97. Train Loss: 23.599676. Patience Count: 1.
Epoch: 98. Train Loss: 20.330675. Patience Count: 2.
Epoch: 99. Train Loss: 12.975156. best-save Patience Count: 0.
Epoch: 100. Train Loss: 15.221430. Patience Count: 1.
Epoch: 101. Train Loss: 7.886517. best-save Patience Count: 0.
Epoch: 102. Train Loss: 3.184476. best-save Patience Count: 0.
Epoch: 103. Train Loss: 2.399315. best-save Patience Count: 0.
Epoch: 104. Train Loss: 2.252273. best-save Patience Count: 0.
Epoch: 105. Train Loss: 1.644224. best-save Patience Count: 0.
Epoch: 106. Train Loss: 1.324202. best-save Patience Count: 0.
Epoch: 107. Train Loss: 1.228249. best-save Patience Count: 0.
Epoch: 108. Train Loss: 1.276766. Patience Count: 1.
Epoch: 109. Train Loss: 1.237538. Patience Count: 2.
Epoch: 110. Train Loss: 1.343749. Patience Count: 3.
Epoch: 111. Train Loss: 0.862441. best-save Patience Count: 0.
Epoch: 112. Train Loss: 1.076780. Patience Count: 1.
Epoch: 113. Train Loss: 1.192515. Patience Count: 2.
Epoch: 114. Train Loss: 1.525640. Patience Count: 3.
Epoch: 115. Train Loss: 1.310158. Patience Count: 4.
Epoch: 116. Train Loss: 1.046350. Patience Count: 5.
Epoch: 117. Train Loss: 1.067817. Patience Count: 6.
Epoch: 118. Train Loss: 0.796747. best-save Patience Count: 0.
Epoch: 119. Train Loss: 0.773857. best-save Patience Count: 0.
Epoch: 120. Train Loss: 0.868090. Patience Count: 1.
Epoch: 121. Train Loss: 0.765807. best-save Patience Count: 0.
Epoch: 122. Train Loss: 0.901277. Patience Count: 1.
Epoch: 123. Train Loss: 0.675610. best-save Patience Count: 0.
Epoch: 124. Train Loss: 1.089859. Patience Count: 1.
Epoch: 125. Train Loss: 0.868393. Patience Count: 2.
Epoch: 126. Train Loss: 0.846091. Patience Count: 3.
Epoch: 127. Train Loss: 0.619099. best-save Patience Count: 0.
Epoch: 128. Train Loss: 1.003413. Patience Count: 1.
Epoch: 129. Train Loss: 0.878897. Patience Count: 2.
Epoch: 130. Train Loss: 1.004466. Patience Count: 3.
Epoch: 131. Train Loss: 1.213019. Patience Count: 4.
Epoch: 132. Train Loss: 1.291882. Patience Count: 5.
Epoch: 133. Train Loss: 0.891574. Patience Count: 6.
Epoch: 134. Train Loss: 1.191915. Patience Count: 7.
Epoch: 135. Train Loss: 0.905968. Patience Count: 8.
Epoch: 136. Train Loss: 1.166537. Patience Count: 9.
Epoch: 137. Train Loss: 0.749520. Patience Count: 10.
Epoch: 138. Train Loss: 0.655716. Patience Count: 11.
Epoch: 139. Train Loss: 1.086578. Patience Count: 12.
Epoch: 140. Train Loss: 0.839830. Patience Count: 13.
Epoch: 141. Train Loss: 0.731359. Patience Count: 14.
Epoch: 142. Train Loss: 0.726538. Patience Count: 15.
Epoch: 143. Train Loss: 1.020503. Patience Count: 16.
Epoch: 144. Train Loss: 1.008408. Patience Count: 17.
Epoch: 145. Train Loss: 1.490505. Patience Count: 18.
Epoch: 146. Train Loss: 1.231213. Patience Count: 19.
Epoch: 147. Train Loss: 1.265175. Patience Count: 20.
Epoch: 148. Train Loss: 0.978716. Patience Count: 21.
Epoch: 149. Train Loss: 0.657935. Patience Count: 22.
Epoch: 150. Train Loss: 0.790985. Patience Count: 23.
Epoch: 151. Train Loss: 1.113624. Patience Count: 24.
Epoch: 152. Train Loss: 1.417313. Patience Count: 25.
Epoch: 153. Train Loss: 1.539495. Patience Count: 26.
Epoch: 154. Train Loss: 1.146521. Patience Count: 27.
Epoch: 155. Train Loss: 1.353214. Patience Count: 28.
Epoch: 156. Train Loss: 1.130439. Patience Count: 29.
Epoch: 157. Train Loss: 0.668086. Patience Count: 30.
Epoch: 158. Train Loss: 1.029938. Patience Count: 31.
Epoch: 159. Train Loss: 1.894080. Patience Count: 32.
Epoch: 160. Train Loss: 1.775809. Patience Count: 33.
Epoch: 161. Train Loss: 1.557334. Patience Count: 34.
Epoch: 162. Train Loss: 1.259476. Patience Count: 35.
Epoch: 163. Train Loss: 1.062642. Patience Count: 36.
Epoch: 164. Train Loss: 0.997214. Patience Count: 37.
Epoch: 165. Train Loss: 1.216026. Patience Count: 38.
Epoch: 166. Train Loss: 1.089620. Patience Count: 39.
Epoch: 167. Train Loss: 1.111856. Patience Count: 40.
Epoch: 168. Train Loss: 0.690601. Patience Count: 41.
Epoch: 169. Train Loss: 1.010515. Patience Count: 42.
Epoch: 170. Train Loss: 1.070227. Patience Count: 43.
Epoch: 171. Train Loss: 1.310998. Patience Count: 44.
Epoch: 172. Train Loss: 1.995896. Patience Count: 45.
Epoch: 173. Train Loss: 1.774843. Patience Count: 46.
Epoch: 174. Train Loss: 1.342013. Patience Count: 47.
Epoch: 175. Train Loss: 0.814191. Patience Count: 48.
Epoch: 176. Train Loss: 1.390160. Patience Count: 49.
Epoch: 177. Train Loss: 1.331027. Patience Count: 50.
dist.destroy_process_group()
Epoch: 178. Train Loss: 2.241681. Patience Count: 51.Stop Early, patience has been running out.
dist.destroy_process_group()
dist.destroy_process_group()
dist.destroy_process_group()
