| distributed init (rank 2): env://, gpu 2
| distributed init (rank 0): env://, gpu 0
| distributed init (rank 3): env://, gpu 3
| distributed init (rank 1): env://, gpu 1
world_size: 4, gpu: 0
Using 8 dataloader workers every process
Epoch: 1. Train Loss: 351.021317. best-save Patience Count: 0.
Epoch: 2. Train Loss: 262.480373. best-save Patience Count: 0.
Epoch: 3. Train Loss: 253.241588. best-save Patience Count: 0.
Epoch: 4. Train Loss: 245.018531. best-save Patience Count: 0.
Epoch: 5. Train Loss: 239.998436. best-save Patience Count: 0.
Epoch: 6. Train Loss: 233.128597. best-save Patience Count: 0.
Epoch: 7. Train Loss: 222.465459. best-save Patience Count: 0.
Epoch: 8. Train Loss: 218.193126. best-save Patience Count: 0.
Epoch: 9. Train Loss: 208.182739. best-save Patience Count: 0.
Epoch: 10. Train Loss: 201.324085. best-save Patience Count: 0.
Epoch: 11. Train Loss: 195.278121. best-save Patience Count: 0.
Epoch: 12. Train Loss: 184.109233. best-save Patience Count: 0.
Epoch: 13. Train Loss: 175.986199. best-save Patience Count: 0.
Epoch: 14. Train Loss: 168.445816. best-save Patience Count: 0.
Epoch: 15. Train Loss: 156.923540. best-save Patience Count: 0.
Epoch: 16. Train Loss: 147.531548. best-save Patience Count: 0.
Epoch: 17. Train Loss: 136.615803. best-save Patience Count: 0.
Epoch: 18. Train Loss: 129.603223. best-save Patience Count: 0.
Epoch: 19. Train Loss: 127.838874. best-save Patience Count: 0.
Epoch: 20. Train Loss: 115.237224. best-save Patience Count: 0.
Epoch: 21. Train Loss: 104.332497. best-save Patience Count: 0.
Epoch: 22. Train Loss: 93.342963. best-save Patience Count: 0.
Epoch: 23. Train Loss: 92.074013. best-save Patience Count: 0.
Epoch: 24. Train Loss: 89.322038. best-save Patience Count: 0.
Epoch: 25. Train Loss: 79.671173. best-save Patience Count: 0.
Epoch: 26. Train Loss: 71.984779. best-save Patience Count: 0.
Epoch: 27. Train Loss: 68.164067. best-save Patience Count: 0.
Epoch: 28. Train Loss: 63.184718. best-save Patience Count: 0.
Epoch: 29. Train Loss: 55.081727. best-save Patience Count: 0.
Epoch: 30. Train Loss: 56.081638. Patience Count: 1.
Epoch: 31. Train Loss: 53.360930. best-save Patience Count: 0.
Epoch: 32. Train Loss: 51.740698. best-save Patience Count: 0.
Epoch: 33. Train Loss: 50.156206. best-save Patience Count: 0.
Epoch: 34. Train Loss: 43.349813. best-save Patience Count: 0.
Epoch: 35. Train Loss: 40.998349. best-save Patience Count: 0.
Epoch: 36. Train Loss: 39.550259. best-save Patience Count: 0.
Epoch: 37. Train Loss: 40.096597. Patience Count: 1.
Epoch: 38. Train Loss: 42.511817. Patience Count: 2.
Epoch: 39. Train Loss: 34.264424. best-save Patience Count: 0.
Epoch: 40. Train Loss: 29.871060. best-save Patience Count: 0.
Epoch: 41. Train Loss: 29.883050. Patience Count: 1.
Epoch: 42. Train Loss: 26.770382. best-save Patience Count: 0.
Epoch: 43. Train Loss: 27.632203. Patience Count: 1.
Epoch: 44. Train Loss: 27.986703. Patience Count: 2.
Epoch: 45. Train Loss: 25.964457. best-save Patience Count: 0.
Epoch: 46. Train Loss: 26.299071. Patience Count: 1.
Epoch: 47. Train Loss: 24.590267. best-save Patience Count: 0.
Epoch: 48. Train Loss: 24.846052. Patience Count: 1.
Epoch: 49. Train Loss: 22.785604. best-save Patience Count: 0.
Epoch: 50. Train Loss: 20.737889. best-save Patience Count: 0.
Epoch: 51. Train Loss: 19.531493. best-save Patience Count: 0.
Epoch: 52. Train Loss: 18.338577. best-save Patience Count: 0.
Epoch: 53. Train Loss: 17.498436. best-save Patience Count: 0.
Epoch: 54. Train Loss: 17.200266. best-save Patience Count: 0.
Epoch: 55. Train Loss: 18.262901. Patience Count: 1.
Epoch: 56. Train Loss: 18.071744. Patience Count: 2.
Epoch: 57. Train Loss: 18.663753. Patience Count: 3.
Epoch: 58. Train Loss: 17.506581. Patience Count: 4.
Epoch: 59. Train Loss: 14.487866. best-save Patience Count: 0.
Epoch: 60. Train Loss: 13.955584. best-save Patience Count: 0.
Epoch: 61. Train Loss: 15.485101. Patience Count: 1.
Epoch: 62. Train Loss: 12.860483. best-save Patience Count: 0.
Epoch: 63. Train Loss: 14.445602. Patience Count: 1.
Epoch: 64. Train Loss: 16.111439. Patience Count: 2.
Epoch: 65. Train Loss: 11.005887. best-save Patience Count: 0.
Epoch: 66. Train Loss: 9.827727. best-save Patience Count: 0.
Epoch: 67. Train Loss: 13.052723. Patience Count: 1.
Epoch: 68. Train Loss: 13.687834. Patience Count: 2.
Epoch: 69. Train Loss: 13.044947. Patience Count: 3.
Epoch: 70. Train Loss: 11.756282. Patience Count: 4.
Epoch: 71. Train Loss: 15.013315. Patience Count: 5.
Epoch: 72. Train Loss: 11.727746. Patience Count: 6.
Epoch: 73. Train Loss: 9.646545. best-save Patience Count: 0.
Epoch: 74. Train Loss: 11.653681. Patience Count: 1.
Epoch: 75. Train Loss: 10.229530. Patience Count: 2.
Epoch: 76. Train Loss: 11.469974. Patience Count: 3.
Epoch: 77. Train Loss: 11.495398. Patience Count: 4.
Epoch: 78. Train Loss: 9.950711. Patience Count: 5.
Epoch: 79. Train Loss: 9.220816. best-save Patience Count: 0.
Epoch: 80. Train Loss: 9.311820. Patience Count: 1.
Epoch: 81. Train Loss: 9.888531. Patience Count: 2.
Epoch: 82. Train Loss: 12.464052. Patience Count: 3.
Epoch: 83. Train Loss: 10.511981. Patience Count: 4.
Epoch: 84. Train Loss: 9.155267. best-save Patience Count: 0.
Epoch: 85. Train Loss: 10.151944. Patience Count: 1.
Epoch: 86. Train Loss: 9.804341. Patience Count: 2.
Epoch: 87. Train Loss: 8.564138. best-save Patience Count: 0.
Epoch: 88. Train Loss: 8.253100. best-save Patience Count: 0.
Epoch: 89. Train Loss: 7.704668. best-save Patience Count: 0.
Epoch: 90. Train Loss: 8.293499. Patience Count: 1.
Epoch: 91. Train Loss: 9.289216. Patience Count: 2.
Epoch: 92. Train Loss: 9.396078. Patience Count: 3.
Epoch: 93. Train Loss: 5.789888. best-save Patience Count: 0.
Epoch: 94. Train Loss: 9.289166. Patience Count: 1.
Epoch: 95. Train Loss: 8.110977. Patience Count: 2.
Epoch: 96. Train Loss: 8.313124. Patience Count: 3.
Epoch: 97. Train Loss: 6.023078. Patience Count: 4.
Epoch: 98. Train Loss: 9.887433. Patience Count: 5.
Epoch: 99. Train Loss: 10.722061. Patience Count: 6.
Epoch: 100. Train Loss: 10.795625. Patience Count: 7.
Epoch: 101. Train Loss: 3.924970. best-save Patience Count: 0.
Epoch: 102. Train Loss: 1.540360. best-save Patience Count: 0.
Epoch: 103. Train Loss: 1.030735. best-save Patience Count: 0.
Epoch: 104. Train Loss: 0.981763. best-save Patience Count: 0.
Epoch: 105. Train Loss: 0.645226. best-save Patience Count: 0.
Epoch: 106. Train Loss: 0.718214. Patience Count: 1.
Epoch: 107. Train Loss: 0.538311. best-save Patience Count: 0.
Epoch: 108. Train Loss: 0.581810. Patience Count: 1.
Epoch: 109. Train Loss: 0.374491. best-save Patience Count: 0.
Epoch: 110. Train Loss: 0.390731. Patience Count: 1.
Epoch: 111. Train Loss: 0.367326. best-save Patience Count: 0.
Epoch: 112. Train Loss: 0.311466. best-save Patience Count: 0.
Epoch: 113. Train Loss: 0.388097. Patience Count: 1.
Epoch: 114. Train Loss: 0.346726. Patience Count: 2.
Epoch: 115. Train Loss: 0.274474. best-save Patience Count: 0.
Epoch: 116. Train Loss: 0.231711. best-save Patience Count: 0.
Epoch: 117. Train Loss: 0.206013. best-save Patience Count: 0.
Epoch: 118. Train Loss: 0.170921. best-save Patience Count: 0.
Epoch: 119. Train Loss: 0.143677. best-save Patience Count: 0.
Epoch: 120. Train Loss: 0.138532. best-save Patience Count: 0.
Epoch: 121. Train Loss: 0.173028. Patience Count: 1.
Epoch: 122. Train Loss: 0.176778. Patience Count: 2.
Epoch: 123. Train Loss: 0.150905. Patience Count: 3.
Epoch: 124. Train Loss: 0.228803. Patience Count: 4.
Epoch: 125. Train Loss: 0.123292. best-save Patience Count: 0.
Epoch: 126. Train Loss: 0.115076. best-save Patience Count: 0.
Epoch: 127. Train Loss: 0.170337. Patience Count: 1.
Epoch: 128. Train Loss: 0.165714. Patience Count: 2.
Epoch: 129. Train Loss: 0.216999. Patience Count: 3.
Epoch: 130. Train Loss: 0.157066. Patience Count: 4.
Epoch: 131. Train Loss: 0.198654. Patience Count: 5.
Epoch: 132. Train Loss: 0.151516. Patience Count: 6.
Epoch: 133. Train Loss: 0.108913. best-save Patience Count: 0.
Epoch: 134. Train Loss: 0.092854. best-save Patience Count: 0.
Epoch: 135. Train Loss: 0.120073. Patience Count: 1.
Epoch: 136. Train Loss: 0.189714. Patience Count: 2.
Epoch: 137. Train Loss: 0.112319. Patience Count: 3.
Epoch: 138. Train Loss: 0.074141. best-save Patience Count: 0.
Epoch: 139. Train Loss: 0.061623. best-save Patience Count: 0.
Epoch: 140. Train Loss: 0.098865. Patience Count: 1.
Epoch: 141. Train Loss: 0.074563. Patience Count: 2.
Epoch: 142. Train Loss: 0.104182. Patience Count: 3.
Epoch: 143. Train Loss: 0.175913. Patience Count: 4.
Epoch: 144. Train Loss: 0.125673. Patience Count: 5.
Epoch: 145. Train Loss: 0.191987. Patience Count: 6.
Epoch: 146. Train Loss: 0.106633. Patience Count: 7.
Epoch: 147. Train Loss: 0.132068. Patience Count: 8.
Epoch: 148. Train Loss: 0.084836. Patience Count: 9.
Epoch: 149. Train Loss: 0.158251. Patience Count: 10.
Epoch: 150. Train Loss: 0.157079. Patience Count: 11.
Epoch: 151. Train Loss: 0.282928. Patience Count: 12.
Epoch: 152. Train Loss: 0.324675. Patience Count: 13.
Epoch: 153. Train Loss: 0.214154. Patience Count: 14.
Epoch: 154. Train Loss: 0.287895. Patience Count: 15.
Epoch: 155. Train Loss: 0.159408. Patience Count: 16.
Epoch: 156. Train Loss: 0.353846. Patience Count: 17.
Epoch: 157. Train Loss: 0.677187. Patience Count: 18.
Epoch: 158. Train Loss: 0.521703. Patience Count: 19.
Epoch: 159. Train Loss: 0.582775. Patience Count: 20.
Epoch: 160. Train Loss: 0.467661. Patience Count: 21.
Epoch: 161. Train Loss: 0.300741. Patience Count: 22.
Epoch: 162. Train Loss: 0.305615. Patience Count: 23.
Epoch: 163. Train Loss: 0.327897. Patience Count: 24.
Epoch: 164. Train Loss: 0.487891. Patience Count: 25.
Epoch: 165. Train Loss: 0.222824. Patience Count: 26.
Epoch: 166. Train Loss: 0.110464. Patience Count: 27.
Epoch: 167. Train Loss: 0.083039. Patience Count: 28.
Epoch: 168. Train Loss: 0.049123. best-save Patience Count: 0.
Epoch: 169. Train Loss: 0.089919. Patience Count: 1.
Epoch: 170. Train Loss: 0.148613. Patience Count: 2.
Epoch: 171. Train Loss: 0.243458. Patience Count: 3.
Epoch: 172. Train Loss: 0.698824. Patience Count: 4.
Epoch: 173. Train Loss: 0.768276. Patience Count: 5.
Epoch: 174. Train Loss: 0.964634. Patience Count: 6.
Epoch: 175. Train Loss: 0.776005. Patience Count: 7.
Epoch: 176. Train Loss: 0.831335. Patience Count: 8.
Epoch: 177. Train Loss: 1.053186. Patience Count: 9.
Epoch: 178. Train Loss: 0.837086. Patience Count: 10.
Epoch: 179. Train Loss: 0.340307. Patience Count: 11.
Epoch: 180. Train Loss: 0.271163. Patience Count: 12.
Epoch: 181. Train Loss: 0.347191. Patience Count: 13.
Epoch: 182. Train Loss: 0.505644. Patience Count: 14.
Epoch: 183. Train Loss: 0.729226. Patience Count: 15.
Epoch: 184. Train Loss: 0.808365. Patience Count: 16.
Epoch: 185. Train Loss: 0.952094. Patience Count: 17.
Epoch: 186. Train Loss: 1.031539. Patience Count: 18.
Epoch: 187. Train Loss: 0.329628. Patience Count: 19.
Epoch: 188. Train Loss: 0.425943. Patience Count: 20.
Epoch: 189. Train Loss: 0.572839. Patience Count: 21.
Epoch: 190. Train Loss: 0.636919. Patience Count: 22.
Epoch: 191. Train Loss: 0.681156. Patience Count: 23.
Epoch: 192. Train Loss: 0.612077. Patience Count: 24.
Epoch: 193. Train Loss: 0.461336. Patience Count: 25.
Epoch: 194. Train Loss: 0.343926. Patience Count: 26.
Epoch: 195. Train Loss: 1.236001. Patience Count: 27.
Epoch: 196. Train Loss: 0.452603. Patience Count: 28.
Epoch: 197. Train Loss: 0.527979. Patience Count: 29.
Epoch: 198. Train Loss: 0.421381. Patience Count: 30.
Epoch: 199. Train Loss: 0.489764. Patience Count: 31.
Epoch: 200. Train Loss: 0.805907. Patience Count: 32.
Epoch: 201. Train Loss: 0.694086. Patience Count: 33.
Epoch: 202. Train Loss: 0.166976. Patience Count: 34.
Epoch: 203. Train Loss: 0.122988. Patience Count: 35.
Epoch: 204. Train Loss: 0.073239. Patience Count: 36.
Epoch: 205. Train Loss: 0.141705. Patience Count: 37.
Epoch: 206. Train Loss: 0.091810. Patience Count: 38.
Epoch: 207. Train Loss: 0.077399. Patience Count: 39.
Epoch: 208. Train Loss: 0.115276. Patience Count: 40.
Epoch: 209. Train Loss: 0.073062. Patience Count: 41.
Epoch: 210. Train Loss: 0.072042. Patience Count: 42.
Epoch: 211. Train Loss: 0.061466. Patience Count: 43.
Epoch: 212. Train Loss: 0.051202. Patience Count: 44.
Epoch: 213. Train Loss: 0.041071. best-save Patience Count: 0.
Epoch: 214. Train Loss: 0.071011. Patience Count: 1.
Epoch: 215. Train Loss: 0.044137. Patience Count: 2.
Epoch: 216. Train Loss: 0.061012. Patience Count: 3.
Epoch: 217. Train Loss: 0.071678. Patience Count: 4.
Epoch: 218. Train Loss: 0.046711. Patience Count: 5.
Epoch: 219. Train Loss: 0.046152. Patience Count: 6.
Epoch: 220. Train Loss: 0.089196. Patience Count: 7.
Epoch: 221. Train Loss: 0.036294. best-save Patience Count: 0.
Epoch: 222. Train Loss: 0.061011. Patience Count: 1.
Epoch: 223. Train Loss: 0.024112. best-save Patience Count: 0.
Epoch: 224. Train Loss: 0.038335. Patience Count: 1.
Epoch: 225. Train Loss: 0.084705. Patience Count: 2.
Epoch: 226. Train Loss: 0.048512. Patience Count: 3.
Epoch: 227. Train Loss: 0.033224. Patience Count: 4.
Epoch: 228. Train Loss: 0.051537. Patience Count: 5.
Epoch: 229. Train Loss: 0.048367. Patience Count: 6.
Epoch: 230. Train Loss: 0.022515. best-save Patience Count: 0.
Epoch: 231. Train Loss: 0.104389. Patience Count: 1.
Epoch: 232. Train Loss: 0.038095. Patience Count: 2.
Epoch: 233. Train Loss: 0.094106. Patience Count: 3.
Epoch: 234. Train Loss: 0.035717. Patience Count: 4.
Epoch: 235. Train Loss: 0.053303. Patience Count: 5.
Epoch: 236. Train Loss: 0.089179. Patience Count: 6.
Epoch: 237. Train Loss: 0.025810. Patience Count: 7.
Epoch: 238. Train Loss: 0.024182. Patience Count: 8.
Epoch: 239. Train Loss: 0.023847. Patience Count: 9.
Epoch: 240. Train Loss: 0.025856. Patience Count: 10.
Epoch: 241. Train Loss: 0.029444. Patience Count: 11.
Epoch: 242. Train Loss: 0.034210. Patience Count: 12.
Epoch: 243. Train Loss: 0.048214. Patience Count: 13.
Epoch: 244. Train Loss: 0.027765. Patience Count: 14.
Epoch: 245. Train Loss: 0.020642. best-save Patience Count: 0.
Epoch: 246. Train Loss: 0.032316. Patience Count: 1.
Epoch: 247. Train Loss: 0.013906. best-save Patience Count: 0.
Epoch: 248. Train Loss: 0.025548. Patience Count: 1.
Epoch: 249. Train Loss: 0.043251. Patience Count: 2.
Epoch: 250. Train Loss: 0.047950. Patience Count: 3.
Epoch: 251. Train Loss: 0.029770. Patience Count: 4.
Epoch: 252. Train Loss: 0.025169. Patience Count: 5.
Epoch: 253. Train Loss: 0.077773. Patience Count: 6.
Epoch: 254. Train Loss: 0.050928. Patience Count: 7.
Epoch: 255. Train Loss: 0.024432. Patience Count: 8.
Epoch: 256. Train Loss: 0.016158. Patience Count: 9.
Epoch: 257. Train Loss: 0.028721. Patience Count: 10.
Epoch: 258. Train Loss: 0.019532. Patience Count: 11.
Epoch: 259. Train Loss: 0.025259. Patience Count: 12.
Epoch: 260. Train Loss: 0.014492. Patience Count: 13.
Epoch: 261. Train Loss: 0.060783. Patience Count: 14.
Epoch: 262. Train Loss: 0.050582. Patience Count: 15.
Epoch: 263. Train Loss: 0.029843. Patience Count: 16.
Epoch: 264. Train Loss: 0.034594. Patience Count: 17.
Epoch: 265. Train Loss: 0.013397. best-save Patience Count: 0.
Epoch: 266. Train Loss: 0.036256. Patience Count: 1.
Epoch: 267. Train Loss: 0.023796. Patience Count: 2.
Epoch: 268. Train Loss: 0.022834. Patience Count: 3.
Epoch: 269. Train Loss: 0.014594. Patience Count: 4.
Epoch: 270. Train Loss: 0.019989. Patience Count: 5.
Epoch: 271. Train Loss: 0.027151. Patience Count: 6.
Epoch: 272. Train Loss: 0.033917. Patience Count: 7.
Epoch: 273. Train Loss: 0.010087. best-save Patience Count: 0.
Epoch: 274. Train Loss: 0.057799. Patience Count: 1.
Epoch: 275. Train Loss: 0.035448. Patience Count: 2.
Epoch: 276. Train Loss: 0.027924. Patience Count: 3.
Epoch: 277. Train Loss: 0.013720. Patience Count: 4.
Epoch: 278. Train Loss: 0.024373. Patience Count: 5.
Epoch: 279. Train Loss: 0.033604. Patience Count: 6.
Epoch: 280. Train Loss: 0.013274. Patience Count: 7.
Epoch: 281. Train Loss: 0.012258. Patience Count: 8.
Epoch: 282. Train Loss: 0.035888. Patience Count: 9.
Epoch: 283. Train Loss: 0.016217. Patience Count: 10.
Epoch: 284. Train Loss: 0.020414. Patience Count: 11.
Epoch: 285. Train Loss: 0.019463. Patience Count: 12.
Epoch: 286. Train Loss: 0.026227. Patience Count: 13.
Epoch: 287. Train Loss: 0.023108. Patience Count: 14.
Epoch: 288. Train Loss: 0.011379. Patience Count: 15.
Epoch: 289. Train Loss: 0.008941. best-save Patience Count: 0.
Epoch: 290. Train Loss: 0.015679. Patience Count: 1.
Epoch: 291. Train Loss: 0.007657. best-save Patience Count: 0.
Epoch: 292. Train Loss: 0.007447. best-save Patience Count: 0.
Epoch: 293. Train Loss: 0.027594. Patience Count: 1.
Epoch: 294. Train Loss: 0.031160. Patience Count: 2.
Epoch: 295. Train Loss: 0.034667. Patience Count: 3.
Epoch: 296. Train Loss: 0.011672. Patience Count: 4.
Epoch: 297. Train Loss: 0.011454. Patience Count: 5.
Epoch: 298. Train Loss: 0.018007. Patience Count: 6.
Epoch: 299. Train Loss: 0.010072. Patience Count: 7.
Epoch: 300. Train Loss: 0.012786. Patience Count: 8.
Epoch: 301. Train Loss: 0.008255. Patience Count: 9.
Epoch: 302. Train Loss: 0.011709. Patience Count: 10.
Epoch: 303. Train Loss: 0.006267. best-save Patience Count: 0.
Epoch: 304. Train Loss: 0.015544. Patience Count: 1.
Epoch: 305. Train Loss: 0.010603. Patience Count: 2.
Epoch: 306. Train Loss: 0.009930. Patience Count: 3.
Epoch: 307. Train Loss: 0.005829. best-save Patience Count: 0.
Epoch: 308. Train Loss: 0.014811. Patience Count: 1.
Epoch: 309. Train Loss: 0.017891. Patience Count: 2.
Epoch: 310. Train Loss: 0.016031. Patience Count: 3.
Epoch: 311. Train Loss: 0.037687. Patience Count: 4.
Epoch: 312. Train Loss: 0.012883. Patience Count: 5.
Epoch: 313. Train Loss: 0.008955. Patience Count: 6.
Epoch: 314. Train Loss: 0.006803. Patience Count: 7.
Epoch: 315. Train Loss: 0.028654. Patience Count: 8.
Epoch: 316. Train Loss: 0.029097. Patience Count: 9.
Epoch: 317. Train Loss: 0.028092. Patience Count: 10.
Epoch: 318. Train Loss: 0.012373. Patience Count: 11.
Epoch: 319. Train Loss: 0.006662. Patience Count: 12.
Epoch: 320. Train Loss: 0.014489. Patience Count: 13.
Epoch: 321. Train Loss: 0.008889. Patience Count: 14.
Epoch: 322. Train Loss: 0.010224. Patience Count: 15.
Epoch: 323. Train Loss: 0.015644. Patience Count: 16.
Epoch: 324. Train Loss: 0.020532. Patience Count: 17.
Epoch: 325. Train Loss: 0.012574. Patience Count: 18.
Epoch: 326. Train Loss: 0.021482. Patience Count: 19.
Epoch: 327. Train Loss: 0.047053. Patience Count: 20.
Epoch: 328. Train Loss: 0.065843. Patience Count: 21.
Epoch: 329. Train Loss: 0.017551. Patience Count: 22.
Epoch: 330. Train Loss: 0.013317. Patience Count: 23.
Epoch: 331. Train Loss: 0.005639. best-save Patience Count: 0.
Epoch: 332. Train Loss: 0.012596. Patience Count: 1.
Epoch: 333. Train Loss: 0.006411. Patience Count: 2.
Epoch: 334. Train Loss: 0.008192. Patience Count: 3.
Epoch: 335. Train Loss: 0.010149. Patience Count: 4.
Epoch: 336. Train Loss: 0.013832. Patience Count: 5.
Epoch: 337. Train Loss: 0.011677. Patience Count: 6.
Epoch: 338. Train Loss: 0.054748. Patience Count: 7.
Epoch: 339. Train Loss: 0.039397. Patience Count: 8.
Epoch: 340. Train Loss: 0.038360. Patience Count: 9.
Epoch: 341. Train Loss: 0.046156. Patience Count: 10.
Epoch: 342. Train Loss: 0.020819. Patience Count: 11.
Epoch: 343. Train Loss: 0.008227. Patience Count: 12.
Epoch: 344. Train Loss: 0.008134. Patience Count: 13.
Epoch: 345. Train Loss: 0.009084. Patience Count: 14.
Epoch: 346. Train Loss: 0.014944. Patience Count: 15.
Epoch: 347. Train Loss: 0.013647. Patience Count: 16.
Epoch: 348. Train Loss: 0.012207. Patience Count: 17.
Epoch: 349. Train Loss: 0.007632. Patience Count: 18.
Epoch: 350. Train Loss: 0.010648. Patience Count: 19.
Epoch: 351. Train Loss: 0.010320. Patience Count: 20.
Epoch: 352. Train Loss: 0.005073. best-save Patience Count: 0.
Epoch: 353. Train Loss: 0.006665. Patience Count: 1.
Epoch: 354. Train Loss: 0.007772. Patience Count: 2.
Epoch: 355. Train Loss: 0.016339. Patience Count: 3.
Epoch: 356. Train Loss: 0.007324. Patience Count: 4.
Epoch: 357. Train Loss: 0.005178. Patience Count: 5.
Epoch: 358. Train Loss: 0.019535. Patience Count: 6.
Epoch: 359. Train Loss: 0.019274. Patience Count: 7.
Epoch: 360. Train Loss: 0.006914. Patience Count: 8.
Epoch: 361. Train Loss: 0.008053. Patience Count: 9.
Epoch: 362. Train Loss: 0.011158. Patience Count: 10.
Epoch: 363. Train Loss: 0.013727. Patience Count: 11.
Epoch: 364. Train Loss: 0.004735. best-save Patience Count: 0.
Epoch: 365. Train Loss: 0.045148. Patience Count: 1.
Epoch: 366. Train Loss: 0.009783. Patience Count: 2.
Epoch: 367. Train Loss: 0.021436. Patience Count: 3.
Epoch: 368. Train Loss: 0.023276. Patience Count: 4.
Epoch: 369. Train Loss: 0.004457. best-save Patience Count: 0.
Epoch: 370. Train Loss: 0.022141. Patience Count: 1.
Epoch: 371. Train Loss: 0.008247. Patience Count: 2.
Epoch: 372. Train Loss: 0.019230. Patience Count: 3.
Epoch: 373. Train Loss: 0.006395. Patience Count: 4.
Epoch: 374. Train Loss: 0.043010. Patience Count: 5.
Epoch: 375. Train Loss: 0.004062. best-save Patience Count: 0.
Epoch: 376. Train Loss: 0.006202. Patience Count: 1.
Epoch: 377. Train Loss: 0.007762. Patience Count: 2.
Epoch: 378. Train Loss: 0.033710. Patience Count: 3.
Epoch: 379. Train Loss: 0.008121. Patience Count: 4.
Epoch: 380. Train Loss: 0.006120. Patience Count: 5.
Epoch: 381. Train Loss: 0.025536. Patience Count: 6.
Epoch: 382. Train Loss: 0.013932. Patience Count: 7.
Epoch: 383. Train Loss: 0.014705. Patience Count: 8.
Epoch: 384. Train Loss: 0.007930. Patience Count: 9.
Epoch: 385. Train Loss: 0.010676. Patience Count: 10.
Epoch: 386. Train Loss: 0.007332. Patience Count: 11.
Epoch: 387. Train Loss: 0.004596. Patience Count: 12.
Epoch: 388. Train Loss: 0.004994. Patience Count: 13.
Epoch: 389. Train Loss: 0.007806. Patience Count: 14.
Epoch: 390. Train Loss: 0.005439. Patience Count: 15.
Epoch: 391. Train Loss: 0.034678. Patience Count: 16.
Epoch: 392. Train Loss: 0.003342. best-save Patience Count: 0.
Epoch: 393. Train Loss: 0.006936. Patience Count: 1.
Epoch: 394. Train Loss: 0.037785. Patience Count: 2.
Epoch: 395. Train Loss: 0.009105. Patience Count: 3.
Epoch: 396. Train Loss: 0.005818. Patience Count: 4.
Epoch: 397. Train Loss: 0.008509. Patience Count: 5.
Epoch: 398. Train Loss: 0.012472. Patience Count: 6.
Epoch: 399. Train Loss: 0.011227. Patience Count: 7.
Epoch: 400. Train Loss: 0.005939. Patience Count: 8.
Epoch: 401. Train Loss: 0.010914. Patience Count: 9.
Epoch: 402. Train Loss: 0.009049. Patience Count: 10.
Epoch: 403. Train Loss: 0.005675. Patience Count: 11.
Epoch: 404. Train Loss: 0.054601. Patience Count: 12.
Epoch: 405. Train Loss: 0.035050. Patience Count: 13.
Epoch: 406. Train Loss: 0.068282. Patience Count: 14.
Epoch: 407. Train Loss: 0.006649. Patience Count: 15.
Epoch: 408. Train Loss: 0.010213. Patience Count: 16.
Epoch: 409. Train Loss: 0.004906. Patience Count: 17.
Epoch: 410. Train Loss: 0.004697. Patience Count: 18.
Epoch: 411. Train Loss: 0.014189. Patience Count: 19.
Epoch: 412. Train Loss: 0.043679. Patience Count: 20.
Epoch: 413. Train Loss: 0.011506. Patience Count: 21.
Epoch: 414. Train Loss: 0.010437. Patience Count: 22.
Epoch: 415. Train Loss: 0.005593. Patience Count: 23.
Epoch: 416. Train Loss: 0.017732. Patience Count: 24.
Epoch: 417. Train Loss: 0.005202. Patience Count: 25.
Epoch: 418. Train Loss: 0.005777. Patience Count: 26.
Epoch: 419. Train Loss: 0.005884. Patience Count: 27.
Epoch: 420. Train Loss: 0.005989. Patience Count: 28.
Epoch: 421. Train Loss: 0.006519. Patience Count: 29.
Epoch: 422. Train Loss: 0.009310. Patience Count: 30.
Epoch: 423. Train Loss: 0.005324. Patience Count: 31.
Epoch: 424. Train Loss: 0.007122. Patience Count: 32.
Epoch: 425. Train Loss: 0.003672. Patience Count: 33.
Epoch: 426. Train Loss: 0.005498. Patience Count: 34.
Epoch: 427. Train Loss: 0.006079. Patience Count: 35.
Epoch: 428. Train Loss: 0.012408. Patience Count: 36.
Epoch: 429. Train Loss: 0.005953. Patience Count: 37.
Epoch: 430. Train Loss: 0.003772. Patience Count: 38.
Epoch: 431. Train Loss: 0.003031. best-save Patience Count: 0.
Epoch: 432. Train Loss: 0.012732. Patience Count: 1.
Epoch: 433. Train Loss: 0.007126. Patience Count: 2.
Epoch: 434. Train Loss: 0.007992. Patience Count: 3.
Epoch: 435. Train Loss: 0.006668. Patience Count: 4.
Epoch: 436. Train Loss: 0.013647. Patience Count: 5.
Epoch: 437. Train Loss: 0.017993. Patience Count: 6.
Epoch: 438. Train Loss: 0.007532. Patience Count: 7.
Epoch: 439. Train Loss: 0.003493. Patience Count: 8.
Epoch: 440. Train Loss: 0.009168. Patience Count: 9.
Epoch: 441. Train Loss: 0.004377. Patience Count: 10.
Epoch: 442. Train Loss: 0.008213. Patience Count: 11.
Epoch: 443. Train Loss: 0.004283. Patience Count: 12.
Epoch: 444. Train Loss: 0.005003. Patience Count: 13.
Epoch: 445. Train Loss: 0.008119. Patience Count: 14.
Epoch: 446. Train Loss: 0.007078. Patience Count: 15.
Epoch: 447. Train Loss: 0.006596. Patience Count: 16.
Epoch: 448. Train Loss: 0.003102. Patience Count: 17.
Epoch: 449. Train Loss: 0.011489. Patience Count: 18.
Epoch: 450. Train Loss: 0.077610. Patience Count: 19.
Epoch: 451. Train Loss: 0.007941. Patience Count: 20.
Epoch: 452. Train Loss: 0.007480. Patience Count: 21.
Epoch: 453. Train Loss: 0.006881. Patience Count: 22.
Epoch: 454. Train Loss: 0.006137. Patience Count: 23.
Epoch: 455. Train Loss: 0.010890. Patience Count: 24.
Epoch: 456. Train Loss: 0.003999. Patience Count: 25.
Epoch: 457. Train Loss: 0.004698. Patience Count: 26.
Epoch: 458. Train Loss: 0.007343. Patience Count: 27.
Epoch: 459. Train Loss: 0.003794. Patience Count: 28.
Epoch: 460. Train Loss: 0.008542. Patience Count: 29.
Epoch: 461. Train Loss: 0.005682. Patience Count: 30.
Epoch: 462. Train Loss: 0.005865. Patience Count: 31.
Epoch: 463. Train Loss: 0.007488. Patience Count: 32.
Epoch: 464. Train Loss: 0.018129. Patience Count: 33.
Epoch: 465. Train Loss: 0.010276. Patience Count: 34.
Epoch: 466. Train Loss: 0.005744. Patience Count: 35.
Epoch: 467. Train Loss: 0.006743. Patience Count: 36.
Epoch: 468. Train Loss: 0.007036. Patience Count: 37.
Epoch: 469. Train Loss: 0.005958. Patience Count: 38.
Epoch: 470. Train Loss: 0.007829. Patience Count: 39.
Epoch: 471. Train Loss: 0.006779. Patience Count: 40.
Epoch: 472. Train Loss: 0.003553. Patience Count: 41.
Epoch: 473. Train Loss: 0.008263. Patience Count: 42.
Epoch: 474. Train Loss: 0.003877. Patience Count: 43.
Epoch: 475. Train Loss: 0.005149. Patience Count: 44.
Epoch: 476. Train Loss: 0.008915. Patience Count: 45.
Epoch: 477. Train Loss: 0.010576. Patience Count: 46.
Epoch: 478. Train Loss: 0.019313. Patience Count: 47.
Epoch: 479. Train Loss: 0.005780. Patience Count: 48.
Epoch: 480. Train Loss: 0.013293. Patience Count: 49.
Epoch: 481. Train Loss: 0.006439. Patience Count: 50.
dist.destroy_process_group()
dist.destroy_process_group()
Epoch: 482. Train Loss: 0.021854. Patience Count: 51.Stop Early, patience has been running out.
dist.destroy_process_group()
dist.destroy_process_group()
