| distributed init (rank 0): env://, gpu 0
| distributed init (rank 1): env://, gpu 1
| distributed init (rank 3): env://, gpu 3
| distributed init (rank 2): env://, gpu 2
world_size: 4, gpu: 0
Using 8 dataloader workers every process
Epoch: 1. Train Loss: 372.698109. best-save Patience Count: 0.
Epoch: 2. Train Loss: 267.331684. best-save Patience Count: 0.
Epoch: 3. Train Loss: 254.289359. best-save Patience Count: 0.
Epoch: 4. Train Loss: 247.700766. best-save Patience Count: 0.
Epoch: 5. Train Loss: 242.137568. best-save Patience Count: 0.
Epoch: 6. Train Loss: 236.118021. best-save Patience Count: 0.
Epoch: 7. Train Loss: 228.634419. best-save Patience Count: 0.
Epoch: 8. Train Loss: 223.781401. best-save Patience Count: 0.
Epoch: 9. Train Loss: 218.197512. best-save Patience Count: 0.
Epoch: 10. Train Loss: 211.658381. best-save Patience Count: 0.
Epoch: 11. Train Loss: 205.200136. best-save Patience Count: 0.
Epoch: 12. Train Loss: 199.325413. best-save Patience Count: 0.
Epoch: 13. Train Loss: 194.286647. best-save Patience Count: 0.
Epoch: 14. Train Loss: 185.035285. best-save Patience Count: 0.
Epoch: 15. Train Loss: 182.633200. best-save Patience Count: 0.
Epoch: 16. Train Loss: 172.420997. best-save Patience Count: 0.
Epoch: 17. Train Loss: 161.815033. best-save Patience Count: 0.
Epoch: 18. Train Loss: 156.185318. best-save Patience Count: 0.
Epoch: 19. Train Loss: 152.487219. best-save Patience Count: 0.
Epoch: 20. Train Loss: 146.778265. best-save Patience Count: 0.
Epoch: 21. Train Loss: 137.738000. best-save Patience Count: 0.
Epoch: 22. Train Loss: 127.815722. best-save Patience Count: 0.
Epoch: 23. Train Loss: 122.100349. best-save Patience Count: 0.
Epoch: 24. Train Loss: 117.592774. best-save Patience Count: 0.
Epoch: 25. Train Loss: 113.808102. best-save Patience Count: 0.
Epoch: 26. Train Loss: 103.109348. best-save Patience Count: 0.
Epoch: 27. Train Loss: 96.910844. best-save Patience Count: 0.
Epoch: 28. Train Loss: 92.782572. best-save Patience Count: 0.
Epoch: 29. Train Loss: 87.730171. best-save Patience Count: 0.
Epoch: 30. Train Loss: 83.672096. best-save Patience Count: 0.
Epoch: 31. Train Loss: 73.617113. best-save Patience Count: 0.
Epoch: 32. Train Loss: 73.517560. best-save Patience Count: 0.
Epoch: 33. Train Loss: 68.334785. best-save Patience Count: 0.
Epoch: 34. Train Loss: 63.679552. best-save Patience Count: 0.
Epoch: 35. Train Loss: 58.896572. best-save Patience Count: 0.
Epoch: 36. Train Loss: 59.245644. Patience Count: 1.
Epoch: 37. Train Loss: 53.096535. best-save Patience Count: 0.
Epoch: 38. Train Loss: 53.493195. Patience Count: 1.
Epoch: 39. Train Loss: 48.213107. best-save Patience Count: 0.
Epoch: 40. Train Loss: 48.578502. Patience Count: 1.
Epoch: 41. Train Loss: 44.786739. best-save Patience Count: 0.
Epoch: 42. Train Loss: 42.301484. best-save Patience Count: 0.
Epoch: 43. Train Loss: 41.897881. best-save Patience Count: 0.
Epoch: 44. Train Loss: 41.680468. best-save Patience Count: 0.
Epoch: 45. Train Loss: 41.211613. best-save Patience Count: 0.
Epoch: 46. Train Loss: 37.869305. best-save Patience Count: 0.
Epoch: 47. Train Loss: 36.314372. best-save Patience Count: 0.
Epoch: 48. Train Loss: 32.810061. best-save Patience Count: 0.
Epoch: 49. Train Loss: 33.453493. Patience Count: 1.
Epoch: 50. Train Loss: 31.155280. best-save Patience Count: 0.
Epoch: 51. Train Loss: 30.438515. best-save Patience Count: 0.
Epoch: 52. Train Loss: 28.561366. best-save Patience Count: 0.
Epoch: 53. Train Loss: 24.777358. best-save Patience Count: 0.
Epoch: 54. Train Loss: 26.057291. Patience Count: 1.
Epoch: 55. Train Loss: 26.061778. Patience Count: 2.
Epoch: 56. Train Loss: 25.777928. Patience Count: 3.
Epoch: 57. Train Loss: 23.839571. best-save Patience Count: 0.
Epoch: 58. Train Loss: 21.991320. best-save Patience Count: 0.
Epoch: 59. Train Loss: 24.524553. Patience Count: 1.
Epoch: 60. Train Loss: 21.714946. best-save Patience Count: 0.
Epoch: 61. Train Loss: 26.521837. Patience Count: 1.
Epoch: 62. Train Loss: 20.197802. best-save Patience Count: 0.
Epoch: 63. Train Loss: 18.052296. best-save Patience Count: 0.
Epoch: 64. Train Loss: 20.936677. Patience Count: 1.
Epoch: 65. Train Loss: 23.108682. Patience Count: 2.
Epoch: 66. Train Loss: 21.769188. Patience Count: 3.
Epoch: 67. Train Loss: 22.392492. Patience Count: 4.
Epoch: 68. Train Loss: 18.226003. Patience Count: 5.
Epoch: 69. Train Loss: 17.591962. best-save Patience Count: 0.
Epoch: 70. Train Loss: 20.268540. Patience Count: 1.
Epoch: 71. Train Loss: 17.194134. best-save Patience Count: 0.
Epoch: 72. Train Loss: 15.184021. best-save Patience Count: 0.
Epoch: 73. Train Loss: 16.317343. Patience Count: 1.
Epoch: 74. Train Loss: 15.336496. Patience Count: 2.
Epoch: 75. Train Loss: 13.868949. best-save Patience Count: 0.
Epoch: 76. Train Loss: 12.875933. best-save Patience Count: 0.
Epoch: 77. Train Loss: 15.833334. Patience Count: 1.
Epoch: 78. Train Loss: 18.964791. Patience Count: 2.
Epoch: 79. Train Loss: 14.735887. Patience Count: 3.
Epoch: 80. Train Loss: 11.620061. best-save Patience Count: 0.
Epoch: 81. Train Loss: 14.248421. Patience Count: 1.
Epoch: 82. Train Loss: 15.782899. Patience Count: 2.
Epoch: 83. Train Loss: 12.855023. Patience Count: 3.
Epoch: 84. Train Loss: 12.741959. Patience Count: 4.
Epoch: 85. Train Loss: 14.655600. Patience Count: 5.
Epoch: 86. Train Loss: 11.963257. Patience Count: 6.
Epoch: 87. Train Loss: 11.312321. best-save Patience Count: 0.
Epoch: 88. Train Loss: 14.874353. Patience Count: 1.
Epoch: 89. Train Loss: 15.043159. Patience Count: 2.
Epoch: 90. Train Loss: 11.969298. Patience Count: 3.
Epoch: 91. Train Loss: 15.088972. Patience Count: 4.
Epoch: 92. Train Loss: 13.596261. Patience Count: 5.
Epoch: 93. Train Loss: 10.851579. best-save Patience Count: 0.
Epoch: 94. Train Loss: 11.246607. Patience Count: 1.
Epoch: 95. Train Loss: 13.370626. Patience Count: 2.
Epoch: 96. Train Loss: 12.372074. Patience Count: 3.
Epoch: 97. Train Loss: 8.423286. best-save Patience Count: 0.
Epoch: 98. Train Loss: 7.778390. best-save Patience Count: 0.
Epoch: 99. Train Loss: 8.356717. Patience Count: 1.
Epoch: 100. Train Loss: 15.560151. Patience Count: 2.
Epoch: 101. Train Loss: 7.881924. Patience Count: 3.
Epoch: 102. Train Loss: 2.288121. best-save Patience Count: 0.
Epoch: 103. Train Loss: 1.584465. best-save Patience Count: 0.
Epoch: 104. Train Loss: 1.093747. best-save Patience Count: 0.
Epoch: 105. Train Loss: 0.720470. best-save Patience Count: 0.
Epoch: 106. Train Loss: 0.757680. Patience Count: 1.
Epoch: 107. Train Loss: 0.539201. best-save Patience Count: 0.
Epoch: 108. Train Loss: 0.605555. Patience Count: 1.
Epoch: 109. Train Loss: 0.442449. best-save Patience Count: 0.
Epoch: 110. Train Loss: 0.517507. Patience Count: 1.
Epoch: 111. Train Loss: 0.590054. Patience Count: 2.
Epoch: 112. Train Loss: 0.603908. Patience Count: 3.
Epoch: 113. Train Loss: 0.517949. Patience Count: 4.
Epoch: 114. Train Loss: 0.402259. best-save Patience Count: 0.
Epoch: 115. Train Loss: 0.389041. best-save Patience Count: 0.
Epoch: 116. Train Loss: 0.416025. Patience Count: 1.
Epoch: 117. Train Loss: 0.316686. best-save Patience Count: 0.
Epoch: 118. Train Loss: 0.385597. Patience Count: 1.
Epoch: 119. Train Loss: 0.276392. best-save Patience Count: 0.
Epoch: 120. Train Loss: 0.293419. Patience Count: 1.
Epoch: 121. Train Loss: 0.253639. best-save Patience Count: 0.
Epoch: 122. Train Loss: 0.205499. best-save Patience Count: 0.
Epoch: 123. Train Loss: 0.241637. Patience Count: 1.
Epoch: 124. Train Loss: 0.304309. Patience Count: 2.
Epoch: 125. Train Loss: 0.305093. Patience Count: 3.
Epoch: 126. Train Loss: 0.392446. Patience Count: 4.
Epoch: 127. Train Loss: 0.308841. Patience Count: 5.
Epoch: 128. Train Loss: 0.253042. Patience Count: 6.
Epoch: 129. Train Loss: 0.275046. Patience Count: 7.
Epoch: 130. Train Loss: 0.238629. Patience Count: 8.
Epoch: 131. Train Loss: 0.204762. best-save Patience Count: 0.
Epoch: 132. Train Loss: 0.186429. best-save Patience Count: 0.
Epoch: 133. Train Loss: 0.247932. Patience Count: 1.
Epoch: 134. Train Loss: 0.299307. Patience Count: 2.
Epoch: 135. Train Loss: 0.288457. Patience Count: 3.
Epoch: 136. Train Loss: 0.232111. Patience Count: 4.
Epoch: 137. Train Loss: 0.296583. Patience Count: 5.
Epoch: 138. Train Loss: 0.296872. Patience Count: 6.
Epoch: 139. Train Loss: 0.175772. best-save Patience Count: 0.
Epoch: 140. Train Loss: 0.308615. Patience Count: 1.
Epoch: 141. Train Loss: 0.627785. Patience Count: 2.
Epoch: 142. Train Loss: 0.552208. Patience Count: 3.
Epoch: 143. Train Loss: 0.651598. Patience Count: 4.
Epoch: 144. Train Loss: 0.700745. Patience Count: 5.
Epoch: 145. Train Loss: 0.606546. Patience Count: 6.
Epoch: 146. Train Loss: 0.372242. Patience Count: 7.
Epoch: 147. Train Loss: 0.497646. Patience Count: 8.
Epoch: 148. Train Loss: 0.361033. Patience Count: 9.
Epoch: 149. Train Loss: 0.437218. Patience Count: 10.
Epoch: 150. Train Loss: 0.278866. Patience Count: 11.
Epoch: 151. Train Loss: 0.678769. Patience Count: 12.
Epoch: 152. Train Loss: 0.326007. Patience Count: 13.
Epoch: 153. Train Loss: 0.389791. Patience Count: 14.
Epoch: 154. Train Loss: 0.363971. Patience Count: 15.
Epoch: 155. Train Loss: 0.404102. Patience Count: 16.
Epoch: 156. Train Loss: 0.714097. Patience Count: 17.
Epoch: 157. Train Loss: 0.705328. Patience Count: 18.
Epoch: 158. Train Loss: 0.785319. Patience Count: 19.
Epoch: 159. Train Loss: 0.687835. Patience Count: 20.
Epoch: 160. Train Loss: 0.577303. Patience Count: 21.
Epoch: 161. Train Loss: 0.811226. Patience Count: 22.
Epoch: 162. Train Loss: 0.867370. Patience Count: 23.
Epoch: 163. Train Loss: 0.666156. Patience Count: 24.
Epoch: 164. Train Loss: 0.695884. Patience Count: 25.
Epoch: 165. Train Loss: 0.577170. Patience Count: 26.
Epoch: 166. Train Loss: 0.826195. Patience Count: 27.
Epoch: 167. Train Loss: 0.784912. Patience Count: 28.
Epoch: 168. Train Loss: 0.707411. Patience Count: 29.
Epoch: 169. Train Loss: 0.775225. Patience Count: 30.
Epoch: 170. Train Loss: 0.725858. Patience Count: 31.
Epoch: 171. Train Loss: 0.743397. Patience Count: 32.
Epoch: 172. Train Loss: 0.717380. Patience Count: 33.
Epoch: 173. Train Loss: 0.479069. Patience Count: 34.
Epoch: 174. Train Loss: 0.483901. Patience Count: 35.
Epoch: 175. Train Loss: 0.436313. Patience Count: 36.
Epoch: 176. Train Loss: 0.552817. Patience Count: 37.
Epoch: 177. Train Loss: 0.634863. Patience Count: 38.
Epoch: 178. Train Loss: 0.730937. Patience Count: 39.
Epoch: 179. Train Loss: 0.512727. Patience Count: 40.
Epoch: 180. Train Loss: 0.295311. Patience Count: 41.
Epoch: 181. Train Loss: 0.512951. Patience Count: 42.
Epoch: 182. Train Loss: 0.982384. Patience Count: 43.
Epoch: 183. Train Loss: 1.222416. Patience Count: 44.
Epoch: 184. Train Loss: 1.211203. Patience Count: 45.
Epoch: 185. Train Loss: 0.779520. Patience Count: 46.
Epoch: 186. Train Loss: 0.965935. Patience Count: 47.
Epoch: 187. Train Loss: 0.704920. Patience Count: 48.
Epoch: 188. Train Loss: 0.702804. Patience Count: 49.
Epoch: 189. Train Loss: 0.652716. Patience Count: 50.
Epoch: 190. Train Loss: 0.535145. Patience Count: 51.Stop Early, patience has been running out.
dist.destroy_process_group()
dist.destroy_process_group()
dist.destroy_process_group()
dist.destroy_process_group()
