| distributed init (rank 1): env://, gpu 1
| distributed init (rank 0): env://, gpu 0
world_size: 2, gpu: 0
Using 8 dataloader workers every process
Epoch: 1. Train Loss: 342.654000. best-save Patience Count: 0.
Epoch: 2. Train Loss: 284.682065. best-save Patience Count: 0.
Epoch: 3. Train Loss: 271.168275. best-save Patience Count: 0.
Epoch: 4. Train Loss: 268.713049. best-save Patience Count: 0.
Epoch: 5. Train Loss: 259.849566. best-save Patience Count: 0.
Epoch: 6. Train Loss: 256.553946. best-save Patience Count: 0.
Epoch: 7. Train Loss: 254.210903. best-save Patience Count: 0.
Epoch: 8. Train Loss: 252.813379. best-save Patience Count: 0.
Epoch: 9. Train Loss: 251.234696. best-save Patience Count: 0.
Epoch: 10. Train Loss: 264.362834. Patience Count: 1.
Epoch: 11. Train Loss: 280.296469. Patience Count: 2.
Epoch: 12. Train Loss: 276.660281. Patience Count: 3.
Epoch: 13. Train Loss: 273.846402. Patience Count: 4.
Epoch: 14. Train Loss: 273.308178. Patience Count: 5.
Epoch: 15. Train Loss: 271.921561. Patience Count: 6.
Epoch: 16. Train Loss: 270.394664. Patience Count: 7.
Epoch: 17. Train Loss: 269.443471. Patience Count: 8.
Epoch: 18. Train Loss: 268.942804. Patience Count: 9.
Epoch: 19. Train Loss: 268.809719. Patience Count: 10.
Epoch: 20. Train Loss: 266.299161. Patience Count: 11.
Epoch: 21. Train Loss: 266.018197. Patience Count: 12.
Epoch: 22. Train Loss: 265.171836. Patience Count: 13.
Epoch: 23. Train Loss: 263.302573. Patience Count: 14.
Epoch: 24. Train Loss: 262.074080. Patience Count: 15.
Epoch: 25. Train Loss: 261.328120. Patience Count: 16.
Epoch: 26. Train Loss: 260.591179. Patience Count: 17.
Epoch: 27. Train Loss: 259.563244. Patience Count: 18.
Epoch: 28. Train Loss: 259.908872. Patience Count: 19.
Epoch: 29. Train Loss: 258.989784. Patience Count: 20.
Epoch: 30. Train Loss: 258.019050. Patience Count: 21.
Epoch: 31. Train Loss: 257.536373. Patience Count: 22.
Epoch: 32. Train Loss: 258.852844. Patience Count: 23.
Epoch: 33. Train Loss: 256.467031. Patience Count: 24.
Epoch: 34. Train Loss: 255.823791. Patience Count: 25.
Epoch: 35. Train Loss: 255.514442. Patience Count: 26.
Epoch: 36. Train Loss: 256.913802. Patience Count: 27.
Epoch: 37. Train Loss: 255.582188. Patience Count: 28.
Epoch: 38. Train Loss: 255.322834. Patience Count: 29.
Epoch: 39. Train Loss: 254.883277. Patience Count: 30.
Epoch: 40. Train Loss: 255.610510. Patience Count: 31.
Epoch: 41. Train Loss: 255.289083. Patience Count: 32.
Epoch: 42. Train Loss: 253.495162. Patience Count: 33.
Epoch: 43. Train Loss: 252.846188. Patience Count: 34.
Epoch: 44. Train Loss: 252.676458. Patience Count: 35.
Epoch: 45. Train Loss: 251.873265. Patience Count: 36.
Epoch: 46. Train Loss: 251.627237. Patience Count: 37.
Epoch: 47. Train Loss: 250.595927. best-save Patience Count: 0.
Epoch: 48. Train Loss: 251.602751. Patience Count: 1.
Epoch: 49. Train Loss: 250.445467. best-save Patience Count: 0.
Epoch: 50. Train Loss: 250.351847. best-save Patience Count: 0.
Epoch: 51. Train Loss: 248.311225. best-save Patience Count: 0.
Epoch: 52. Train Loss: 246.701052. best-save Patience Count: 0.
Epoch: 53. Train Loss: 247.368970. Patience Count: 1.
Epoch: 54. Train Loss: 246.059505. best-save Patience Count: 0.
Epoch: 55. Train Loss: 245.189561. best-save Patience Count: 0.
Epoch: 56. Train Loss: 245.767249. Patience Count: 1.
Epoch: 57. Train Loss: 246.008412. Patience Count: 2.
Epoch: 58. Train Loss: 244.463354. best-save Patience Count: 0.
Epoch: 59. Train Loss: 245.545573. Patience Count: 1.
Epoch: 60. Train Loss: 244.708253. Patience Count: 2.
Epoch: 61. Train Loss: 243.579217. best-save Patience Count: 0.
Epoch: 62. Train Loss: 244.145097. Patience Count: 1.
Epoch: 63. Train Loss: 243.263840. best-save Patience Count: 0.
Epoch: 64. Train Loss: 244.864889. Patience Count: 1.
Epoch: 65. Train Loss: 243.521845. Patience Count: 2.
Epoch: 66. Train Loss: 242.743481. best-save Patience Count: 0.
Epoch: 67. Train Loss: 244.973295. Patience Count: 1.
Epoch: 68. Train Loss: 244.408782. Patience Count: 2.
Epoch: 69. Train Loss: 241.962262. best-save Patience Count: 0.
Epoch: 70. Train Loss: 241.123864. best-save Patience Count: 0.
Epoch: 71. Train Loss: 242.770985. Patience Count: 1.
Epoch: 72. Train Loss: 240.712682. best-save Patience Count: 0.
Epoch: 73. Train Loss: 241.262037. Patience Count: 1.
Epoch: 74. Train Loss: 239.442083. best-save Patience Count: 0.
Epoch: 75. Train Loss: 240.696106. Patience Count: 1.
Epoch: 76. Train Loss: 239.948783. Patience Count: 2.
Epoch: 77. Train Loss: 239.063166. best-save Patience Count: 0.
Epoch: 78. Train Loss: 238.965529. best-save Patience Count: 0.
Epoch: 79. Train Loss: 241.127974. Patience Count: 1.
Epoch: 80. Train Loss: 240.289455. Patience Count: 2.
Epoch: 81. Train Loss: 240.822730. Patience Count: 3.
Epoch: 82. Train Loss: 239.946845. Patience Count: 4.
Epoch: 83. Train Loss: 238.419421. best-save Patience Count: 0.
Epoch: 84. Train Loss: 238.587847. Patience Count: 1.
Epoch: 85. Train Loss: 239.677635. Patience Count: 2.
Epoch: 86. Train Loss: 240.876963. Patience Count: 3.
Epoch: 87. Train Loss: 240.491776. Patience Count: 4.
Epoch: 88. Train Loss: 238.700334. Patience Count: 5.
Epoch: 89. Train Loss: 238.315446. best-save Patience Count: 0.
Epoch: 90. Train Loss: 240.296456. Patience Count: 1.
Epoch: 91. Train Loss: 240.813960. Patience Count: 2.
Epoch: 92. Train Loss: 239.130565. Patience Count: 3.
Epoch: 93. Train Loss: 237.959271. best-save Patience Count: 0.
Epoch: 94. Train Loss: 237.326686. best-save Patience Count: 0.
Epoch: 95. Train Loss: 237.547972. Patience Count: 1.
Epoch: 96. Train Loss: 237.472171. Patience Count: 2.
Epoch: 97. Train Loss: 238.391772. Patience Count: 3.
Epoch: 98. Train Loss: 240.219131. Patience Count: 4.
Epoch: 99. Train Loss: 242.259752. Patience Count: 5.
Epoch: 100. Train Loss: 241.278706. Patience Count: 6.
Epoch: 101. Train Loss: 238.854513. Patience Count: 7.
Epoch: 102. Train Loss: 237.570346. Patience Count: 8.
Epoch: 103. Train Loss: 238.905918. Patience Count: 9.
Epoch: 104. Train Loss: 239.731706. Patience Count: 10.
Epoch: 105. Train Loss: 238.020024. Patience Count: 11.
Epoch: 106. Train Loss: 236.824906. best-save Patience Count: 0.
Epoch: 107. Train Loss: 236.090173. best-save Patience Count: 0.
Epoch: 108. Train Loss: 235.140065. best-save Patience Count: 0.
Epoch: 109. Train Loss: 234.172173. best-save Patience Count: 0.
Epoch: 110. Train Loss: 234.727865. Patience Count: 1.
Epoch: 111. Train Loss: 234.618401. Patience Count: 2.
Epoch: 112. Train Loss: 234.032233. best-save Patience Count: 0.
Epoch: 113. Train Loss: 234.429105. Patience Count: 1.
Epoch: 114. Train Loss: 234.711373. Patience Count: 2.
Epoch: 115. Train Loss: 234.477304. Patience Count: 3.
Epoch: 116. Train Loss: 233.863045. best-save Patience Count: 0.
Epoch: 117. Train Loss: 233.804934. best-save Patience Count: 0.
Epoch: 118. Train Loss: 233.863929. Patience Count: 1.
Epoch: 119. Train Loss: 234.169682. Patience Count: 2.
Epoch: 120. Train Loss: 234.179971. Patience Count: 3.
Epoch: 121. Train Loss: 232.998201. best-save Patience Count: 0.
Epoch: 122. Train Loss: 233.545068. Patience Count: 1.
Epoch: 123. Train Loss: 233.003991. Patience Count: 2.
Epoch: 124. Train Loss: 232.069810. best-save Patience Count: 0.
Epoch: 125. Train Loss: 231.778177. best-save Patience Count: 0.
Epoch: 126. Train Loss: 231.311035. best-save Patience Count: 0.
Epoch: 127. Train Loss: 232.222229. Patience Count: 1.
Epoch: 128. Train Loss: 232.382206. Patience Count: 2.
Epoch: 129. Train Loss: 231.341695. Patience Count: 3.
Epoch: 130. Train Loss: 230.691824. best-save Patience Count: 0.
Epoch: 131. Train Loss: 230.877987. Patience Count: 1.
Epoch: 132. Train Loss: 231.364074. Patience Count: 2.
Epoch: 133. Train Loss: 232.037381. Patience Count: 3.
Epoch: 134. Train Loss: 231.573270. Patience Count: 4.
Epoch: 135. Train Loss: 230.777650. Patience Count: 5.
Epoch: 136. Train Loss: 231.405224. Patience Count: 6.
Epoch: 137. Train Loss: 230.527300. best-save Patience Count: 0.
Epoch: 138. Train Loss: 229.355927. best-save Patience Count: 0.
Epoch: 139. Train Loss: 228.760016. best-save Patience Count: 0.
Epoch: 140. Train Loss: 228.826769. Patience Count: 1.
Epoch: 141. Train Loss: 229.075512. Patience Count: 2.
Epoch: 142. Train Loss: 228.539230. best-save Patience Count: 0.
Epoch: 143. Train Loss: 228.008731. best-save Patience Count: 0.
Epoch: 144. Train Loss: 229.902710. Patience Count: 1.
Epoch: 145. Train Loss: 228.381290. Patience Count: 2.
Epoch: 146. Train Loss: 228.456151. Patience Count: 3.
Epoch: 147. Train Loss: 229.179968. Patience Count: 4.
Epoch: 148. Train Loss: 228.256312. Patience Count: 5.
Epoch: 149. Train Loss: 227.186736. best-save Patience Count: 0.
Epoch: 150. Train Loss: 227.243783. Patience Count: 1.
Epoch: 151. Train Loss: 227.457072. Patience Count: 2.
Epoch: 152. Train Loss: 227.411476. Patience Count: 3.
Epoch: 153. Train Loss: 225.837783. best-save Patience Count: 0.
Epoch: 154. Train Loss: 225.022651. best-save Patience Count: 0.
Epoch: 155. Train Loss: 226.796631. Patience Count: 1.
Epoch: 156. Train Loss: 225.328524. Patience Count: 2.
Epoch: 157. Train Loss: 225.162340. Patience Count: 3.
Epoch: 158. Train Loss: 223.664416. best-save Patience Count: 0.
Epoch: 159. Train Loss: 223.297246. best-save Patience Count: 0.
Epoch: 160. Train Loss: 223.541917. Patience Count: 1.
Epoch: 161. Train Loss: 223.811270. Patience Count: 2.
Epoch: 162. Train Loss: 222.645382. best-save Patience Count: 0.
Epoch: 163. Train Loss: 223.340535. Patience Count: 1.
Epoch: 164. Train Loss: 223.609423. Patience Count: 2.
Epoch: 165. Train Loss: 222.605477. best-save Patience Count: 0.
Epoch: 166. Train Loss: 222.335470. best-save Patience Count: 0.
Epoch: 167. Train Loss: 222.903293. Patience Count: 1.
Epoch: 168. Train Loss: 222.249414. best-save Patience Count: 0.
Epoch: 169. Train Loss: 221.844532. best-save Patience Count: 0.
Epoch: 170. Train Loss: 221.698829. best-save Patience Count: 0.
Epoch: 171. Train Loss: 221.702779. Patience Count: 1.
Epoch: 172. Train Loss: 220.906732. best-save Patience Count: 0.
Epoch: 173. Train Loss: 220.539306. best-save Patience Count: 0.
Epoch: 174. Train Loss: 220.739758. Patience Count: 1.
Epoch: 175. Train Loss: 220.248666. best-save Patience Count: 0.
Epoch: 176. Train Loss: 220.744491. Patience Count: 1.
Epoch: 177. Train Loss: 219.694995. best-save Patience Count: 0.
Epoch: 178. Train Loss: 220.635044. Patience Count: 1.
Epoch: 179. Train Loss: 220.694862. Patience Count: 2.
Epoch: 180. Train Loss: 220.146004. Patience Count: 3.
Epoch: 181. Train Loss: 220.705416. Patience Count: 4.
Epoch: 182. Train Loss: 220.625670. Patience Count: 5.
Epoch: 183. Train Loss: 220.714991. Patience Count: 6.
Epoch: 184. Train Loss: 220.967105. Patience Count: 7.
Epoch: 185. Train Loss: 220.594923. Patience Count: 8.
Epoch: 186. Train Loss: 220.272376. Patience Count: 9.
Epoch: 187. Train Loss: 219.644204. best-save Patience Count: 0.
Epoch: 188. Train Loss: 218.575542. best-save Patience Count: 0.
Epoch: 189. Train Loss: 217.967815. best-save Patience Count: 0.
Epoch: 190. Train Loss: 217.718170. best-save Patience Count: 0.
Epoch: 191. Train Loss: 217.962082. Patience Count: 1.
Epoch: 192. Train Loss: 217.718289. Patience Count: 2.
Epoch: 193. Train Loss: 217.750183. Patience Count: 3.
Epoch: 194. Train Loss: 218.496386. Patience Count: 4.
Epoch: 195. Train Loss: 218.315302. Patience Count: 5.
Epoch: 196. Train Loss: 219.075849. Patience Count: 6.
Epoch: 197. Train Loss: 218.048139. Patience Count: 7.
Epoch: 198. Train Loss: 216.949274. best-save Patience Count: 0.
Epoch: 199. Train Loss: 217.117802. Patience Count: 1.
Epoch: 200. Train Loss: 217.567001. Patience Count: 2.
Epoch: 201. Train Loss: 216.100097. best-save Patience Count: 0.
Epoch: 202. Train Loss: 215.407243. best-save Patience Count: 0.
Epoch: 203. Train Loss: 215.084388. best-save Patience Count: 0.
Epoch: 204. Train Loss: 215.737731. Patience Count: 1.
Epoch: 205. Train Loss: 214.087216. best-save Patience Count: 0.
Epoch: 206. Train Loss: 214.525184. Patience Count: 1.
Epoch: 207. Train Loss: 214.971319. Patience Count: 2.
Epoch: 208. Train Loss: 214.599615. Patience Count: 3.
Epoch: 209. Train Loss: 214.997612. Patience Count: 4.
Epoch: 210. Train Loss: 213.912717. best-save Patience Count: 0.
Epoch: 211. Train Loss: 213.069516. best-save Patience Count: 0.
Epoch: 212. Train Loss: 212.984988. best-save Patience Count: 0.
Epoch: 213. Train Loss: 212.877844. best-save Patience Count: 0.
Epoch: 214. Train Loss: 211.562684. best-save Patience Count: 0.
Epoch: 215. Train Loss: 212.301550. Patience Count: 1.
Epoch: 216. Train Loss: 211.800752. Patience Count: 2.
Epoch: 217. Train Loss: 212.494557. Patience Count: 3.
Epoch: 218. Train Loss: 212.302942. Patience Count: 4.
Epoch: 219. Train Loss: 212.762000. Patience Count: 5.
Epoch: 220. Train Loss: 211.977987. Patience Count: 6.
Epoch: 221. Train Loss: 212.722101. Patience Count: 7.
Epoch: 222. Train Loss: 211.983372. Patience Count: 8.
Epoch: 223. Train Loss: 211.287583. best-save Patience Count: 0.
Epoch: 224. Train Loss: 210.397966. best-save Patience Count: 0.
Epoch: 225. Train Loss: 210.937800. Patience Count: 1.
Epoch: 226. Train Loss: 210.533890. Patience Count: 2.
Epoch: 227. Train Loss: 210.486189. Patience Count: 3.
Epoch: 228. Train Loss: 210.317873. best-save Patience Count: 0.
Epoch: 229. Train Loss: 209.293552. best-save Patience Count: 0.
Epoch: 230. Train Loss: 208.770569. best-save Patience Count: 0.
Epoch: 231. Train Loss: 209.197237. Patience Count: 1.
Epoch: 232. Train Loss: 209.253658. Patience Count: 2.
Epoch: 233. Train Loss: 208.833957. Patience Count: 3.
Epoch: 234. Train Loss: 209.786325. Patience Count: 4.
Epoch: 235. Train Loss: 208.865185. Patience Count: 5.
Epoch: 236. Train Loss: 209.381257. Patience Count: 6.
Epoch: 237. Train Loss: 208.778573. Patience Count: 7.
Epoch: 238. Train Loss: 210.091826. Patience Count: 8.
Epoch: 239. Train Loss: 208.151038. best-save Patience Count: 0.
Epoch: 240. Train Loss: 208.303444. Patience Count: 1.
Epoch: 241. Train Loss: 208.990259. Patience Count: 2.
Epoch: 242. Train Loss: 208.739517. Patience Count: 3.
Epoch: 243. Train Loss: 208.183371. Patience Count: 4.
Epoch: 244. Train Loss: 208.072710. best-save Patience Count: 0.
Epoch: 245. Train Loss: 208.165920. Patience Count: 1.
Epoch: 246. Train Loss: 208.977074. Patience Count: 2.
Epoch: 247. Train Loss: 208.600431. Patience Count: 3.
Epoch: 248. Train Loss: 208.233543. Patience Count: 4.
Epoch: 249. Train Loss: 207.427613. best-save Patience Count: 0.
Epoch: 250. Train Loss: 207.608808. Patience Count: 1.
Epoch: 251. Train Loss: 207.184582. best-save Patience Count: 0.
Epoch: 252. Train Loss: 207.372154. Patience Count: 1.
Epoch: 253. Train Loss: 206.508226. best-save Patience Count: 0.
Epoch: 254. Train Loss: 205.868310. best-save Patience Count: 0.
Epoch: 255. Train Loss: 206.024316. Patience Count: 1.
Epoch: 256. Train Loss: 206.916182. Patience Count: 2.
Epoch: 257. Train Loss: 206.678986. Patience Count: 3.
Epoch: 258. Train Loss: 206.610646. Patience Count: 4.
Epoch: 259. Train Loss: 206.228652. Patience Count: 5.
Epoch: 260. Train Loss: 205.868711. Patience Count: 6.
Epoch: 261. Train Loss: 205.116798. best-save Patience Count: 0.
Epoch: 262. Train Loss: 206.643522. Patience Count: 1.
Epoch: 263. Train Loss: 204.941720. best-save Patience Count: 0.
Epoch: 264. Train Loss: 205.720402. Patience Count: 1.
Epoch: 265. Train Loss: 205.433001. Patience Count: 2.
Epoch: 266. Train Loss: 203.668717. best-save Patience Count: 0.
Epoch: 267. Train Loss: 204.787324. Patience Count: 1.
Epoch: 268. Train Loss: 204.020169. Patience Count: 2.
Epoch: 269. Train Loss: 203.784374. Patience Count: 3.
Epoch: 270. Train Loss: 204.445123. Patience Count: 4.
Epoch: 271. Train Loss: 204.723810. Patience Count: 5.
Epoch: 272. Train Loss: 203.749152. Patience Count: 6.
Epoch: 273. Train Loss: 203.195920. best-save Patience Count: 0.
Epoch: 274. Train Loss: 204.516536. Patience Count: 1.
Epoch: 275. Train Loss: 204.994672. Patience Count: 2.
Epoch: 276. Train Loss: 203.598242. Patience Count: 3.
Epoch: 277. Train Loss: 203.897633. Patience Count: 4.
Epoch: 278. Train Loss: 203.503475. Patience Count: 5.
Epoch: 279. Train Loss: 203.441122. Patience Count: 6.
Epoch: 280. Train Loss: 203.620821. Patience Count: 7.
Epoch: 281. Train Loss: 203.152023. best-save Patience Count: 0.
Epoch: 282. Train Loss: 203.010631. best-save Patience Count: 0.
Epoch: 283. Train Loss: 203.272909. Patience Count: 1.
Epoch: 284. Train Loss: 202.591105. best-save Patience Count: 0.
Epoch: 285. Train Loss: 204.422871. Patience Count: 1.
Epoch: 286. Train Loss: 203.289255. Patience Count: 2.
Epoch: 287. Train Loss: 203.392823. Patience Count: 3.
Epoch: 288. Train Loss: 203.499892. Patience Count: 4.
Epoch: 289. Train Loss: 202.495381. best-save Patience Count: 0.
Epoch: 290. Train Loss: 203.620620. Patience Count: 1.
Epoch: 291. Train Loss: 203.191846. Patience Count: 2.
Epoch: 292. Train Loss: 203.439669. Patience Count: 3.
Epoch: 293. Train Loss: 203.212286. Patience Count: 4.
Epoch: 294. Train Loss: 203.054525. Patience Count: 5.
Epoch: 295. Train Loss: 201.947217. best-save Patience Count: 0.
Epoch: 296. Train Loss: 202.241815. Patience Count: 1.
Epoch: 297. Train Loss: 202.338979. Patience Count: 2.
Epoch: 298. Train Loss: 201.831098. best-save Patience Count: 0.
Epoch: 299. Train Loss: 202.044798. Patience Count: 1.
Epoch: 300. Train Loss: 200.972312. best-save Patience Count: 0.
Epoch: 301. Train Loss: 202.458879. Patience Count: 1.
Epoch: 302. Train Loss: 201.835478. Patience Count: 2.
Epoch: 303. Train Loss: 201.353113. Patience Count: 3.
Epoch: 304. Train Loss: 201.358678. Patience Count: 4.
Epoch: 305. Train Loss: 202.095445. Patience Count: 5.
Epoch: 306. Train Loss: 201.237788. Patience Count: 6.
Epoch: 307. Train Loss: 201.438774. Patience Count: 7.
Epoch: 308. Train Loss: 200.604509. best-save Patience Count: 0.
Epoch: 309. Train Loss: 202.151936. Patience Count: 1.
Epoch: 310. Train Loss: 201.670134. Patience Count: 2.
Epoch: 311. Train Loss: 201.113079. Patience Count: 3.
Epoch: 312. Train Loss: 200.359260. best-save Patience Count: 0.
Epoch: 313. Train Loss: 200.414107. Patience Count: 1.
Epoch: 314. Train Loss: 201.404780. Patience Count: 2.
Epoch: 315. Train Loss: 201.117044. Patience Count: 3.
Epoch: 316. Train Loss: 200.901753. Patience Count: 4.
Epoch: 317. Train Loss: 201.235485. Patience Count: 5.
Epoch: 318. Train Loss: 201.266193. Patience Count: 6.
Epoch: 319. Train Loss: 201.037549. Patience Count: 7.
Epoch: 320. Train Loss: 200.577214. Patience Count: 8.
Epoch: 321. Train Loss: 201.315724. Patience Count: 9.
Epoch: 322. Train Loss: 200.616951. Patience Count: 10.
Epoch: 323. Train Loss: 200.558217. Patience Count: 11.
Epoch: 324. Train Loss: 200.561644. Patience Count: 12.
Epoch: 325. Train Loss: 199.510095. best-save Patience Count: 0.
Epoch: 326. Train Loss: 200.193227. Patience Count: 1.
Epoch: 327. Train Loss: 200.024669. Patience Count: 2.
Epoch: 328. Train Loss: 200.541415. Patience Count: 3.
Epoch: 329. Train Loss: 199.833049. Patience Count: 4.
Epoch: 330. Train Loss: 200.198429. Patience Count: 5.
Epoch: 331. Train Loss: 199.525560. Patience Count: 6.
Epoch: 332. Train Loss: 199.341155. best-save Patience Count: 0.
Epoch: 333. Train Loss: 199.259990. best-save Patience Count: 0.
Epoch: 334. Train Loss: 198.693990. best-save Patience Count: 0.
Epoch: 335. Train Loss: 198.242392. best-save Patience Count: 0.
Epoch: 336. Train Loss: 199.886123. Patience Count: 1.
Epoch: 337. Train Loss: 199.935818. Patience Count: 2.
Epoch: 338. Train Loss: 199.513432. Patience Count: 3.
Epoch: 339. Train Loss: 199.257700. Patience Count: 4.
Epoch: 340. Train Loss: 199.006085. Patience Count: 5.
Epoch: 341. Train Loss: 198.882591. Patience Count: 6.
Epoch: 342. Train Loss: 199.003196. Patience Count: 7.
Epoch: 343. Train Loss: 199.845819. Patience Count: 8.
Epoch: 344. Train Loss: 199.286155. Patience Count: 9.
Epoch: 345. Train Loss: 200.066218. Patience Count: 10.
Epoch: 346. Train Loss: 199.488583. Patience Count: 11.
Epoch: 347. Train Loss: 199.043032. Patience Count: 12.
Epoch: 348. Train Loss: 199.662417. Patience Count: 13.
Epoch: 349. Train Loss: 198.568046. Patience Count: 14.
Epoch: 350. Train Loss: 199.567614. Patience Count: 15.
Epoch: 351. Train Loss: 199.388724. Patience Count: 16.
Epoch: 352. Train Loss: 198.985004. Patience Count: 17.
Epoch: 353. Train Loss: 197.608545. best-save Patience Count: 0.
Epoch: 354. Train Loss: 199.000070. Patience Count: 1.
Epoch: 355. Train Loss: 199.133649. Patience Count: 2.
Epoch: 356. Train Loss: 198.168784. Patience Count: 3.
Epoch: 357. Train Loss: 198.702665. Patience Count: 4.
Epoch: 358. Train Loss: 198.457848. Patience Count: 5.
Epoch: 359. Train Loss: 198.655424. Patience Count: 6.
Epoch: 360. Train Loss: 199.040708. Patience Count: 7.
Epoch: 361. Train Loss: 198.812244. Patience Count: 8.
Epoch: 362. Train Loss: 199.250102. Patience Count: 9.
Epoch: 363. Train Loss: 199.216097. Patience Count: 10.
Epoch: 364. Train Loss: 198.388414. Patience Count: 11.
Epoch: 365. Train Loss: 197.575148. best-save Patience Count: 0.
Epoch: 366. Train Loss: 198.634191. Patience Count: 1.
Epoch: 367. Train Loss: 198.794169. Patience Count: 2.
Epoch: 368. Train Loss: 198.922441. Patience Count: 3.
Epoch: 369. Train Loss: 197.805020. Patience Count: 4.
Epoch: 370. Train Loss: 199.705262. Patience Count: 5.
Epoch: 371. Train Loss: 197.490568. best-save Patience Count: 0.
Epoch: 372. Train Loss: 197.776314. Patience Count: 1.
Epoch: 373. Train Loss: 198.815552. Patience Count: 2.
Epoch: 374. Train Loss: 197.819762. Patience Count: 3.
Epoch: 375. Train Loss: 198.368924. Patience Count: 4.
Epoch: 376. Train Loss: 198.441648. Patience Count: 5.
Epoch: 377. Train Loss: 197.689426. Patience Count: 6.
Epoch: 378. Train Loss: 198.073459. Patience Count: 7.
Epoch: 379. Train Loss: 196.884354. best-save Patience Count: 0.
Epoch: 380. Train Loss: 198.354527. Patience Count: 1.
Epoch: 381. Train Loss: 198.003680. Patience Count: 2.
Epoch: 382. Train Loss: 196.791267. best-save Patience Count: 0.
Epoch: 383. Train Loss: 198.139420. Patience Count: 1.
Epoch: 384. Train Loss: 197.799628. Patience Count: 2.
Epoch: 385. Train Loss: 198.069910. Patience Count: 3.
Epoch: 386. Train Loss: 197.721590. Patience Count: 4.
Epoch: 387. Train Loss: 197.266658. Patience Count: 5.
Epoch: 388. Train Loss: 197.775983. Patience Count: 6.
Epoch: 389. Train Loss: 196.089829. best-save Patience Count: 0.
Epoch: 390. Train Loss: 197.356777. Patience Count: 1.
Epoch: 391. Train Loss: 196.872769. Patience Count: 2.
Epoch: 392. Train Loss: 197.371136. Patience Count: 3.
Epoch: 393. Train Loss: 197.772512. Patience Count: 4.
Epoch: 394. Train Loss: 196.624222. Patience Count: 5.
Epoch: 395. Train Loss: 197.887352. Patience Count: 6.
Epoch: 396. Train Loss: 197.520233. Patience Count: 7.
Epoch: 397. Train Loss: 196.265074. Patience Count: 8.
Epoch: 398. Train Loss: 196.635953. Patience Count: 9.
Epoch: 399. Train Loss: 197.848134. Patience Count: 10.
Epoch: 400. Train Loss: 196.990484. Patience Count: 11.
Epoch: 401. Train Loss: 197.801120. Patience Count: 12.
Epoch: 402. Train Loss: 196.934427. Patience Count: 13.
Epoch: 403. Train Loss: 196.542550. Patience Count: 14.
Epoch: 404. Train Loss: 197.380935. Patience Count: 15.
Epoch: 405. Train Loss: 196.028824. best-save Patience Count: 0.
Epoch: 406. Train Loss: 197.656512. Patience Count: 1.
Epoch: 407. Train Loss: 196.699019. Patience Count: 2.
Epoch: 408. Train Loss: 196.905499. Patience Count: 3.
Epoch: 409. Train Loss: 196.522578. Patience Count: 4.
Epoch: 410. Train Loss: 196.634644. Patience Count: 5.
Epoch: 411. Train Loss: 197.504147. Patience Count: 6.
Epoch: 412. Train Loss: 196.474329. Patience Count: 7.
Epoch: 413. Train Loss: 196.917198. Patience Count: 8.
Epoch: 414. Train Loss: 197.319567. Patience Count: 9.
Epoch: 415. Train Loss: 197.292997. Patience Count: 10.
Epoch: 416. Train Loss: 196.575635. Patience Count: 11.
Epoch: 417. Train Loss: 196.580748. Patience Count: 12.
Epoch: 418. Train Loss: 197.248822. Patience Count: 13.
Epoch: 419. Train Loss: 196.480809. Patience Count: 14.
Epoch: 420. Train Loss: 197.125292. Patience Count: 15.
Epoch: 421. Train Loss: 196.740636. Patience Count: 16.
Epoch: 422. Train Loss: 197.437705. Patience Count: 17.
Epoch: 423. Train Loss: 197.332736. Patience Count: 18.
Epoch: 424. Train Loss: 196.130747. Patience Count: 19.
Epoch: 425. Train Loss: 196.368590. Patience Count: 20.
Epoch: 426. Train Loss: 196.594504. Patience Count: 21.
Epoch: 427. Train Loss: 196.533790. Patience Count: 22.
Epoch: 428. Train Loss: 198.120270. Patience Count: 23.
Epoch: 429. Train Loss: 197.021369. Patience Count: 24.
Epoch: 430. Train Loss: 196.371435. Patience Count: 25.
Epoch: 431. Train Loss: 197.150230. Patience Count: 26.
Epoch: 432. Train Loss: 196.178036. Patience Count: 27.
Epoch: 433. Train Loss: 196.722981. Patience Count: 28.
Epoch: 434. Train Loss: 196.609083. Patience Count: 29.
Epoch: 435. Train Loss: 197.158206. Patience Count: 30.
Epoch: 436. Train Loss: 196.979050. Patience Count: 31.
Epoch: 437. Train Loss: 195.547914. best-save Patience Count: 0.
Epoch: 438. Train Loss: 197.040786. Patience Count: 1.
Epoch: 439. Train Loss: 195.422010. best-save Patience Count: 0.
Epoch: 440. Train Loss: 195.762810. Patience Count: 1.
Epoch: 441. Train Loss: 195.452455. Patience Count: 2.
Epoch: 442. Train Loss: 196.773911. Patience Count: 3.
Epoch: 443. Train Loss: 197.047565. Patience Count: 4.
Epoch: 444. Train Loss: 196.337567. Patience Count: 5.
Epoch: 445. Train Loss: 195.909494. Patience Count: 6.
Epoch: 446. Train Loss: 195.396278. best-save Patience Count: 0.
Epoch: 447. Train Loss: 195.392309. best-save Patience Count: 0.
Epoch: 448. Train Loss: 196.362041. Patience Count: 1.
Epoch: 449. Train Loss: 195.991424. Patience Count: 2.
Epoch: 450. Train Loss: 195.556314. Patience Count: 3.
Epoch: 451. Train Loss: 196.891660. Patience Count: 4.
Epoch: 452. Train Loss: 197.564292. Patience Count: 5.
Epoch: 453. Train Loss: 196.539155. Patience Count: 6.
Epoch: 454. Train Loss: 195.830629. Patience Count: 7.
Epoch: 455. Train Loss: 196.617575. Patience Count: 8.
Epoch: 456. Train Loss: 196.693250. Patience Count: 9.
Epoch: 457. Train Loss: 195.453542. Patience Count: 10.
Epoch: 458. Train Loss: 195.864751. Patience Count: 11.
Epoch: 459. Train Loss: 195.942839. Patience Count: 12.
Epoch: 460. Train Loss: 195.618593. Patience Count: 13.
Epoch: 461. Train Loss: 195.959289. Patience Count: 14.
Epoch: 462. Train Loss: 196.328250. Patience Count: 15.
Epoch: 463. Train Loss: 195.216417. best-save Patience Count: 0.
Epoch: 464. Train Loss: 196.303432. Patience Count: 1.
Epoch: 465. Train Loss: 195.738746. Patience Count: 2.
Epoch: 466. Train Loss: 196.047823. Patience Count: 3.
Epoch: 467. Train Loss: 196.276860. Patience Count: 4.
Epoch: 468. Train Loss: 195.893048. Patience Count: 5.
Epoch: 469. Train Loss: 195.979401. Patience Count: 6.
Epoch: 470. Train Loss: 195.922204. Patience Count: 7.
Epoch: 471. Train Loss: 196.114777. Patience Count: 8.
Epoch: 472. Train Loss: 196.539025. Patience Count: 9.
Epoch: 473. Train Loss: 196.367105. Patience Count: 10.
Epoch: 474. Train Loss: 196.534477. Patience Count: 11.
Epoch: 475. Train Loss: 195.185402. best-save Patience Count: 0.
Epoch: 476. Train Loss: 195.594830. Patience Count: 1.
Epoch: 477. Train Loss: 195.940017. Patience Count: 2.
Epoch: 478. Train Loss: 195.261961. Patience Count: 3.
Epoch: 479. Train Loss: 196.243770. Patience Count: 4.
Epoch: 480. Train Loss: 195.450303. Patience Count: 5.
Epoch: 481. Train Loss: 195.598384. Patience Count: 6.
Epoch: 482. Train Loss: 195.828254. Patience Count: 7.
Epoch: 483. Train Loss: 195.575839. Patience Count: 8.
Epoch: 484. Train Loss: 194.963992. best-save Patience Count: 0.
Epoch: 485. Train Loss: 195.498299. Patience Count: 1.
Epoch: 486. Train Loss: 195.314667. Patience Count: 2.
Epoch: 487. Train Loss: 195.468557. Patience Count: 3.
Epoch: 488. Train Loss: 196.558507. Patience Count: 4.
Epoch: 489. Train Loss: 196.430506. Patience Count: 5.
Epoch: 490. Train Loss: 195.641634. Patience Count: 6.
Epoch: 491. Train Loss: 196.722117. Patience Count: 7.
Epoch: 492. Train Loss: 196.832813. Patience Count: 8.
Epoch: 493. Train Loss: 195.536394. Patience Count: 9.
Epoch: 494. Train Loss: 196.180191. Patience Count: 10.
Epoch: 495. Train Loss: 195.316189. Patience Count: 11.
Epoch: 496. Train Loss: 196.090380. Patience Count: 12.
Epoch: 497. Train Loss: 195.631796. Patience Count: 13.
Epoch: 498. Train Loss: 195.964486. Patience Count: 14.
Epoch: 499. Train Loss: 196.146561. Patience Count: 15.
Epoch: 500. Train Loss: 195.565670. Patience Count: 16.
dist.destroy_process_group()
dist.destroy_process_group()
