| distributed init (rank 0): env://, gpu 0
| distributed init (rank 1): env://, gpu 1
world_size: 2, gpu: 0
Using 8 dataloader workers every process
Epoch: 1. Train Loss: 180.482132. best-save Patience Count: 0.
Epoch: 2. Train Loss: 134.663879. best-save Patience Count: 0.
Epoch: 3. Train Loss: 128.938292. best-save Patience Count: 0.
Epoch: 4. Train Loss: 123.366349. best-save Patience Count: 0.
Epoch: 5. Train Loss: 120.705304. best-save Patience Count: 0.
Epoch: 6. Train Loss: 118.645648. best-save Patience Count: 0.
Epoch: 7. Train Loss: 111.245424. best-save Patience Count: 0.
Epoch: 8. Train Loss: 108.900525. best-save Patience Count: 0.
Epoch: 9. Train Loss: 104.919191. best-save Patience Count: 0.
Epoch: 10. Train Loss: 98.235682. best-save Patience Count: 0.
Epoch: 11. Train Loss: 93.196072. best-save Patience Count: 0.
Epoch: 12. Train Loss: 90.012940. best-save Patience Count: 0.
Epoch: 13. Train Loss: 86.143780. best-save Patience Count: 0.
Epoch: 14. Train Loss: 82.785014. best-save Patience Count: 0.
Epoch: 15. Train Loss: 78.643407. best-save Patience Count: 0.
Epoch: 16. Train Loss: 75.554720. best-save Patience Count: 0.
Epoch: 17. Train Loss: 69.963088. best-save Patience Count: 0.
Epoch: 18. Train Loss: 69.388204. best-save Patience Count: 0.
Epoch: 19. Train Loss: 65.016487. best-save Patience Count: 0.
Epoch: 20. Train Loss: 58.479734. best-save Patience Count: 0.
Epoch: 21. Train Loss: 55.606771. best-save Patience Count: 0.
Epoch: 22. Train Loss: 53.278990. best-save Patience Count: 0.
Epoch: 23. Train Loss: 49.938972. best-save Patience Count: 0.
Epoch: 24. Train Loss: 45.345518. best-save Patience Count: 0.
Epoch: 25. Train Loss: 44.754537. best-save Patience Count: 0.
Epoch: 26. Train Loss: 42.225395. best-save Patience Count: 0.
Epoch: 27. Train Loss: 41.260635. best-save Patience Count: 0.
Epoch: 28. Train Loss: 36.165076. best-save Patience Count: 0.
Epoch: 29. Train Loss: 36.488285. Patience Count: 1.
Epoch: 30. Train Loss: 30.868582. best-save Patience Count: 0.
Epoch: 31. Train Loss: 29.943646. best-save Patience Count: 0.
Epoch: 32. Train Loss: 29.874013. best-save Patience Count: 0.
Epoch: 33. Train Loss: 26.615530. best-save Patience Count: 0.
Epoch: 34. Train Loss: 26.048321. best-save Patience Count: 0.
Epoch: 35. Train Loss: 22.718929. best-save Patience Count: 0.
Epoch: 36. Train Loss: 21.333220. best-save Patience Count: 0.
Epoch: 37. Train Loss: 19.264476. best-save Patience Count: 0.
Epoch: 38. Train Loss: 16.978478. best-save Patience Count: 0.
Epoch: 39. Train Loss: 18.064563. Patience Count: 1.
Epoch: 40. Train Loss: 16.502996. best-save Patience Count: 0.
Epoch: 41. Train Loss: 18.774407. Patience Count: 1.
Epoch: 42. Train Loss: 12.663981. best-save Patience Count: 0.
Epoch: 43. Train Loss: 12.769018. Patience Count: 1.
Epoch: 44. Train Loss: 13.027632. Patience Count: 2.
Epoch: 45. Train Loss: 13.496438. Patience Count: 3.
Epoch: 46. Train Loss: 10.822284. best-save Patience Count: 0.
Epoch: 47. Train Loss: 10.083311. best-save Patience Count: 0.
Epoch: 48. Train Loss: 11.322713. Patience Count: 1.
Epoch: 49. Train Loss: 10.719673. Patience Count: 2.
Epoch: 50. Train Loss: 8.367054. best-save Patience Count: 0.
Epoch: 51. Train Loss: 4.934724. best-save Patience Count: 0.
Epoch: 52. Train Loss: 1.872123. best-save Patience Count: 0.
Epoch: 53. Train Loss: 1.085457. best-save Patience Count: 0.
Epoch: 54. Train Loss: 0.837044. best-save Patience Count: 0.
Epoch: 55. Train Loss: 0.931183. Patience Count: 1.
Epoch: 56. Train Loss: 0.705550. best-save Patience Count: 0.
Epoch: 57. Train Loss: 0.940790. Patience Count: 1.
Epoch: 58. Train Loss: 1.778450. Patience Count: 2.
Epoch: 59. Train Loss: 1.816925. Patience Count: 3.
Epoch: 60. Train Loss: 1.099169. Patience Count: 4.
Epoch: 61. Train Loss: 1.516413. Patience Count: 5.
Epoch: 62. Train Loss: 1.828110. Patience Count: 6.
Epoch: 63. Train Loss: 2.597955. Patience Count: 7.
Epoch: 64. Train Loss: 2.897067. Patience Count: 8.
Epoch: 65. Train Loss: 1.962615. Patience Count: 9.
Epoch: 66. Train Loss: 1.155538. Patience Count: 10.
Epoch: 67. Train Loss: 1.128622. Patience Count: 11.
Epoch: 68. Train Loss: 1.486812. Patience Count: 12.
Epoch: 69. Train Loss: 1.513456. Patience Count: 13.
Epoch: 70. Train Loss: 1.798649. Patience Count: 14.
Epoch: 71. Train Loss: 1.325844. Patience Count: 15.
Epoch: 72. Train Loss: 1.179490. Patience Count: 16.
Epoch: 73. Train Loss: 2.089944. Patience Count: 17.
Epoch: 74. Train Loss: 2.395101. Patience Count: 18.
Epoch: 75. Train Loss: 1.581585. Patience Count: 19.
Epoch: 76. Train Loss: 1.934815. Patience Count: 20.
Epoch: 77. Train Loss: 2.399351. Patience Count: 21.
Epoch: 78. Train Loss: 2.208678. Patience Count: 22.
Epoch: 79. Train Loss: 2.909916. Patience Count: 23.
Epoch: 80. Train Loss: 2.874865. Patience Count: 24.
Epoch: 81. Train Loss: 2.121443. Patience Count: 25.
Epoch: 82. Train Loss: 1.673924. Patience Count: 26.
Epoch: 83. Train Loss: 0.969063. Patience Count: 27.
Epoch: 84. Train Loss: 1.798358. Patience Count: 28.
Epoch: 85. Train Loss: 3.759295. Patience Count: 29.
Epoch: 86. Train Loss: 3.043844. Patience Count: 30.
Epoch: 87. Train Loss: 1.717507. Patience Count: 31.
Epoch: 88. Train Loss: 1.323929. Patience Count: 32.
Epoch: 89. Train Loss: 2.183178. Patience Count: 33.
Epoch: 90. Train Loss: 2.882974. Patience Count: 34.
Epoch: 91. Train Loss: 2.323545. Patience Count: 35.
Epoch: 92. Train Loss: 1.852157. Patience Count: 36.
Epoch: 93. Train Loss: 1.526640. Patience Count: 37.
Epoch: 94. Train Loss: 2.901557. Patience Count: 38.
Epoch: 95. Train Loss: 2.817186. Patience Count: 39.
Epoch: 96. Train Loss: 2.514091. Patience Count: 40.
Epoch: 97. Train Loss: 2.163448. Patience Count: 41.
Epoch: 98. Train Loss: 1.650778. Patience Count: 42.
Epoch: 99. Train Loss: 1.990282. Patience Count: 43.
Epoch: 100. Train Loss: 1.877655. Patience Count: 44.
Epoch: 101. Train Loss: 1.183028. Patience Count: 45.
Epoch: 102. Train Loss: 0.416979. best-save Patience Count: 0.
Epoch: 103. Train Loss: 0.315608. best-save Patience Count: 0.
Epoch: 104. Train Loss: 0.296211. best-save Patience Count: 0.
Epoch: 105. Train Loss: 0.294428. best-save Patience Count: 0.
Epoch: 106. Train Loss: 0.203222. best-save Patience Count: 0.
Epoch: 107. Train Loss: 0.098043. best-save Patience Count: 0.
Epoch: 108. Train Loss: 0.100629. Patience Count: 1.
Epoch: 109. Train Loss: 0.094349. best-save Patience Count: 0.
Epoch: 110. Train Loss: 0.100060. Patience Count: 1.
Epoch: 111. Train Loss: 0.098387. Patience Count: 2.
Epoch: 112. Train Loss: 0.115079. Patience Count: 3.
Epoch: 113. Train Loss: 0.056701. best-save Patience Count: 0.
Epoch: 114. Train Loss: 0.052115. best-save Patience Count: 0.
Epoch: 115. Train Loss: 0.193629. Patience Count: 1.
Epoch: 116. Train Loss: 0.289546. Patience Count: 2.
Epoch: 117. Train Loss: 0.447629. Patience Count: 3.
Epoch: 118. Train Loss: 0.377541. Patience Count: 4.
Epoch: 119. Train Loss: 0.302641. Patience Count: 5.
Epoch: 120. Train Loss: 0.264929. Patience Count: 6.
Epoch: 121. Train Loss: 0.414519. Patience Count: 7.
Epoch: 122. Train Loss: 0.273504. Patience Count: 8.
Epoch: 123. Train Loss: 0.478606. Patience Count: 9.
Epoch: 124. Train Loss: 0.328590. Patience Count: 10.
Epoch: 125. Train Loss: 0.555694. Patience Count: 11.
Epoch: 126. Train Loss: 0.468028. Patience Count: 12.
Epoch: 127. Train Loss: 0.256666. Patience Count: 13.
Epoch: 128. Train Loss: 0.239149. Patience Count: 14.
Epoch: 129. Train Loss: 0.237255. Patience Count: 15.
Epoch: 130. Train Loss: 0.145871. Patience Count: 16.
Epoch: 131. Train Loss: 0.205354. Patience Count: 17.
Epoch: 132. Train Loss: 0.333441. Patience Count: 18.
Epoch: 133. Train Loss: 0.348780. Patience Count: 19.
Epoch: 134. Train Loss: 0.270116. Patience Count: 20.
Epoch: 135. Train Loss: 0.416436. Patience Count: 21.
Epoch: 136. Train Loss: 0.282553. Patience Count: 22.
Epoch: 137. Train Loss: 0.317808. Patience Count: 23.
Epoch: 138. Train Loss: 0.693805. Patience Count: 24.
Epoch: 139. Train Loss: 1.106010. Patience Count: 25.
Epoch: 140. Train Loss: 1.184316. Patience Count: 26.
Epoch: 141. Train Loss: 1.187770. Patience Count: 27.
Epoch: 142. Train Loss: 0.682848. Patience Count: 28.
Epoch: 143. Train Loss: 0.730951. Patience Count: 29.
Epoch: 144. Train Loss: 0.675525. Patience Count: 30.
Epoch: 145. Train Loss: 0.452587. Patience Count: 31.
Epoch: 146. Train Loss: 0.762066. Patience Count: 32.
Epoch: 147. Train Loss: 0.641808. Patience Count: 33.
Epoch: 148. Train Loss: 0.324690. Patience Count: 34.
Epoch: 149. Train Loss: 0.345485. Patience Count: 35.
Epoch: 150. Train Loss: 0.362187. Patience Count: 36.
Epoch: 151. Train Loss: 0.194948. Patience Count: 37.
Epoch: 152. Train Loss: 0.074397. Patience Count: 38.
Epoch: 153. Train Loss: 0.093919. Patience Count: 39.
Epoch: 154. Train Loss: 0.101501. Patience Count: 40.
Epoch: 155. Train Loss: 0.082557. Patience Count: 41.
Epoch: 156. Train Loss: 0.060232. Patience Count: 42.
Epoch: 157. Train Loss: 0.049535. best-save Patience Count: 0.
Epoch: 158. Train Loss: 0.043067. best-save Patience Count: 0.
Epoch: 159. Train Loss: 0.146569. Patience Count: 1.
Epoch: 160. Train Loss: 0.063620. Patience Count: 2.
Epoch: 161. Train Loss: 0.053750. Patience Count: 3.
Epoch: 162. Train Loss: 0.050352. Patience Count: 4.
Epoch: 163. Train Loss: 0.041122. best-save Patience Count: 0.
Epoch: 164. Train Loss: 0.186473. Patience Count: 1.
Epoch: 165. Train Loss: 0.059172. Patience Count: 2.
Epoch: 166. Train Loss: 0.069523. Patience Count: 3.
Epoch: 167. Train Loss: 0.021505. best-save Patience Count: 0.
Epoch: 168. Train Loss: 0.015316. best-save Patience Count: 0.
Epoch: 169. Train Loss: 0.012560. best-save Patience Count: 0.
Epoch: 170. Train Loss: 0.053686. Patience Count: 1.
Epoch: 171. Train Loss: 0.029131. Patience Count: 2.
Epoch: 172. Train Loss: 0.043779. Patience Count: 3.
Epoch: 173. Train Loss: 0.021758. Patience Count: 4.
Epoch: 174. Train Loss: 0.072697. Patience Count: 5.
Epoch: 175. Train Loss: 0.041886. Patience Count: 6.
Epoch: 176. Train Loss: 0.037517. Patience Count: 7.
Epoch: 177. Train Loss: 0.117930. Patience Count: 8.
Epoch: 178. Train Loss: 0.193226. Patience Count: 9.
Epoch: 179. Train Loss: 0.101273. Patience Count: 10.
Epoch: 180. Train Loss: 0.128803. Patience Count: 11.
Epoch: 181. Train Loss: 0.304257. Patience Count: 12.
Epoch: 182. Train Loss: 0.080287. Patience Count: 13.
Epoch: 183. Train Loss: 0.124242. Patience Count: 14.
Epoch: 184. Train Loss: 0.054672. Patience Count: 15.
Epoch: 185. Train Loss: 0.046925. Patience Count: 16.
Epoch: 186. Train Loss: 0.070594. Patience Count: 17.
Epoch: 187. Train Loss: 0.108023. Patience Count: 18.
Epoch: 188. Train Loss: 0.085764. Patience Count: 19.
Epoch: 189. Train Loss: 0.151125. Patience Count: 20.
Epoch: 190. Train Loss: 0.074833. Patience Count: 21.
Epoch: 191. Train Loss: 0.074692. Patience Count: 22.
Epoch: 192. Train Loss: 0.124900. Patience Count: 23.
Epoch: 193. Train Loss: 0.305645. Patience Count: 24.
Epoch: 194. Train Loss: 0.424833. Patience Count: 25.
Epoch: 195. Train Loss: 0.370645. Patience Count: 26.
Epoch: 196. Train Loss: 0.315795. Patience Count: 27.
Epoch: 197. Train Loss: 0.262141. Patience Count: 28.
Epoch: 198. Train Loss: 0.247653. Patience Count: 29.
Epoch: 199. Train Loss: 0.166209. Patience Count: 30.
Epoch: 200. Train Loss: 0.158073. Patience Count: 31.
Epoch: 201. Train Loss: 0.098690. Patience Count: 32.
Epoch: 202. Train Loss: 0.080919. Patience Count: 33.
Epoch: 203. Train Loss: 0.056115. Patience Count: 34.
Epoch: 204. Train Loss: 0.049821. Patience Count: 35.
Epoch: 205. Train Loss: 0.099216. Patience Count: 36.
Epoch: 206. Train Loss: 0.068574. Patience Count: 37.
Epoch: 207. Train Loss: 0.043608. Patience Count: 38.
Epoch: 208. Train Loss: 0.082861. Patience Count: 39.
Epoch: 209. Train Loss: 0.021187. Patience Count: 40.
Epoch: 210. Train Loss: 0.041658. Patience Count: 41.
Epoch: 211. Train Loss: 0.023091. Patience Count: 42.
Epoch: 212. Train Loss: 0.021882. Patience Count: 43.
Epoch: 213. Train Loss: 0.015338. Patience Count: 44.
Epoch: 214. Train Loss: 0.017219. Patience Count: 45.
Epoch: 215. Train Loss: 0.017749. Patience Count: 46.
Epoch: 216. Train Loss: 0.012545. best-save Patience Count: 0.
Epoch: 217. Train Loss: 0.018391. Patience Count: 1.
Epoch: 218. Train Loss: 0.009601. best-save Patience Count: 0.
Epoch: 219. Train Loss: 0.137116. Patience Count: 1.
Epoch: 220. Train Loss: 0.060247. Patience Count: 2.
Epoch: 221. Train Loss: 0.106133. Patience Count: 3.
Epoch: 222. Train Loss: 0.062447. Patience Count: 4.
Epoch: 223. Train Loss: 0.107883. Patience Count: 5.
Epoch: 224. Train Loss: 0.038476. Patience Count: 6.
Epoch: 225. Train Loss: 0.081543. Patience Count: 7.
Epoch: 226. Train Loss: 0.023147. Patience Count: 8.
Epoch: 227. Train Loss: 0.093759. Patience Count: 9.
Epoch: 228. Train Loss: 0.110546. Patience Count: 10.
Epoch: 229. Train Loss: 0.049325. Patience Count: 11.
Epoch: 230. Train Loss: 0.058742. Patience Count: 12.
Epoch: 231. Train Loss: 0.128078. Patience Count: 13.
Epoch: 232. Train Loss: 0.056202. Patience Count: 14.
Epoch: 233. Train Loss: 0.023263. Patience Count: 15.
Epoch: 234. Train Loss: 0.082305. Patience Count: 16.
Epoch: 235. Train Loss: 0.018507. Patience Count: 17.
Epoch: 236. Train Loss: 0.014024. Patience Count: 18.
Epoch: 237. Train Loss: 0.142349. Patience Count: 19.
Epoch: 238. Train Loss: 0.059528. Patience Count: 20.
Epoch: 239. Train Loss: 0.048587. Patience Count: 21.
Epoch: 240. Train Loss: 0.044237. Patience Count: 22.
Epoch: 241. Train Loss: 0.039542. Patience Count: 23.
Epoch: 242. Train Loss: 0.025488. Patience Count: 24.
Epoch: 243. Train Loss: 0.207787. Patience Count: 25.
Epoch: 244. Train Loss: 0.047106. Patience Count: 26.
Epoch: 245. Train Loss: 0.026864. Patience Count: 27.
Epoch: 246. Train Loss: 0.039605. Patience Count: 28.
Epoch: 247. Train Loss: 0.023969. Patience Count: 29.
Epoch: 248. Train Loss: 0.018943. Patience Count: 30.
Epoch: 249. Train Loss: 0.004417. best-save Patience Count: 0.
Epoch: 250. Train Loss: 0.017854. Patience Count: 1.
Epoch: 251. Train Loss: 0.013697. Patience Count: 2.
Epoch: 252. Train Loss: 0.008774. Patience Count: 3.
Epoch: 253. Train Loss: 0.010576. Patience Count: 4.
Epoch: 254. Train Loss: 0.022435. Patience Count: 5.
Epoch: 255. Train Loss: 0.007531. Patience Count: 6.
Epoch: 256. Train Loss: 0.005391. Patience Count: 7.
Epoch: 257. Train Loss: 0.024919. Patience Count: 8.
Epoch: 258. Train Loss: 0.006220. Patience Count: 9.
Epoch: 259. Train Loss: 0.014088. Patience Count: 10.
Epoch: 260. Train Loss: 0.015477. Patience Count: 11.
Epoch: 261. Train Loss: 0.009863. Patience Count: 12.
Epoch: 262. Train Loss: 0.008731. Patience Count: 13.
Epoch: 263. Train Loss: 0.022230. Patience Count: 14.
Epoch: 264. Train Loss: 0.057463. Patience Count: 15.
Epoch: 265. Train Loss: 0.005022. Patience Count: 16.
Epoch: 266. Train Loss: 0.010606. Patience Count: 17.
Epoch: 267. Train Loss: 0.005936. Patience Count: 18.
Epoch: 268. Train Loss: 0.013607. Patience Count: 19.
Epoch: 269. Train Loss: 0.009277. Patience Count: 20.
Epoch: 270. Train Loss: 0.007695. Patience Count: 21.
Epoch: 271. Train Loss: 0.012442. Patience Count: 22.
Epoch: 272. Train Loss: 0.032435. Patience Count: 23.
Epoch: 273. Train Loss: 0.022879. Patience Count: 24.
Epoch: 274. Train Loss: 0.005714. Patience Count: 25.
Epoch: 275. Train Loss: 0.021900. Patience Count: 26.
Epoch: 276. Train Loss: 0.004036. best-save Patience Count: 0.
Epoch: 277. Train Loss: 0.007332. Patience Count: 1.
Epoch: 278. Train Loss: 0.011022. Patience Count: 2.
Epoch: 279. Train Loss: 0.013048. Patience Count: 3.
Epoch: 280. Train Loss: 0.003699. best-save Patience Count: 0.
Epoch: 281. Train Loss: 0.052829. Patience Count: 1.
Epoch: 282. Train Loss: 0.033279. Patience Count: 2.
Epoch: 283. Train Loss: 0.008070. Patience Count: 3.
Epoch: 284. Train Loss: 0.011421. Patience Count: 4.
Epoch: 285. Train Loss: 0.023961. Patience Count: 5.
Epoch: 286. Train Loss: 0.007118. Patience Count: 6.
Epoch: 287. Train Loss: 0.018633. Patience Count: 7.
Epoch: 288. Train Loss: 0.013866. Patience Count: 8.
Epoch: 289. Train Loss: 0.026535. Patience Count: 9.
Epoch: 290. Train Loss: 0.011367. Patience Count: 10.
Epoch: 291. Train Loss: 0.052152. Patience Count: 11.
Epoch: 292. Train Loss: 0.046123. Patience Count: 12.
Epoch: 293. Train Loss: 0.007217. Patience Count: 13.
Epoch: 294. Train Loss: 0.042009. Patience Count: 14.
Epoch: 295. Train Loss: 0.007593. Patience Count: 15.
Epoch: 296. Train Loss: 0.074861. Patience Count: 16.
Epoch: 297. Train Loss: 0.011741. Patience Count: 17.
Epoch: 298. Train Loss: 0.022332. Patience Count: 18.
Epoch: 299. Train Loss: 0.005066. Patience Count: 19.
Epoch: 300. Train Loss: 0.015202. Patience Count: 20.
Epoch: 301. Train Loss: 0.006712. Patience Count: 21.
Epoch: 302. Train Loss: 0.003024. best-save Patience Count: 0.
Epoch: 303. Train Loss: 0.008303. Patience Count: 1.
Epoch: 304. Train Loss: 0.056162. Patience Count: 2.
Epoch: 305. Train Loss: 0.004528. Patience Count: 3.
Epoch: 306. Train Loss: 0.004247. Patience Count: 4.
Epoch: 307. Train Loss: 0.005734. Patience Count: 5.
Epoch: 308. Train Loss: 0.001960. best-save Patience Count: 0.
Epoch: 309. Train Loss: 0.014091. Patience Count: 1.
Epoch: 310. Train Loss: 0.003072. Patience Count: 2.
Epoch: 311. Train Loss: 0.063169. Patience Count: 3.
Epoch: 312. Train Loss: 0.007798. Patience Count: 4.
Epoch: 313. Train Loss: 0.010940. Patience Count: 5.
Epoch: 314. Train Loss: 0.001695. best-save Patience Count: 0.
Epoch: 315. Train Loss: 0.004557. Patience Count: 1.
Epoch: 316. Train Loss: 0.014992. Patience Count: 2.
Epoch: 317. Train Loss: 0.001971. Patience Count: 3.
Epoch: 318. Train Loss: 0.002620. Patience Count: 4.
Epoch: 319. Train Loss: 0.007401. Patience Count: 5.
Epoch: 320. Train Loss: 0.003107. Patience Count: 6.
Epoch: 321. Train Loss: 0.001672. best-save Patience Count: 0.
Epoch: 322. Train Loss: 0.002341. Patience Count: 1.
Epoch: 323. Train Loss: 0.002407. Patience Count: 2.
Epoch: 324. Train Loss: 0.001260. best-save Patience Count: 0.
Epoch: 325. Train Loss: 0.002200. Patience Count: 1.
Epoch: 326. Train Loss: 0.002613. Patience Count: 2.
Epoch: 327. Train Loss: 0.000867. best-save Patience Count: 0.
Epoch: 328. Train Loss: 0.002008. Patience Count: 1.
Epoch: 329. Train Loss: 0.002105. Patience Count: 2.
Epoch: 330. Train Loss: 0.005784. Patience Count: 3.
Epoch: 331. Train Loss: 0.008671. Patience Count: 4.
Epoch: 332. Train Loss: 0.017844. Patience Count: 5.
Epoch: 333. Train Loss: 0.002849. Patience Count: 6.
Epoch: 334. Train Loss: 0.052185. Patience Count: 7.
Epoch: 335. Train Loss: 0.006518. Patience Count: 8.
Epoch: 336. Train Loss: 0.006863. Patience Count: 9.
Epoch: 337. Train Loss: 0.005891. Patience Count: 10.
Epoch: 338. Train Loss: 0.001052. Patience Count: 11.
Epoch: 339. Train Loss: 0.005505. Patience Count: 12.
Epoch: 340. Train Loss: 0.002668. Patience Count: 13.
Epoch: 341. Train Loss: 0.002505. Patience Count: 14.
Epoch: 342. Train Loss: 0.003772. Patience Count: 15.
Epoch: 343. Train Loss: 0.001257. Patience Count: 16.
Epoch: 344. Train Loss: 0.002480. Patience Count: 17.
Epoch: 345. Train Loss: 0.001063. Patience Count: 18.
Epoch: 346. Train Loss: 0.001507. Patience Count: 19.
Epoch: 347. Train Loss: 0.001513. Patience Count: 20.
Epoch: 348. Train Loss: 0.005969. Patience Count: 21.
Epoch: 349. Train Loss: 0.000994. Patience Count: 22.
Epoch: 350. Train Loss: 0.001940. Patience Count: 23.
Epoch: 351. Train Loss: 0.002366. Patience Count: 24.
Epoch: 352. Train Loss: 0.000850. best-save Patience Count: 0.
Epoch: 353. Train Loss: 0.002030. Patience Count: 1.
Epoch: 354. Train Loss: 0.000812. best-save Patience Count: 0.
Epoch: 355. Train Loss: 0.000620. best-save Patience Count: 0.
Epoch: 356. Train Loss: 0.004877. Patience Count: 1.
Epoch: 357. Train Loss: 0.004036. Patience Count: 2.
Epoch: 358. Train Loss: 0.021367. Patience Count: 3.
Epoch: 359. Train Loss: 0.028175. Patience Count: 4.
Epoch: 360. Train Loss: 0.011968. Patience Count: 5.
Epoch: 361. Train Loss: 0.001748. Patience Count: 6.
Epoch: 362. Train Loss: 0.002149. Patience Count: 7.
Epoch: 363. Train Loss: 0.001819. Patience Count: 8.
Epoch: 364. Train Loss: 0.010334. Patience Count: 9.
Epoch: 365. Train Loss: 0.002230. Patience Count: 10.
Epoch: 366. Train Loss: 0.002153. Patience Count: 11.
Epoch: 367. Train Loss: 0.001023. Patience Count: 12.
Epoch: 368. Train Loss: 0.001999. Patience Count: 13.
Epoch: 369. Train Loss: 0.002214. Patience Count: 14.
Epoch: 370. Train Loss: 0.002009. Patience Count: 15.
Epoch: 371. Train Loss: 0.001121. Patience Count: 16.
Epoch: 372. Train Loss: 0.003634. Patience Count: 17.
Epoch: 373. Train Loss: 0.001736. Patience Count: 18.
Epoch: 374. Train Loss: 0.010488. Patience Count: 19.
Epoch: 375. Train Loss: 0.003279. Patience Count: 20.
Epoch: 376. Train Loss: 0.001137. Patience Count: 21.
Epoch: 377. Train Loss: 0.005563. Patience Count: 22.
Epoch: 378. Train Loss: 0.002354. Patience Count: 23.
Epoch: 379. Train Loss: 0.003798. Patience Count: 24.
Epoch: 380. Train Loss: 0.000780. Patience Count: 25.
Epoch: 381. Train Loss: 0.001913. Patience Count: 26.
Epoch: 382. Train Loss: 0.009852. Patience Count: 27.
Epoch: 383. Train Loss: 0.003431. Patience Count: 28.
Epoch: 384. Train Loss: 0.001821. Patience Count: 29.
Epoch: 385. Train Loss: 0.018278. Patience Count: 30.
Epoch: 386. Train Loss: 0.001492. Patience Count: 31.
Epoch: 387. Train Loss: 0.006145. Patience Count: 32.
Epoch: 388. Train Loss: 0.001120. Patience Count: 33.
Epoch: 389. Train Loss: 0.004109. Patience Count: 34.
Epoch: 390. Train Loss: 0.000659. Patience Count: 35.
Epoch: 391. Train Loss: 0.001517. Patience Count: 36.
Epoch: 392. Train Loss: 0.000966. Patience Count: 37.
Epoch: 393. Train Loss: 0.001215. Patience Count: 38.
Epoch: 394. Train Loss: 0.010591. Patience Count: 39.
Epoch: 395. Train Loss: 0.005131. Patience Count: 40.
Epoch: 396. Train Loss: 0.002794. Patience Count: 41.
Epoch: 397. Train Loss: 0.001621. Patience Count: 42.
Epoch: 398. Train Loss: 0.004351. Patience Count: 43.
Epoch: 399. Train Loss: 0.002164. Patience Count: 44.
Epoch: 400. Train Loss: 0.030324. Patience Count: 45.
Epoch: 401. Train Loss: 0.000458. best-save Patience Count: 0.
Epoch: 402. Train Loss: 0.002807. Patience Count: 1.
Epoch: 403. Train Loss: 0.002882. Patience Count: 2.
Epoch: 404. Train Loss: 0.001381. Patience Count: 3.
Epoch: 405. Train Loss: 0.001429. Patience Count: 4.
Epoch: 406. Train Loss: 0.001367. Patience Count: 5.
Epoch: 407. Train Loss: 0.001014. Patience Count: 6.
Epoch: 408. Train Loss: 0.002254. Patience Count: 7.
Epoch: 409. Train Loss: 0.000656. Patience Count: 8.
Epoch: 410. Train Loss: 0.001453. Patience Count: 9.
Epoch: 411. Train Loss: 0.001003. Patience Count: 10.
Epoch: 412. Train Loss: 0.001290. Patience Count: 11.
Epoch: 413. Train Loss: 0.000536. Patience Count: 12.
Epoch: 414. Train Loss: 0.000969. Patience Count: 13.
Epoch: 415. Train Loss: 0.000881. Patience Count: 14.
Epoch: 416. Train Loss: 0.001093. Patience Count: 15.
Epoch: 417. Train Loss: 0.001246. Patience Count: 16.
Epoch: 418. Train Loss: 0.001234. Patience Count: 17.
Epoch: 419. Train Loss: 0.001283. Patience Count: 18.
Epoch: 420. Train Loss: 0.000326. best-save Patience Count: 0.
Epoch: 421. Train Loss: 0.002905. Patience Count: 1.
Epoch: 422. Train Loss: 0.000455. Patience Count: 2.
Epoch: 423. Train Loss: 0.001070. Patience Count: 3.
Epoch: 424. Train Loss: 0.000570. Patience Count: 4.
Epoch: 425. Train Loss: 0.002161. Patience Count: 5.
Epoch: 426. Train Loss: 0.000286. best-save Patience Count: 0.
Epoch: 427. Train Loss: 0.001752. Patience Count: 1.
Epoch: 428. Train Loss: 0.003797. Patience Count: 2.
Epoch: 429. Train Loss: 0.000957. Patience Count: 3.
Epoch: 430. Train Loss: 0.001084. Patience Count: 4.
Epoch: 431. Train Loss: 0.012848. Patience Count: 5.
Epoch: 432. Train Loss: 0.001662. Patience Count: 6.
Epoch: 433. Train Loss: 0.000492. Patience Count: 7.
Epoch: 434. Train Loss: 0.002501. Patience Count: 8.
Epoch: 435. Train Loss: 0.000541. Patience Count: 9.
Epoch: 436. Train Loss: 0.006576. Patience Count: 10.
Epoch: 437. Train Loss: 0.000257. best-save Patience Count: 0.
Epoch: 438. Train Loss: 0.001997. Patience Count: 1.
Epoch: 439. Train Loss: 0.001991. Patience Count: 2.
Epoch: 440. Train Loss: 0.001995. Patience Count: 3.
Epoch: 441. Train Loss: 0.000467. Patience Count: 4.
Epoch: 442. Train Loss: 0.005746. Patience Count: 5.
Epoch: 443. Train Loss: 0.003098. Patience Count: 6.
Epoch: 444. Train Loss: 0.000560. Patience Count: 7.
Epoch: 445. Train Loss: 0.000778. Patience Count: 8.
Epoch: 446. Train Loss: 0.005345. Patience Count: 9.
Epoch: 447. Train Loss: 0.000429. Patience Count: 10.
Epoch: 448. Train Loss: 0.012140. Patience Count: 11.
Epoch: 449. Train Loss: 0.001195. Patience Count: 12.
Epoch: 450. Train Loss: 0.000733. Patience Count: 13.
Epoch: 451. Train Loss: 0.004173. Patience Count: 14.
Epoch: 452. Train Loss: 0.009522. Patience Count: 15.
Epoch: 453. Train Loss: 0.005185. Patience Count: 16.
Epoch: 454. Train Loss: 0.001672. Patience Count: 17.
Epoch: 455. Train Loss: 0.000949. Patience Count: 18.
Epoch: 456. Train Loss: 0.000650. Patience Count: 19.
Epoch: 457. Train Loss: 0.000644. Patience Count: 20.
Epoch: 458. Train Loss: 0.002393. Patience Count: 21.
Epoch: 459. Train Loss: 0.005350. Patience Count: 22.
Epoch: 460. Train Loss: 0.001201. Patience Count: 23.
Epoch: 461. Train Loss: 0.000281. Patience Count: 24.
Epoch: 462. Train Loss: 0.005316. Patience Count: 25.
Epoch: 463. Train Loss: 0.006382. Patience Count: 26.
Epoch: 464. Train Loss: 0.000773. Patience Count: 27.
Epoch: 465. Train Loss: 0.000631. Patience Count: 28.
Epoch: 466. Train Loss: 0.000420. Patience Count: 29.
Epoch: 467. Train Loss: 0.009171. Patience Count: 30.
Epoch: 468. Train Loss: 0.001207. Patience Count: 31.
Epoch: 469. Train Loss: 0.001248. Patience Count: 32.
Epoch: 470. Train Loss: 0.000494. Patience Count: 33.
Epoch: 471. Train Loss: 0.003114. Patience Count: 34.
Epoch: 472. Train Loss: 0.000384. Patience Count: 35.
Epoch: 473. Train Loss: 0.001448. Patience Count: 36.
Epoch: 474. Train Loss: 0.000444. Patience Count: 37.
Epoch: 475. Train Loss: 0.001128. Patience Count: 38.
Epoch: 476. Train Loss: 0.026988. Patience Count: 39.
Epoch: 477. Train Loss: 0.000404. Patience Count: 40.
Epoch: 478. Train Loss: 0.000464. Patience Count: 41.
Epoch: 479. Train Loss: 0.000943. Patience Count: 42.
Epoch: 480. Train Loss: 0.000473. Patience Count: 43.
Epoch: 481. Train Loss: 0.001104. Patience Count: 44.
Epoch: 482. Train Loss: 0.000814. Patience Count: 45.
Epoch: 483. Train Loss: 0.001105. Patience Count: 46.
Epoch: 484. Train Loss: 0.001839. Patience Count: 47.
Epoch: 485. Train Loss: 0.003042. Patience Count: 48.
Epoch: 486. Train Loss: 0.001076. Patience Count: 49.
Epoch: 487. Train Loss: 0.002350. Patience Count: 50.
Epoch: 488. Train Loss: 0.000619. Patience Count: 51.Stop Early, patience has been running out.
dist.destroy_process_group()
dist.destroy_process_group()
