| distributed init (rank 0): env://, gpu 0
| distributed init (rank 1): env://, gpu 1
world_size: 2, gpu: 0
Using 8 dataloader workers every process
Epoch: 1. Train Loss: 316.651925. best-save Patience Count: 0.
Epoch: 2. Train Loss: 278.029448. best-save Patience Count: 0.
Epoch: 3. Train Loss: 262.781337. best-save Patience Count: 0.
Epoch: 4. Train Loss: 256.537535. best-save Patience Count: 0.
Epoch: 5. Train Loss: 249.291804. best-save Patience Count: 0.
Epoch: 6. Train Loss: 240.352160. best-save Patience Count: 0.
Epoch: 7. Train Loss: 236.601877. best-save Patience Count: 0.
Epoch: 8. Train Loss: 229.658378. best-save Patience Count: 0.
Epoch: 9. Train Loss: 224.592175. best-save Patience Count: 0.
Epoch: 10. Train Loss: 216.742610. best-save Patience Count: 0.
Epoch: 11. Train Loss: 212.997368. best-save Patience Count: 0.
Epoch: 12. Train Loss: 208.142009. best-save Patience Count: 0.
Epoch: 13. Train Loss: 202.105501. best-save Patience Count: 0.
Epoch: 14. Train Loss: 193.384807. best-save Patience Count: 0.
Epoch: 15. Train Loss: 184.806720. best-save Patience Count: 0.
Epoch: 16. Train Loss: 176.979253. best-save Patience Count: 0.
Epoch: 17. Train Loss: 166.786468. best-save Patience Count: 0.
Epoch: 18. Train Loss: 162.280384. best-save Patience Count: 0.
Epoch: 19. Train Loss: 157.666393. best-save Patience Count: 0.
Epoch: 20. Train Loss: 143.863668. best-save Patience Count: 0.
Epoch: 21. Train Loss: 136.082074. best-save Patience Count: 0.
Epoch: 22. Train Loss: 129.560797. best-save Patience Count: 0.
Epoch: 23. Train Loss: 122.874401. best-save Patience Count: 0.
Epoch: 24. Train Loss: 115.882626. best-save Patience Count: 0.
Epoch: 25. Train Loss: 108.848333. best-save Patience Count: 0.
Epoch: 26. Train Loss: 103.958921. best-save Patience Count: 0.
Epoch: 27. Train Loss: 96.650381. best-save Patience Count: 0.
Epoch: 28. Train Loss: 90.141018. best-save Patience Count: 0.
Epoch: 29. Train Loss: 86.564301. best-save Patience Count: 0.
Epoch: 30. Train Loss: 81.725702. best-save Patience Count: 0.
Epoch: 31. Train Loss: 79.264975. best-save Patience Count: 0.
Epoch: 32. Train Loss: 74.763964. best-save Patience Count: 0.
Epoch: 33. Train Loss: 69.886615. best-save Patience Count: 0.
Epoch: 34. Train Loss: 68.898251. best-save Patience Count: 0.
Epoch: 35. Train Loss: 63.073358. best-save Patience Count: 0.
Epoch: 36. Train Loss: 61.659070. best-save Patience Count: 0.
Epoch: 37. Train Loss: 58.101087. best-save Patience Count: 0.
Epoch: 38. Train Loss: 53.987372. best-save Patience Count: 0.
Epoch: 39. Train Loss: 52.840484. best-save Patience Count: 0.
Epoch: 40. Train Loss: 49.738173. best-save Patience Count: 0.
Epoch: 41. Train Loss: 45.765336. best-save Patience Count: 0.
Epoch: 42. Train Loss: 44.010105. best-save Patience Count: 0.
Epoch: 43. Train Loss: 43.732071. best-save Patience Count: 0.
Epoch: 44. Train Loss: 45.255587. Patience Count: 1.
Epoch: 45. Train Loss: 42.057249. best-save Patience Count: 0.
Epoch: 46. Train Loss: 43.251664. Patience Count: 1.
Epoch: 47. Train Loss: 40.310023. best-save Patience Count: 0.
Epoch: 48. Train Loss: 35.160340. best-save Patience Count: 0.
Epoch: 49. Train Loss: 37.020503. Patience Count: 1.
Epoch: 50. Train Loss: 36.810116. Patience Count: 2.
Epoch: 51. Train Loss: 22.808267. best-save Patience Count: 0.
Epoch: 52. Train Loss: 17.282574. best-save Patience Count: 0.
Epoch: 53. Train Loss: 15.116667. best-save Patience Count: 0.
Epoch: 54. Train Loss: 14.992988. best-save Patience Count: 0.
Epoch: 55. Train Loss: 16.419285. Patience Count: 1.
Epoch: 56. Train Loss: 14.075836. best-save Patience Count: 0.
Epoch: 57. Train Loss: 13.675714. best-save Patience Count: 0.
Epoch: 58. Train Loss: 11.397215. best-save Patience Count: 0.
Epoch: 59. Train Loss: 12.662961. Patience Count: 1.
Epoch: 60. Train Loss: 11.698534. Patience Count: 2.
Epoch: 61. Train Loss: 11.068630. best-save Patience Count: 0.
Epoch: 62. Train Loss: 10.398763. best-save Patience Count: 0.
Epoch: 63. Train Loss: 12.271084. Patience Count: 1.
Epoch: 64. Train Loss: 11.016485. Patience Count: 2.
Epoch: 65. Train Loss: 12.193421. Patience Count: 3.
Epoch: 66. Train Loss: 11.382706. Patience Count: 4.
Epoch: 67. Train Loss: 11.260270. Patience Count: 5.
Epoch: 68. Train Loss: 9.221361. best-save Patience Count: 0.
Epoch: 69. Train Loss: 9.886576. Patience Count: 1.
Epoch: 70. Train Loss: 11.386925. Patience Count: 2.
Epoch: 71. Train Loss: 11.405533. Patience Count: 3.
Epoch: 72. Train Loss: 12.273924. Patience Count: 4.
Epoch: 73. Train Loss: 9.572508. Patience Count: 5.
Epoch: 74. Train Loss: 8.794951. best-save Patience Count: 0.
Epoch: 75. Train Loss: 11.726136. Patience Count: 1.
Epoch: 76. Train Loss: 8.314887. best-save Patience Count: 0.
Epoch: 77. Train Loss: 11.027865. Patience Count: 1.
Epoch: 78. Train Loss: 9.143855. Patience Count: 2.
Epoch: 79. Train Loss: 8.889980. Patience Count: 3.
Epoch: 80. Train Loss: 10.328393. Patience Count: 4.
Epoch: 81. Train Loss: 10.540330. Patience Count: 5.
Epoch: 82. Train Loss: 9.340230. Patience Count: 6.
Epoch: 83. Train Loss: 7.846457. best-save Patience Count: 0.
Epoch: 84. Train Loss: 9.332391. Patience Count: 1.
Epoch: 85. Train Loss: 8.800661. Patience Count: 2.
Epoch: 86. Train Loss: 10.246018. Patience Count: 3.
Epoch: 87. Train Loss: 8.692450. Patience Count: 4.
Epoch: 88. Train Loss: 6.622003. best-save Patience Count: 0.
Epoch: 89. Train Loss: 7.419006. Patience Count: 1.
Epoch: 90. Train Loss: 7.685063. Patience Count: 2.
Epoch: 91. Train Loss: 7.671694. Patience Count: 3.
Epoch: 92. Train Loss: 7.061772. Patience Count: 4.
Epoch: 93. Train Loss: 7.280005. Patience Count: 5.
Epoch: 94. Train Loss: 8.989405. Patience Count: 6.
Epoch: 95. Train Loss: 9.103883. Patience Count: 7.
Epoch: 96. Train Loss: 7.376147. Patience Count: 8.
Epoch: 97. Train Loss: 6.935895. Patience Count: 9.
Epoch: 98. Train Loss: 7.536371. Patience Count: 10.
Epoch: 99. Train Loss: 10.328964. Patience Count: 11.
Epoch: 100. Train Loss: 7.464050. Patience Count: 12.
Epoch: 101. Train Loss: 3.811097. best-save Patience Count: 0.
Epoch: 102. Train Loss: 2.685932. best-save Patience Count: 0.
Epoch: 103. Train Loss: 2.331397. best-save Patience Count: 0.
Epoch: 104. Train Loss: 1.899473. best-save Patience Count: 0.
Epoch: 105. Train Loss: 1.868204. best-save Patience Count: 0.
Epoch: 106. Train Loss: 1.880432. Patience Count: 1.
Epoch: 107. Train Loss: 1.792036. best-save Patience Count: 0.
Epoch: 108. Train Loss: 1.483262. best-save Patience Count: 0.
Epoch: 109. Train Loss: 1.801441. Patience Count: 1.
Epoch: 110. Train Loss: 1.854458. Patience Count: 2.
Epoch: 111. Train Loss: 1.888337. Patience Count: 3.
Epoch: 112. Train Loss: 2.308268. Patience Count: 4.
Epoch: 113. Train Loss: 1.944885. Patience Count: 5.
Epoch: 114. Train Loss: 2.310775. Patience Count: 6.
Epoch: 115. Train Loss: 2.542201. Patience Count: 7.
Epoch: 116. Train Loss: 1.983176. Patience Count: 8.
Epoch: 117. Train Loss: 1.753835. Patience Count: 9.
Epoch: 118. Train Loss: 2.240009. Patience Count: 10.
Epoch: 119. Train Loss: 1.589118. Patience Count: 11.
Epoch: 120. Train Loss: 1.830388. Patience Count: 12.
Epoch: 121. Train Loss: 2.674312. Patience Count: 13.
Epoch: 122. Train Loss: 2.739011. Patience Count: 14.
Epoch: 123. Train Loss: 2.627498. Patience Count: 15.
Epoch: 124. Train Loss: 2.825529. Patience Count: 16.
Epoch: 125. Train Loss: 3.054025. Patience Count: 17.
Epoch: 126. Train Loss: 2.988157. Patience Count: 18.
Epoch: 127. Train Loss: 1.874093. Patience Count: 19.
Epoch: 128. Train Loss: 2.060740. Patience Count: 20.
Epoch: 129. Train Loss: 1.869056. Patience Count: 21.
Epoch: 130. Train Loss: 2.016492. Patience Count: 22.
Epoch: 131. Train Loss: 2.984935. Patience Count: 23.
Epoch: 132. Train Loss: 2.819772. Patience Count: 24.
Epoch: 133. Train Loss: 1.749125. Patience Count: 25.
Epoch: 134. Train Loss: 2.757757. Patience Count: 26.
Epoch: 135. Train Loss: 3.162658. Patience Count: 27.
Epoch: 136. Train Loss: 2.813696. Patience Count: 28.
Epoch: 137. Train Loss: 3.337245. Patience Count: 29.
Epoch: 138. Train Loss: 2.437891. Patience Count: 30.
Epoch: 139. Train Loss: 2.544064. Patience Count: 31.
Epoch: 140. Train Loss: 2.031090. Patience Count: 32.
Epoch: 141. Train Loss: 2.335966. Patience Count: 33.
Epoch: 142. Train Loss: 2.009111. Patience Count: 34.
Epoch: 143. Train Loss: 1.362349. best-save Patience Count: 0.
Epoch: 144. Train Loss: 1.414163. Patience Count: 1.
Epoch: 145. Train Loss: 1.942155. Patience Count: 2.
Epoch: 146. Train Loss: 2.119927. Patience Count: 3.
Epoch: 147. Train Loss: 2.440787. Patience Count: 4.
Epoch: 148. Train Loss: 2.101004. Patience Count: 5.
Epoch: 149. Train Loss: 2.371107. Patience Count: 6.
Epoch: 150. Train Loss: 3.988033. Patience Count: 7.
Epoch: 151. Train Loss: 2.259261. Patience Count: 8.
Epoch: 152. Train Loss: 1.136393. best-save Patience Count: 0.
Epoch: 153. Train Loss: 0.885409. best-save Patience Count: 0.
Epoch: 154. Train Loss: 0.828309. best-save Patience Count: 0.
Epoch: 155. Train Loss: 0.624747. best-save Patience Count: 0.
Epoch: 156. Train Loss: 0.838286. Patience Count: 1.
Epoch: 157. Train Loss: 0.849691. Patience Count: 2.
Epoch: 158. Train Loss: 0.961677. Patience Count: 3.
Epoch: 159. Train Loss: 0.998138. Patience Count: 4.
Epoch: 160. Train Loss: 0.757573. Patience Count: 5.
Epoch: 161. Train Loss: 0.761991. Patience Count: 6.
Epoch: 162. Train Loss: 0.629595. Patience Count: 7.
Epoch: 163. Train Loss: 0.450745. best-save Patience Count: 0.
Epoch: 164. Train Loss: 0.552741. Patience Count: 1.
Epoch: 165. Train Loss: 0.844419. Patience Count: 2.
Epoch: 166. Train Loss: 0.691075. Patience Count: 3.
Epoch: 167. Train Loss: 0.700022. Patience Count: 4.
Epoch: 168. Train Loss: 0.666309. Patience Count: 5.
Epoch: 169. Train Loss: 0.621233. Patience Count: 6.
Epoch: 170. Train Loss: 0.422251. best-save Patience Count: 0.
Epoch: 171. Train Loss: 0.520845. Patience Count: 1.
Epoch: 172. Train Loss: 0.608815. Patience Count: 2.
Epoch: 173. Train Loss: 1.103029. Patience Count: 3.
Epoch: 174. Train Loss: 0.833349. Patience Count: 4.
Epoch: 175. Train Loss: 0.722086. Patience Count: 5.
Epoch: 176. Train Loss: 0.873844. Patience Count: 6.
Epoch: 177. Train Loss: 0.664593. Patience Count: 7.
Epoch: 178. Train Loss: 0.609984. Patience Count: 8.
Epoch: 179. Train Loss: 0.474491. Patience Count: 9.
Epoch: 180. Train Loss: 0.444955. Patience Count: 10.
Epoch: 181. Train Loss: 0.503650. Patience Count: 11.
Epoch: 182. Train Loss: 0.530037. Patience Count: 12.
Epoch: 183. Train Loss: 0.751107. Patience Count: 13.
Epoch: 184. Train Loss: 1.374392. Patience Count: 14.
Epoch: 185. Train Loss: 0.930203. Patience Count: 15.
Epoch: 186. Train Loss: 0.684129. Patience Count: 16.
Epoch: 187. Train Loss: 0.785378. Patience Count: 17.
Epoch: 188. Train Loss: 0.788278. Patience Count: 18.
Epoch: 189. Train Loss: 1.269696. Patience Count: 19.
Epoch: 190. Train Loss: 0.932171. Patience Count: 20.
Epoch: 191. Train Loss: 1.104047. Patience Count: 21.
Epoch: 192. Train Loss: 0.503289. Patience Count: 22.
Epoch: 193. Train Loss: 1.163356. Patience Count: 23.
Epoch: 194. Train Loss: 0.435174. Patience Count: 24.
Epoch: 195. Train Loss: 0.966550. Patience Count: 25.
Epoch: 196. Train Loss: 0.775520. Patience Count: 26.
Epoch: 197. Train Loss: 0.366768. best-save Patience Count: 0.
Epoch: 198. Train Loss: 0.481901. Patience Count: 1.
Epoch: 199. Train Loss: 0.388505. Patience Count: 2.
Epoch: 200. Train Loss: 0.772300. Patience Count: 3.
Epoch: 201. Train Loss: 0.507823. Patience Count: 4.
Epoch: 202. Train Loss: 0.276836. best-save Patience Count: 0.
Epoch: 203. Train Loss: 0.238590. best-save Patience Count: 0.
Epoch: 204. Train Loss: 0.277912. Patience Count: 1.
Epoch: 205. Train Loss: 0.371539. Patience Count: 2.
Epoch: 206. Train Loss: 0.394683. Patience Count: 3.
Epoch: 207. Train Loss: 0.530337. Patience Count: 4.
Epoch: 208. Train Loss: 0.138435. best-save Patience Count: 0.
Epoch: 209. Train Loss: 0.387382. Patience Count: 1.
Epoch: 210. Train Loss: 0.192128. Patience Count: 2.
Epoch: 211. Train Loss: 0.317010. Patience Count: 3.
Epoch: 212. Train Loss: 0.304595. Patience Count: 4.
Epoch: 213. Train Loss: 0.196449. Patience Count: 5.
Epoch: 214. Train Loss: 0.113835. best-save Patience Count: 0.
Epoch: 215. Train Loss: 0.148938. Patience Count: 1.
Epoch: 216. Train Loss: 0.252242. Patience Count: 2.
Epoch: 217. Train Loss: 0.203470. Patience Count: 3.
Epoch: 218. Train Loss: 0.425426. Patience Count: 4.
Epoch: 219. Train Loss: 0.230591. Patience Count: 5.
Epoch: 220. Train Loss: 0.149989. Patience Count: 6.
Epoch: 221. Train Loss: 0.224640. Patience Count: 7.
Epoch: 222. Train Loss: 0.178507. Patience Count: 8.
Epoch: 223. Train Loss: 0.392121. Patience Count: 9.
Epoch: 224. Train Loss: 0.206697. Patience Count: 10.
Epoch: 225. Train Loss: 0.324628. Patience Count: 11.
Epoch: 226. Train Loss: 0.370352. Patience Count: 12.
Epoch: 227. Train Loss: 0.182588. Patience Count: 13.
Epoch: 228. Train Loss: 0.388163. Patience Count: 14.
Epoch: 229. Train Loss: 0.281612. Patience Count: 15.
Epoch: 230. Train Loss: 0.199628. Patience Count: 16.
Epoch: 231. Train Loss: 0.240880. Patience Count: 17.
Epoch: 232. Train Loss: 0.227745. Patience Count: 18.
Epoch: 233. Train Loss: 0.241522. Patience Count: 19.
Epoch: 234. Train Loss: 0.196598. Patience Count: 20.
Epoch: 235. Train Loss: 0.364958. Patience Count: 21.
Epoch: 236. Train Loss: 0.101554. best-save Patience Count: 0.
Epoch: 237. Train Loss: 0.149429. Patience Count: 1.
Epoch: 238. Train Loss: 0.352087. Patience Count: 2.
Epoch: 239. Train Loss: 0.376163. Patience Count: 3.
Epoch: 240. Train Loss: 0.514588. Patience Count: 4.
Epoch: 241. Train Loss: 0.423988. Patience Count: 5.
Epoch: 242. Train Loss: 0.344740. Patience Count: 6.
Epoch: 243. Train Loss: 0.271339. Patience Count: 7.
Epoch: 244. Train Loss: 0.315486. Patience Count: 8.
Epoch: 245. Train Loss: 0.250460. Patience Count: 9.
Epoch: 246. Train Loss: 0.490705. Patience Count: 10.
Epoch: 247. Train Loss: 0.396095. Patience Count: 11.
Epoch: 248. Train Loss: 0.271247. Patience Count: 12.
Epoch: 249. Train Loss: 0.286728. Patience Count: 13.
Epoch: 250. Train Loss: 0.190456. Patience Count: 14.
Epoch: 251. Train Loss: 0.160566. Patience Count: 15.
Epoch: 252. Train Loss: 0.084117. best-save Patience Count: 0.
Epoch: 253. Train Loss: 0.166343. Patience Count: 1.
Epoch: 254. Train Loss: 0.185942. Patience Count: 2.
Epoch: 255. Train Loss: 0.142007. Patience Count: 3.
Epoch: 256. Train Loss: 0.291031. Patience Count: 4.
Epoch: 257. Train Loss: 0.277256. Patience Count: 5.
Epoch: 258. Train Loss: 0.174607. Patience Count: 6.
Epoch: 259. Train Loss: 0.142043. Patience Count: 7.
Epoch: 260. Train Loss: 0.106093. Patience Count: 8.
Epoch: 261. Train Loss: 0.148810. Patience Count: 9.
Epoch: 262. Train Loss: 0.170835. Patience Count: 10.
Epoch: 263. Train Loss: 0.208406. Patience Count: 11.
Epoch: 264. Train Loss: 0.138672. Patience Count: 12.
Epoch: 265. Train Loss: 0.106380. Patience Count: 13.
Epoch: 266. Train Loss: 0.135035. Patience Count: 14.
Epoch: 267. Train Loss: 0.133043. Patience Count: 15.
Epoch: 268. Train Loss: 0.073259. best-save Patience Count: 0.
Epoch: 269. Train Loss: 0.135763. Patience Count: 1.
Epoch: 270. Train Loss: 0.179459. Patience Count: 2.
Epoch: 271. Train Loss: 0.331468. Patience Count: 3.
Epoch: 272. Train Loss: 0.173770. Patience Count: 4.
Epoch: 273. Train Loss: 0.147779. Patience Count: 5.
Epoch: 274. Train Loss: 0.101660. Patience Count: 6.
Epoch: 275. Train Loss: 0.078864. Patience Count: 7.
Epoch: 276. Train Loss: 0.133084. Patience Count: 8.
Epoch: 277. Train Loss: 0.137272. Patience Count: 9.
Epoch: 278. Train Loss: 0.253513. Patience Count: 10.
Epoch: 279. Train Loss: 0.150486. Patience Count: 11.
Epoch: 280. Train Loss: 0.203059. Patience Count: 12.
Epoch: 281. Train Loss: 0.034613. best-save Patience Count: 0.
Epoch: 282. Train Loss: 0.196153. Patience Count: 1.
Epoch: 283. Train Loss: 0.220753. Patience Count: 2.
Epoch: 284. Train Loss: 0.161118. Patience Count: 3.
Epoch: 285. Train Loss: 0.137491. Patience Count: 4.
Epoch: 286. Train Loss: 0.131506. Patience Count: 5.
Epoch: 287. Train Loss: 0.119805. Patience Count: 6.
Epoch: 288. Train Loss: 0.137769. Patience Count: 7.
Epoch: 289. Train Loss: 0.099453. Patience Count: 8.
Epoch: 290. Train Loss: 0.104688. Patience Count: 9.
Epoch: 291. Train Loss: 0.117279. Patience Count: 10.
Epoch: 292. Train Loss: 0.167248. Patience Count: 11.
Epoch: 293. Train Loss: 0.162257. Patience Count: 12.
Epoch: 294. Train Loss: 0.158465. Patience Count: 13.
Epoch: 295. Train Loss: 0.287119. Patience Count: 14.
Epoch: 296. Train Loss: 0.092943. Patience Count: 15.
Epoch: 297. Train Loss: 0.213449. Patience Count: 16.
Epoch: 298. Train Loss: 0.158966. Patience Count: 17.
Epoch: 299. Train Loss: 0.120680. Patience Count: 18.
Epoch: 300. Train Loss: 0.114718. Patience Count: 19.
Epoch: 301. Train Loss: 0.121176. Patience Count: 20.
Epoch: 302. Train Loss: 0.146126. Patience Count: 21.
Epoch: 303. Train Loss: 0.167716. Patience Count: 22.
Epoch: 304. Train Loss: 0.113489. Patience Count: 23.
Epoch: 305. Train Loss: 0.154779. Patience Count: 24.
Epoch: 306. Train Loss: 0.079123. Patience Count: 25.
Epoch: 307. Train Loss: 0.147929. Patience Count: 26.
Epoch: 308. Train Loss: 0.059804. Patience Count: 27.
Epoch: 309. Train Loss: 0.095994. Patience Count: 28.
Epoch: 310. Train Loss: 0.245516. Patience Count: 29.
Epoch: 311. Train Loss: 0.075447. Patience Count: 30.
Epoch: 312. Train Loss: 0.125861. Patience Count: 31.
Epoch: 313. Train Loss: 0.045062. Patience Count: 32.
Epoch: 314. Train Loss: 0.108301. Patience Count: 33.
Epoch: 315. Train Loss: 0.058065. Patience Count: 34.
Epoch: 316. Train Loss: 0.072274. Patience Count: 35.
Epoch: 317. Train Loss: 0.080936. Patience Count: 36.
Epoch: 318. Train Loss: 0.059501. Patience Count: 37.
Epoch: 319. Train Loss: 0.054325. Patience Count: 38.
Epoch: 320. Train Loss: 0.061913. Patience Count: 39.
Epoch: 321. Train Loss: 0.102656. Patience Count: 40.
Epoch: 322. Train Loss: 0.030498. best-save Patience Count: 0.
Epoch: 323. Train Loss: 0.072381. Patience Count: 1.
Epoch: 324. Train Loss: 0.119225. Patience Count: 2.
Epoch: 325. Train Loss: 0.098016. Patience Count: 3.
Epoch: 326. Train Loss: 0.081001. Patience Count: 4.
Epoch: 327. Train Loss: 0.075586. Patience Count: 5.
Epoch: 328. Train Loss: 0.032380. Patience Count: 6.
Epoch: 329. Train Loss: 0.036151. Patience Count: 7.
Epoch: 330. Train Loss: 0.090299. Patience Count: 8.
Epoch: 331. Train Loss: 0.084045. Patience Count: 9.
Epoch: 332. Train Loss: 0.042772. Patience Count: 10.
Epoch: 333. Train Loss: 0.101391. Patience Count: 11.
Epoch: 334. Train Loss: 0.133926. Patience Count: 12.
Epoch: 335. Train Loss: 0.187515. Patience Count: 13.
Epoch: 336. Train Loss: 0.099751. Patience Count: 14.
Epoch: 337. Train Loss: 0.092196. Patience Count: 15.
Epoch: 338. Train Loss: 0.121301. Patience Count: 16.
Epoch: 339. Train Loss: 0.043840. Patience Count: 17.
Epoch: 340. Train Loss: 0.115506. Patience Count: 18.
Epoch: 341. Train Loss: 0.086826. Patience Count: 19.
Epoch: 342. Train Loss: 0.092224. Patience Count: 20.
Epoch: 343. Train Loss: 0.074796. Patience Count: 21.
Epoch: 344. Train Loss: 0.154356. Patience Count: 22.
Epoch: 345. Train Loss: 0.126600. Patience Count: 23.
Epoch: 346. Train Loss: 0.169562. Patience Count: 24.
Epoch: 347. Train Loss: 0.074027. Patience Count: 25.
Epoch: 348. Train Loss: 0.044088. Patience Count: 26.
Epoch: 349. Train Loss: 0.191622. Patience Count: 27.
Epoch: 350. Train Loss: 0.148805. Patience Count: 28.
Epoch: 351. Train Loss: 0.053859. Patience Count: 29.
Epoch: 352. Train Loss: 0.039705. Patience Count: 30.
Epoch: 353. Train Loss: 0.061783. Patience Count: 31.
Epoch: 354. Train Loss: 0.046981. Patience Count: 32.
Epoch: 355. Train Loss: 0.047938. Patience Count: 33.
Epoch: 356. Train Loss: 0.036748. Patience Count: 34.
Epoch: 357. Train Loss: 0.133020. Patience Count: 35.
Epoch: 358. Train Loss: 0.122010. Patience Count: 36.
Epoch: 359. Train Loss: 0.029749. best-save Patience Count: 0.
Epoch: 360. Train Loss: 0.088134. Patience Count: 1.
Epoch: 361. Train Loss: 0.025457. best-save Patience Count: 0.
Epoch: 362. Train Loss: 0.099907. Patience Count: 1.
Epoch: 363. Train Loss: 0.111414. Patience Count: 2.
Epoch: 364. Train Loss: 0.074249. Patience Count: 3.
Epoch: 365. Train Loss: 0.047112. Patience Count: 4.
Epoch: 366. Train Loss: 0.053743. Patience Count: 5.
Epoch: 367. Train Loss: 0.033394. Patience Count: 6.
Epoch: 368. Train Loss: 0.075622. Patience Count: 7.
Epoch: 369. Train Loss: 0.103058. Patience Count: 8.
Epoch: 370. Train Loss: 0.063764. Patience Count: 9.
Epoch: 371. Train Loss: 0.098464. Patience Count: 10.
Epoch: 372. Train Loss: 0.100686. Patience Count: 11.
Epoch: 373. Train Loss: 0.022982. best-save Patience Count: 0.
Epoch: 374. Train Loss: 0.058269. Patience Count: 1.
Epoch: 375. Train Loss: 0.053313. Patience Count: 2.
Epoch: 376. Train Loss: 0.081202. Patience Count: 3.
Epoch: 377. Train Loss: 0.043689. Patience Count: 4.
Epoch: 378. Train Loss: 0.042734. Patience Count: 5.
Epoch: 379. Train Loss: 0.046770. Patience Count: 6.
Epoch: 380. Train Loss: 0.075904. Patience Count: 7.
Epoch: 381. Train Loss: 0.115021. Patience Count: 8.
Epoch: 382. Train Loss: 0.047674. Patience Count: 9.
Epoch: 383. Train Loss: 0.118638. Patience Count: 10.
Epoch: 384. Train Loss: 0.039673. Patience Count: 11.
Epoch: 385. Train Loss: 0.076729. Patience Count: 12.
Epoch: 386. Train Loss: 0.110405. Patience Count: 13.
Epoch: 387. Train Loss: 0.041424. Patience Count: 14.
Epoch: 388. Train Loss: 0.070059. Patience Count: 15.
Epoch: 389. Train Loss: 0.064439. Patience Count: 16.
Epoch: 390. Train Loss: 0.049826. Patience Count: 17.
Epoch: 391. Train Loss: 0.050779. Patience Count: 18.
Epoch: 392. Train Loss: 0.104049. Patience Count: 19.
Epoch: 393. Train Loss: 0.083240. Patience Count: 20.
Epoch: 394. Train Loss: 0.037719. Patience Count: 21.
Epoch: 395. Train Loss: 0.072484. Patience Count: 22.
Epoch: 396. Train Loss: 0.129605. Patience Count: 23.
Epoch: 397. Train Loss: 0.024127. Patience Count: 24.
Epoch: 398. Train Loss: 0.072118. Patience Count: 25.
Epoch: 399. Train Loss: 0.095600. Patience Count: 26.
Epoch: 400. Train Loss: 0.040227. Patience Count: 27.
Epoch: 401. Train Loss: 0.084525. Patience Count: 28.
Epoch: 402. Train Loss: 0.055579. Patience Count: 29.
Epoch: 403. Train Loss: 0.047882. Patience Count: 30.
Epoch: 404. Train Loss: 0.055783. Patience Count: 31.
Epoch: 405. Train Loss: 0.121704. Patience Count: 32.
Epoch: 406. Train Loss: 0.030019. Patience Count: 33.
Epoch: 407. Train Loss: 0.020260. best-save Patience Count: 0.
Epoch: 408. Train Loss: 0.025722. Patience Count: 1.
Epoch: 409. Train Loss: 0.026661. Patience Count: 2.
Epoch: 410. Train Loss: 0.049519. Patience Count: 3.
Epoch: 411. Train Loss: 0.026301. Patience Count: 4.
Epoch: 412. Train Loss: 0.061792. Patience Count: 5.
Epoch: 413. Train Loss: 0.041044. Patience Count: 6.
Epoch: 414. Train Loss: 0.058301. Patience Count: 7.
Epoch: 415. Train Loss: 0.053685. Patience Count: 8.
Epoch: 416. Train Loss: 0.095677. Patience Count: 9.
Epoch: 417. Train Loss: 0.036251. Patience Count: 10.
Epoch: 418. Train Loss: 0.029458. Patience Count: 11.
Epoch: 419. Train Loss: 0.085773. Patience Count: 12.
Epoch: 420. Train Loss: 0.117124. Patience Count: 13.
Epoch: 421. Train Loss: 0.055220. Patience Count: 14.
Epoch: 422. Train Loss: 0.064905. Patience Count: 15.
Epoch: 423. Train Loss: 0.027908. Patience Count: 16.
Epoch: 424. Train Loss: 0.050966. Patience Count: 17.
Epoch: 425. Train Loss: 0.044222. Patience Count: 18.
Epoch: 426. Train Loss: 0.053547. Patience Count: 19.
Epoch: 427. Train Loss: 0.057793. Patience Count: 20.
Epoch: 428. Train Loss: 0.038478. Patience Count: 21.
Epoch: 429. Train Loss: 0.097071. Patience Count: 22.
Epoch: 430. Train Loss: 0.115422. Patience Count: 23.
Epoch: 431. Train Loss: 0.046185. Patience Count: 24.
Epoch: 432. Train Loss: 0.099966. Patience Count: 25.
Epoch: 433. Train Loss: 0.053467. Patience Count: 26.
Epoch: 434. Train Loss: 0.114972. Patience Count: 27.
Epoch: 435. Train Loss: 0.027210. Patience Count: 28.
Epoch: 436. Train Loss: 0.037281. Patience Count: 29.
Epoch: 437. Train Loss: 0.044174. Patience Count: 30.
Epoch: 438. Train Loss: 0.048824. Patience Count: 31.
Epoch: 439. Train Loss: 0.053341. Patience Count: 32.
Epoch: 440. Train Loss: 0.063769. Patience Count: 33.
Epoch: 441. Train Loss: 0.023120. Patience Count: 34.
Epoch: 442. Train Loss: 0.018111. best-save Patience Count: 0.
Epoch: 443. Train Loss: 0.038438. Patience Count: 1.
Epoch: 444. Train Loss: 0.023845. Patience Count: 2.
Epoch: 445. Train Loss: 0.057222. Patience Count: 3.
Epoch: 446. Train Loss: 0.067970. Patience Count: 4.
Epoch: 447. Train Loss: 0.056173. Patience Count: 5.
Epoch: 448. Train Loss: 0.065479. Patience Count: 6.
Epoch: 449. Train Loss: 0.068770. Patience Count: 7.
Epoch: 450. Train Loss: 0.046137. Patience Count: 8.
Epoch: 451. Train Loss: 0.068230. Patience Count: 9.
Epoch: 452. Train Loss: 0.026903. Patience Count: 10.
Epoch: 453. Train Loss: 0.057626. Patience Count: 11.
Epoch: 454. Train Loss: 0.030560. Patience Count: 12.
Epoch: 455. Train Loss: 0.052552. Patience Count: 13.
Epoch: 456. Train Loss: 0.021036. Patience Count: 14.
Epoch: 457. Train Loss: 0.059358. Patience Count: 15.
Epoch: 458. Train Loss: 0.036241. Patience Count: 16.
Epoch: 459. Train Loss: 0.027026. Patience Count: 17.
Epoch: 460. Train Loss: 0.021576. Patience Count: 18.
Epoch: 461. Train Loss: 0.029440. Patience Count: 19.
Epoch: 462. Train Loss: 0.062574. Patience Count: 20.
Epoch: 463. Train Loss: 0.044973. Patience Count: 21.
Epoch: 464. Train Loss: 0.076729. Patience Count: 22.
Epoch: 465. Train Loss: 0.112264. Patience Count: 23.
Epoch: 466. Train Loss: 0.065904. Patience Count: 24.
Epoch: 467. Train Loss: 0.026836. Patience Count: 25.
Epoch: 468. Train Loss: 0.048323. Patience Count: 26.
Epoch: 469. Train Loss: 0.030158. Patience Count: 27.
Epoch: 470. Train Loss: 0.029107. Patience Count: 28.
Epoch: 471. Train Loss: 0.038665. Patience Count: 29.
Epoch: 472. Train Loss: 0.064602. Patience Count: 30.
Epoch: 473. Train Loss: 0.042959. Patience Count: 31.
Epoch: 474. Train Loss: 0.034421. Patience Count: 32.
Epoch: 475. Train Loss: 0.028119. Patience Count: 33.
Epoch: 476. Train Loss: 0.049834. Patience Count: 34.
Epoch: 477. Train Loss: 0.023827. Patience Count: 35.
Epoch: 478. Train Loss: 0.016251. best-save Patience Count: 0.
Epoch: 479. Train Loss: 0.011590. best-save Patience Count: 0.
Epoch: 480. Train Loss: 0.029659. Patience Count: 1.
Epoch: 481. Train Loss: 0.067467. Patience Count: 2.
Epoch: 482. Train Loss: 0.026337. Patience Count: 3.
Epoch: 483. Train Loss: 0.077296. Patience Count: 4.
Epoch: 484. Train Loss: 0.072466. Patience Count: 5.
Epoch: 485. Train Loss: 0.049534. Patience Count: 6.
Epoch: 486. Train Loss: 0.118654. Patience Count: 7.
Epoch: 487. Train Loss: 0.048488. Patience Count: 8.
Epoch: 488. Train Loss: 0.022474. Patience Count: 9.
Epoch: 489. Train Loss: 0.055628. Patience Count: 10.
Epoch: 490. Train Loss: 0.103828. Patience Count: 11.
Epoch: 491. Train Loss: 0.013720. Patience Count: 12.
Epoch: 492. Train Loss: 0.050450. Patience Count: 13.
Epoch: 493. Train Loss: 0.052756. Patience Count: 14.
Epoch: 494. Train Loss: 0.058748. Patience Count: 15.
Epoch: 495. Train Loss: 0.044328. Patience Count: 16.
Epoch: 496. Train Loss: 0.132385. Patience Count: 17.
Epoch: 497. Train Loss: 0.039223. Patience Count: 18.
Epoch: 498. Train Loss: 0.028589. Patience Count: 19.
Epoch: 499. Train Loss: 0.023997. Patience Count: 20.
Epoch: 500. Train Loss: 0.045398. Patience Count: 21.
dist.destroy_process_group()
dist.destroy_process_group()
